[2021-09-03 05:01:58,257] {taskinstance.py:903} INFO - Dependencies all met for <TaskInstance: name_writefile.sample-task 2021-09-03T05:01:55.427845+00:00 [queued]>
[2021-09-03 05:01:58,264] {taskinstance.py:903} INFO - Dependencies all met for <TaskInstance: name_writefile.sample-task 2021-09-03T05:01:55.427845+00:00 [queued]>
[2021-09-03 05:01:58,265] {taskinstance.py:1094} INFO - 
--------------------------------------------------------------------------------
[2021-09-03 05:01:58,265] {taskinstance.py:1095} INFO - Starting attempt 1 of 4
[2021-09-03 05:01:58,265] {taskinstance.py:1096} INFO - 
--------------------------------------------------------------------------------
[2021-09-03 05:01:58,275] {taskinstance.py:1114} INFO - Executing <Task(HelloOperator): sample-task> on 2021-09-03T05:01:55.427845+00:00
[2021-09-03 05:01:58,278] {standard_task_runner.py:52} INFO - Started process 261 to run task
[2021-09-03 05:01:58,281] {standard_task_runner.py:76} INFO - Running: ['airflow', 'tasks', 'run', 'name_writefile', 'sample-task', '2021-09-03T05:01:55.427845+00:00', '--job-id', '97', '--pool', 'default_pool', '--raw', '--subdir', 'DAGS_FOLDER/writefile.py', '--cfg-path', '/tmp/tmpruv2wy0z', '--error-file', '/tmp/tmpkdsj0t3v']
[2021-09-03 05:01:58,281] {standard_task_runner.py:77} INFO - Job 97: Subtask sample-task
[2021-09-03 05:01:58,306] {logging_mixin.py:109} INFO - Running <TaskInstance: name_writefile.sample-task 2021-09-03T05:01:55.427845+00:00 [running]> on host c228f774a41f
[2021-09-03 05:01:58,343] {taskinstance.py:1251} INFO - Exporting the following env vars:
AIRFLOW_CTX_DAG_OWNER=airflow
AIRFLOW_CTX_DAG_ID=name_writefile
AIRFLOW_CTX_TASK_ID=sample-task
AIRFLOW_CTX_EXECUTION_DATE=2021-09-03T05:01:55.427845+00:00
AIRFLOW_CTX_DAG_RUN_ID=manual__2021-09-03T05:01:55.427845+00:00
[2021-09-03 05:01:58,343] {logging_mixin.py:109} INFO - Hello THIS IS FROM CUSTOM OPERATOR
[2021-09-03 05:01:58,350] {taskinstance.py:1211} INFO - Marking task as SUCCESS. dag_id=name_writefile, task_id=sample-task, execution_date=20210903T050155, start_date=20210903T050158, end_date=20210903T050158
[2021-09-03 05:01:58,372] {local_task_job.py:151} INFO - Task exited with return code 0
[2021-09-03 05:01:58,399] {local_task_job.py:261} INFO - 0 downstream tasks scheduled from follow-on schedule check
