[2021-10-09 04:19:12,967] {taskinstance.py:903} INFO - Dependencies all met for <TaskInstance: template_dag.t0b 2021-10-09T04:19:09.483088+00:00 [queued]>
[2021-10-09 04:19:12,973] {taskinstance.py:903} INFO - Dependencies all met for <TaskInstance: template_dag.t0b 2021-10-09T04:19:09.483088+00:00 [queued]>
[2021-10-09 04:19:12,973] {taskinstance.py:1094} INFO - 
--------------------------------------------------------------------------------
[2021-10-09 04:19:12,973] {taskinstance.py:1095} INFO - Starting attempt 1 of 1
[2021-10-09 04:19:12,973] {taskinstance.py:1096} INFO - 
--------------------------------------------------------------------------------
[2021-10-09 04:19:12,982] {taskinstance.py:1114} INFO - Executing <Task(BashOperator): t0b> on 2021-10-09T04:19:09.483088+00:00
[2021-10-09 04:19:12,986] {standard_task_runner.py:52} INFO - Started process 717 to run task
[2021-10-09 04:19:12,989] {standard_task_runner.py:76} INFO - Running: ['airflow', 'tasks', 'run', 'template_dag', 't0b', '2021-10-09T04:19:09.483088+00:00', '--job-id', '336', '--pool', 'default_pool', '--raw', '--subdir', 'DAGS_FOLDER/template_dag.py', '--cfg-path', '/tmp/tmpoukkepxk', '--error-file', '/tmp/tmp07neexn5']
[2021-10-09 04:19:12,990] {standard_task_runner.py:77} INFO - Job 336: Subtask t0b
[2021-10-09 04:19:13,026] {logging_mixin.py:109} INFO - Running <TaskInstance: template_dag.t0b 2021-10-09T04:19:09.483088+00:00 [running]> on host a6cf1bcf3ec3
[2021-10-09 04:19:13,073] {taskinstance.py:1251} INFO - Exporting the following env vars:
AIRFLOW_CTX_DAG_EMAIL=youremail@host.com
AIRFLOW_CTX_DAG_OWNER=Airflow
AIRFLOW_CTX_DAG_ID=template_dag
AIRFLOW_CTX_TASK_ID=t0b
AIRFLOW_CTX_EXECUTION_DATE=2021-10-09T04:19:09.483088+00:00
AIRFLOW_CTX_DAG_RUN_ID=manual__2021-10-09T04:19:09.483088+00:00
[2021-10-09 04:19:13,074] {subprocess.py:52} INFO - Tmp dir root location: 
 /tmp
[2021-10-09 04:19:13,074] {subprocess.py:63} INFO - Running command: ['bash', '-c', 'echo $(whoami)']
[2021-10-09 04:19:13,083] {subprocess.py:74} INFO - Output:
[2021-10-09 04:19:13,086] {subprocess.py:78} INFO - airflow
[2021-10-09 04:19:13,086] {subprocess.py:82} INFO - Command exited with return code 0
[2021-10-09 04:19:13,113] {taskinstance.py:1211} INFO - Marking task as SUCCESS. dag_id=template_dag, task_id=t0b, execution_date=20211009T041909, start_date=20211009T041912, end_date=20211009T041913
[2021-10-09 04:19:13,160] {local_task_job.py:151} INFO - Task exited with return code 0
[2021-10-09 04:19:13,187] {local_task_job.py:261} INFO - 1 downstream tasks scheduled from follow-on schedule check
