[2021-10-09 05:03:05,150] {taskinstance.py:903} INFO - Dependencies all met for <TaskInstance: xcom_dag.branching 2021-10-08T00:00:00+00:00 [queued]>
[2021-10-09 05:03:05,163] {taskinstance.py:903} INFO - Dependencies all met for <TaskInstance: xcom_dag.branching 2021-10-08T00:00:00+00:00 [queued]>
[2021-10-09 05:03:05,163] {taskinstance.py:1094} INFO - 
--------------------------------------------------------------------------------
[2021-10-09 05:03:05,163] {taskinstance.py:1095} INFO - Starting attempt 1 of 1
[2021-10-09 05:03:05,163] {taskinstance.py:1096} INFO - 
--------------------------------------------------------------------------------
[2021-10-09 05:03:05,179] {taskinstance.py:1114} INFO - Executing <Task(BranchPythonOperator): branching> on 2021-10-08T00:00:00+00:00
[2021-10-09 05:03:05,182] {standard_task_runner.py:52} INFO - Started process 455 to run task
[2021-10-09 05:03:05,193] {standard_task_runner.py:76} INFO - Running: ['airflow', 'tasks', 'run', 'xcom_dag', 'branching', '2021-10-08T00:00:00+00:00', '--job-id', '349', '--pool', 'default_pool', '--raw', '--subdir', 'DAGS_FOLDER/xcom_dag.py', '--cfg-path', '/tmp/tmpf4funn_c', '--error-file', '/tmp/tmpz0act91h']
[2021-10-09 05:03:05,194] {standard_task_runner.py:77} INFO - Job 349: Subtask branching
[2021-10-09 05:03:05,252] {logging_mixin.py:109} INFO - Running <TaskInstance: xcom_dag.branching 2021-10-08T00:00:00+00:00 [running]> on host a6cf1bcf3ec3
[2021-10-09 05:03:05,329] {taskinstance.py:1251} INFO - Exporting the following env vars:
AIRFLOW_CTX_DAG_OWNER=Airflow
AIRFLOW_CTX_DAG_ID=xcom_dag
AIRFLOW_CTX_TASK_ID=branching
AIRFLOW_CTX_EXECUTION_DATE=2021-10-08T00:00:00+00:00
AIRFLOW_CTX_DAG_RUN_ID=scheduled__2021-10-08T00:00:00+00:00
[2021-10-09 05:03:05,336] {python.py:151} INFO - Done. Returned value was: t3
[2021-10-09 05:03:05,337] {skipmixin.py:124} INFO - Following branch t3
[2021-10-09 05:03:05,343] {skipmixin.py:155} INFO - Skipping tasks ['t4']
[2021-10-09 05:03:05,379] {taskinstance.py:1211} INFO - Marking task as SUCCESS. dag_id=xcom_dag, task_id=branching, execution_date=20211008T000000, start_date=20211009T050305, end_date=20211009T050305
[2021-10-09 05:03:05,396] {local_task_job.py:151} INFO - Task exited with return code 0
[2021-10-09 05:03:05,419] {local_task_job.py:261} INFO - 1 downstream tasks scheduled from follow-on schedule check
