[2021-09-04 08:36:55,102] {taskinstance.py:903} INFO - Dependencies all met for <TaskInstance: hello_world.sample-task-3 2021-09-01T17:00:00+00:00 [queued]>
[2021-09-04 08:36:55,117] {taskinstance.py:903} INFO - Dependencies all met for <TaskInstance: hello_world.sample-task-3 2021-09-01T17:00:00+00:00 [queued]>
[2021-09-04 08:36:55,118] {taskinstance.py:1094} INFO - 
--------------------------------------------------------------------------------
[2021-09-04 08:36:55,118] {taskinstance.py:1095} INFO - Starting attempt 1 of 1
[2021-09-04 08:36:55,118] {taskinstance.py:1096} INFO - 
--------------------------------------------------------------------------------
[2021-09-04 08:36:55,134] {taskinstance.py:1114} INFO - Executing <Task(HelloMsSqlOperator): sample-task-3> on 2021-09-01T17:00:00+00:00
[2021-09-04 08:36:55,140] {standard_task_runner.py:52} INFO - Started process 2375 to run task
[2021-09-04 08:36:55,144] {standard_task_runner.py:76} INFO - Running: ['airflow', 'tasks', 'run', 'hello_world', 'sample-task-3', '2021-09-01T17:00:00+00:00', '--job-id', '169', '--pool', 'default_pool', '--raw', '--subdir', 'DAGS_FOLDER/helloworld.py', '--cfg-path', '/tmp/tmpvxg_5j4l', '--error-file', '/tmp/tmp73a7epqv']
[2021-09-04 08:36:55,144] {standard_task_runner.py:77} INFO - Job 169: Subtask sample-task-3
[2021-09-04 08:36:55,194] {logging_mixin.py:109} INFO - Running <TaskInstance: hello_world.sample-task-3 2021-09-01T17:00:00+00:00 [running]> on host c59a10e079fb
[2021-09-04 08:36:55,267] {taskinstance.py:1251} INFO - Exporting the following env vars:
AIRFLOW_CTX_DAG_OWNER=airflow
AIRFLOW_CTX_DAG_ID=hello_world
AIRFLOW_CTX_TASK_ID=sample-task-3
AIRFLOW_CTX_EXECUTION_DATE=2021-09-01T17:00:00+00:00
AIRFLOW_CTX_DAG_RUN_ID=scheduled__2021-09-01T17:00:00+00:00
[2021-09-04 08:36:55,268] {logging_mixin.py:109} INFO - This is from hello
[2021-09-04 08:36:55,281] {base.py:70} INFO - Using connection to: id: 1_dms_conn_id. Host: 115.165.164.234, Port: 1433, Schema: PhaNam_eSales_PRO, Login: duyvq, Password: ***, extra: {'Driver': 'ODBC Driver 17 for SQL Server', 'TrustedConnection': 'No'}
[2021-09-04 08:36:55,600] {logging_mixin.py:109} INFO - ('Microsoft SQL Server 2016 (SP2-GDR) (KB4505220) - 13.0.5101.9 (X64) \n\tJun 15 2019 23:15:58 \n\tCopyright (c) Microsoft Corporation\n\tStandard Edition (64-bit) on Windows Server 2016 Standard 10.0 <X64> (Build 14393: ) (Hypervisor)\n',)
[2021-09-04 08:36:55,613] {taskinstance.py:1211} INFO - Marking task as SUCCESS. dag_id=hello_world, task_id=sample-task-3, execution_date=20210901T170000, start_date=20210904T083655, end_date=20210904T083655
[2021-09-04 08:36:55,636] {local_task_job.py:151} INFO - Task exited with return code 0
[2021-09-04 08:36:55,664] {local_task_job.py:261} INFO - 0 downstream tasks scheduled from follow-on schedule check
