[2021-10-09 06:18:40,365] {taskinstance.py:903} INFO - Dependencies all met for <TaskInstance: v2_context.t1 2021-10-08T00:00:00+00:00 [queued]>
[2021-10-09 06:18:40,374] {taskinstance.py:903} INFO - Dependencies all met for <TaskInstance: v2_context.t1 2021-10-08T00:00:00+00:00 [queued]>
[2021-10-09 06:18:40,374] {taskinstance.py:1094} INFO - 
--------------------------------------------------------------------------------
[2021-10-09 06:18:40,374] {taskinstance.py:1095} INFO - Starting attempt 1 of 1
[2021-10-09 06:18:40,374] {taskinstance.py:1096} INFO - 
--------------------------------------------------------------------------------
[2021-10-09 06:18:40,388] {taskinstance.py:1114} INFO - Executing <Task(PythonOperator): t1> on 2021-10-08T00:00:00+00:00
[2021-10-09 06:18:40,391] {standard_task_runner.py:52} INFO - Started process 548 to run task
[2021-10-09 06:18:40,394] {standard_task_runner.py:76} INFO - Running: ['airflow', 'tasks', 'run', 'v2_context', 't1', '2021-10-08T00:00:00+00:00', '--job-id', '354', '--pool', 'default_pool', '--raw', '--subdir', 'DAGS_FOLDER/v2_context.py', '--cfg-path', '/tmp/tmppnc9qfvk', '--error-file', '/tmp/tmpa4p3e2o2']
[2021-10-09 06:18:40,395] {standard_task_runner.py:77} INFO - Job 354: Subtask t1
[2021-10-09 06:18:40,434] {logging_mixin.py:109} INFO - Running <TaskInstance: v2_context.t1 2021-10-08T00:00:00+00:00 [running]> on host a6cf1bcf3ec3
[2021-10-09 06:18:40,490] {taskinstance.py:1251} INFO - Exporting the following env vars:
AIRFLOW_CTX_DAG_OWNER=Airflow
AIRFLOW_CTX_DAG_ID=v2_context
AIRFLOW_CTX_TASK_ID=t1
AIRFLOW_CTX_EXECUTION_DATE=2021-10-08T00:00:00+00:00
AIRFLOW_CTX_DAG_RUN_ID=scheduled__2021-10-08T00:00:00+00:00
[2021-10-09 06:18:40,491] {logging_mixin.py:109} INFO - {'conf': <airflow.configuration.AirflowConfigParser object at 0x7f9b56ea7eb0>, 'dag': <DAG: v2_context>, 'dag_run': <DagRun v2_context @ 2021-10-08 00:00:00+00:00: scheduled__2021-10-08T00:00:00+00:00, externally triggered: False>, 'ds': '2021-10-08', 'ds_nodash': '20211008', 'execution_date': DateTime(2021, 10, 8, 0, 0, 0, tzinfo=Timezone('+00:00')), 'inlets': [], 'macros': <module 'airflow.macros' from '/usr/local/lib/python3.8/dist-packages/airflow/macros/__init__.py'>, 'next_ds': None, 'next_ds_nodash': None, 'next_execution_date': None, 'outlets': [], 'params': {}, 'prev_ds': None, 'prev_ds_nodash': None, 'prev_execution_date': None, 'prev_execution_date_success': <Proxy at 0x7f9b519ec600 with factory <function TaskInstance.get_template_context.<locals>.<lambda> at 0x7f9b519f6dc0>>, 'prev_start_date_success': <Proxy at 0x7f9b519ec440 with factory <function TaskInstance.get_template_context.<locals>.<lambda> at 0x7f9b5198da60>>, 'run_id': 'scheduled__2021-10-08T00:00:00+00:00', 'task': <Task(PythonOperator): t1>, 'task_instance': <TaskInstance: v2_context.t1 2021-10-08T00:00:00+00:00 [running]>, 'task_instance_key_str': 'v2_context__t1__20211008', 'test_mode': False, 'ti': <TaskInstance: v2_context.t1 2021-10-08T00:00:00+00:00 [running]>, 'tomorrow_ds': '2021-10-09', 'tomorrow_ds_nodash': '20211009', 'ts': '2021-10-08T00:00:00+00:00', 'ts_nodash': '20211008T000000', 'ts_nodash_with_tz': '20211008T000000+0000', 'var': {'json': None, 'value': None}, 'yesterday_ds': '2021-10-07', 'yesterday_ds_nodash': '20211007', 'templates_dict': None}
[2021-10-09 06:18:40,491] {python.py:151} INFO - Done. Returned value was: None
[2021-10-09 06:18:40,501] {taskinstance.py:1211} INFO - Marking task as SUCCESS. dag_id=v2_context, task_id=t1, execution_date=20211008T000000, start_date=20211009T061840, end_date=20211009T061840
[2021-10-09 06:18:40,525] {local_task_job.py:151} INFO - Task exited with return code 0
[2021-10-09 06:18:40,549] {local_task_job.py:261} INFO - 0 downstream tasks scheduled from follow-on schedule check
