[2021-09-05 13:08:34,179] {taskinstance.py:903} INFO - Dependencies all met for <TaskInstance: airflow-db-cleanup.cleanup_TaskReschedule 2021-09-04T00:00:00+00:00 [queued]>
[2021-09-05 13:08:34,202] {taskinstance.py:903} INFO - Dependencies all met for <TaskInstance: airflow-db-cleanup.cleanup_TaskReschedule 2021-09-04T00:00:00+00:00 [queued]>
[2021-09-05 13:08:34,202] {taskinstance.py:1094} INFO - 
--------------------------------------------------------------------------------
[2021-09-05 13:08:34,202] {taskinstance.py:1095} INFO - Starting attempt 1 of 2
[2021-09-05 13:08:34,202] {taskinstance.py:1096} INFO - 
--------------------------------------------------------------------------------
[2021-09-05 13:08:34,225] {taskinstance.py:1114} INFO - Executing <Task(PythonOperator): cleanup_TaskReschedule> on 2021-09-04T00:00:00+00:00
[2021-09-05 13:08:34,233] {standard_task_runner.py:52} INFO - Started process 4015 to run task
[2021-09-05 13:08:34,241] {standard_task_runner.py:76} INFO - Running: ['airflow', 'tasks', 'run', 'airflow-db-cleanup', 'cleanup_TaskReschedule', '2021-09-04T00:00:00+00:00', '--job-id', '224', '--pool', 'default_pool', '--raw', '--subdir', 'DAGS_FOLDER/airflow-db-cleanup.py', '--cfg-path', '/tmp/tmpjd266zew', '--error-file', '/tmp/tmpfj1x88y5']
[2021-09-05 13:08:34,241] {standard_task_runner.py:77} INFO - Job 224: Subtask cleanup_TaskReschedule
[2021-09-05 13:08:34,332] {logging_mixin.py:109} INFO - Running <TaskInstance: airflow-db-cleanup.cleanup_TaskReschedule 2021-09-04T00:00:00+00:00 [running]> on host 2bce3265bb98
[2021-09-05 13:08:34,459] {taskinstance.py:1251} INFO - Exporting the following env vars:
AIRFLOW_CTX_DAG_OWNER=operations
AIRFLOW_CTX_DAG_ID=airflow-db-cleanup
AIRFLOW_CTX_TASK_ID=cleanup_TaskReschedule
AIRFLOW_CTX_EXECUTION_DATE=2021-09-04T00:00:00+00:00
AIRFLOW_CTX_DAG_RUN_ID=scheduled__2021-09-04T00:00:00+00:00
[2021-09-05 13:08:34,460] {airflow-db-cleanup.py:265} INFO - Retrieving max_execution_date from XCom
[2021-09-05 13:08:34,472] {airflow-db-cleanup.py:278} INFO - Configurations:
[2021-09-05 13:08:34,472] {airflow-db-cleanup.py:279} INFO - max_date:                 2021-09-04 13:08:33.176519+00:00
[2021-09-05 13:08:34,472] {airflow-db-cleanup.py:280} INFO - enable_delete:            True
[2021-09-05 13:08:34,472] {airflow-db-cleanup.py:281} INFO - session:                  <sqlalchemy.orm.session.Session object at 0x7f59f8bce790>
[2021-09-05 13:08:34,472] {airflow-db-cleanup.py:282} INFO - airflow_db_model:         <class 'airflow.models.taskreschedule.TaskReschedule'>
[2021-09-05 13:08:34,472] {airflow-db-cleanup.py:283} INFO - state:                    None
[2021-09-05 13:08:34,472] {airflow-db-cleanup.py:284} INFO - age_check_column:         TaskReschedule.execution_date
[2021-09-05 13:08:34,472] {airflow-db-cleanup.py:285} INFO - keep_last:                False
[2021-09-05 13:08:34,473] {airflow-db-cleanup.py:286} INFO - keep_last_filters:        None
[2021-09-05 13:08:34,473] {airflow-db-cleanup.py:287} INFO - keep_last_group_by:       None
[2021-09-05 13:08:34,473] {airflow-db-cleanup.py:289} INFO - 
[2021-09-05 13:08:34,473] {airflow-db-cleanup.py:291} INFO - Running Cleanup Process...
[2021-09-05 13:08:34,474] {airflow-db-cleanup.py:298} INFO - INITIAL QUERY : SELECT task_reschedule.id AS task_reschedule_id, task_reschedule.execution_date AS task_reschedule_execution_date 
FROM task_reschedule
[2021-09-05 13:08:34,485] {airflow-db-cleanup.py:329} INFO - Query: SELECT task_reschedule.id AS task_reschedule_id, task_reschedule.execution_date AS task_reschedule_execution_date 
FROM task_reschedule 
WHERE task_reschedule.execution_date <= %(execution_date_1)s
[2021-09-05 13:08:34,485] {airflow-db-cleanup.py:330} INFO - Process will be Deleting the following TaskReschedule(s):
[2021-09-05 13:08:34,485] {airflow-db-cleanup.py:340} INFO - Process will be Deleting 0 TaskReschedule(s)
[2021-09-05 13:08:34,485] {airflow-db-cleanup.py:349} INFO - Performing Delete...
[2021-09-05 13:08:34,488] {airflow-db-cleanup.py:353} INFO - Finished Performing Delete
[2021-09-05 13:08:34,488] {airflow-db-cleanup.py:358} INFO - Finished Running Cleanup Process
[2021-09-05 13:08:34,488] {python.py:151} INFO - Done. Returned value was: None
[2021-09-05 13:08:34,524] {taskinstance.py:1211} INFO - Marking task as SUCCESS. dag_id=airflow-db-cleanup, task_id=cleanup_TaskReschedule, execution_date=20210904T000000, start_date=20210905T130834, end_date=20210905T130834
[2021-09-05 13:08:34,587] {local_task_job.py:151} INFO - Task exited with return code 0
[2021-09-05 13:08:34,636] {local_task_job.py:261} INFO - 0 downstream tasks scheduled from follow-on schedule check
