[2021-09-05 13:08:34,150] {taskinstance.py:903} INFO - Dependencies all met for <TaskInstance: airflow-db-cleanup.cleanup_BaseJob 2021-09-04T00:00:00+00:00 [queued]>
[2021-09-05 13:08:34,186] {taskinstance.py:903} INFO - Dependencies all met for <TaskInstance: airflow-db-cleanup.cleanup_BaseJob 2021-09-04T00:00:00+00:00 [queued]>
[2021-09-05 13:08:34,186] {taskinstance.py:1094} INFO - 
--------------------------------------------------------------------------------
[2021-09-05 13:08:34,186] {taskinstance.py:1095} INFO - Starting attempt 1 of 2
[2021-09-05 13:08:34,186] {taskinstance.py:1096} INFO - 
--------------------------------------------------------------------------------
[2021-09-05 13:08:34,207] {taskinstance.py:1114} INFO - Executing <Task(PythonOperator): cleanup_BaseJob> on 2021-09-04T00:00:00+00:00
[2021-09-05 13:08:34,212] {standard_task_runner.py:52} INFO - Started process 4012 to run task
[2021-09-05 13:08:34,218] {standard_task_runner.py:76} INFO - Running: ['airflow', 'tasks', 'run', 'airflow-db-cleanup', 'cleanup_BaseJob', '2021-09-04T00:00:00+00:00', '--job-id', '222', '--pool', 'default_pool', '--raw', '--subdir', 'DAGS_FOLDER/airflow-db-cleanup.py', '--cfg-path', '/tmp/tmp9fri5fm1', '--error-file', '/tmp/tmpayznht5b']
[2021-09-05 13:08:34,218] {standard_task_runner.py:77} INFO - Job 222: Subtask cleanup_BaseJob
[2021-09-05 13:08:34,344] {logging_mixin.py:109} INFO - Running <TaskInstance: airflow-db-cleanup.cleanup_BaseJob 2021-09-04T00:00:00+00:00 [running]> on host 2bce3265bb98
[2021-09-05 13:08:34,476] {taskinstance.py:1251} INFO - Exporting the following env vars:
AIRFLOW_CTX_DAG_OWNER=operations
AIRFLOW_CTX_DAG_ID=airflow-db-cleanup
AIRFLOW_CTX_TASK_ID=cleanup_BaseJob
AIRFLOW_CTX_EXECUTION_DATE=2021-09-04T00:00:00+00:00
AIRFLOW_CTX_DAG_RUN_ID=scheduled__2021-09-04T00:00:00+00:00
[2021-09-05 13:08:34,477] {airflow-db-cleanup.py:265} INFO - Retrieving max_execution_date from XCom
[2021-09-05 13:08:34,495] {airflow-db-cleanup.py:278} INFO - Configurations:
[2021-09-05 13:08:34,496] {airflow-db-cleanup.py:279} INFO - max_date:                 2021-09-04 13:08:33.176519+00:00
[2021-09-05 13:08:34,496] {airflow-db-cleanup.py:280} INFO - enable_delete:            True
[2021-09-05 13:08:34,496] {airflow-db-cleanup.py:281} INFO - session:                  <sqlalchemy.orm.session.Session object at 0x7f59f8bd1160>
[2021-09-05 13:08:34,496] {airflow-db-cleanup.py:282} INFO - airflow_db_model:         <class 'airflow.jobs.base_job.BaseJob'>
[2021-09-05 13:08:34,496] {airflow-db-cleanup.py:283} INFO - state:                    None
[2021-09-05 13:08:34,496] {airflow-db-cleanup.py:284} INFO - age_check_column:         BaseJob.latest_heartbeat
[2021-09-05 13:08:34,496] {airflow-db-cleanup.py:285} INFO - keep_last:                False
[2021-09-05 13:08:34,496] {airflow-db-cleanup.py:286} INFO - keep_last_filters:        None
[2021-09-05 13:08:34,496] {airflow-db-cleanup.py:287} INFO - keep_last_group_by:       None
[2021-09-05 13:08:34,496] {airflow-db-cleanup.py:289} INFO - 
[2021-09-05 13:08:34,496] {airflow-db-cleanup.py:291} INFO - Running Cleanup Process...
[2021-09-05 13:08:34,498] {airflow-db-cleanup.py:298} INFO - INITIAL QUERY : SELECT job.id AS job_id, job.job_type AS job_job_type, job.latest_heartbeat AS job_latest_heartbeat 
FROM job
[2021-09-05 13:08:34,523] {airflow-db-cleanup.py:329} INFO - Query: SELECT job.id AS job_id, job.job_type AS job_job_type, job.latest_heartbeat AS job_latest_heartbeat 
FROM job 
WHERE job.latest_heartbeat <= %(latest_heartbeat_1)s
[2021-09-05 13:08:34,523] {airflow-db-cleanup.py:330} INFO - Process will be Deleting the following BaseJob(s):
[2021-09-05 13:08:34,523] {airflow-db-cleanup.py:335} INFO - 	Entry: <airflow.jobs.scheduler_job.SchedulerJob object at 0x7f59fce63220>, Date: 2021-09-04 08:02:15.906650+00:00
[2021-09-05 13:08:34,523] {airflow-db-cleanup.py:335} INFO - 	Entry: <airflow.jobs.scheduler_job.SchedulerJob object at 0x7f59fce63280>, Date: 2021-09-03 04:09:22.559260+00:00
[2021-09-05 13:08:34,523] {airflow-db-cleanup.py:335} INFO - 	Entry: <airflow.jobs.scheduler_job.SchedulerJob object at 0x7f59fce632e0>, Date: 2021-09-04 02:57:15.530699+00:00
[2021-09-05 13:08:34,523] {airflow-db-cleanup.py:335} INFO - 	Entry: <airflow.jobs.local_task_job.LocalTaskJob object at 0x7f59fce63880>, Date: 2021-09-02 14:27:09.540000+00:00
[2021-09-05 13:08:34,523] {airflow-db-cleanup.py:335} INFO - 	Entry: <airflow.jobs.scheduler_job.SchedulerJob object at 0x7f59fce638e0>, Date: 2021-09-02 13:42:38.358583+00:00
[2021-09-05 13:08:34,523] {airflow-db-cleanup.py:335} INFO - 	Entry: <airflow.jobs.local_task_job.LocalTaskJob object at 0x7f59fce63940>, Date: 2021-09-03 08:25:28.426431+00:00
[2021-09-05 13:08:34,524] {airflow-db-cleanup.py:335} INFO - 	Entry: <airflow.jobs.scheduler_job.SchedulerJob object at 0x7f59fce63a00>, Date: 2021-09-03 04:59:52.813543+00:00
[2021-09-05 13:08:34,524] {airflow-db-cleanup.py:335} INFO - 	Entry: <airflow.jobs.scheduler_job.SchedulerJob object at 0x7f59fce63ac0>, Date: 2021-09-02 12:41:27.669890+00:00
[2021-09-05 13:08:34,524] {airflow-db-cleanup.py:335} INFO - 	Entry: <airflow.jobs.local_task_job.LocalTaskJob object at 0x7f59fce63b80>, Date: 2021-09-02 13:43:17.265350+00:00
[2021-09-05 13:08:34,524] {airflow-db-cleanup.py:335} INFO - 	Entry: <airflow.jobs.local_task_job.LocalTaskJob object at 0x7f59fce63c40>, Date: 2021-09-03 08:43:46.241159+00:00
[2021-09-05 13:08:34,524] {airflow-db-cleanup.py:335} INFO - 	Entry: <airflow.jobs.local_task_job.LocalTaskJob object at 0x7f59fce63d00>, Date: 2021-09-02 10:45:21.795982+00:00
[2021-09-05 13:08:34,524] {airflow-db-cleanup.py:335} INFO - 	Entry: <airflow.jobs.scheduler_job.SchedulerJob object at 0x7f59fce63dc0>, Date: 2021-09-02 14:52:53.759794+00:00
[2021-09-05 13:08:34,524] {airflow-db-cleanup.py:335} INFO - 	Entry: <airflow.jobs.scheduler_job.SchedulerJob object at 0x7f59fce63e80>, Date: 2021-09-02 12:17:04.423831+00:00
[2021-09-05 13:08:34,524] {airflow-db-cleanup.py:335} INFO - 	Entry: <airflow.jobs.local_task_job.LocalTaskJob object at 0x7f59fce63f40>, Date: 2021-09-03 08:43:47.350035+00:00
[2021-09-05 13:08:34,524] {airflow-db-cleanup.py:335} INFO - 	Entry: <airflow.jobs.scheduler_job.SchedulerJob object at 0x7f59fce67040>, Date: 2021-09-03 05:07:37.031895+00:00
[2021-09-05 13:08:34,524] {airflow-db-cleanup.py:335} INFO - 	Entry: <airflow.jobs.local_task_job.LocalTaskJob object at 0x7f59fce67100>, Date: 2021-09-03 05:01:58.232527+00:00
[2021-09-05 13:08:34,525] {airflow-db-cleanup.py:335} INFO - 	Entry: <airflow.jobs.local_task_job.LocalTaskJob object at 0x7f59fce671c0>, Date: 2021-09-02 12:22:28.444920+00:00
[2021-09-05 13:08:34,525] {airflow-db-cleanup.py:335} INFO - 	Entry: <airflow.jobs.local_task_job.LocalTaskJob object at 0x7f59fce67280>, Date: 2021-09-02 12:22:30.344211+00:00
[2021-09-05 13:08:34,526] {airflow-db-cleanup.py:335} INFO - 	Entry: <airflow.jobs.local_task_job.LocalTaskJob object at 0x7f59fce67340>, Date: 2021-09-03 04:26:49.651228+00:00
[2021-09-05 13:08:34,526] {airflow-db-cleanup.py:335} INFO - 	Entry: <airflow.jobs.local_task_job.LocalTaskJob object at 0x7f59fce67400>, Date: 2021-09-03 04:50:05.701550+00:00
[2021-09-05 13:08:34,526] {airflow-db-cleanup.py:335} INFO - 	Entry: <airflow.jobs.local_task_job.LocalTaskJob object at 0x7f59fce674c0>, Date: 2021-09-02 10:48:44.764094+00:00
[2021-09-05 13:08:34,526] {airflow-db-cleanup.py:335} INFO - 	Entry: <airflow.jobs.scheduler_job.SchedulerJob object at 0x7f59fce67580>, Date: 2021-09-02 09:59:50.428893+00:00
[2021-09-05 13:08:34,526] {airflow-db-cleanup.py:335} INFO - 	Entry: <airflow.jobs.scheduler_job.SchedulerJob object at 0x7f59fce67640>, Date: 2021-09-04 03:00:27.130001+00:00
[2021-09-05 13:08:34,526] {airflow-db-cleanup.py:335} INFO - 	Entry: <airflow.jobs.local_task_job.LocalTaskJob object at 0x7f59fce67700>, Date: 2021-09-02 10:48:47.002790+00:00
[2021-09-05 13:08:34,526] {airflow-db-cleanup.py:335} INFO - 	Entry: <airflow.jobs.local_task_job.LocalTaskJob object at 0x7f59fce677c0>, Date: 2021-09-03 04:50:07.612672+00:00
[2021-09-05 13:08:34,526] {airflow-db-cleanup.py:335} INFO - 	Entry: <airflow.jobs.scheduler_job.SchedulerJob object at 0x7f59fce67880>, Date: 2021-09-02 14:59:26.298144+00:00
[2021-09-05 13:08:34,526] {airflow-db-cleanup.py:335} INFO - 	Entry: <airflow.jobs.local_task_job.LocalTaskJob object at 0x7f59fce67940>, Date: 2021-09-02 12:18:25.758077+00:00
[2021-09-05 13:08:34,526] {airflow-db-cleanup.py:335} INFO - 	Entry: <airflow.jobs.local_task_job.LocalTaskJob object at 0x7f59fce67a00>, Date: 2021-09-02 14:48:32.099723+00:00
[2021-09-05 13:08:34,526] {airflow-db-cleanup.py:335} INFO - 	Entry: <airflow.jobs.local_task_job.LocalTaskJob object at 0x7f59fce67ac0>, Date: 2021-09-03 04:27:16.801245+00:00
[2021-09-05 13:08:34,526] {airflow-db-cleanup.py:335} INFO - 	Entry: <airflow.jobs.local_task_job.LocalTaskJob object at 0x7f59fce67b80>, Date: 2021-09-03 04:50:13.751755+00:00
[2021-09-05 13:08:34,526] {airflow-db-cleanup.py:335} INFO - 	Entry: <airflow.jobs.scheduler_job.SchedulerJob object at 0x7f59fce67c40>, Date: 2021-09-04 04:18:44.288144+00:00
[2021-09-05 13:08:34,526] {airflow-db-cleanup.py:335} INFO - 	Entry: <airflow.jobs.local_task_job.LocalTaskJob object at 0x7f59fce67d00>, Date: 2021-09-03 05:08:15.794506+00:00
[2021-09-05 13:08:34,533] {airflow-db-cleanup.py:335} INFO - 	Entry: <airflow.jobs.local_task_job.LocalTaskJob object at 0x7f59fce67dc0>, Date: 2021-09-02 15:10:58.748567+00:00
[2021-09-05 13:08:34,533] {airflow-db-cleanup.py:335} INFO - 	Entry: <airflow.jobs.local_task_job.LocalTaskJob object at 0x7f59fce67e80>, Date: 2021-09-03 08:32:50.616373+00:00
[2021-09-05 13:08:34,533] {airflow-db-cleanup.py:335} INFO - 	Entry: <airflow.jobs.local_task_job.LocalTaskJob object at 0x7f59fce67f40>, Date: 2021-09-03 04:50:51.135481+00:00
[2021-09-05 13:08:34,533] {airflow-db-cleanup.py:335} INFO - 	Entry: <airflow.jobs.scheduler_job.SchedulerJob object at 0x7f59fce6e040>, Date: 2021-09-02 15:06:13.731231+00:00
[2021-09-05 13:08:34,533] {airflow-db-cleanup.py:335} INFO - 	Entry: <airflow.jobs.local_task_job.LocalTaskJob object at 0x7f59fce6e100>, Date: 2021-09-03 04:50:53.138029+00:00
[2021-09-05 13:08:34,533] {airflow-db-cleanup.py:335} INFO - 	Entry: <airflow.jobs.local_task_job.LocalTaskJob object at 0x7f59fce6e1c0>, Date: 2021-09-03 05:03:20.465534+00:00
[2021-09-05 13:08:34,533] {airflow-db-cleanup.py:335} INFO - 	Entry: <airflow.jobs.scheduler_job.SchedulerJob object at 0x7f59fce6e280>, Date: 2021-09-02 14:40:08.390297+00:00
[2021-09-05 13:08:34,533] {airflow-db-cleanup.py:335} INFO - 	Entry: <airflow.jobs.local_task_job.LocalTaskJob object at 0x7f59fce6e340>, Date: 2021-09-03 05:03:22.718223+00:00
[2021-09-05 13:08:34,533] {airflow-db-cleanup.py:335} INFO - 	Entry: <airflow.jobs.local_task_job.LocalTaskJob object at 0x7f59fce6e400>, Date: 2021-09-02 12:20:26.079958+00:00
[2021-09-05 13:08:34,533] {airflow-db-cleanup.py:335} INFO - 	Entry: <airflow.jobs.local_task_job.LocalTaskJob object at 0x7f59fce6e4c0>, Date: 2021-09-02 12:20:33.406291+00:00
[2021-09-05 13:08:34,533] {airflow-db-cleanup.py:335} INFO - 	Entry: <airflow.jobs.scheduler_job.SchedulerJob object at 0x7f59fce6e580>, Date: 2021-09-03 04:01:05.497370+00:00
[2021-09-05 13:08:34,533] {airflow-db-cleanup.py:335} INFO - 	Entry: <airflow.jobs.scheduler_job.SchedulerJob object at 0x7f59fce6e640>, Date: 2021-09-04 02:57:36.974009+00:00
[2021-09-05 13:08:34,533] {airflow-db-cleanup.py:335} INFO - 	Entry: <airflow.jobs.scheduler_job.SchedulerJob object at 0x7f59fce6e700>, Date: 2021-09-02 15:12:45.592205+00:00
[2021-09-05 13:08:34,534] {airflow-db-cleanup.py:335} INFO - 	Entry: <airflow.jobs.scheduler_job.SchedulerJob object at 0x7f59fce6e7c0>, Date: 2021-09-02 14:38:21.915688+00:00
[2021-09-05 13:08:34,534] {airflow-db-cleanup.py:335} INFO - 	Entry: <airflow.jobs.local_task_job.LocalTaskJob object at 0x7f59fce6e880>, Date: 2021-09-03 08:28:51.739398+00:00
[2021-09-05 13:08:34,534] {airflow-db-cleanup.py:335} INFO - 	Entry: <airflow.jobs.scheduler_job.SchedulerJob object at 0x7f59fce6e940>, Date: 2021-09-03 07:48:01.902756+00:00
[2021-09-05 13:08:34,534] {airflow-db-cleanup.py:335} INFO - 	Entry: <airflow.jobs.scheduler_job.SchedulerJob object at 0x7f59fce6ea00>, Date: 2021-09-03 08:12:04.177498+00:00
[2021-09-05 13:08:34,534] {airflow-db-cleanup.py:335} INFO - 	Entry: <airflow.jobs.scheduler_job.SchedulerJob object at 0x7f59fce6eac0>, Date: 2021-09-03 07:34:18.092152+00:00
[2021-09-05 13:08:34,534] {airflow-db-cleanup.py:335} INFO - 	Entry: <airflow.jobs.scheduler_job.SchedulerJob object at 0x7f59fce6eb80>, Date: 2021-09-03 04:08:04.156388+00:00
[2021-09-05 13:08:34,534] {airflow-db-cleanup.py:335} INFO - 	Entry: <airflow.jobs.local_task_job.LocalTaskJob object at 0x7f59fce6ec40>, Date: 2021-09-03 08:47:06.594156+00:00
[2021-09-05 13:08:34,534] {airflow-db-cleanup.py:335} INFO - 	Entry: <airflow.jobs.scheduler_job.SchedulerJob object at 0x7f59fce6ed00>, Date: 2021-09-03 09:06:39.184224+00:00
[2021-09-05 13:08:34,534] {airflow-db-cleanup.py:335} INFO - 	Entry: <airflow.jobs.scheduler_job.SchedulerJob object at 0x7f59fce6edc0>, Date: 2021-09-04 04:11:22.510100+00:00
[2021-09-05 13:08:34,534] {airflow-db-cleanup.py:335} INFO - 	Entry: <airflow.jobs.scheduler_job.SchedulerJob object at 0x7f59fce6ee80>, Date: 2021-09-03 16:24:00.525518+00:00
[2021-09-05 13:08:34,534] {airflow-db-cleanup.py:335} INFO - 	Entry: <airflow.jobs.scheduler_job.SchedulerJob object at 0x7f59fce6ef40>, Date: 2021-09-02 14:05:43.809459+00:00
[2021-09-05 13:08:34,534] {airflow-db-cleanup.py:335} INFO - 	Entry: <airflow.jobs.scheduler_job.SchedulerJob object at 0x7f59f76ae040>, Date: 2021-09-04 02:55:27.605028+00:00
[2021-09-05 13:08:34,534] {airflow-db-cleanup.py:335} INFO - 	Entry: <airflow.jobs.scheduler_job.SchedulerJob object at 0x7f59f76ae100>, Date: 2021-09-02 14:26:29.838362+00:00
[2021-09-05 13:08:34,535] {airflow-db-cleanup.py:335} INFO - 	Entry: <airflow.jobs.local_task_job.LocalTaskJob object at 0x7f59f76ae1c0>, Date: 2021-09-02 10:48:45.894758+00:00
[2021-09-05 13:08:34,535] {airflow-db-cleanup.py:335} INFO - 	Entry: <airflow.jobs.scheduler_job.SchedulerJob object at 0x7f59f76ae280>, Date: 2021-09-02 10:43:39.146143+00:00
[2021-09-05 13:08:34,535] {airflow-db-cleanup.py:335} INFO - 	Entry: <airflow.jobs.local_task_job.LocalTaskJob object at 0x7f59f76ae340>, Date: 2021-09-02 12:22:29.587684+00:00
[2021-09-05 13:08:34,535] {airflow-db-cleanup.py:335} INFO - 	Entry: <airflow.jobs.local_task_job.LocalTaskJob object at 0x7f59f76ae400>, Date: 2021-09-02 12:18:26.867431+00:00
[2021-09-05 13:08:34,535] {airflow-db-cleanup.py:335} INFO - 	Entry: <airflow.jobs.local_task_job.LocalTaskJob object at 0x7f59f76ae4c0>, Date: 2021-09-02 12:18:30.838868+00:00
[2021-09-05 13:08:34,535] {airflow-db-cleanup.py:335} INFO - 	Entry: <airflow.jobs.local_task_job.LocalTaskJob object at 0x7f59f76ae580>, Date: 2021-09-02 13:43:16.150489+00:00
[2021-09-05 13:08:34,535] {airflow-db-cleanup.py:335} INFO - 	Entry: <airflow.jobs.local_task_job.LocalTaskJob object at 0x7f59f76ae640>, Date: 2021-09-02 12:20:27.180893+00:00
[2021-09-05 13:08:34,535] {airflow-db-cleanup.py:335} INFO - 	Entry: <airflow.jobs.scheduler_job.SchedulerJob object at 0x7f59f76ae700>, Date: 2021-09-04 04:31:44.951192+00:00
[2021-09-05 13:08:34,535] {airflow-db-cleanup.py:335} INFO - 	Entry: <airflow.jobs.local_task_job.LocalTaskJob object at 0x7f59f76ae7c0>, Date: 2021-09-02 13:43:18.378889+00:00
[2021-09-05 13:08:34,535] {airflow-db-cleanup.py:335} INFO - 	Entry: <airflow.jobs.local_task_job.LocalTaskJob object at 0x7f59f76ae880>, Date: 2021-09-02 14:38:55.897317+00:00
[2021-09-05 13:08:34,535] {airflow-db-cleanup.py:335} INFO - 	Entry: <airflow.jobs.local_task_job.LocalTaskJob object at 0x7f59f76ae940>, Date: 2021-09-02 14:53:33.577400+00:00
[2021-09-05 13:08:34,535] {airflow-db-cleanup.py:335} INFO - 	Entry: <airflow.jobs.local_task_job.LocalTaskJob object at 0x7f59f76aea00>, Date: 2021-09-02 14:40:45.928660+00:00
[2021-09-05 13:08:34,535] {airflow-db-cleanup.py:335} INFO - 	Entry: <airflow.jobs.local_task_job.LocalTaskJob object at 0x7f59f76aeac0>, Date: 2021-09-02 15:00:07.055732+00:00
[2021-09-05 13:08:34,536] {airflow-db-cleanup.py:335} INFO - 	Entry: <airflow.jobs.local_task_job.LocalTaskJob object at 0x7f59f76aeb80>, Date: 2021-09-02 15:07:26.430183+00:00
[2021-09-05 13:08:34,536] {airflow-db-cleanup.py:335} INFO - 	Entry: <airflow.jobs.local_task_job.LocalTaskJob object at 0x7f59f76aec40>, Date: 2021-09-03 04:27:01.630818+00:00
[2021-09-05 13:08:34,536] {airflow-db-cleanup.py:335} INFO - 	Entry: <airflow.jobs.local_task_job.LocalTaskJob object at 0x7f59f76aed00>, Date: 2021-09-03 04:50:06.477994+00:00
[2021-09-05 13:08:34,536] {airflow-db-cleanup.py:335} INFO - 	Entry: <airflow.jobs.local_task_job.LocalTaskJob object at 0x7f59f76aedc0>, Date: 2021-09-03 04:27:50.274964+00:00
[2021-09-05 13:08:34,536] {airflow-db-cleanup.py:335} INFO - 	Entry: <airflow.jobs.scheduler_job.SchedulerJob object at 0x7f59f76aee80>, Date: 2021-09-02 10:41:30.124276+00:00
[2021-09-05 13:08:34,536] {airflow-db-cleanup.py:335} INFO - 	Entry: <airflow.jobs.local_task_job.LocalTaskJob object at 0x7f59f76aef40>, Date: 2021-09-03 05:01:57.705309+00:00
[2021-09-05 13:08:34,536] {airflow-db-cleanup.py:335} INFO - 	Entry: <airflow.jobs.local_task_job.LocalTaskJob object at 0x7f59f76b6040>, Date: 2021-09-03 04:50:12.651360+00:00
[2021-09-05 13:08:34,536] {airflow-db-cleanup.py:335} INFO - 	Entry: <airflow.jobs.local_task_job.LocalTaskJob object at 0x7f59f76b6100>, Date: 2021-09-02 10:45:20.719162+00:00
[2021-09-05 13:08:34,536] {airflow-db-cleanup.py:335} INFO - 	Entry: <airflow.jobs.local_task_job.LocalTaskJob object at 0x7f59f76b61c0>, Date: 2021-09-02 10:45:20.718985+00:00
[2021-09-05 13:08:34,536] {airflow-db-cleanup.py:335} INFO - 	Entry: <airflow.jobs.local_task_job.LocalTaskJob object at 0x7f59f76b6280>, Date: 2021-09-03 05:08:14.678220+00:00
[2021-09-05 13:08:34,536] {airflow-db-cleanup.py:335} INFO - 	Entry: <airflow.jobs.local_task_job.LocalTaskJob object at 0x7f59f76b6340>, Date: 2021-09-02 10:45:21.795871+00:00
[2021-09-05 13:08:34,536] {airflow-db-cleanup.py:335} INFO - 	Entry: <airflow.jobs.local_task_job.LocalTaskJob object at 0x7f59f76b6400>, Date: 2021-09-03 04:50:14.883576+00:00
[2021-09-05 13:08:34,536] {airflow-db-cleanup.py:335} INFO - 	Entry: <airflow.jobs.local_task_job.LocalTaskJob object at 0x7f59f76b64c0>, Date: 2021-09-03 05:01:58.526568+00:00
[2021-09-05 13:08:34,536] {airflow-db-cleanup.py:335} INFO - 	Entry: <airflow.jobs.local_task_job.LocalTaskJob object at 0x7f59f76b6580>, Date: 2021-09-03 04:50:52.004500+00:00
[2021-09-05 13:08:34,537] {airflow-db-cleanup.py:335} INFO - 	Entry: <airflow.jobs.local_task_job.LocalTaskJob object at 0x7f59f76b6640>, Date: 2021-09-03 08:27:12.651173+00:00
[2021-09-05 13:08:34,537] {airflow-db-cleanup.py:335} INFO - 	Entry: <airflow.jobs.local_task_job.LocalTaskJob object at 0x7f59f76b6700>, Date: 2021-09-03 05:03:21.569809+00:00
[2021-09-05 13:08:34,537] {airflow-db-cleanup.py:335} INFO - 	Entry: <airflow.jobs.local_task_job.LocalTaskJob object at 0x7f59f76b67c0>, Date: 2021-09-03 05:08:16.513927+00:00
[2021-09-05 13:08:34,537] {airflow-db-cleanup.py:335} INFO - 	Entry: <airflow.jobs.local_task_job.LocalTaskJob object at 0x7f59f76b6880>, Date: 2021-09-04 04:20:08.397369+00:00
[2021-09-05 13:08:34,537] {airflow-db-cleanup.py:335} INFO - 	Entry: <airflow.jobs.local_task_job.LocalTaskJob object at 0x7f59f76b6940>, Date: 2021-09-03 08:43:48.456145+00:00
[2021-09-05 13:08:34,537] {airflow-db-cleanup.py:335} INFO - 	Entry: <airflow.jobs.local_task_job.LocalTaskJob object at 0x7f59f76b6a00>, Date: 2021-09-03 08:43:46.473417+00:00
[2021-09-05 13:08:34,537] {airflow-db-cleanup.py:335} INFO - 	Entry: <airflow.jobs.scheduler_job.SchedulerJob object at 0x7f59f76b6ac0>, Date: 2021-09-02 15:14:18.389223+00:00
[2021-09-05 13:08:34,537] {airflow-db-cleanup.py:335} INFO - 	Entry: <airflow.jobs.local_task_job.LocalTaskJob object at 0x7f59f76b6b80>, Date: 2021-09-03 08:48:49.706609+00:00
[2021-09-05 13:08:34,537] {airflow-db-cleanup.py:335} INFO - 	Entry: <airflow.jobs.local_task_job.LocalTaskJob object at 0x7f59f76b6c40>, Date: 2021-09-02 14:27:08.690051+00:00
[2021-09-05 13:08:34,537] {airflow-db-cleanup.py:335} INFO - 	Entry: <airflow.jobs.local_task_job.LocalTaskJob object at 0x7f59f76b6d00>, Date: 2021-09-02 14:27:10.655659+00:00
[2021-09-05 13:08:34,537] {airflow-db-cleanup.py:335} INFO - 	Entry: <airflow.jobs.local_task_job.LocalTaskJob object at 0x7f59f76b6dc0>, Date: 2021-09-04 08:36:52.563457+00:00
[2021-09-05 13:08:34,537] {airflow-db-cleanup.py:335} INFO - 	Entry: <airflow.jobs.local_task_job.LocalTaskJob object at 0x7f59f76b6e80>, Date: 2021-09-04 08:36:52.680821+00:00
[2021-09-05 13:08:34,537] {airflow-db-cleanup.py:335} INFO - 	Entry: <airflow.jobs.local_task_job.LocalTaskJob object at 0x7f59f76b6f40>, Date: 2021-09-04 08:36:52.761287+00:00
[2021-09-05 13:08:34,537] {airflow-db-cleanup.py:335} INFO - 	Entry: <airflow.jobs.local_task_job.LocalTaskJob object at 0x7f59f76be040>, Date: 2021-09-04 08:36:53.869027+00:00
[2021-09-05 13:08:34,538] {airflow-db-cleanup.py:335} INFO - 	Entry: <airflow.jobs.local_task_job.LocalTaskJob object at 0x7f59f76be100>, Date: 2021-09-04 08:36:53.879822+00:00
[2021-09-05 13:08:34,538] {airflow-db-cleanup.py:335} INFO - 	Entry: <airflow.jobs.local_task_job.LocalTaskJob object at 0x7f59f76be1c0>, Date: 2021-09-04 08:36:53.879050+00:00
[2021-09-05 13:08:34,538] {airflow-db-cleanup.py:335} INFO - 	Entry: <airflow.jobs.local_task_job.LocalTaskJob object at 0x7f59f76be280>, Date: 2021-09-04 08:36:55.057650+00:00
[2021-09-05 13:08:34,538] {airflow-db-cleanup.py:335} INFO - 	Entry: <airflow.jobs.local_task_job.LocalTaskJob object at 0x7f59f76be340>, Date: 2021-09-04 08:36:55.057650+00:00
[2021-09-05 13:08:34,538] {airflow-db-cleanup.py:335} INFO - 	Entry: <airflow.jobs.local_task_job.LocalTaskJob object at 0x7f59f76be400>, Date: 2021-09-04 08:36:55.058257+00:00
[2021-09-05 13:08:34,538] {airflow-db-cleanup.py:335} INFO - 	Entry: <airflow.jobs.scheduler_job.SchedulerJob object at 0x7f59f76be4c0>, Date: 2021-09-03 03:29:54.195203+00:00
[2021-09-05 13:08:34,538] {airflow-db-cleanup.py:335} INFO - 	Entry: <airflow.jobs.local_task_job.LocalTaskJob object at 0x7f59f76be580>, Date: 2021-09-03 04:01:55.296682+00:00
[2021-09-05 13:08:34,538] {airflow-db-cleanup.py:335} INFO - 	Entry: <airflow.jobs.scheduler_job.SchedulerJob object at 0x7f59f76be640>, Date: 2021-09-04 08:46:52.321226+00:00
[2021-09-05 13:08:34,538] {airflow-db-cleanup.py:340} INFO - Process will be Deleting 107 BaseJob(s)
[2021-09-05 13:08:34,538] {airflow-db-cleanup.py:349} INFO - Performing Delete...
[2021-09-05 13:08:34,557] {airflow-db-cleanup.py:353} INFO - Finished Performing Delete
[2021-09-05 13:08:34,557] {airflow-db-cleanup.py:358} INFO - Finished Running Cleanup Process
[2021-09-05 13:08:34,557] {python.py:151} INFO - Done. Returned value was: None
[2021-09-05 13:08:34,582] {taskinstance.py:1211} INFO - Marking task as SUCCESS. dag_id=airflow-db-cleanup, task_id=cleanup_BaseJob, execution_date=20210904T000000, start_date=20210905T130834, end_date=20210905T130834
[2021-09-05 13:08:34,649] {local_task_job.py:151} INFO - Task exited with return code 0
[2021-09-05 13:08:34,695] {local_task_job.py:261} INFO - 0 downstream tasks scheduled from follow-on schedule check
