[2021-10-09 05:03:07,388] {taskinstance.py:903} INFO - Dependencies all met for <TaskInstance: xcom_dag.t6 2021-10-08T00:00:00+00:00 [queued]>
[2021-10-09 05:03:07,395] {taskinstance.py:903} INFO - Dependencies all met for <TaskInstance: xcom_dag.t6 2021-10-08T00:00:00+00:00 [queued]>
[2021-10-09 05:03:07,395] {taskinstance.py:1094} INFO - 
--------------------------------------------------------------------------------
[2021-10-09 05:03:07,395] {taskinstance.py:1095} INFO - Starting attempt 1 of 1
[2021-10-09 05:03:07,395] {taskinstance.py:1096} INFO - 
--------------------------------------------------------------------------------
[2021-10-09 05:03:07,404] {taskinstance.py:1114} INFO - Executing <Task(BashOperator): t6> on 2021-10-08T00:00:00+00:00
[2021-10-09 05:03:07,407] {standard_task_runner.py:52} INFO - Started process 532 to run task
[2021-10-09 05:03:07,410] {standard_task_runner.py:76} INFO - Running: ['airflow', 'tasks', 'run', 'xcom_dag', 't6', '2021-10-08T00:00:00+00:00', '--job-id', '351', '--pool', 'default_pool', '--raw', '--subdir', 'DAGS_FOLDER/xcom_dag.py', '--cfg-path', '/tmp/tmp3mub2f0e', '--error-file', '/tmp/tmp49hnbw7t']
[2021-10-09 05:03:07,411] {standard_task_runner.py:77} INFO - Job 351: Subtask t6
[2021-10-09 05:03:07,445] {logging_mixin.py:109} INFO - Running <TaskInstance: xcom_dag.t6 2021-10-08T00:00:00+00:00 [running]> on host a6cf1bcf3ec3
[2021-10-09 05:03:07,501] {taskinstance.py:1251} INFO - Exporting the following env vars:
AIRFLOW_CTX_DAG_OWNER=Airflow
AIRFLOW_CTX_DAG_ID=xcom_dag
AIRFLOW_CTX_TASK_ID=t6
AIRFLOW_CTX_EXECUTION_DATE=2021-10-08T00:00:00+00:00
AIRFLOW_CTX_DAG_RUN_ID=scheduled__2021-10-08T00:00:00+00:00
[2021-10-09 05:03:07,502] {subprocess.py:52} INFO - Tmp dir root location: 
 /tmp
[2021-10-09 05:03:07,502] {subprocess.py:63} INFO - Running command: ['bash', '-c', 'echo value from xcom: t3']
[2021-10-09 05:03:07,509] {subprocess.py:74} INFO - Output:
[2021-10-09 05:03:07,510] {subprocess.py:78} INFO - value from xcom: t3
[2021-10-09 05:03:07,510] {subprocess.py:82} INFO - Command exited with return code 0
[2021-10-09 05:03:07,535] {taskinstance.py:1211} INFO - Marking task as SUCCESS. dag_id=xcom_dag, task_id=t6, execution_date=20211008T000000, start_date=20211009T050307, end_date=20211009T050307
[2021-10-09 05:03:07,581] {local_task_job.py:151} INFO - Task exited with return code 0
[2021-10-09 05:03:07,607] {local_task_job.py:261} INFO - 0 downstream tasks scheduled from follow-on schedule check
