[2021-09-03 08:48:49,730] {taskinstance.py:903} INFO - Dependencies all met for <TaskInstance: hello_gdive.py_op_1 2021-09-03T08:48:47.840535+00:00 [queued]>
[2021-09-03 08:48:49,738] {taskinstance.py:903} INFO - Dependencies all met for <TaskInstance: hello_gdive.py_op_1 2021-09-03T08:48:47.840535+00:00 [queued]>
[2021-09-03 08:48:49,738] {taskinstance.py:1094} INFO - 
--------------------------------------------------------------------------------
[2021-09-03 08:48:49,738] {taskinstance.py:1095} INFO - Starting attempt 1 of 1
[2021-09-03 08:48:49,738] {taskinstance.py:1096} INFO - 
--------------------------------------------------------------------------------
[2021-09-03 08:48:49,751] {taskinstance.py:1114} INFO - Executing <Task(PythonOperator): py_op_1> on 2021-09-03T08:48:47.840535+00:00
[2021-09-03 08:48:49,755] {standard_task_runner.py:52} INFO - Started process 23001 to run task
[2021-09-03 08:48:49,759] {standard_task_runner.py:76} INFO - Running: ['airflow', 'tasks', 'run', 'hello_gdive', 'py_op_1', '2021-09-03T08:48:47.840535+00:00', '--job-id', '118', '--pool', 'default_pool', '--raw', '--subdir', 'DAGS_FOLDER/connect_to_gdrive.py', '--cfg-path', '/tmp/tmpezenbory', '--error-file', '/tmp/tmpspdkbt1u']
[2021-09-03 08:48:49,759] {standard_task_runner.py:77} INFO - Job 118: Subtask py_op_1
[2021-09-03 08:48:49,803] {logging_mixin.py:109} INFO - Running <TaskInstance: hello_gdive.py_op_1 2021-09-03T08:48:47.840535+00:00 [running]> on host 961ab95df326
[2021-09-03 08:48:49,864] {taskinstance.py:1251} INFO - Exporting the following env vars:
AIRFLOW_CTX_DAG_OWNER=airflow
AIRFLOW_CTX_DAG_ID=hello_gdive
AIRFLOW_CTX_TASK_ID=py_op_1
AIRFLOW_CTX_EXECUTION_DATE=2021-09-03T08:48:47.840535+00:00
AIRFLOW_CTX_DAG_RUN_ID=manual__2021-09-03T08:48:47.840535+00:00
[2021-09-03 08:48:50,849] {logging_mixin.py:109} INFO - I LOVE PYTHON: 1mwy3WmRATps0t36_kesuEY8Thbi4XgzW
[2021-09-03 08:48:50,849] {python.py:151} INFO - Done. Returned value was: None
[2021-09-03 08:48:50,858] {taskinstance.py:1211} INFO - Marking task as SUCCESS. dag_id=hello_gdive, task_id=py_op_1, execution_date=20210903T084847, start_date=20210903T084849, end_date=20210903T084850
[2021-09-03 08:48:50,893] {local_task_job.py:151} INFO - Task exited with return code 0
[2021-09-03 08:48:50,931] {local_task_job.py:261} INFO - 0 downstream tasks scheduled from follow-on schedule check
