[2021-10-09 04:36:49,109] {taskinstance.py:903} INFO - Dependencies all met for <TaskInstance: template_dag.t0 2021-10-09T04:36:48.013840+00:00 [queued]>
[2021-10-09 04:36:49,116] {taskinstance.py:903} INFO - Dependencies all met for <TaskInstance: template_dag.t0 2021-10-09T04:36:48.013840+00:00 [queued]>
[2021-10-09 04:36:49,116] {taskinstance.py:1094} INFO - 
--------------------------------------------------------------------------------
[2021-10-09 04:36:49,117] {taskinstance.py:1095} INFO - Starting attempt 1 of 1
[2021-10-09 04:36:49,117] {taskinstance.py:1096} INFO - 
--------------------------------------------------------------------------------
[2021-10-09 04:36:49,130] {taskinstance.py:1114} INFO - Executing <Task(BashOperator): t0> on 2021-10-09T04:36:48.013840+00:00
[2021-10-09 04:36:49,136] {standard_task_runner.py:52} INFO - Started process 3716 to run task
[2021-10-09 04:36:49,140] {standard_task_runner.py:76} INFO - Running: ['airflow', 'tasks', 'run', 'template_dag', 't0', '2021-10-09T04:36:48.013840+00:00', '--job-id', '340', '--pool', 'default_pool', '--raw', '--subdir', 'DAGS_FOLDER/template_dag.py', '--cfg-path', '/tmp/tmpzw8qum0t', '--error-file', '/tmp/tmp1y2j0d27']
[2021-10-09 04:36:49,140] {standard_task_runner.py:77} INFO - Job 340: Subtask t0
[2021-10-09 04:36:49,181] {logging_mixin.py:109} INFO - Running <TaskInstance: template_dag.t0 2021-10-09T04:36:48.013840+00:00 [running]> on host a6cf1bcf3ec3
[2021-10-09 04:36:49,241] {taskinstance.py:1251} INFO - Exporting the following env vars:
AIRFLOW_CTX_DAG_EMAIL=youremail@host.com
AIRFLOW_CTX_DAG_OWNER=Airflow
AIRFLOW_CTX_DAG_ID=template_dag
AIRFLOW_CTX_TASK_ID=t0
AIRFLOW_CTX_EXECUTION_DATE=2021-10-09T04:36:48.013840+00:00
AIRFLOW_CTX_DAG_RUN_ID=manual__2021-10-09T04:36:48.013840+00:00
[2021-10-09 04:36:49,242] {subprocess.py:52} INFO - Tmp dir root location: 
 /tmp
[2021-10-09 04:36:49,243] {subprocess.py:63} INFO - Running command: ['bash', '-c', 'echo 2021-10-09-04-36']
[2021-10-09 04:36:49,253] {subprocess.py:74} INFO - Output:
[2021-10-09 04:36:49,254] {subprocess.py:78} INFO - 2021-10-09-04-36
[2021-10-09 04:36:49,255] {subprocess.py:82} INFO - Command exited with return code 0
[2021-10-09 04:36:49,283] {taskinstance.py:1211} INFO - Marking task as SUCCESS. dag_id=template_dag, task_id=t0, execution_date=20211009T043648, start_date=20211009T043649, end_date=20211009T043649
[2021-10-09 04:36:49,311] {local_task_job.py:151} INFO - Task exited with return code 0
[2021-10-09 04:36:49,338] {local_task_job.py:261} INFO - 1 downstream tasks scheduled from follow-on schedule check
