[2021-09-03 05:01:58,556] {taskinstance.py:903} INFO - Dependencies all met for <TaskInstance: name_writefile.sample-task-2 2021-09-03T05:01:55.427845+00:00 [queued]>
[2021-09-03 05:01:58,565] {taskinstance.py:903} INFO - Dependencies all met for <TaskInstance: name_writefile.sample-task-2 2021-09-03T05:01:55.427845+00:00 [queued]>
[2021-09-03 05:01:58,565] {taskinstance.py:1094} INFO - 
--------------------------------------------------------------------------------
[2021-09-03 05:01:58,565] {taskinstance.py:1095} INFO - Starting attempt 1 of 4
[2021-09-03 05:01:58,565] {taskinstance.py:1096} INFO - 
--------------------------------------------------------------------------------
[2021-09-03 05:01:58,578] {taskinstance.py:1114} INFO - Executing <Task(HelloOperator): sample-task-2> on 2021-09-03T05:01:55.427845+00:00
[2021-09-03 05:01:58,581] {standard_task_runner.py:52} INFO - Started process 263 to run task
[2021-09-03 05:01:58,585] {standard_task_runner.py:76} INFO - Running: ['airflow', 'tasks', 'run', 'name_writefile', 'sample-task-2', '2021-09-03T05:01:55.427845+00:00', '--job-id', '98', '--pool', 'default_pool', '--raw', '--subdir', 'DAGS_FOLDER/writefile.py', '--cfg-path', '/tmp/tmpsrrs0e_g', '--error-file', '/tmp/tmpi8to9_tc']
[2021-09-03 05:01:58,586] {standard_task_runner.py:77} INFO - Job 98: Subtask sample-task-2
[2021-09-03 05:01:58,624] {logging_mixin.py:109} INFO - Running <TaskInstance: name_writefile.sample-task-2 2021-09-03T05:01:55.427845+00:00 [running]> on host c228f774a41f
[2021-09-03 05:01:58,670] {taskinstance.py:1251} INFO - Exporting the following env vars:
AIRFLOW_CTX_DAG_OWNER=airflow
AIRFLOW_CTX_DAG_ID=name_writefile
AIRFLOW_CTX_TASK_ID=sample-task-2
AIRFLOW_CTX_EXECUTION_DATE=2021-09-03T05:01:55.427845+00:00
AIRFLOW_CTX_DAG_RUN_ID=manual__2021-09-03T05:01:55.427845+00:00
[2021-09-03 05:01:58,671] {logging_mixin.py:109} INFO - Hello I LOVE AIRFLOW
[2021-09-03 05:01:58,680] {taskinstance.py:1211} INFO - Marking task as SUCCESS. dag_id=name_writefile, task_id=sample-task-2, execution_date=20210903T050155, start_date=20210903T050158, end_date=20210903T050158
[2021-09-03 05:01:58,716] {local_task_job.py:151} INFO - Task exited with return code 0
[2021-09-03 05:01:58,740] {local_task_job.py:261} INFO - 0 downstream tasks scheduled from follow-on schedule check
