[2021-10-09 06:23:48,574] {taskinstance.py:903} INFO - Dependencies all met for <TaskInstance: v2_context.t1 2021-10-09T06:23:47.003638+00:00 [queued]>
[2021-10-09 06:23:48,582] {taskinstance.py:903} INFO - Dependencies all met for <TaskInstance: v2_context.t1 2021-10-09T06:23:47.003638+00:00 [queued]>
[2021-10-09 06:23:48,582] {taskinstance.py:1094} INFO - 
--------------------------------------------------------------------------------
[2021-10-09 06:23:48,582] {taskinstance.py:1095} INFO - Starting attempt 1 of 1
[2021-10-09 06:23:48,582] {taskinstance.py:1096} INFO - 
--------------------------------------------------------------------------------
[2021-10-09 06:23:48,595] {taskinstance.py:1114} INFO - Executing <Task(PythonOperator): t1> on 2021-10-09T06:23:47.003638+00:00
[2021-10-09 06:23:48,598] {standard_task_runner.py:52} INFO - Started process 1623 to run task
[2021-10-09 06:23:48,601] {standard_task_runner.py:76} INFO - Running: ['airflow', 'tasks', 'run', 'v2_context', 't1', '2021-10-09T06:23:47.003638+00:00', '--job-id', '356', '--pool', 'default_pool', '--raw', '--subdir', 'DAGS_FOLDER/v2_context.py', '--cfg-path', '/tmp/tmp6d2hange', '--error-file', '/tmp/tmpz6hg10wj']
[2021-10-09 06:23:48,602] {standard_task_runner.py:77} INFO - Job 356: Subtask t1
[2021-10-09 06:23:48,640] {logging_mixin.py:109} INFO - Running <TaskInstance: v2_context.t1 2021-10-09T06:23:47.003638+00:00 [running]> on host a6cf1bcf3ec3
[2021-10-09 06:23:48,689] {taskinstance.py:1251} INFO - Exporting the following env vars:
AIRFLOW_CTX_DAG_OWNER=Airflow
AIRFLOW_CTX_DAG_ID=v2_context
AIRFLOW_CTX_TASK_ID=t1
AIRFLOW_CTX_EXECUTION_DATE=2021-10-09T06:23:47.003638+00:00
AIRFLOW_CTX_DAG_RUN_ID=manual__2021-10-09T06:23:47.003638+00:00
[2021-10-09 06:23:48,690] {logging_mixin.py:109} INFO - 2021-10-09
[2021-10-09 06:23:48,690] {python.py:151} INFO - Done. Returned value was: None
[2021-10-09 06:23:48,699] {taskinstance.py:1211} INFO - Marking task as SUCCESS. dag_id=v2_context, task_id=t1, execution_date=20211009T062347, start_date=20211009T062348, end_date=20211009T062348
[2021-10-09 06:23:48,732] {local_task_job.py:151} INFO - Task exited with return code 0
[2021-10-09 06:23:48,757] {local_task_job.py:261} INFO - 1 downstream tasks scheduled from follow-on schedule check
