[2021-09-03 04:50:53,165] {taskinstance.py:903} INFO - Dependencies all met for <TaskInstance: name_writefile.sample-task-2 2021-09-03T04:50:48.954204+00:00 [queued]>
[2021-09-03 04:50:53,173] {taskinstance.py:903} INFO - Dependencies all met for <TaskInstance: name_writefile.sample-task-2 2021-09-03T04:50:48.954204+00:00 [queued]>
[2021-09-03 04:50:53,173] {taskinstance.py:1094} INFO - 
--------------------------------------------------------------------------------
[2021-09-03 04:50:53,173] {taskinstance.py:1095} INFO - Starting attempt 1 of 4
[2021-09-03 04:50:53,173] {taskinstance.py:1096} INFO - 
--------------------------------------------------------------------------------
[2021-09-03 04:50:53,184] {taskinstance.py:1114} INFO - Executing <Task(HelloOperator): sample-task-2> on 2021-09-03T04:50:48.954204+00:00
[2021-09-03 04:50:53,187] {standard_task_runner.py:52} INFO - Started process 2032 to run task
[2021-09-03 04:50:53,190] {standard_task_runner.py:76} INFO - Running: ['airflow', 'tasks', 'run', 'name_writefile', 'sample-task-2', '2021-09-03T04:50:48.954204+00:00', '--job-id', '94', '--pool', 'default_pool', '--raw', '--subdir', 'DAGS_FOLDER/writefile.py', '--cfg-path', '/tmp/tmp3t5vdgu5', '--error-file', '/tmp/tmpub136cfy']
[2021-09-03 04:50:53,190] {standard_task_runner.py:77} INFO - Job 94: Subtask sample-task-2
[2021-09-03 04:50:53,221] {logging_mixin.py:109} INFO - Running <TaskInstance: name_writefile.sample-task-2 2021-09-03T04:50:48.954204+00:00 [running]> on host 10a8a471602c
[2021-09-03 04:50:53,259] {taskinstance.py:1251} INFO - Exporting the following env vars:
AIRFLOW_CTX_DAG_OWNER=airflow
AIRFLOW_CTX_DAG_ID=name_writefile
AIRFLOW_CTX_TASK_ID=sample-task-2
AIRFLOW_CTX_EXECUTION_DATE=2021-09-03T04:50:48.954204+00:00
AIRFLOW_CTX_DAG_RUN_ID=manual__2021-09-03T04:50:48.954204+00:00
[2021-09-03 04:50:53,260] {logging_mixin.py:109} INFO - Hello I LOVE AIRFLOW
[2021-09-03 04:50:53,276] {taskinstance.py:1211} INFO - Marking task as SUCCESS. dag_id=name_writefile, task_id=sample-task-2, execution_date=20210903T045048, start_date=20210903T045053, end_date=20210903T045053
[2021-09-03 04:50:53,321] {local_task_job.py:151} INFO - Task exited with return code 0
[2021-09-03 04:50:53,349] {local_task_job.py:261} INFO - 0 downstream tasks scheduled from follow-on schedule check
