[2021-09-03 04:50:07,644] {taskinstance.py:903} INFO - Dependencies all met for <TaskInstance: name_writefile.sample-task-2 2021-08-14T17:00:00+00:00 [queued]>
[2021-09-03 04:50:07,653] {taskinstance.py:903} INFO - Dependencies all met for <TaskInstance: name_writefile.sample-task-2 2021-08-14T17:00:00+00:00 [queued]>
[2021-09-03 04:50:07,654] {taskinstance.py:1094} INFO - 
--------------------------------------------------------------------------------
[2021-09-03 04:50:07,654] {taskinstance.py:1095} INFO - Starting attempt 1 of 4
[2021-09-03 04:50:07,654] {taskinstance.py:1096} INFO - 
--------------------------------------------------------------------------------
[2021-09-03 04:50:07,667] {taskinstance.py:1114} INFO - Executing <Task(HelloOperator): sample-task-2> on 2021-08-14T17:00:00+00:00
[2021-09-03 04:50:07,670] {standard_task_runner.py:52} INFO - Started process 1977 to run task
[2021-09-03 04:50:07,674] {standard_task_runner.py:76} INFO - Running: ['airflow', 'tasks', 'run', 'name_writefile', 'sample-task-2', '2021-08-14T17:00:00+00:00', '--job-id', '88', '--pool', 'default_pool', '--raw', '--subdir', 'DAGS_FOLDER/writefile.py', '--cfg-path', '/tmp/tmpuiinqr90', '--error-file', '/tmp/tmpu7s4i3ql']
[2021-09-03 04:50:07,675] {standard_task_runner.py:77} INFO - Job 88: Subtask sample-task-2
[2021-09-03 04:50:07,705] {logging_mixin.py:109} INFO - Running <TaskInstance: name_writefile.sample-task-2 2021-08-14T17:00:00+00:00 [running]> on host 10a8a471602c
[2021-09-03 04:50:07,745] {taskinstance.py:1251} INFO - Exporting the following env vars:
AIRFLOW_CTX_DAG_OWNER=airflow
AIRFLOW_CTX_DAG_ID=name_writefile
AIRFLOW_CTX_TASK_ID=sample-task-2
AIRFLOW_CTX_EXECUTION_DATE=2021-08-14T17:00:00+00:00
AIRFLOW_CTX_DAG_RUN_ID=scheduled__2021-08-14T17:00:00+00:00
[2021-09-03 04:50:07,745] {logging_mixin.py:109} INFO - Hello I LOVE AIRFLOW
[2021-09-03 04:50:07,754] {taskinstance.py:1211} INFO - Marking task as SUCCESS. dag_id=name_writefile, task_id=sample-task-2, execution_date=20210814T170000, start_date=20210903T045007, end_date=20210903T045007
[2021-09-03 04:50:07,805] {local_task_job.py:151} INFO - Task exited with return code 0
[2021-09-03 04:50:07,833] {local_task_job.py:261} INFO - 0 downstream tasks scheduled from follow-on schedule check
