[2021-09-03 08:43:48,486] {taskinstance.py:903} INFO - Dependencies all met for <TaskInstance: name_writefile.sample-task-2 2021-08-14T17:00:00+00:00 [queued]>
[2021-09-03 08:43:48,498] {taskinstance.py:903} INFO - Dependencies all met for <TaskInstance: name_writefile.sample-task-2 2021-08-14T17:00:00+00:00 [queued]>
[2021-09-03 08:43:48,499] {taskinstance.py:1094} INFO - 
--------------------------------------------------------------------------------
[2021-09-03 08:43:48,499] {taskinstance.py:1095} INFO - Starting attempt 2 of 5
[2021-09-03 08:43:48,499] {taskinstance.py:1096} INFO - 
--------------------------------------------------------------------------------
[2021-09-03 08:43:48,522] {taskinstance.py:1114} INFO - Executing <Task(HelloOperator): sample-task-2> on 2021-08-14T17:00:00+00:00
[2021-09-03 08:43:48,526] {standard_task_runner.py:52} INFO - Started process 19685 to run task
[2021-09-03 08:43:48,532] {standard_task_runner.py:76} INFO - Running: ['airflow', 'tasks', 'run', 'name_writefile', 'sample-task-2', '2021-08-14T17:00:00+00:00', '--job-id', '116', '--pool', 'default_pool', '--raw', '--subdir', 'DAGS_FOLDER/writefile.py', '--cfg-path', '/tmp/tmpyznsu8_3', '--error-file', '/tmp/tmpn5otejnm']
[2021-09-03 08:43:48,533] {standard_task_runner.py:77} INFO - Job 116: Subtask sample-task-2
[2021-09-03 08:43:48,595] {logging_mixin.py:109} INFO - Running <TaskInstance: name_writefile.sample-task-2 2021-08-14T17:00:00+00:00 [running]> on host 961ab95df326
[2021-09-03 08:43:48,659] {taskinstance.py:1251} INFO - Exporting the following env vars:
AIRFLOW_CTX_DAG_OWNER=airflow
AIRFLOW_CTX_DAG_ID=name_writefile
AIRFLOW_CTX_TASK_ID=sample-task-2
AIRFLOW_CTX_EXECUTION_DATE=2021-08-14T17:00:00+00:00
AIRFLOW_CTX_DAG_RUN_ID=scheduled__2021-08-14T17:00:00+00:00
[2021-09-03 08:43:48,660] {logging_mixin.py:109} INFO - Hello I LOVE AIRFLOW
[2021-09-03 08:43:48,670] {taskinstance.py:1211} INFO - Marking task as SUCCESS. dag_id=name_writefile, task_id=sample-task-2, execution_date=20210814T170000, start_date=20210903T084348, end_date=20210903T084348
[2021-09-03 08:43:48,702] {local_task_job.py:151} INFO - Task exited with return code 0
[2021-09-03 08:43:48,730] {local_task_job.py:261} INFO - 0 downstream tasks scheduled from follow-on schedule check
