[2021-09-03 04:50:05,724] {taskinstance.py:903} INFO - Dependencies all met for <TaskInstance: name_writefile.writefile 2021-08-14T17:00:00+00:00 [queued]>
[2021-09-03 04:50:05,730] {taskinstance.py:903} INFO - Dependencies all met for <TaskInstance: name_writefile.writefile 2021-08-14T17:00:00+00:00 [queued]>
[2021-09-03 04:50:05,731] {taskinstance.py:1094} INFO - 
--------------------------------------------------------------------------------
[2021-09-03 04:50:05,731] {taskinstance.py:1095} INFO - Starting attempt 2 of 5
[2021-09-03 04:50:05,731] {taskinstance.py:1096} INFO - 
--------------------------------------------------------------------------------
[2021-09-03 04:50:05,743] {taskinstance.py:1114} INFO - Executing <Task(PythonOperator): writefile> on 2021-08-14T17:00:00+00:00
[2021-09-03 04:50:05,746] {standard_task_runner.py:52} INFO - Started process 1973 to run task
[2021-09-03 04:50:05,750] {standard_task_runner.py:76} INFO - Running: ['airflow', 'tasks', 'run', 'name_writefile', 'writefile', '2021-08-14T17:00:00+00:00', '--job-id', '86', '--pool', 'default_pool', '--raw', '--subdir', 'DAGS_FOLDER/writefile.py', '--cfg-path', '/tmp/tmpty1agga6', '--error-file', '/tmp/tmpsveqmo41']
[2021-09-03 04:50:05,750] {standard_task_runner.py:77} INFO - Job 86: Subtask writefile
[2021-09-03 04:50:05,789] {logging_mixin.py:109} INFO - Running <TaskInstance: name_writefile.writefile 2021-08-14T17:00:00+00:00 [running]> on host 10a8a471602c
[2021-09-03 04:50:05,829] {taskinstance.py:1251} INFO - Exporting the following env vars:
AIRFLOW_CTX_DAG_OWNER=airflow
AIRFLOW_CTX_DAG_ID=name_writefile
AIRFLOW_CTX_TASK_ID=writefile
AIRFLOW_CTX_EXECUTION_DATE=2021-08-14T17:00:00+00:00
AIRFLOW_CTX_DAG_RUN_ID=scheduled__2021-08-14T17:00:00+00:00
[2021-09-03 04:50:05,829] {logging_mixin.py:109} INFO - Done Writing
[2021-09-03 04:50:05,829] {logging_mixin.py:109} INFO - /usr/local/airflow
[2021-09-03 04:50:05,829] {python.py:151} INFO - Done. Returned value was: None
[2021-09-03 04:50:05,836] {taskinstance.py:1211} INFO - Marking task as SUCCESS. dag_id=name_writefile, task_id=writefile, execution_date=20210814T170000, start_date=20210903T045005, end_date=20210903T045005
[2021-09-03 04:50:05,880] {local_task_job.py:151} INFO - Task exited with return code 0
[2021-09-03 04:50:05,912] {local_task_job.py:261} INFO - 1 downstream tasks scheduled from follow-on schedule check
