[2021-09-03 08:43:46,282] {taskinstance.py:903} INFO - Dependencies all met for <TaskInstance: name_writefile.writefile 2021-08-14T17:00:00+00:00 [queued]>
[2021-09-03 08:43:46,292] {taskinstance.py:903} INFO - Dependencies all met for <TaskInstance: name_writefile.writefile 2021-08-14T17:00:00+00:00 [queued]>
[2021-09-03 08:43:46,292] {taskinstance.py:1094} INFO - 
--------------------------------------------------------------------------------
[2021-09-03 08:43:46,292] {taskinstance.py:1095} INFO - Starting attempt 3 of 6
[2021-09-03 08:43:46,292] {taskinstance.py:1096} INFO - 
--------------------------------------------------------------------------------
[2021-09-03 08:43:46,308] {taskinstance.py:1114} INFO - Executing <Task(PythonOperator): writefile> on 2021-08-14T17:00:00+00:00
[2021-09-03 08:43:46,313] {standard_task_runner.py:52} INFO - Started process 19644 to run task
[2021-09-03 08:43:46,316] {standard_task_runner.py:76} INFO - Running: ['airflow', 'tasks', 'run', 'name_writefile', 'writefile', '2021-08-14T17:00:00+00:00', '--job-id', '113', '--pool', 'default_pool', '--raw', '--subdir', 'DAGS_FOLDER/writefile.py', '--cfg-path', '/tmp/tmpztuxg4uq', '--error-file', '/tmp/tmp4g9u3ogd']
[2021-09-03 08:43:46,317] {standard_task_runner.py:77} INFO - Job 113: Subtask writefile
[2021-09-03 08:43:46,348] {logging_mixin.py:109} INFO - Running <TaskInstance: name_writefile.writefile 2021-08-14T17:00:00+00:00 [running]> on host 961ab95df326
[2021-09-03 08:43:46,386] {taskinstance.py:1251} INFO - Exporting the following env vars:
AIRFLOW_CTX_DAG_OWNER=airflow
AIRFLOW_CTX_DAG_ID=name_writefile
AIRFLOW_CTX_TASK_ID=writefile
AIRFLOW_CTX_EXECUTION_DATE=2021-08-14T17:00:00+00:00
AIRFLOW_CTX_DAG_RUN_ID=scheduled__2021-08-14T17:00:00+00:00
[2021-09-03 08:43:46,386] {logging_mixin.py:109} INFO - Done Writing
[2021-09-03 08:43:46,386] {logging_mixin.py:109} INFO - /usr/local/airflow
[2021-09-03 08:43:46,387] {python.py:151} INFO - Done. Returned value was: None
[2021-09-03 08:43:46,393] {taskinstance.py:1211} INFO - Marking task as SUCCESS. dag_id=name_writefile, task_id=writefile, execution_date=20210814T170000, start_date=20210903T084346, end_date=20210903T084346
[2021-09-03 08:43:46,407] {local_task_job.py:151} INFO - Task exited with return code 0
[2021-09-03 08:43:46,426] {local_task_job.py:261} INFO - 1 downstream tasks scheduled from follow-on schedule check
