[2021-10-09 04:07:39,230] {taskinstance.py:903} INFO - Dependencies all met for <TaskInstance: template_dag.t0 2021-10-09T04:07:38.420967+00:00 [queued]>
[2021-10-09 04:07:39,238] {taskinstance.py:903} INFO - Dependencies all met for <TaskInstance: template_dag.t0 2021-10-09T04:07:38.420967+00:00 [queued]>
[2021-10-09 04:07:39,239] {taskinstance.py:1094} INFO - 
--------------------------------------------------------------------------------
[2021-10-09 04:07:39,239] {taskinstance.py:1095} INFO - Starting attempt 1 of 2
[2021-10-09 04:07:39,239] {taskinstance.py:1096} INFO - 
--------------------------------------------------------------------------------
[2021-10-09 04:07:39,250] {taskinstance.py:1114} INFO - Executing <Task(BashOperator): t0> on 2021-10-09T04:07:38.420967+00:00
[2021-10-09 04:07:39,254] {standard_task_runner.py:52} INFO - Started process 5300 to run task
[2021-10-09 04:07:39,257] {standard_task_runner.py:76} INFO - Running: ['airflow', 'tasks', 'run', 'template_dag', 't0', '2021-10-09T04:07:38.420967+00:00', '--job-id', '315', '--pool', 'default_pool', '--raw', '--subdir', 'DAGS_FOLDER/template_dag.py', '--cfg-path', '/tmp/tmpsdtqymg4', '--error-file', '/tmp/tmpu0c7vnap']
[2021-10-09 04:07:39,258] {standard_task_runner.py:77} INFO - Job 315: Subtask t0
[2021-10-09 04:07:39,293] {logging_mixin.py:109} INFO - Running <TaskInstance: template_dag.t0 2021-10-09T04:07:38.420967+00:00 [running]> on host a6cf1bcf3ec3
[2021-10-09 04:07:39,345] {taskinstance.py:1251} INFO - Exporting the following env vars:
AIRFLOW_CTX_DAG_EMAIL=youremail@host.com
AIRFLOW_CTX_DAG_OWNER=Airflow
AIRFLOW_CTX_DAG_ID=template_dag
AIRFLOW_CTX_TASK_ID=t0
AIRFLOW_CTX_EXECUTION_DATE=2021-10-09T04:07:38.420967+00:00
AIRFLOW_CTX_DAG_RUN_ID=manual__2021-10-09T04:07:38.420967+00:00
[2021-10-09 04:07:39,346] {subprocess.py:52} INFO - Tmp dir root location: 
 /tmp
[2021-10-09 04:07:39,346] {subprocess.py:63} INFO - Running command: ['bash', '-c', 'echo 2021-10-09-04-07']
[2021-10-09 04:07:39,355] {subprocess.py:74} INFO - Output:
[2021-10-09 04:07:39,356] {subprocess.py:78} INFO - 2021-10-09-04-07
[2021-10-09 04:07:39,356] {subprocess.py:82} INFO - Command exited with return code 0
[2021-10-09 04:07:39,382] {taskinstance.py:1211} INFO - Marking task as SUCCESS. dag_id=template_dag, task_id=t0, execution_date=20211009T040738, start_date=20211009T040739, end_date=20211009T040739
[2021-10-09 04:07:39,428] {local_task_job.py:151} INFO - Task exited with return code 0
[2021-10-09 04:07:39,458] {local_task_job.py:261} INFO - 1 downstream tasks scheduled from follow-on schedule check
