[2021-10-09 06:39:07,191] {taskinstance.py:903} INFO - Dependencies all met for <TaskInstance: v2_context.t2 2021-10-09T06:39:04.558657+00:00 [queued]>
[2021-10-09 06:39:07,198] {taskinstance.py:903} INFO - Dependencies all met for <TaskInstance: v2_context.t2 2021-10-09T06:39:04.558657+00:00 [queued]>
[2021-10-09 06:39:07,198] {taskinstance.py:1094} INFO - 
--------------------------------------------------------------------------------
[2021-10-09 06:39:07,198] {taskinstance.py:1095} INFO - Starting attempt 1 of 1
[2021-10-09 06:39:07,198] {taskinstance.py:1096} INFO - 
--------------------------------------------------------------------------------
[2021-10-09 06:39:07,210] {taskinstance.py:1114} INFO - Executing <Task(PythonOperator): t2> on 2021-10-09T06:39:04.558657+00:00
[2021-10-09 06:39:07,212] {standard_task_runner.py:52} INFO - Started process 4825 to run task
[2021-10-09 06:39:07,215] {standard_task_runner.py:76} INFO - Running: ['airflow', 'tasks', 'run', 'v2_context', 't2', '2021-10-09T06:39:04.558657+00:00', '--job-id', '360', '--pool', 'default_pool', '--raw', '--subdir', 'DAGS_FOLDER/v2_context.py', '--cfg-path', '/tmp/tmpw6ls6mjj', '--error-file', '/tmp/tmpaf5d96o_']
[2021-10-09 06:39:07,215] {standard_task_runner.py:77} INFO - Job 360: Subtask t2
[2021-10-09 06:39:07,243] {logging_mixin.py:109} INFO - Running <TaskInstance: v2_context.t2 2021-10-09T06:39:04.558657+00:00 [running]> on host a6cf1bcf3ec3
[2021-10-09 06:39:07,289] {taskinstance.py:1251} INFO - Exporting the following env vars:
AIRFLOW_CTX_DAG_OWNER=Airflow
AIRFLOW_CTX_DAG_ID=v2_context
AIRFLOW_CTX_TASK_ID=t2
AIRFLOW_CTX_EXECUTION_DATE=2021-10-09T06:39:04.558657+00:00
AIRFLOW_CTX_DAG_RUN_ID=manual__2021-10-09T06:39:04.558657+00:00
[2021-10-09 06:39:07,290] {logging_mixin.py:109} INFO - 2021-10-09
[2021-10-09 06:39:07,290] {python.py:151} INFO - Done. Returned value was: None
[2021-10-09 06:39:07,300] {taskinstance.py:1211} INFO - Marking task as SUCCESS. dag_id=v2_context, task_id=t2, execution_date=20211009T063904, start_date=20211009T063907, end_date=20211009T063907
[2021-10-09 06:39:07,346] {local_task_job.py:151} INFO - Task exited with return code 0
[2021-10-09 06:39:07,373] {local_task_job.py:261} INFO - 1 downstream tasks scheduled from follow-on schedule check
