[2021-09-05 13:29:21,491] {taskinstance.py:903} INFO - Dependencies all met for <TaskInstance: airflow-kill-halted-tasks.kill_halted_tasks 2021-09-05T12:00:00+00:00 [queued]>
[2021-09-05 13:29:21,508] {taskinstance.py:903} INFO - Dependencies all met for <TaskInstance: airflow-kill-halted-tasks.kill_halted_tasks 2021-09-05T12:00:00+00:00 [queued]>
[2021-09-05 13:29:21,508] {taskinstance.py:1094} INFO - 
--------------------------------------------------------------------------------
[2021-09-05 13:29:21,508] {taskinstance.py:1095} INFO - Starting attempt 1 of 2
[2021-09-05 13:29:21,508] {taskinstance.py:1096} INFO - 
--------------------------------------------------------------------------------
[2021-09-05 13:29:21,521] {taskinstance.py:1114} INFO - Executing <Task(PythonOperator): kill_halted_tasks> on 2021-09-05T12:00:00+00:00
[2021-09-05 13:29:21,526] {standard_task_runner.py:52} INFO - Started process 6793 to run task
[2021-09-05 13:29:21,529] {standard_task_runner.py:76} INFO - Running: ['airflow', 'tasks', 'run', 'airflow-kill-halted-tasks', 'kill_halted_tasks', '2021-09-05T12:00:00+00:00', '--job-id', '233', '--pool', 'default_pool', '--raw', '--subdir', 'DAGS_FOLDER/airflow-kill-halted-tasks.py', '--cfg-path', '/tmp/tmphdvmkydl', '--error-file', '/tmp/tmpixfrc_rz']
[2021-09-05 13:29:21,531] {standard_task_runner.py:77} INFO - Job 233: Subtask kill_halted_tasks
[2021-09-05 13:29:21,573] {logging_mixin.py:109} INFO - Running <TaskInstance: airflow-kill-halted-tasks.kill_halted_tasks 2021-09-05T12:00:00+00:00 [running]> on host 2bce3265bb98
[2021-09-05 13:29:21,623] {taskinstance.py:1251} INFO - Exporting the following env vars:
AIRFLOW_CTX_DAG_OWNER=operations
AIRFLOW_CTX_DAG_ID=airflow-kill-halted-tasks
AIRFLOW_CTX_TASK_ID=kill_halted_tasks
AIRFLOW_CTX_EXECUTION_DATE=2021-09-05T12:00:00+00:00
AIRFLOW_CTX_DAG_RUN_ID=scheduled__2021-09-05T12:00:00+00:00
[2021-09-05 13:29:21,624] {airflow-kill-halted-tasks.py:117} INFO - Getting Configurations...
[2021-09-05 13:29:21,625] {airflow-kill-halted-tasks.py:121} INFO - Finished Getting Configurations

[2021-09-05 13:29:21,625] {airflow-kill-halted-tasks.py:123} INFO - Configurations:
[2021-09-05 13:29:21,625] {airflow-kill-halted-tasks.py:124} INFO - send_process_killed_email:      True
[2021-09-05 13:29:21,625] {airflow-kill-halted-tasks.py:127} INFO - process_killed_email_subject:   airflow-kill-halted-tasks - Tasks were Killed
[2021-09-05 13:29:21,625] {airflow-kill-halted-tasks.py:130} INFO - process_killed_email_addresses: []
[2021-09-05 13:29:21,625] {airflow-kill-halted-tasks.py:134} INFO - enable_kill:                    True
[2021-09-05 13:29:21,625] {airflow-kill-halted-tasks.py:135} INFO - debug:                          False
[2021-09-05 13:29:21,625] {airflow-kill-halted-tasks.py:136} INFO - session:                        <sqlalchemy.orm.session.Session object at 0x7f59f8bc8910>
[2021-09-05 13:29:21,625] {airflow-kill-halted-tasks.py:137} INFO - airflow_version:                2.1.3
[2021-09-05 13:29:21,625] {airflow-kill-halted-tasks.py:138} INFO - 
[2021-09-05 13:29:21,625] {airflow-kill-halted-tasks.py:140} INFO - Running Cleanup Process...
[2021-09-05 13:29:21,625] {airflow-kill-halted-tasks.py:141} INFO - 
[2021-09-05 13:29:21,626] {airflow-kill-halted-tasks.py:146} INFO - Running Search Process: ps -o pid -o cmd -u `whoami` | grep 'airflow run'
[2021-09-05 13:29:21,643] {airflow-kill-halted-tasks.py:148} INFO - Search Process Output: 
[2021-09-05 13:29:21,643] {airflow-kill-halted-tasks.py:149} INFO -    6794 /bin/sh -c ps -o pid -o cmd -u `whoami` | grep 'airflow run'
   6796 grep airflow run

[2021-09-05 13:29:21,643] {airflow-kill-halted-tasks.py:151} INFO - Filtering out: Empty Lines, Grep processes, and this DAGs Run.
[2021-09-05 13:29:21,643] {airflow-kill-halted-tasks.py:159} INFO - Search Process Output (with Filter): 
[2021-09-05 13:29:21,643] {airflow-kill-halted-tasks.py:162} INFO - 
[2021-09-05 13:29:21,643] {airflow-kill-halted-tasks.py:164} INFO - Searching through running processes...
[2021-09-05 13:29:21,643] {airflow-kill-halted-tasks.py:338} INFO - 
[2021-09-05 13:29:21,643] {airflow-kill-halted-tasks.py:339} INFO - Processes Marked to Kill: 
[2021-09-05 13:29:21,643] {airflow-kill-halted-tasks.py:344} INFO - No Processes Marked to Kill Found
[2021-09-05 13:29:21,643] {airflow-kill-halted-tasks.py:347} INFO - 
[2021-09-05 13:29:21,644] {airflow-kill-halted-tasks.py:349} INFO - Performing Kill...
[2021-09-05 13:29:21,644] {airflow-kill-halted-tasks.py:363} INFO - No Processes Marked to Kill Found
[2021-09-05 13:29:21,644] {airflow-kill-halted-tasks.py:367} INFO - 
[2021-09-05 13:29:21,644] {airflow-kill-halted-tasks.py:368} INFO - Finished Running Cleanup Process
[2021-09-05 13:29:21,644] {python.py:151} INFO - Done. Returned value was: None
[2021-09-05 13:29:21,660] {taskinstance.py:1211} INFO - Marking task as SUCCESS. dag_id=airflow-kill-halted-tasks, task_id=kill_halted_tasks, execution_date=20210905T120000, start_date=20210905T132921, end_date=20210905T132921
[2021-09-05 13:29:21,700] {local_task_job.py:151} INFO - Task exited with return code 0
[2021-09-05 13:29:21,736] {local_task_job.py:261} INFO - 1 downstream tasks scheduled from follow-on schedule check
