[2021-10-09 04:07:40,082] {taskinstance.py:903} INFO - Dependencies all met for <TaskInstance: template_dag.t1 2021-10-09T04:07:38.420967+00:00 [queued]>
[2021-10-09 04:07:40,088] {taskinstance.py:903} INFO - Dependencies all met for <TaskInstance: template_dag.t1 2021-10-09T04:07:38.420967+00:00 [queued]>
[2021-10-09 04:07:40,088] {taskinstance.py:1094} INFO - 
--------------------------------------------------------------------------------
[2021-10-09 04:07:40,088] {taskinstance.py:1095} INFO - Starting attempt 1 of 2
[2021-10-09 04:07:40,088] {taskinstance.py:1096} INFO - 
--------------------------------------------------------------------------------
[2021-10-09 04:07:40,098] {taskinstance.py:1114} INFO - Executing <Task(BashOperator): t1> on 2021-10-09T04:07:38.420967+00:00
[2021-10-09 04:07:40,102] {standard_task_runner.py:52} INFO - Started process 5311 to run task
[2021-10-09 04:07:40,105] {standard_task_runner.py:76} INFO - Running: ['airflow', 'tasks', 'run', 'template_dag', 't1', '2021-10-09T04:07:38.420967+00:00', '--job-id', '316', '--pool', 'default_pool', '--raw', '--subdir', 'DAGS_FOLDER/template_dag.py', '--cfg-path', '/tmp/tmpc3c4scfo', '--error-file', '/tmp/tmp8ijnbho9']
[2021-10-09 04:07:40,105] {standard_task_runner.py:77} INFO - Job 316: Subtask t1
[2021-10-09 04:07:40,140] {logging_mixin.py:109} INFO - Running <TaskInstance: template_dag.t1 2021-10-09T04:07:38.420967+00:00 [running]> on host a6cf1bcf3ec3
[2021-10-09 04:07:40,240] {taskinstance.py:1251} INFO - Exporting the following env vars:
AIRFLOW_CTX_DAG_EMAIL=youremail@host.com
AIRFLOW_CTX_DAG_OWNER=Airflow
AIRFLOW_CTX_DAG_ID=template_dag
AIRFLOW_CTX_TASK_ID=t1
AIRFLOW_CTX_EXECUTION_DATE=2021-10-09T04:07:38.420967+00:00
AIRFLOW_CTX_DAG_RUN_ID=manual__2021-10-09T04:07:38.420967+00:00
[2021-10-09 04:07:40,241] {subprocess.py:52} INFO - Tmp dir root location: 
 /tmp
[2021-10-09 04:07:40,241] {subprocess.py:63} INFO - Running command: ['bash', '-c', 'echo my_login']
[2021-10-09 04:07:40,250] {subprocess.py:74} INFO - Output:
[2021-10-09 04:07:40,251] {subprocess.py:78} INFO - my_login
[2021-10-09 04:07:40,251] {subprocess.py:82} INFO - Command exited with return code 0
[2021-10-09 04:07:40,278] {taskinstance.py:1211} INFO - Marking task as SUCCESS. dag_id=template_dag, task_id=t1, execution_date=20211009T040738, start_date=20211009T040740, end_date=20211009T040740
[2021-10-09 04:07:40,317] {local_task_job.py:151} INFO - Task exited with return code 0
[2021-10-09 04:07:40,346] {local_task_job.py:261} INFO - 1 downstream tasks scheduled from follow-on schedule check
