[2021-09-03 05:03:22,748] {taskinstance.py:903} INFO - Dependencies all met for <TaskInstance: name_writefile.sample-task-2 2021-09-03T05:03:19.104197+00:00 [queued]>
[2021-09-03 05:03:22,755] {taskinstance.py:903} INFO - Dependencies all met for <TaskInstance: name_writefile.sample-task-2 2021-09-03T05:03:19.104197+00:00 [queued]>
[2021-09-03 05:03:22,756] {taskinstance.py:1094} INFO - 
--------------------------------------------------------------------------------
[2021-09-03 05:03:22,756] {taskinstance.py:1095} INFO - Starting attempt 1 of 4
[2021-09-03 05:03:22,756] {taskinstance.py:1096} INFO - 
--------------------------------------------------------------------------------
[2021-09-03 05:03:22,769] {taskinstance.py:1114} INFO - Executing <Task(HelloOperator): sample-task-2> on 2021-09-03T05:03:19.104197+00:00
[2021-09-03 05:03:22,774] {standard_task_runner.py:52} INFO - Started process 339 to run task
[2021-09-03 05:03:22,779] {standard_task_runner.py:76} INFO - Running: ['airflow', 'tasks', 'run', 'name_writefile', 'sample-task-2', '2021-09-03T05:03:19.104197+00:00', '--job-id', '101', '--pool', 'default_pool', '--raw', '--subdir', 'DAGS_FOLDER/writefile.py', '--cfg-path', '/tmp/tmpwbief7jb', '--error-file', '/tmp/tmp27io0g5d']
[2021-09-03 05:03:22,781] {standard_task_runner.py:77} INFO - Job 101: Subtask sample-task-2
[2021-09-03 05:03:22,835] {logging_mixin.py:109} INFO - Running <TaskInstance: name_writefile.sample-task-2 2021-09-03T05:03:19.104197+00:00 [running]> on host c228f774a41f
[2021-09-03 05:03:22,906] {taskinstance.py:1251} INFO - Exporting the following env vars:
AIRFLOW_CTX_DAG_OWNER=airflow
AIRFLOW_CTX_DAG_ID=name_writefile
AIRFLOW_CTX_TASK_ID=sample-task-2
AIRFLOW_CTX_EXECUTION_DATE=2021-09-03T05:03:19.104197+00:00
AIRFLOW_CTX_DAG_RUN_ID=manual__2021-09-03T05:03:19.104197+00:00
[2021-09-03 05:03:22,907] {logging_mixin.py:109} INFO - Hello I LOVE AIRFLOW
[2021-09-03 05:03:22,919] {taskinstance.py:1211} INFO - Marking task as SUCCESS. dag_id=name_writefile, task_id=sample-task-2, execution_date=20210903T050319, start_date=20210903T050322, end_date=20210903T050322
[2021-09-03 05:03:22,949] {local_task_job.py:151} INFO - Task exited with return code 0
[2021-09-03 05:03:22,977] {local_task_job.py:261} INFO - 0 downstream tasks scheduled from follow-on schedule check
