[2021-10-09 04:08:29,632] {taskinstance.py:903} INFO - Dependencies all met for <TaskInstance: template_dag.t1 2021-10-09T04:08:27.151802+00:00 [queued]>
[2021-10-09 04:08:29,641] {taskinstance.py:903} INFO - Dependencies all met for <TaskInstance: template_dag.t1 2021-10-09T04:08:27.151802+00:00 [queued]>
[2021-10-09 04:08:29,641] {taskinstance.py:1094} INFO - 
--------------------------------------------------------------------------------
[2021-10-09 04:08:29,641] {taskinstance.py:1095} INFO - Starting attempt 1 of 2
[2021-10-09 04:08:29,641] {taskinstance.py:1096} INFO - 
--------------------------------------------------------------------------------
[2021-10-09 04:08:29,654] {taskinstance.py:1114} INFO - Executing <Task(BashOperator): t1> on 2021-10-09T04:08:27.151802+00:00
[2021-10-09 04:08:29,658] {standard_task_runner.py:52} INFO - Started process 403 to run task
[2021-10-09 04:08:29,661] {standard_task_runner.py:76} INFO - Running: ['airflow', 'tasks', 'run', 'template_dag', 't1', '2021-10-09T04:08:27.151802+00:00', '--job-id', '320', '--pool', 'default_pool', '--raw', '--subdir', 'DAGS_FOLDER/template_dag.py', '--cfg-path', '/tmp/tmpzpuvly1k', '--error-file', '/tmp/tmpzs0av3m7']
[2021-10-09 04:08:29,662] {standard_task_runner.py:77} INFO - Job 320: Subtask t1
[2021-10-09 04:08:29,699] {logging_mixin.py:109} INFO - Running <TaskInstance: template_dag.t1 2021-10-09T04:08:27.151802+00:00 [running]> on host a6cf1bcf3ec3
[2021-10-09 04:08:29,791] {taskinstance.py:1251} INFO - Exporting the following env vars:
AIRFLOW_CTX_DAG_EMAIL=youremail@host.com
AIRFLOW_CTX_DAG_OWNER=Airflow
AIRFLOW_CTX_DAG_ID=template_dag
AIRFLOW_CTX_TASK_ID=t1
AIRFLOW_CTX_EXECUTION_DATE=2021-10-09T04:08:27.151802+00:00
AIRFLOW_CTX_DAG_RUN_ID=manual__2021-10-09T04:08:27.151802+00:00
[2021-10-09 04:08:29,792] {subprocess.py:52} INFO - Tmp dir root location: 
 /tmp
[2021-10-09 04:08:29,792] {subprocess.py:63} INFO - Running command: ['bash', '-c', 'echo my_login']
[2021-10-09 04:08:29,799] {subprocess.py:74} INFO - Output:
[2021-10-09 04:08:29,800] {subprocess.py:78} INFO - my_login
[2021-10-09 04:08:29,800] {subprocess.py:82} INFO - Command exited with return code 0
[2021-10-09 04:08:29,823] {taskinstance.py:1211} INFO - Marking task as SUCCESS. dag_id=template_dag, task_id=t1, execution_date=20211009T040827, start_date=20211009T040829, end_date=20211009T040829
[2021-10-09 04:08:29,872] {local_task_job.py:151} INFO - Task exited with return code 0
[2021-10-09 04:08:29,899] {local_task_job.py:261} INFO - 1 downstream tasks scheduled from follow-on schedule check
