[2021-09-03 05:03:20,499] {taskinstance.py:903} INFO - Dependencies all met for <TaskInstance: name_writefile.writefile 2021-09-03T05:03:19.104197+00:00 [queued]>
[2021-09-03 05:03:20,509] {taskinstance.py:903} INFO - Dependencies all met for <TaskInstance: name_writefile.writefile 2021-09-03T05:03:19.104197+00:00 [queued]>
[2021-09-03 05:03:20,510] {taskinstance.py:1094} INFO - 
--------------------------------------------------------------------------------
[2021-09-03 05:03:20,510] {taskinstance.py:1095} INFO - Starting attempt 1 of 4
[2021-09-03 05:03:20,510] {taskinstance.py:1096} INFO - 
--------------------------------------------------------------------------------
[2021-09-03 05:03:20,524] {taskinstance.py:1114} INFO - Executing <Task(PythonOperator): writefile> on 2021-09-03T05:03:19.104197+00:00
[2021-09-03 05:03:20,527] {standard_task_runner.py:52} INFO - Started process 335 to run task
[2021-09-03 05:03:20,531] {standard_task_runner.py:76} INFO - Running: ['airflow', 'tasks', 'run', 'name_writefile', 'writefile', '2021-09-03T05:03:19.104197+00:00', '--job-id', '99', '--pool', 'default_pool', '--raw', '--subdir', 'DAGS_FOLDER/writefile.py', '--cfg-path', '/tmp/tmp5ca8ibrw', '--error-file', '/tmp/tmptvjxt179']
[2021-09-03 05:03:20,532] {standard_task_runner.py:77} INFO - Job 99: Subtask writefile
[2021-09-03 05:03:20,570] {logging_mixin.py:109} INFO - Running <TaskInstance: name_writefile.writefile 2021-09-03T05:03:19.104197+00:00 [running]> on host c228f774a41f
[2021-09-03 05:03:20,618] {taskinstance.py:1251} INFO - Exporting the following env vars:
AIRFLOW_CTX_DAG_OWNER=airflow
AIRFLOW_CTX_DAG_ID=name_writefile
AIRFLOW_CTX_TASK_ID=writefile
AIRFLOW_CTX_EXECUTION_DATE=2021-09-03T05:03:19.104197+00:00
AIRFLOW_CTX_DAG_RUN_ID=manual__2021-09-03T05:03:19.104197+00:00
[2021-09-03 05:03:20,619] {logging_mixin.py:109} INFO - Done Writing
[2021-09-03 05:03:20,619] {logging_mixin.py:109} INFO - /usr/local/airflow
[2021-09-03 05:03:20,619] {python.py:151} INFO - Done. Returned value was: None
[2021-09-03 05:03:20,630] {taskinstance.py:1211} INFO - Marking task as SUCCESS. dag_id=name_writefile, task_id=writefile, execution_date=20210903T050319, start_date=20210903T050320, end_date=20210903T050320
[2021-09-03 05:03:20,661] {local_task_job.py:151} INFO - Task exited with return code 0
[2021-09-03 05:03:20,690] {local_task_job.py:261} INFO - 1 downstream tasks scheduled from follow-on schedule check
