[2021-09-06 04:24:23,831] {processor.py:162} INFO - Started process (PID=196) to work on /usr/local/airflow/dags/airflow-log-cleanup-pwdless-ssh.py
[2021-09-06 04:24:23,832] {processor.py:613} INFO - Processing file /usr/local/airflow/dags/airflow-log-cleanup-pwdless-ssh.py for tasks to queue
[2021-09-06 04:24:23,832] {logging_mixin.py:109} INFO - [2021-09-06 04:24:23,832] {dagbag.py:496} INFO - Filling up the DagBag from /usr/local/airflow/dags/airflow-log-cleanup-pwdless-ssh.py
[2021-09-06 04:24:23,837] {logging_mixin.py:109} INFO - [2021-09-06 04:24:23,837] {configuration.py:365} WARNING - section/key [core/base_log_folder] not found in config
[2021-09-06 04:24:23,882] {logging_mixin.py:109} INFO - [2021-09-06 04:24:23,882] {airflow-log-cleanup-pwdless-ssh.py:49} INFO - ENABLE_DELETE_CHILD_LOG  True
[2021-09-06 04:24:23,887] {processor.py:623} INFO - DAG(s) dict_keys(['airflow-log-cleanup-pwdless-ssh']) retrieved from /usr/local/airflow/dags/airflow-log-cleanup-pwdless-ssh.py
[2021-09-06 04:24:23,891] {logging_mixin.py:109} INFO - [2021-09-06 04:24:23,891] {dag.py:1833} INFO - Sync 1 DAGs
[2021-09-06 04:24:23,900] {logging_mixin.py:109} INFO - [2021-09-06 04:24:23,900] {dag.py:2306} INFO - Setting next_dagrun for airflow-log-cleanup-pwdless-ssh to 2021-09-05 00:00:00+00:00
[2021-09-06 04:24:23,909] {processor.py:170} INFO - Processing /usr/local/airflow/dags/airflow-log-cleanup-pwdless-ssh.py took 0.080 seconds
[2021-09-06 04:24:54,418] {processor.py:162} INFO - Started process (PID=312) to work on /usr/local/airflow/dags/airflow-log-cleanup-pwdless-ssh.py
[2021-09-06 04:24:54,419] {processor.py:613} INFO - Processing file /usr/local/airflow/dags/airflow-log-cleanup-pwdless-ssh.py for tasks to queue
[2021-09-06 04:24:54,419] {logging_mixin.py:109} INFO - [2021-09-06 04:24:54,419] {dagbag.py:496} INFO - Filling up the DagBag from /usr/local/airflow/dags/airflow-log-cleanup-pwdless-ssh.py
[2021-09-06 04:24:54,422] {logging_mixin.py:109} INFO - [2021-09-06 04:24:54,422] {configuration.py:365} WARNING - section/key [core/base_log_folder] not found in config
[2021-09-06 04:24:54,467] {logging_mixin.py:109} INFO - [2021-09-06 04:24:54,467] {airflow-log-cleanup-pwdless-ssh.py:49} INFO - ENABLE_DELETE_CHILD_LOG  True
[2021-09-06 04:24:54,471] {processor.py:623} INFO - DAG(s) dict_keys(['airflow-log-cleanup-pwdless-ssh']) retrieved from /usr/local/airflow/dags/airflow-log-cleanup-pwdless-ssh.py
[2021-09-06 04:24:54,477] {logging_mixin.py:109} INFO - [2021-09-06 04:24:54,477] {dag.py:1833} INFO - Sync 1 DAGs
[2021-09-06 04:24:54,486] {logging_mixin.py:109} INFO - [2021-09-06 04:24:54,485] {dag.py:2306} INFO - Setting next_dagrun for airflow-log-cleanup-pwdless-ssh to 2021-09-05 00:00:00+00:00
[2021-09-06 04:24:54,493] {processor.py:170} INFO - Processing /usr/local/airflow/dags/airflow-log-cleanup-pwdless-ssh.py took 0.076 seconds
[2021-09-06 04:25:25,083] {processor.py:162} INFO - Started process (PID=378) to work on /usr/local/airflow/dags/airflow-log-cleanup-pwdless-ssh.py
[2021-09-06 04:25:25,084] {processor.py:613} INFO - Processing file /usr/local/airflow/dags/airflow-log-cleanup-pwdless-ssh.py for tasks to queue
[2021-09-06 04:25:25,084] {logging_mixin.py:109} INFO - [2021-09-06 04:25:25,084] {dagbag.py:496} INFO - Filling up the DagBag from /usr/local/airflow/dags/airflow-log-cleanup-pwdless-ssh.py
[2021-09-06 04:25:25,089] {logging_mixin.py:109} INFO - [2021-09-06 04:25:25,089] {configuration.py:365} WARNING - section/key [core/base_log_folder] not found in config
[2021-09-06 04:25:25,143] {logging_mixin.py:109} INFO - [2021-09-06 04:25:25,143] {airflow-log-cleanup-pwdless-ssh.py:49} INFO - ENABLE_DELETE_CHILD_LOG  True
[2021-09-06 04:25:25,147] {processor.py:623} INFO - DAG(s) dict_keys(['airflow-log-cleanup-pwdless-ssh']) retrieved from /usr/local/airflow/dags/airflow-log-cleanup-pwdless-ssh.py
[2021-09-06 04:25:25,153] {logging_mixin.py:109} INFO - [2021-09-06 04:25:25,153] {dag.py:1833} INFO - Sync 1 DAGs
[2021-09-06 04:25:25,161] {logging_mixin.py:109} INFO - [2021-09-06 04:25:25,161] {dag.py:2306} INFO - Setting next_dagrun for airflow-log-cleanup-pwdless-ssh to 2021-09-05 00:00:00+00:00
[2021-09-06 04:25:25,168] {processor.py:170} INFO - Processing /usr/local/airflow/dags/airflow-log-cleanup-pwdless-ssh.py took 0.087 seconds
[2021-09-06 04:25:55,761] {processor.py:162} INFO - Started process (PID=444) to work on /usr/local/airflow/dags/airflow-log-cleanup-pwdless-ssh.py
[2021-09-06 04:25:55,761] {processor.py:613} INFO - Processing file /usr/local/airflow/dags/airflow-log-cleanup-pwdless-ssh.py for tasks to queue
[2021-09-06 04:25:55,761] {logging_mixin.py:109} INFO - [2021-09-06 04:25:55,761] {dagbag.py:496} INFO - Filling up the DagBag from /usr/local/airflow/dags/airflow-log-cleanup-pwdless-ssh.py
[2021-09-06 04:25:55,765] {logging_mixin.py:109} INFO - [2021-09-06 04:25:55,765] {configuration.py:365} WARNING - section/key [core/base_log_folder] not found in config
[2021-09-06 04:25:55,805] {logging_mixin.py:109} INFO - [2021-09-06 04:25:55,805] {airflow-log-cleanup-pwdless-ssh.py:49} INFO - ENABLE_DELETE_CHILD_LOG  True
[2021-09-06 04:25:55,809] {processor.py:623} INFO - DAG(s) dict_keys(['airflow-log-cleanup-pwdless-ssh']) retrieved from /usr/local/airflow/dags/airflow-log-cleanup-pwdless-ssh.py
[2021-09-06 04:25:55,815] {logging_mixin.py:109} INFO - [2021-09-06 04:25:55,815] {dag.py:1833} INFO - Sync 1 DAGs
[2021-09-06 04:25:55,823] {logging_mixin.py:109} INFO - [2021-09-06 04:25:55,823] {dag.py:2306} INFO - Setting next_dagrun for airflow-log-cleanup-pwdless-ssh to 2021-09-05 00:00:00+00:00
[2021-09-06 04:25:55,830] {processor.py:170} INFO - Processing /usr/local/airflow/dags/airflow-log-cleanup-pwdless-ssh.py took 0.071 seconds
[2021-09-06 04:26:26,360] {processor.py:162} INFO - Started process (PID=510) to work on /usr/local/airflow/dags/airflow-log-cleanup-pwdless-ssh.py
[2021-09-06 04:26:26,360] {processor.py:613} INFO - Processing file /usr/local/airflow/dags/airflow-log-cleanup-pwdless-ssh.py for tasks to queue
[2021-09-06 04:26:26,361] {logging_mixin.py:109} INFO - [2021-09-06 04:26:26,361] {dagbag.py:496} INFO - Filling up the DagBag from /usr/local/airflow/dags/airflow-log-cleanup-pwdless-ssh.py
[2021-09-06 04:26:26,366] {logging_mixin.py:109} INFO - [2021-09-06 04:26:26,365] {configuration.py:365} WARNING - section/key [core/base_log_folder] not found in config
[2021-09-06 04:26:26,406] {logging_mixin.py:109} INFO - [2021-09-06 04:26:26,406] {airflow-log-cleanup-pwdless-ssh.py:49} INFO - ENABLE_DELETE_CHILD_LOG  True
[2021-09-06 04:26:26,410] {processor.py:623} INFO - DAG(s) dict_keys(['airflow-log-cleanup-pwdless-ssh']) retrieved from /usr/local/airflow/dags/airflow-log-cleanup-pwdless-ssh.py
[2021-09-06 04:26:26,415] {logging_mixin.py:109} INFO - [2021-09-06 04:26:26,415] {dag.py:1833} INFO - Sync 1 DAGs
[2021-09-06 04:26:26,423] {logging_mixin.py:109} INFO - [2021-09-06 04:26:26,423] {dag.py:2306} INFO - Setting next_dagrun for airflow-log-cleanup-pwdless-ssh to 2021-09-05 00:00:00+00:00
[2021-09-06 04:26:26,430] {processor.py:170} INFO - Processing /usr/local/airflow/dags/airflow-log-cleanup-pwdless-ssh.py took 0.072 seconds
[2021-09-06 04:26:56,994] {processor.py:162} INFO - Started process (PID=574) to work on /usr/local/airflow/dags/airflow-log-cleanup-pwdless-ssh.py
[2021-09-06 04:26:56,995] {processor.py:613} INFO - Processing file /usr/local/airflow/dags/airflow-log-cleanup-pwdless-ssh.py for tasks to queue
[2021-09-06 04:26:56,996] {logging_mixin.py:109} INFO - [2021-09-06 04:26:56,996] {dagbag.py:496} INFO - Filling up the DagBag from /usr/local/airflow/dags/airflow-log-cleanup-pwdless-ssh.py
[2021-09-06 04:26:57,002] {logging_mixin.py:109} INFO - [2021-09-06 04:26:57,002] {configuration.py:365} WARNING - section/key [core/base_log_folder] not found in config
[2021-09-06 04:26:57,049] {logging_mixin.py:109} INFO - [2021-09-06 04:26:57,049] {airflow-log-cleanup-pwdless-ssh.py:49} INFO - ENABLE_DELETE_CHILD_LOG  True
[2021-09-06 04:26:57,053] {processor.py:623} INFO - DAG(s) dict_keys(['airflow-log-cleanup-pwdless-ssh']) retrieved from /usr/local/airflow/dags/airflow-log-cleanup-pwdless-ssh.py
[2021-09-06 04:26:57,059] {logging_mixin.py:109} INFO - [2021-09-06 04:26:57,059] {dag.py:1833} INFO - Sync 1 DAGs
[2021-09-06 04:26:57,067] {logging_mixin.py:109} INFO - [2021-09-06 04:26:57,067] {dag.py:2306} INFO - Setting next_dagrun for airflow-log-cleanup-pwdless-ssh to 2021-09-05 00:00:00+00:00
[2021-09-06 04:26:57,073] {processor.py:170} INFO - Processing /usr/local/airflow/dags/airflow-log-cleanup-pwdless-ssh.py took 0.082 seconds
[2021-09-06 04:27:27,607] {processor.py:162} INFO - Started process (PID=642) to work on /usr/local/airflow/dags/airflow-log-cleanup-pwdless-ssh.py
[2021-09-06 04:27:27,607] {processor.py:613} INFO - Processing file /usr/local/airflow/dags/airflow-log-cleanup-pwdless-ssh.py for tasks to queue
[2021-09-06 04:27:27,608] {logging_mixin.py:109} INFO - [2021-09-06 04:27:27,608] {dagbag.py:496} INFO - Filling up the DagBag from /usr/local/airflow/dags/airflow-log-cleanup-pwdless-ssh.py
[2021-09-06 04:27:27,611] {logging_mixin.py:109} INFO - [2021-09-06 04:27:27,611] {configuration.py:365} WARNING - section/key [core/base_log_folder] not found in config
[2021-09-06 04:27:27,665] {logging_mixin.py:109} INFO - [2021-09-06 04:27:27,665] {airflow-log-cleanup-pwdless-ssh.py:49} INFO - ENABLE_DELETE_CHILD_LOG  True
[2021-09-06 04:27:27,669] {processor.py:623} INFO - DAG(s) dict_keys(['airflow-log-cleanup-pwdless-ssh']) retrieved from /usr/local/airflow/dags/airflow-log-cleanup-pwdless-ssh.py
[2021-09-06 04:27:27,676] {logging_mixin.py:109} INFO - [2021-09-06 04:27:27,675] {dag.py:1833} INFO - Sync 1 DAGs
[2021-09-06 04:27:27,684] {logging_mixin.py:109} INFO - [2021-09-06 04:27:27,684] {dag.py:2306} INFO - Setting next_dagrun for airflow-log-cleanup-pwdless-ssh to 2021-09-05 00:00:00+00:00
[2021-09-06 04:27:27,691] {processor.py:170} INFO - Processing /usr/local/airflow/dags/airflow-log-cleanup-pwdless-ssh.py took 0.086 seconds
[2021-09-06 04:27:58,259] {processor.py:162} INFO - Started process (PID=708) to work on /usr/local/airflow/dags/airflow-log-cleanup-pwdless-ssh.py
[2021-09-06 04:27:58,259] {processor.py:613} INFO - Processing file /usr/local/airflow/dags/airflow-log-cleanup-pwdless-ssh.py for tasks to queue
[2021-09-06 04:27:58,260] {logging_mixin.py:109} INFO - [2021-09-06 04:27:58,260] {dagbag.py:496} INFO - Filling up the DagBag from /usr/local/airflow/dags/airflow-log-cleanup-pwdless-ssh.py
[2021-09-06 04:27:58,263] {logging_mixin.py:109} INFO - [2021-09-06 04:27:58,263] {configuration.py:365} WARNING - section/key [core/base_log_folder] not found in config
[2021-09-06 04:27:58,303] {logging_mixin.py:109} INFO - [2021-09-06 04:27:58,303] {airflow-log-cleanup-pwdless-ssh.py:49} INFO - ENABLE_DELETE_CHILD_LOG  True
[2021-09-06 04:27:58,307] {processor.py:623} INFO - DAG(s) dict_keys(['airflow-log-cleanup-pwdless-ssh']) retrieved from /usr/local/airflow/dags/airflow-log-cleanup-pwdless-ssh.py
[2021-09-06 04:27:58,313] {logging_mixin.py:109} INFO - [2021-09-06 04:27:58,313] {dag.py:1833} INFO - Sync 1 DAGs
[2021-09-06 04:27:58,321] {logging_mixin.py:109} INFO - [2021-09-06 04:27:58,321] {dag.py:2306} INFO - Setting next_dagrun for airflow-log-cleanup-pwdless-ssh to 2021-09-05 00:00:00+00:00
[2021-09-06 04:27:58,328] {processor.py:170} INFO - Processing /usr/local/airflow/dags/airflow-log-cleanup-pwdless-ssh.py took 0.071 seconds
[2021-09-06 04:28:28,880] {processor.py:162} INFO - Started process (PID=775) to work on /usr/local/airflow/dags/airflow-log-cleanup-pwdless-ssh.py
[2021-09-06 04:28:28,881] {processor.py:613} INFO - Processing file /usr/local/airflow/dags/airflow-log-cleanup-pwdless-ssh.py for tasks to queue
[2021-09-06 04:28:28,881] {logging_mixin.py:109} INFO - [2021-09-06 04:28:28,881] {dagbag.py:496} INFO - Filling up the DagBag from /usr/local/airflow/dags/airflow-log-cleanup-pwdless-ssh.py
[2021-09-06 04:28:28,885] {logging_mixin.py:109} INFO - [2021-09-06 04:28:28,885] {configuration.py:365} WARNING - section/key [core/base_log_folder] not found in config
[2021-09-06 04:28:28,931] {logging_mixin.py:109} INFO - [2021-09-06 04:28:28,931] {airflow-log-cleanup-pwdless-ssh.py:49} INFO - ENABLE_DELETE_CHILD_LOG  True
[2021-09-06 04:28:28,934] {processor.py:623} INFO - DAG(s) dict_keys(['airflow-log-cleanup-pwdless-ssh']) retrieved from /usr/local/airflow/dags/airflow-log-cleanup-pwdless-ssh.py
[2021-09-06 04:28:28,941] {logging_mixin.py:109} INFO - [2021-09-06 04:28:28,940] {dag.py:1833} INFO - Sync 1 DAGs
[2021-09-06 04:28:28,948] {logging_mixin.py:109} INFO - [2021-09-06 04:28:28,948] {dag.py:2306} INFO - Setting next_dagrun for airflow-log-cleanup-pwdless-ssh to 2021-09-05 00:00:00+00:00
[2021-09-06 04:28:28,955] {processor.py:170} INFO - Processing /usr/local/airflow/dags/airflow-log-cleanup-pwdless-ssh.py took 0.076 seconds
[2021-09-06 04:28:59,501] {processor.py:162} INFO - Started process (PID=839) to work on /usr/local/airflow/dags/airflow-log-cleanup-pwdless-ssh.py
[2021-09-06 04:28:59,502] {processor.py:613} INFO - Processing file /usr/local/airflow/dags/airflow-log-cleanup-pwdless-ssh.py for tasks to queue
[2021-09-06 04:28:59,502] {logging_mixin.py:109} INFO - [2021-09-06 04:28:59,502] {dagbag.py:496} INFO - Filling up the DagBag from /usr/local/airflow/dags/airflow-log-cleanup-pwdless-ssh.py
[2021-09-06 04:28:59,506] {logging_mixin.py:109} INFO - [2021-09-06 04:28:59,506] {configuration.py:365} WARNING - section/key [core/base_log_folder] not found in config
[2021-09-06 04:28:59,563] {logging_mixin.py:109} INFO - [2021-09-06 04:28:59,563] {airflow-log-cleanup-pwdless-ssh.py:49} INFO - ENABLE_DELETE_CHILD_LOG  True
[2021-09-06 04:28:59,567] {processor.py:623} INFO - DAG(s) dict_keys(['airflow-log-cleanup-pwdless-ssh']) retrieved from /usr/local/airflow/dags/airflow-log-cleanup-pwdless-ssh.py
[2021-09-06 04:28:59,573] {logging_mixin.py:109} INFO - [2021-09-06 04:28:59,573] {dag.py:1833} INFO - Sync 1 DAGs
[2021-09-06 04:28:59,584] {logging_mixin.py:109} INFO - [2021-09-06 04:28:59,583] {dag.py:2306} INFO - Setting next_dagrun for airflow-log-cleanup-pwdless-ssh to 2021-09-05 00:00:00+00:00
[2021-09-06 04:28:59,590] {processor.py:170} INFO - Processing /usr/local/airflow/dags/airflow-log-cleanup-pwdless-ssh.py took 0.092 seconds
[2021-09-06 04:29:30,219] {processor.py:162} INFO - Started process (PID=905) to work on /usr/local/airflow/dags/airflow-log-cleanup-pwdless-ssh.py
[2021-09-06 04:29:30,219] {processor.py:613} INFO - Processing file /usr/local/airflow/dags/airflow-log-cleanup-pwdless-ssh.py for tasks to queue
[2021-09-06 04:29:30,219] {logging_mixin.py:109} INFO - [2021-09-06 04:29:30,219] {dagbag.py:496} INFO - Filling up the DagBag from /usr/local/airflow/dags/airflow-log-cleanup-pwdless-ssh.py
[2021-09-06 04:29:30,223] {logging_mixin.py:109} INFO - [2021-09-06 04:29:30,223] {configuration.py:365} WARNING - section/key [core/base_log_folder] not found in config
[2021-09-06 04:29:30,263] {logging_mixin.py:109} INFO - [2021-09-06 04:29:30,263] {airflow-log-cleanup-pwdless-ssh.py:49} INFO - ENABLE_DELETE_CHILD_LOG  True
[2021-09-06 04:29:30,267] {processor.py:623} INFO - DAG(s) dict_keys(['airflow-log-cleanup-pwdless-ssh']) retrieved from /usr/local/airflow/dags/airflow-log-cleanup-pwdless-ssh.py
[2021-09-06 04:29:30,273] {logging_mixin.py:109} INFO - [2021-09-06 04:29:30,273] {dag.py:1833} INFO - Sync 1 DAGs
[2021-09-06 04:29:30,282] {logging_mixin.py:109} INFO - [2021-09-06 04:29:30,282] {dag.py:2306} INFO - Setting next_dagrun for airflow-log-cleanup-pwdless-ssh to 2021-09-05 00:00:00+00:00
[2021-09-06 04:29:30,288] {processor.py:170} INFO - Processing /usr/local/airflow/dags/airflow-log-cleanup-pwdless-ssh.py took 0.071 seconds
[2021-09-06 04:30:00,845] {processor.py:162} INFO - Started process (PID=971) to work on /usr/local/airflow/dags/airflow-log-cleanup-pwdless-ssh.py
[2021-09-06 04:30:00,846] {processor.py:613} INFO - Processing file /usr/local/airflow/dags/airflow-log-cleanup-pwdless-ssh.py for tasks to queue
[2021-09-06 04:30:00,846] {logging_mixin.py:109} INFO - [2021-09-06 04:30:00,846] {dagbag.py:496} INFO - Filling up the DagBag from /usr/local/airflow/dags/airflow-log-cleanup-pwdless-ssh.py
[2021-09-06 04:30:00,851] {logging_mixin.py:109} INFO - [2021-09-06 04:30:00,851] {configuration.py:365} WARNING - section/key [core/base_log_folder] not found in config
[2021-09-06 04:30:00,901] {logging_mixin.py:109} INFO - [2021-09-06 04:30:00,901] {airflow-log-cleanup-pwdless-ssh.py:49} INFO - ENABLE_DELETE_CHILD_LOG  True
[2021-09-06 04:30:00,905] {processor.py:623} INFO - DAG(s) dict_keys(['airflow-log-cleanup-pwdless-ssh']) retrieved from /usr/local/airflow/dags/airflow-log-cleanup-pwdless-ssh.py
[2021-09-06 04:30:00,913] {logging_mixin.py:109} INFO - [2021-09-06 04:30:00,913] {dag.py:1833} INFO - Sync 1 DAGs
[2021-09-06 04:30:00,922] {logging_mixin.py:109} INFO - [2021-09-06 04:30:00,922] {dag.py:2306} INFO - Setting next_dagrun for airflow-log-cleanup-pwdless-ssh to 2021-09-05 00:00:00+00:00
[2021-09-06 04:30:00,930] {processor.py:170} INFO - Processing /usr/local/airflow/dags/airflow-log-cleanup-pwdless-ssh.py took 0.089 seconds
[2021-09-06 04:30:31,606] {processor.py:162} INFO - Started process (PID=1037) to work on /usr/local/airflow/dags/airflow-log-cleanup-pwdless-ssh.py
[2021-09-06 04:30:31,606] {processor.py:613} INFO - Processing file /usr/local/airflow/dags/airflow-log-cleanup-pwdless-ssh.py for tasks to queue
[2021-09-06 04:30:31,607] {logging_mixin.py:109} INFO - [2021-09-06 04:30:31,607] {dagbag.py:496} INFO - Filling up the DagBag from /usr/local/airflow/dags/airflow-log-cleanup-pwdless-ssh.py
[2021-09-06 04:30:31,613] {logging_mixin.py:109} INFO - [2021-09-06 04:30:31,612] {configuration.py:365} WARNING - section/key [core/base_log_folder] not found in config
[2021-09-06 04:30:31,671] {logging_mixin.py:109} INFO - [2021-09-06 04:30:31,671] {airflow-log-cleanup-pwdless-ssh.py:49} INFO - ENABLE_DELETE_CHILD_LOG  True
[2021-09-06 04:30:31,677] {processor.py:623} INFO - DAG(s) dict_keys(['airflow-log-cleanup-pwdless-ssh']) retrieved from /usr/local/airflow/dags/airflow-log-cleanup-pwdless-ssh.py
[2021-09-06 04:30:31,684] {logging_mixin.py:109} INFO - [2021-09-06 04:30:31,684] {dag.py:1833} INFO - Sync 1 DAGs
[2021-09-06 04:30:31,696] {logging_mixin.py:109} INFO - [2021-09-06 04:30:31,695] {dag.py:2306} INFO - Setting next_dagrun for airflow-log-cleanup-pwdless-ssh to 2021-09-05 00:00:00+00:00
[2021-09-06 04:30:31,703] {processor.py:170} INFO - Processing /usr/local/airflow/dags/airflow-log-cleanup-pwdless-ssh.py took 0.100 seconds
[2021-09-06 04:31:02,260] {processor.py:162} INFO - Started process (PID=1103) to work on /usr/local/airflow/dags/airflow-log-cleanup-pwdless-ssh.py
[2021-09-06 04:31:02,261] {processor.py:613} INFO - Processing file /usr/local/airflow/dags/airflow-log-cleanup-pwdless-ssh.py for tasks to queue
[2021-09-06 04:31:02,261] {logging_mixin.py:109} INFO - [2021-09-06 04:31:02,261] {dagbag.py:496} INFO - Filling up the DagBag from /usr/local/airflow/dags/airflow-log-cleanup-pwdless-ssh.py
[2021-09-06 04:31:02,265] {logging_mixin.py:109} INFO - [2021-09-06 04:31:02,265] {configuration.py:365} WARNING - section/key [core/base_log_folder] not found in config
[2021-09-06 04:31:02,309] {logging_mixin.py:109} INFO - [2021-09-06 04:31:02,309] {airflow-log-cleanup-pwdless-ssh.py:49} INFO - ENABLE_DELETE_CHILD_LOG  True
[2021-09-06 04:31:02,314] {processor.py:623} INFO - DAG(s) dict_keys(['airflow-log-cleanup-pwdless-ssh']) retrieved from /usr/local/airflow/dags/airflow-log-cleanup-pwdless-ssh.py
[2021-09-06 04:31:02,323] {logging_mixin.py:109} INFO - [2021-09-06 04:31:02,323] {dag.py:1833} INFO - Sync 1 DAGs
[2021-09-06 04:31:02,335] {logging_mixin.py:109} INFO - [2021-09-06 04:31:02,335] {dag.py:2306} INFO - Setting next_dagrun for airflow-log-cleanup-pwdless-ssh to 2021-09-05 00:00:00+00:00
[2021-09-06 04:31:02,344] {processor.py:170} INFO - Processing /usr/local/airflow/dags/airflow-log-cleanup-pwdless-ssh.py took 0.086 seconds
[2021-09-06 04:31:32,982] {processor.py:162} INFO - Started process (PID=1169) to work on /usr/local/airflow/dags/airflow-log-cleanup-pwdless-ssh.py
[2021-09-06 04:31:32,982] {processor.py:613} INFO - Processing file /usr/local/airflow/dags/airflow-log-cleanup-pwdless-ssh.py for tasks to queue
[2021-09-06 04:31:32,983] {logging_mixin.py:109} INFO - [2021-09-06 04:31:32,983] {dagbag.py:496} INFO - Filling up the DagBag from /usr/local/airflow/dags/airflow-log-cleanup-pwdless-ssh.py
[2021-09-06 04:31:32,987] {logging_mixin.py:109} INFO - [2021-09-06 04:31:32,987] {configuration.py:365} WARNING - section/key [core/base_log_folder] not found in config
[2021-09-06 04:31:33,037] {logging_mixin.py:109} INFO - [2021-09-06 04:31:33,037] {airflow-log-cleanup-pwdless-ssh.py:49} INFO - ENABLE_DELETE_CHILD_LOG  True
[2021-09-06 04:31:33,041] {processor.py:623} INFO - DAG(s) dict_keys(['airflow-log-cleanup-pwdless-ssh']) retrieved from /usr/local/airflow/dags/airflow-log-cleanup-pwdless-ssh.py
[2021-09-06 04:31:33,047] {logging_mixin.py:109} INFO - [2021-09-06 04:31:33,047] {dag.py:1833} INFO - Sync 1 DAGs
[2021-09-06 04:31:33,055] {logging_mixin.py:109} INFO - [2021-09-06 04:31:33,055] {dag.py:2306} INFO - Setting next_dagrun for airflow-log-cleanup-pwdless-ssh to 2021-09-05 00:00:00+00:00
[2021-09-06 04:31:33,061] {processor.py:170} INFO - Processing /usr/local/airflow/dags/airflow-log-cleanup-pwdless-ssh.py took 0.081 seconds
[2021-09-06 04:32:03,645] {processor.py:162} INFO - Started process (PID=1235) to work on /usr/local/airflow/dags/airflow-log-cleanup-pwdless-ssh.py
[2021-09-06 04:32:03,646] {processor.py:613} INFO - Processing file /usr/local/airflow/dags/airflow-log-cleanup-pwdless-ssh.py for tasks to queue
[2021-09-06 04:32:03,647] {logging_mixin.py:109} INFO - [2021-09-06 04:32:03,647] {dagbag.py:496} INFO - Filling up the DagBag from /usr/local/airflow/dags/airflow-log-cleanup-pwdless-ssh.py
[2021-09-06 04:32:03,650] {logging_mixin.py:109} INFO - [2021-09-06 04:32:03,650] {configuration.py:365} WARNING - section/key [core/base_log_folder] not found in config
[2021-09-06 04:32:03,694] {logging_mixin.py:109} INFO - [2021-09-06 04:32:03,694] {airflow-log-cleanup-pwdless-ssh.py:49} INFO - ENABLE_DELETE_CHILD_LOG  True
[2021-09-06 04:32:03,698] {processor.py:623} INFO - DAG(s) dict_keys(['airflow-log-cleanup-pwdless-ssh']) retrieved from /usr/local/airflow/dags/airflow-log-cleanup-pwdless-ssh.py
[2021-09-06 04:32:03,705] {logging_mixin.py:109} INFO - [2021-09-06 04:32:03,705] {dag.py:1833} INFO - Sync 1 DAGs
[2021-09-06 04:32:03,714] {logging_mixin.py:109} INFO - [2021-09-06 04:32:03,714] {dag.py:2306} INFO - Setting next_dagrun for airflow-log-cleanup-pwdless-ssh to 2021-09-05 00:00:00+00:00
[2021-09-06 04:32:03,721] {processor.py:170} INFO - Processing /usr/local/airflow/dags/airflow-log-cleanup-pwdless-ssh.py took 0.078 seconds
[2021-09-06 04:32:34,338] {processor.py:162} INFO - Started process (PID=1301) to work on /usr/local/airflow/dags/airflow-log-cleanup-pwdless-ssh.py
[2021-09-06 04:32:34,338] {processor.py:613} INFO - Processing file /usr/local/airflow/dags/airflow-log-cleanup-pwdless-ssh.py for tasks to queue
[2021-09-06 04:32:34,339] {logging_mixin.py:109} INFO - [2021-09-06 04:32:34,339] {dagbag.py:496} INFO - Filling up the DagBag from /usr/local/airflow/dags/airflow-log-cleanup-pwdless-ssh.py
[2021-09-06 04:32:34,343] {logging_mixin.py:109} INFO - [2021-09-06 04:32:34,342] {configuration.py:365} WARNING - section/key [core/base_log_folder] not found in config
[2021-09-06 04:32:34,389] {logging_mixin.py:109} INFO - [2021-09-06 04:32:34,389] {airflow-log-cleanup-pwdless-ssh.py:49} INFO - ENABLE_DELETE_CHILD_LOG  True
[2021-09-06 04:32:34,394] {processor.py:623} INFO - DAG(s) dict_keys(['airflow-log-cleanup-pwdless-ssh']) retrieved from /usr/local/airflow/dags/airflow-log-cleanup-pwdless-ssh.py
[2021-09-06 04:32:34,400] {logging_mixin.py:109} INFO - [2021-09-06 04:32:34,400] {dag.py:1833} INFO - Sync 1 DAGs
[2021-09-06 04:32:34,408] {logging_mixin.py:109} INFO - [2021-09-06 04:32:34,408] {dag.py:2306} INFO - Setting next_dagrun for airflow-log-cleanup-pwdless-ssh to 2021-09-05 00:00:00+00:00
[2021-09-06 04:32:34,414] {processor.py:170} INFO - Processing /usr/local/airflow/dags/airflow-log-cleanup-pwdless-ssh.py took 0.078 seconds
[2021-09-06 04:33:05,083] {processor.py:162} INFO - Started process (PID=1368) to work on /usr/local/airflow/dags/airflow-log-cleanup-pwdless-ssh.py
[2021-09-06 04:33:05,084] {processor.py:613} INFO - Processing file /usr/local/airflow/dags/airflow-log-cleanup-pwdless-ssh.py for tasks to queue
[2021-09-06 04:33:05,084] {logging_mixin.py:109} INFO - [2021-09-06 04:33:05,084] {dagbag.py:496} INFO - Filling up the DagBag from /usr/local/airflow/dags/airflow-log-cleanup-pwdless-ssh.py
[2021-09-06 04:33:05,088] {logging_mixin.py:109} INFO - [2021-09-06 04:33:05,088] {configuration.py:365} WARNING - section/key [core/base_log_folder] not found in config
[2021-09-06 04:33:05,130] {logging_mixin.py:109} INFO - [2021-09-06 04:33:05,130] {airflow-log-cleanup-pwdless-ssh.py:49} INFO - ENABLE_DELETE_CHILD_LOG  True
[2021-09-06 04:33:05,134] {processor.py:623} INFO - DAG(s) dict_keys(['airflow-log-cleanup-pwdless-ssh']) retrieved from /usr/local/airflow/dags/airflow-log-cleanup-pwdless-ssh.py
[2021-09-06 04:33:05,140] {logging_mixin.py:109} INFO - [2021-09-06 04:33:05,140] {dag.py:1833} INFO - Sync 1 DAGs
[2021-09-06 04:33:05,148] {logging_mixin.py:109} INFO - [2021-09-06 04:33:05,148] {dag.py:2306} INFO - Setting next_dagrun for airflow-log-cleanup-pwdless-ssh to 2021-09-05 00:00:00+00:00
[2021-09-06 04:33:05,154] {processor.py:170} INFO - Processing /usr/local/airflow/dags/airflow-log-cleanup-pwdless-ssh.py took 0.073 seconds
[2021-09-06 04:33:35,704] {processor.py:162} INFO - Started process (PID=1434) to work on /usr/local/airflow/dags/airflow-log-cleanup-pwdless-ssh.py
[2021-09-06 04:33:35,705] {processor.py:613} INFO - Processing file /usr/local/airflow/dags/airflow-log-cleanup-pwdless-ssh.py for tasks to queue
[2021-09-06 04:33:35,705] {logging_mixin.py:109} INFO - [2021-09-06 04:33:35,705] {dagbag.py:496} INFO - Filling up the DagBag from /usr/local/airflow/dags/airflow-log-cleanup-pwdless-ssh.py
[2021-09-06 04:33:35,710] {logging_mixin.py:109} INFO - [2021-09-06 04:33:35,710] {configuration.py:365} WARNING - section/key [core/base_log_folder] not found in config
[2021-09-06 04:33:35,756] {logging_mixin.py:109} INFO - [2021-09-06 04:33:35,756] {airflow-log-cleanup-pwdless-ssh.py:49} INFO - ENABLE_DELETE_CHILD_LOG  True
[2021-09-06 04:33:35,761] {processor.py:623} INFO - DAG(s) dict_keys(['airflow-log-cleanup-pwdless-ssh']) retrieved from /usr/local/airflow/dags/airflow-log-cleanup-pwdless-ssh.py
[2021-09-06 04:33:35,768] {logging_mixin.py:109} INFO - [2021-09-06 04:33:35,768] {dag.py:1833} INFO - Sync 1 DAGs
[2021-09-06 04:33:35,777] {logging_mixin.py:109} INFO - [2021-09-06 04:33:35,777] {dag.py:2306} INFO - Setting next_dagrun for airflow-log-cleanup-pwdless-ssh to 2021-09-05 00:00:00+00:00
[2021-09-06 04:33:35,787] {processor.py:170} INFO - Processing /usr/local/airflow/dags/airflow-log-cleanup-pwdless-ssh.py took 0.084 seconds
[2021-09-06 04:34:06,310] {processor.py:162} INFO - Started process (PID=1502) to work on /usr/local/airflow/dags/airflow-log-cleanup-pwdless-ssh.py
[2021-09-06 04:34:06,311] {processor.py:613} INFO - Processing file /usr/local/airflow/dags/airflow-log-cleanup-pwdless-ssh.py for tasks to queue
[2021-09-06 04:34:06,311] {logging_mixin.py:109} INFO - [2021-09-06 04:34:06,311] {dagbag.py:496} INFO - Filling up the DagBag from /usr/local/airflow/dags/airflow-log-cleanup-pwdless-ssh.py
[2021-09-06 04:34:06,315] {logging_mixin.py:109} INFO - [2021-09-06 04:34:06,315] {configuration.py:365} WARNING - section/key [core/base_log_folder] not found in config
[2021-09-06 04:34:06,354] {logging_mixin.py:109} INFO - [2021-09-06 04:34:06,354] {airflow-log-cleanup-pwdless-ssh.py:49} INFO - ENABLE_DELETE_CHILD_LOG  True
[2021-09-06 04:34:06,357] {processor.py:623} INFO - DAG(s) dict_keys(['airflow-log-cleanup-pwdless-ssh']) retrieved from /usr/local/airflow/dags/airflow-log-cleanup-pwdless-ssh.py
[2021-09-06 04:34:06,363] {logging_mixin.py:109} INFO - [2021-09-06 04:34:06,363] {dag.py:1833} INFO - Sync 1 DAGs
[2021-09-06 04:34:06,371] {logging_mixin.py:109} INFO - [2021-09-06 04:34:06,371] {dag.py:2306} INFO - Setting next_dagrun for airflow-log-cleanup-pwdless-ssh to 2021-09-05 00:00:00+00:00
[2021-09-06 04:34:06,377] {processor.py:170} INFO - Processing /usr/local/airflow/dags/airflow-log-cleanup-pwdless-ssh.py took 0.069 seconds
[2021-09-06 04:34:36,998] {processor.py:162} INFO - Started process (PID=1568) to work on /usr/local/airflow/dags/airflow-log-cleanup-pwdless-ssh.py
[2021-09-06 04:34:36,999] {processor.py:613} INFO - Processing file /usr/local/airflow/dags/airflow-log-cleanup-pwdless-ssh.py for tasks to queue
[2021-09-06 04:34:36,999] {logging_mixin.py:109} INFO - [2021-09-06 04:34:36,999] {dagbag.py:496} INFO - Filling up the DagBag from /usr/local/airflow/dags/airflow-log-cleanup-pwdless-ssh.py
[2021-09-06 04:34:37,003] {logging_mixin.py:109} INFO - [2021-09-06 04:34:37,002] {configuration.py:365} WARNING - section/key [core/base_log_folder] not found in config
[2021-09-06 04:34:37,043] {logging_mixin.py:109} INFO - [2021-09-06 04:34:37,043] {airflow-log-cleanup-pwdless-ssh.py:49} INFO - ENABLE_DELETE_CHILD_LOG  True
[2021-09-06 04:34:37,047] {processor.py:623} INFO - DAG(s) dict_keys(['airflow-log-cleanup-pwdless-ssh']) retrieved from /usr/local/airflow/dags/airflow-log-cleanup-pwdless-ssh.py
[2021-09-06 04:34:37,053] {logging_mixin.py:109} INFO - [2021-09-06 04:34:37,052] {dag.py:1833} INFO - Sync 1 DAGs
[2021-09-06 04:34:37,061] {logging_mixin.py:109} INFO - [2021-09-06 04:34:37,061] {dag.py:2306} INFO - Setting next_dagrun for airflow-log-cleanup-pwdless-ssh to 2021-09-05 00:00:00+00:00
[2021-09-06 04:34:37,067] {processor.py:170} INFO - Processing /usr/local/airflow/dags/airflow-log-cleanup-pwdless-ssh.py took 0.071 seconds
[2021-09-06 04:35:07,662] {processor.py:162} INFO - Started process (PID=1634) to work on /usr/local/airflow/dags/airflow-log-cleanup-pwdless-ssh.py
[2021-09-06 04:35:07,663] {processor.py:613} INFO - Processing file /usr/local/airflow/dags/airflow-log-cleanup-pwdless-ssh.py for tasks to queue
[2021-09-06 04:35:07,663] {logging_mixin.py:109} INFO - [2021-09-06 04:35:07,663] {dagbag.py:496} INFO - Filling up the DagBag from /usr/local/airflow/dags/airflow-log-cleanup-pwdless-ssh.py
[2021-09-06 04:35:07,667] {logging_mixin.py:109} INFO - [2021-09-06 04:35:07,667] {configuration.py:365} WARNING - section/key [core/base_log_folder] not found in config
[2021-09-06 04:35:07,710] {logging_mixin.py:109} INFO - [2021-09-06 04:35:07,710] {airflow-log-cleanup-pwdless-ssh.py:49} INFO - ENABLE_DELETE_CHILD_LOG  True
[2021-09-06 04:35:07,714] {processor.py:623} INFO - DAG(s) dict_keys(['airflow-log-cleanup-pwdless-ssh']) retrieved from /usr/local/airflow/dags/airflow-log-cleanup-pwdless-ssh.py
[2021-09-06 04:35:07,720] {logging_mixin.py:109} INFO - [2021-09-06 04:35:07,720] {dag.py:1833} INFO - Sync 1 DAGs
[2021-09-06 04:35:07,730] {logging_mixin.py:109} INFO - [2021-09-06 04:35:07,730] {dag.py:2306} INFO - Setting next_dagrun for airflow-log-cleanup-pwdless-ssh to 2021-09-05 00:00:00+00:00
[2021-09-06 04:35:07,737] {processor.py:170} INFO - Processing /usr/local/airflow/dags/airflow-log-cleanup-pwdless-ssh.py took 0.077 seconds
[2021-09-06 04:35:38,462] {processor.py:162} INFO - Started process (PID=1699) to work on /usr/local/airflow/dags/airflow-log-cleanup-pwdless-ssh.py
[2021-09-06 04:35:38,463] {processor.py:613} INFO - Processing file /usr/local/airflow/dags/airflow-log-cleanup-pwdless-ssh.py for tasks to queue
[2021-09-06 04:35:38,463] {logging_mixin.py:109} INFO - [2021-09-06 04:35:38,463] {dagbag.py:496} INFO - Filling up the DagBag from /usr/local/airflow/dags/airflow-log-cleanup-pwdless-ssh.py
[2021-09-06 04:35:38,468] {logging_mixin.py:109} INFO - [2021-09-06 04:35:38,468] {configuration.py:365} WARNING - section/key [core/base_log_folder] not found in config
[2021-09-06 04:35:38,520] {logging_mixin.py:109} INFO - [2021-09-06 04:35:38,520] {airflow-log-cleanup-pwdless-ssh.py:49} INFO - ENABLE_DELETE_CHILD_LOG  True
[2021-09-06 04:35:38,526] {processor.py:623} INFO - DAG(s) dict_keys(['airflow-log-cleanup-pwdless-ssh']) retrieved from /usr/local/airflow/dags/airflow-log-cleanup-pwdless-ssh.py
[2021-09-06 04:35:38,533] {logging_mixin.py:109} INFO - [2021-09-06 04:35:38,533] {dag.py:1833} INFO - Sync 1 DAGs
[2021-09-06 04:35:38,546] {logging_mixin.py:109} INFO - [2021-09-06 04:35:38,546] {dag.py:2306} INFO - Setting next_dagrun for airflow-log-cleanup-pwdless-ssh to 2021-09-05 00:00:00+00:00
[2021-09-06 04:35:38,555] {processor.py:170} INFO - Processing /usr/local/airflow/dags/airflow-log-cleanup-pwdless-ssh.py took 0.096 seconds
[2021-09-06 04:36:09,177] {processor.py:162} INFO - Started process (PID=1767) to work on /usr/local/airflow/dags/airflow-log-cleanup-pwdless-ssh.py
[2021-09-06 04:36:09,178] {processor.py:613} INFO - Processing file /usr/local/airflow/dags/airflow-log-cleanup-pwdless-ssh.py for tasks to queue
[2021-09-06 04:36:09,178] {logging_mixin.py:109} INFO - [2021-09-06 04:36:09,178] {dagbag.py:496} INFO - Filling up the DagBag from /usr/local/airflow/dags/airflow-log-cleanup-pwdless-ssh.py
[2021-09-06 04:36:09,182] {logging_mixin.py:109} INFO - [2021-09-06 04:36:09,182] {configuration.py:365} WARNING - section/key [core/base_log_folder] not found in config
[2021-09-06 04:36:09,224] {logging_mixin.py:109} INFO - [2021-09-06 04:36:09,223] {airflow-log-cleanup-pwdless-ssh.py:49} INFO - ENABLE_DELETE_CHILD_LOG  True
[2021-09-06 04:36:09,227] {processor.py:623} INFO - DAG(s) dict_keys(['airflow-log-cleanup-pwdless-ssh']) retrieved from /usr/local/airflow/dags/airflow-log-cleanup-pwdless-ssh.py
[2021-09-06 04:36:09,233] {logging_mixin.py:109} INFO - [2021-09-06 04:36:09,233] {dag.py:1833} INFO - Sync 1 DAGs
[2021-09-06 04:36:09,242] {logging_mixin.py:109} INFO - [2021-09-06 04:36:09,242] {dag.py:2306} INFO - Setting next_dagrun for airflow-log-cleanup-pwdless-ssh to 2021-09-05 00:00:00+00:00
[2021-09-06 04:36:09,252] {processor.py:170} INFO - Processing /usr/local/airflow/dags/airflow-log-cleanup-pwdless-ssh.py took 0.076 seconds
[2021-09-06 04:36:39,841] {processor.py:162} INFO - Started process (PID=1832) to work on /usr/local/airflow/dags/airflow-log-cleanup-pwdless-ssh.py
[2021-09-06 04:36:39,842] {processor.py:613} INFO - Processing file /usr/local/airflow/dags/airflow-log-cleanup-pwdless-ssh.py for tasks to queue
[2021-09-06 04:36:39,843] {logging_mixin.py:109} INFO - [2021-09-06 04:36:39,842] {dagbag.py:496} INFO - Filling up the DagBag from /usr/local/airflow/dags/airflow-log-cleanup-pwdless-ssh.py
[2021-09-06 04:36:39,846] {logging_mixin.py:109} INFO - [2021-09-06 04:36:39,846] {configuration.py:365} WARNING - section/key [core/base_log_folder] not found in config
[2021-09-06 04:36:39,886] {logging_mixin.py:109} INFO - [2021-09-06 04:36:39,886] {airflow-log-cleanup-pwdless-ssh.py:49} INFO - ENABLE_DELETE_CHILD_LOG  True
[2021-09-06 04:36:39,890] {processor.py:623} INFO - DAG(s) dict_keys(['airflow-log-cleanup-pwdless-ssh']) retrieved from /usr/local/airflow/dags/airflow-log-cleanup-pwdless-ssh.py
[2021-09-06 04:36:39,896] {logging_mixin.py:109} INFO - [2021-09-06 04:36:39,896] {dag.py:1833} INFO - Sync 1 DAGs
[2021-09-06 04:36:39,905] {logging_mixin.py:109} INFO - [2021-09-06 04:36:39,905] {dag.py:2306} INFO - Setting next_dagrun for airflow-log-cleanup-pwdless-ssh to 2021-09-05 00:00:00+00:00
[2021-09-06 04:36:39,911] {processor.py:170} INFO - Processing /usr/local/airflow/dags/airflow-log-cleanup-pwdless-ssh.py took 0.073 seconds
[2021-09-06 04:37:10,445] {processor.py:162} INFO - Started process (PID=1898) to work on /usr/local/airflow/dags/airflow-log-cleanup-pwdless-ssh.py
[2021-09-06 04:37:10,446] {processor.py:613} INFO - Processing file /usr/local/airflow/dags/airflow-log-cleanup-pwdless-ssh.py for tasks to queue
[2021-09-06 04:37:10,446] {logging_mixin.py:109} INFO - [2021-09-06 04:37:10,446] {dagbag.py:496} INFO - Filling up the DagBag from /usr/local/airflow/dags/airflow-log-cleanup-pwdless-ssh.py
[2021-09-06 04:37:10,450] {logging_mixin.py:109} INFO - [2021-09-06 04:37:10,450] {configuration.py:365} WARNING - section/key [core/base_log_folder] not found in config
[2021-09-06 04:37:10,493] {logging_mixin.py:109} INFO - [2021-09-06 04:37:10,493] {airflow-log-cleanup-pwdless-ssh.py:49} INFO - ENABLE_DELETE_CHILD_LOG  True
[2021-09-06 04:37:10,497] {processor.py:623} INFO - DAG(s) dict_keys(['airflow-log-cleanup-pwdless-ssh']) retrieved from /usr/local/airflow/dags/airflow-log-cleanup-pwdless-ssh.py
[2021-09-06 04:37:10,504] {logging_mixin.py:109} INFO - [2021-09-06 04:37:10,504] {dag.py:1833} INFO - Sync 1 DAGs
[2021-09-06 04:37:10,513] {logging_mixin.py:109} INFO - [2021-09-06 04:37:10,513] {dag.py:2306} INFO - Setting next_dagrun for airflow-log-cleanup-pwdless-ssh to 2021-09-05 00:00:00+00:00
[2021-09-06 04:37:10,520] {processor.py:170} INFO - Processing /usr/local/airflow/dags/airflow-log-cleanup-pwdless-ssh.py took 0.077 seconds
[2021-09-06 04:37:41,066] {processor.py:162} INFO - Started process (PID=1966) to work on /usr/local/airflow/dags/airflow-log-cleanup-pwdless-ssh.py
[2021-09-06 04:37:41,067] {processor.py:613} INFO - Processing file /usr/local/airflow/dags/airflow-log-cleanup-pwdless-ssh.py for tasks to queue
[2021-09-06 04:37:41,067] {logging_mixin.py:109} INFO - [2021-09-06 04:37:41,067] {dagbag.py:496} INFO - Filling up the DagBag from /usr/local/airflow/dags/airflow-log-cleanup-pwdless-ssh.py
[2021-09-06 04:37:41,070] {logging_mixin.py:109} INFO - [2021-09-06 04:37:41,070] {configuration.py:365} WARNING - section/key [core/base_log_folder] not found in config
[2021-09-06 04:37:41,118] {logging_mixin.py:109} INFO - [2021-09-06 04:37:41,118] {airflow-log-cleanup-pwdless-ssh.py:49} INFO - ENABLE_DELETE_CHILD_LOG  True
[2021-09-06 04:37:41,122] {processor.py:623} INFO - DAG(s) dict_keys(['airflow-log-cleanup-pwdless-ssh']) retrieved from /usr/local/airflow/dags/airflow-log-cleanup-pwdless-ssh.py
[2021-09-06 04:37:41,128] {logging_mixin.py:109} INFO - [2021-09-06 04:37:41,128] {dag.py:1833} INFO - Sync 1 DAGs
[2021-09-06 04:37:41,135] {logging_mixin.py:109} INFO - [2021-09-06 04:37:41,135] {dag.py:2306} INFO - Setting next_dagrun for airflow-log-cleanup-pwdless-ssh to 2021-09-05 00:00:00+00:00
[2021-09-06 04:37:41,142] {processor.py:170} INFO - Processing /usr/local/airflow/dags/airflow-log-cleanup-pwdless-ssh.py took 0.078 seconds
[2021-09-06 04:38:11,750] {processor.py:162} INFO - Started process (PID=2032) to work on /usr/local/airflow/dags/airflow-log-cleanup-pwdless-ssh.py
[2021-09-06 04:38:11,750] {processor.py:613} INFO - Processing file /usr/local/airflow/dags/airflow-log-cleanup-pwdless-ssh.py for tasks to queue
[2021-09-06 04:38:11,751] {logging_mixin.py:109} INFO - [2021-09-06 04:38:11,751] {dagbag.py:496} INFO - Filling up the DagBag from /usr/local/airflow/dags/airflow-log-cleanup-pwdless-ssh.py
[2021-09-06 04:38:11,754] {logging_mixin.py:109} INFO - [2021-09-06 04:38:11,754] {configuration.py:365} WARNING - section/key [core/base_log_folder] not found in config
[2021-09-06 04:38:11,800] {logging_mixin.py:109} INFO - [2021-09-06 04:38:11,800] {airflow-log-cleanup-pwdless-ssh.py:49} INFO - ENABLE_DELETE_CHILD_LOG  True
[2021-09-06 04:38:11,804] {processor.py:623} INFO - DAG(s) dict_keys(['airflow-log-cleanup-pwdless-ssh']) retrieved from /usr/local/airflow/dags/airflow-log-cleanup-pwdless-ssh.py
[2021-09-06 04:38:11,810] {logging_mixin.py:109} INFO - [2021-09-06 04:38:11,810] {dag.py:1833} INFO - Sync 1 DAGs
[2021-09-06 04:38:11,818] {logging_mixin.py:109} INFO - [2021-09-06 04:38:11,818] {dag.py:2306} INFO - Setting next_dagrun for airflow-log-cleanup-pwdless-ssh to 2021-09-05 00:00:00+00:00
[2021-09-06 04:38:11,824] {processor.py:170} INFO - Processing /usr/local/airflow/dags/airflow-log-cleanup-pwdless-ssh.py took 0.076 seconds
[2021-09-06 04:38:42,426] {processor.py:162} INFO - Started process (PID=2098) to work on /usr/local/airflow/dags/airflow-log-cleanup-pwdless-ssh.py
[2021-09-06 04:38:42,427] {processor.py:613} INFO - Processing file /usr/local/airflow/dags/airflow-log-cleanup-pwdless-ssh.py for tasks to queue
[2021-09-06 04:38:42,427] {logging_mixin.py:109} INFO - [2021-09-06 04:38:42,427] {dagbag.py:496} INFO - Filling up the DagBag from /usr/local/airflow/dags/airflow-log-cleanup-pwdless-ssh.py
[2021-09-06 04:38:42,432] {logging_mixin.py:109} INFO - [2021-09-06 04:38:42,431] {configuration.py:365} WARNING - section/key [core/base_log_folder] not found in config
[2021-09-06 04:38:42,474] {logging_mixin.py:109} INFO - [2021-09-06 04:38:42,474] {airflow-log-cleanup-pwdless-ssh.py:49} INFO - ENABLE_DELETE_CHILD_LOG  True
[2021-09-06 04:38:42,478] {processor.py:623} INFO - DAG(s) dict_keys(['airflow-log-cleanup-pwdless-ssh']) retrieved from /usr/local/airflow/dags/airflow-log-cleanup-pwdless-ssh.py
[2021-09-06 04:38:42,486] {logging_mixin.py:109} INFO - [2021-09-06 04:38:42,486] {dag.py:1833} INFO - Sync 1 DAGs
[2021-09-06 04:38:42,496] {logging_mixin.py:109} INFO - [2021-09-06 04:38:42,496] {dag.py:2306} INFO - Setting next_dagrun for airflow-log-cleanup-pwdless-ssh to 2021-09-05 00:00:00+00:00
[2021-09-06 04:38:42,502] {processor.py:170} INFO - Processing /usr/local/airflow/dags/airflow-log-cleanup-pwdless-ssh.py took 0.078 seconds
[2021-09-06 04:39:13,044] {processor.py:162} INFO - Started process (PID=2162) to work on /usr/local/airflow/dags/airflow-log-cleanup-pwdless-ssh.py
[2021-09-06 04:39:13,044] {processor.py:613} INFO - Processing file /usr/local/airflow/dags/airflow-log-cleanup-pwdless-ssh.py for tasks to queue
[2021-09-06 04:39:13,045] {logging_mixin.py:109} INFO - [2021-09-06 04:39:13,045] {dagbag.py:496} INFO - Filling up the DagBag from /usr/local/airflow/dags/airflow-log-cleanup-pwdless-ssh.py
[2021-09-06 04:39:13,050] {logging_mixin.py:109} INFO - [2021-09-06 04:39:13,050] {configuration.py:365} WARNING - section/key [core/base_log_folder] not found in config
[2021-09-06 04:39:13,108] {logging_mixin.py:109} INFO - [2021-09-06 04:39:13,108] {airflow-log-cleanup-pwdless-ssh.py:49} INFO - ENABLE_DELETE_CHILD_LOG  True
[2021-09-06 04:39:13,112] {processor.py:623} INFO - DAG(s) dict_keys(['airflow-log-cleanup-pwdless-ssh']) retrieved from /usr/local/airflow/dags/airflow-log-cleanup-pwdless-ssh.py
[2021-09-06 04:39:13,119] {logging_mixin.py:109} INFO - [2021-09-06 04:39:13,119] {dag.py:1833} INFO - Sync 1 DAGs
[2021-09-06 04:39:13,129] {logging_mixin.py:109} INFO - [2021-09-06 04:39:13,129] {dag.py:2306} INFO - Setting next_dagrun for airflow-log-cleanup-pwdless-ssh to 2021-09-05 00:00:00+00:00
[2021-09-06 04:39:13,138] {processor.py:170} INFO - Processing /usr/local/airflow/dags/airflow-log-cleanup-pwdless-ssh.py took 0.096 seconds
[2021-09-06 04:39:43,732] {processor.py:162} INFO - Started process (PID=2228) to work on /usr/local/airflow/dags/airflow-log-cleanup-pwdless-ssh.py
[2021-09-06 04:39:43,732] {processor.py:613} INFO - Processing file /usr/local/airflow/dags/airflow-log-cleanup-pwdless-ssh.py for tasks to queue
[2021-09-06 04:39:43,733] {logging_mixin.py:109} INFO - [2021-09-06 04:39:43,733] {dagbag.py:496} INFO - Filling up the DagBag from /usr/local/airflow/dags/airflow-log-cleanup-pwdless-ssh.py
[2021-09-06 04:39:43,737] {logging_mixin.py:109} INFO - [2021-09-06 04:39:43,737] {configuration.py:365} WARNING - section/key [core/base_log_folder] not found in config
[2021-09-06 04:39:43,789] {logging_mixin.py:109} INFO - [2021-09-06 04:39:43,789] {airflow-log-cleanup-pwdless-ssh.py:49} INFO - ENABLE_DELETE_CHILD_LOG  True
[2021-09-06 04:39:43,793] {processor.py:623} INFO - DAG(s) dict_keys(['airflow-log-cleanup-pwdless-ssh']) retrieved from /usr/local/airflow/dags/airflow-log-cleanup-pwdless-ssh.py
[2021-09-06 04:39:43,800] {logging_mixin.py:109} INFO - [2021-09-06 04:39:43,800] {dag.py:1833} INFO - Sync 1 DAGs
[2021-09-06 04:39:43,810] {logging_mixin.py:109} INFO - [2021-09-06 04:39:43,809] {dag.py:2306} INFO - Setting next_dagrun for airflow-log-cleanup-pwdless-ssh to 2021-09-05 00:00:00+00:00
[2021-09-06 04:39:43,817] {processor.py:170} INFO - Processing /usr/local/airflow/dags/airflow-log-cleanup-pwdless-ssh.py took 0.087 seconds
[2021-09-06 04:40:14,452] {processor.py:162} INFO - Started process (PID=2296) to work on /usr/local/airflow/dags/airflow-log-cleanup-pwdless-ssh.py
[2021-09-06 04:40:14,453] {processor.py:613} INFO - Processing file /usr/local/airflow/dags/airflow-log-cleanup-pwdless-ssh.py for tasks to queue
[2021-09-06 04:40:14,453] {logging_mixin.py:109} INFO - [2021-09-06 04:40:14,453] {dagbag.py:496} INFO - Filling up the DagBag from /usr/local/airflow/dags/airflow-log-cleanup-pwdless-ssh.py
[2021-09-06 04:40:14,459] {logging_mixin.py:109} INFO - [2021-09-06 04:40:14,459] {configuration.py:365} WARNING - section/key [core/base_log_folder] not found in config
[2021-09-06 04:40:14,511] {logging_mixin.py:109} INFO - [2021-09-06 04:40:14,511] {airflow-log-cleanup-pwdless-ssh.py:49} INFO - ENABLE_DELETE_CHILD_LOG  True
[2021-09-06 04:40:14,515] {processor.py:623} INFO - DAG(s) dict_keys(['airflow-log-cleanup-pwdless-ssh']) retrieved from /usr/local/airflow/dags/airflow-log-cleanup-pwdless-ssh.py
[2021-09-06 04:40:14,521] {logging_mixin.py:109} INFO - [2021-09-06 04:40:14,521] {dag.py:1833} INFO - Sync 1 DAGs
[2021-09-06 04:40:14,532] {logging_mixin.py:109} INFO - [2021-09-06 04:40:14,532] {dag.py:2306} INFO - Setting next_dagrun for airflow-log-cleanup-pwdless-ssh to 2021-09-05 00:00:00+00:00
[2021-09-06 04:40:14,539] {processor.py:170} INFO - Processing /usr/local/airflow/dags/airflow-log-cleanup-pwdless-ssh.py took 0.089 seconds
