[2021-09-06 04:24:23,997] {processor.py:162} INFO - Started process (PID=221) to work on /usr/local/airflow/dags/airflow-delete-broken-dags.py
[2021-09-06 04:24:23,998] {processor.py:613} INFO - Processing file /usr/local/airflow/dags/airflow-delete-broken-dags.py for tasks to queue
[2021-09-06 04:24:23,998] {logging_mixin.py:109} INFO - [2021-09-06 04:24:23,998] {dagbag.py:496} INFO - Filling up the DagBag from /usr/local/airflow/dags/airflow-delete-broken-dags.py
[2021-09-06 04:24:24,010] {processor.py:623} INFO - DAG(s) dict_keys(['airflow-delete-broken-dags']) retrieved from /usr/local/airflow/dags/airflow-delete-broken-dags.py
[2021-09-06 04:24:24,022] {logging_mixin.py:109} INFO - [2021-09-06 04:24:24,022] {dag.py:1833} INFO - Sync 1 DAGs
[2021-09-06 04:24:24,043] {logging_mixin.py:109} INFO - [2021-09-06 04:24:24,042] {dag.py:2306} INFO - Setting next_dagrun for airflow-delete-broken-dags to 2021-09-05 00:00:00+00:00
[2021-09-06 04:24:24,052] {processor.py:170} INFO - Processing /usr/local/airflow/dags/airflow-delete-broken-dags.py took 0.058 seconds
[2021-09-06 04:24:54,657] {processor.py:162} INFO - Started process (PID=335) to work on /usr/local/airflow/dags/airflow-delete-broken-dags.py
[2021-09-06 04:24:54,657] {processor.py:613} INFO - Processing file /usr/local/airflow/dags/airflow-delete-broken-dags.py for tasks to queue
[2021-09-06 04:24:54,657] {logging_mixin.py:109} INFO - [2021-09-06 04:24:54,657] {dagbag.py:496} INFO - Filling up the DagBag from /usr/local/airflow/dags/airflow-delete-broken-dags.py
[2021-09-06 04:24:54,664] {processor.py:623} INFO - DAG(s) dict_keys(['airflow-delete-broken-dags']) retrieved from /usr/local/airflow/dags/airflow-delete-broken-dags.py
[2021-09-06 04:24:54,677] {logging_mixin.py:109} INFO - [2021-09-06 04:24:54,677] {dag.py:1833} INFO - Sync 1 DAGs
[2021-09-06 04:24:54,688] {logging_mixin.py:109} INFO - [2021-09-06 04:24:54,688] {dag.py:2306} INFO - Setting next_dagrun for airflow-delete-broken-dags to 2021-09-05 00:00:00+00:00
[2021-09-06 04:24:54,695] {processor.py:170} INFO - Processing /usr/local/airflow/dags/airflow-delete-broken-dags.py took 0.040 seconds
[2021-09-06 04:25:25,359] {processor.py:162} INFO - Started process (PID=401) to work on /usr/local/airflow/dags/airflow-delete-broken-dags.py
[2021-09-06 04:25:25,360] {processor.py:613} INFO - Processing file /usr/local/airflow/dags/airflow-delete-broken-dags.py for tasks to queue
[2021-09-06 04:25:25,360] {logging_mixin.py:109} INFO - [2021-09-06 04:25:25,360] {dagbag.py:496} INFO - Filling up the DagBag from /usr/local/airflow/dags/airflow-delete-broken-dags.py
[2021-09-06 04:25:25,367] {processor.py:623} INFO - DAG(s) dict_keys(['airflow-delete-broken-dags']) retrieved from /usr/local/airflow/dags/airflow-delete-broken-dags.py
[2021-09-06 04:25:25,380] {logging_mixin.py:109} INFO - [2021-09-06 04:25:25,379] {dag.py:1833} INFO - Sync 1 DAGs
[2021-09-06 04:25:25,392] {logging_mixin.py:109} INFO - [2021-09-06 04:25:25,392] {dag.py:2306} INFO - Setting next_dagrun for airflow-delete-broken-dags to 2021-09-05 00:00:00+00:00
[2021-09-06 04:25:25,399] {processor.py:170} INFO - Processing /usr/local/airflow/dags/airflow-delete-broken-dags.py took 0.042 seconds
[2021-09-06 04:25:55,950] {processor.py:162} INFO - Started process (PID=467) to work on /usr/local/airflow/dags/airflow-delete-broken-dags.py
[2021-09-06 04:25:55,951] {processor.py:613} INFO - Processing file /usr/local/airflow/dags/airflow-delete-broken-dags.py for tasks to queue
[2021-09-06 04:25:55,951] {logging_mixin.py:109} INFO - [2021-09-06 04:25:55,951] {dagbag.py:496} INFO - Filling up the DagBag from /usr/local/airflow/dags/airflow-delete-broken-dags.py
[2021-09-06 04:25:55,958] {processor.py:623} INFO - DAG(s) dict_keys(['airflow-delete-broken-dags']) retrieved from /usr/local/airflow/dags/airflow-delete-broken-dags.py
[2021-09-06 04:25:55,970] {logging_mixin.py:109} INFO - [2021-09-06 04:25:55,970] {dag.py:1833} INFO - Sync 1 DAGs
[2021-09-06 04:25:55,981] {logging_mixin.py:109} INFO - [2021-09-06 04:25:55,981] {dag.py:2306} INFO - Setting next_dagrun for airflow-delete-broken-dags to 2021-09-05 00:00:00+00:00
[2021-09-06 04:25:55,988] {processor.py:170} INFO - Processing /usr/local/airflow/dags/airflow-delete-broken-dags.py took 0.040 seconds
[2021-09-06 04:26:26,589] {processor.py:162} INFO - Started process (PID=533) to work on /usr/local/airflow/dags/airflow-delete-broken-dags.py
[2021-09-06 04:26:26,590] {processor.py:613} INFO - Processing file /usr/local/airflow/dags/airflow-delete-broken-dags.py for tasks to queue
[2021-09-06 04:26:26,590] {logging_mixin.py:109} INFO - [2021-09-06 04:26:26,590] {dagbag.py:496} INFO - Filling up the DagBag from /usr/local/airflow/dags/airflow-delete-broken-dags.py
[2021-09-06 04:26:26,597] {processor.py:623} INFO - DAG(s) dict_keys(['airflow-delete-broken-dags']) retrieved from /usr/local/airflow/dags/airflow-delete-broken-dags.py
[2021-09-06 04:26:26,610] {logging_mixin.py:109} INFO - [2021-09-06 04:26:26,609] {dag.py:1833} INFO - Sync 1 DAGs
[2021-09-06 04:26:26,621] {logging_mixin.py:109} INFO - [2021-09-06 04:26:26,621] {dag.py:2306} INFO - Setting next_dagrun for airflow-delete-broken-dags to 2021-09-05 00:00:00+00:00
[2021-09-06 04:26:26,628] {processor.py:170} INFO - Processing /usr/local/airflow/dags/airflow-delete-broken-dags.py took 0.041 seconds
[2021-09-06 04:26:57,193] {processor.py:162} INFO - Started process (PID=599) to work on /usr/local/airflow/dags/airflow-delete-broken-dags.py
[2021-09-06 04:26:57,194] {processor.py:613} INFO - Processing file /usr/local/airflow/dags/airflow-delete-broken-dags.py for tasks to queue
[2021-09-06 04:26:57,194] {logging_mixin.py:109} INFO - [2021-09-06 04:26:57,194] {dagbag.py:496} INFO - Filling up the DagBag from /usr/local/airflow/dags/airflow-delete-broken-dags.py
[2021-09-06 04:26:57,201] {processor.py:623} INFO - DAG(s) dict_keys(['airflow-delete-broken-dags']) retrieved from /usr/local/airflow/dags/airflow-delete-broken-dags.py
[2021-09-06 04:26:57,213] {logging_mixin.py:109} INFO - [2021-09-06 04:26:57,213] {dag.py:1833} INFO - Sync 1 DAGs
[2021-09-06 04:26:57,224] {logging_mixin.py:109} INFO - [2021-09-06 04:26:57,224] {dag.py:2306} INFO - Setting next_dagrun for airflow-delete-broken-dags to 2021-09-05 00:00:00+00:00
[2021-09-06 04:26:57,231] {processor.py:170} INFO - Processing /usr/local/airflow/dags/airflow-delete-broken-dags.py took 0.040 seconds
[2021-09-06 04:27:27,853] {processor.py:162} INFO - Started process (PID=665) to work on /usr/local/airflow/dags/airflow-delete-broken-dags.py
[2021-09-06 04:27:27,854] {processor.py:613} INFO - Processing file /usr/local/airflow/dags/airflow-delete-broken-dags.py for tasks to queue
[2021-09-06 04:27:27,854] {logging_mixin.py:109} INFO - [2021-09-06 04:27:27,854] {dagbag.py:496} INFO - Filling up the DagBag from /usr/local/airflow/dags/airflow-delete-broken-dags.py
[2021-09-06 04:27:27,861] {processor.py:623} INFO - DAG(s) dict_keys(['airflow-delete-broken-dags']) retrieved from /usr/local/airflow/dags/airflow-delete-broken-dags.py
[2021-09-06 04:27:27,875] {logging_mixin.py:109} INFO - [2021-09-06 04:27:27,875] {dag.py:1833} INFO - Sync 1 DAGs
[2021-09-06 04:27:27,889] {logging_mixin.py:109} INFO - [2021-09-06 04:27:27,888] {dag.py:2306} INFO - Setting next_dagrun for airflow-delete-broken-dags to 2021-09-05 00:00:00+00:00
[2021-09-06 04:27:27,896] {processor.py:170} INFO - Processing /usr/local/airflow/dags/airflow-delete-broken-dags.py took 0.045 seconds
[2021-09-06 04:27:58,454] {processor.py:162} INFO - Started process (PID=732) to work on /usr/local/airflow/dags/airflow-delete-broken-dags.py
[2021-09-06 04:27:58,455] {processor.py:613} INFO - Processing file /usr/local/airflow/dags/airflow-delete-broken-dags.py for tasks to queue
[2021-09-06 04:27:58,455] {logging_mixin.py:109} INFO - [2021-09-06 04:27:58,455] {dagbag.py:496} INFO - Filling up the DagBag from /usr/local/airflow/dags/airflow-delete-broken-dags.py
[2021-09-06 04:27:58,462] {processor.py:623} INFO - DAG(s) dict_keys(['airflow-delete-broken-dags']) retrieved from /usr/local/airflow/dags/airflow-delete-broken-dags.py
[2021-09-06 04:27:58,477] {logging_mixin.py:109} INFO - [2021-09-06 04:27:58,476] {dag.py:1833} INFO - Sync 1 DAGs
[2021-09-06 04:27:58,493] {logging_mixin.py:109} INFO - [2021-09-06 04:27:58,493] {dag.py:2306} INFO - Setting next_dagrun for airflow-delete-broken-dags to 2021-09-05 00:00:00+00:00
[2021-09-06 04:27:58,502] {processor.py:170} INFO - Processing /usr/local/airflow/dags/airflow-delete-broken-dags.py took 0.050 seconds
[2021-09-06 04:28:29,070] {processor.py:162} INFO - Started process (PID=798) to work on /usr/local/airflow/dags/airflow-delete-broken-dags.py
[2021-09-06 04:28:29,071] {processor.py:613} INFO - Processing file /usr/local/airflow/dags/airflow-delete-broken-dags.py for tasks to queue
[2021-09-06 04:28:29,071] {logging_mixin.py:109} INFO - [2021-09-06 04:28:29,071] {dagbag.py:496} INFO - Filling up the DagBag from /usr/local/airflow/dags/airflow-delete-broken-dags.py
[2021-09-06 04:28:29,078] {processor.py:623} INFO - DAG(s) dict_keys(['airflow-delete-broken-dags']) retrieved from /usr/local/airflow/dags/airflow-delete-broken-dags.py
[2021-09-06 04:28:29,091] {logging_mixin.py:109} INFO - [2021-09-06 04:28:29,091] {dag.py:1833} INFO - Sync 1 DAGs
[2021-09-06 04:28:29,102] {logging_mixin.py:109} INFO - [2021-09-06 04:28:29,102] {dag.py:2306} INFO - Setting next_dagrun for airflow-delete-broken-dags to 2021-09-05 00:00:00+00:00
[2021-09-06 04:28:29,108] {processor.py:170} INFO - Processing /usr/local/airflow/dags/airflow-delete-broken-dags.py took 0.040 seconds
[2021-09-06 04:28:59,785] {processor.py:162} INFO - Started process (PID=866) to work on /usr/local/airflow/dags/airflow-delete-broken-dags.py
[2021-09-06 04:28:59,786] {processor.py:613} INFO - Processing file /usr/local/airflow/dags/airflow-delete-broken-dags.py for tasks to queue
[2021-09-06 04:28:59,787] {logging_mixin.py:109} INFO - [2021-09-06 04:28:59,787] {dagbag.py:496} INFO - Filling up the DagBag from /usr/local/airflow/dags/airflow-delete-broken-dags.py
[2021-09-06 04:28:59,805] {processor.py:623} INFO - DAG(s) dict_keys(['airflow-delete-broken-dags']) retrieved from /usr/local/airflow/dags/airflow-delete-broken-dags.py
[2021-09-06 04:28:59,825] {logging_mixin.py:109} INFO - [2021-09-06 04:28:59,825] {dag.py:1833} INFO - Sync 1 DAGs
[2021-09-06 04:28:59,841] {logging_mixin.py:109} INFO - [2021-09-06 04:28:59,841] {dag.py:2306} INFO - Setting next_dagrun for airflow-delete-broken-dags to 2021-09-05 00:00:00+00:00
[2021-09-06 04:28:59,851] {processor.py:170} INFO - Processing /usr/local/airflow/dags/airflow-delete-broken-dags.py took 0.070 seconds
[2021-09-06 04:29:30,410] {processor.py:162} INFO - Started process (PID=930) to work on /usr/local/airflow/dags/airflow-delete-broken-dags.py
[2021-09-06 04:29:30,411] {processor.py:613} INFO - Processing file /usr/local/airflow/dags/airflow-delete-broken-dags.py for tasks to queue
[2021-09-06 04:29:30,411] {logging_mixin.py:109} INFO - [2021-09-06 04:29:30,411] {dagbag.py:496} INFO - Filling up the DagBag from /usr/local/airflow/dags/airflow-delete-broken-dags.py
[2021-09-06 04:29:30,418] {processor.py:623} INFO - DAG(s) dict_keys(['airflow-delete-broken-dags']) retrieved from /usr/local/airflow/dags/airflow-delete-broken-dags.py
[2021-09-06 04:29:30,431] {logging_mixin.py:109} INFO - [2021-09-06 04:29:30,431] {dag.py:1833} INFO - Sync 1 DAGs
[2021-09-06 04:29:30,443] {logging_mixin.py:109} INFO - [2021-09-06 04:29:30,442] {dag.py:2306} INFO - Setting next_dagrun for airflow-delete-broken-dags to 2021-09-05 00:00:00+00:00
[2021-09-06 04:29:30,450] {processor.py:170} INFO - Processing /usr/local/airflow/dags/airflow-delete-broken-dags.py took 0.042 seconds
[2021-09-06 04:30:01,111] {processor.py:162} INFO - Started process (PID=998) to work on /usr/local/airflow/dags/airflow-delete-broken-dags.py
[2021-09-06 04:30:01,112] {processor.py:613} INFO - Processing file /usr/local/airflow/dags/airflow-delete-broken-dags.py for tasks to queue
[2021-09-06 04:30:01,113] {logging_mixin.py:109} INFO - [2021-09-06 04:30:01,112] {dagbag.py:496} INFO - Filling up the DagBag from /usr/local/airflow/dags/airflow-delete-broken-dags.py
[2021-09-06 04:30:01,125] {processor.py:623} INFO - DAG(s) dict_keys(['airflow-delete-broken-dags']) retrieved from /usr/local/airflow/dags/airflow-delete-broken-dags.py
[2021-09-06 04:30:01,146] {logging_mixin.py:109} INFO - [2021-09-06 04:30:01,146] {dag.py:1833} INFO - Sync 1 DAGs
[2021-09-06 04:30:01,160] {logging_mixin.py:109} INFO - [2021-09-06 04:30:01,160] {dag.py:2306} INFO - Setting next_dagrun for airflow-delete-broken-dags to 2021-09-05 00:00:00+00:00
[2021-09-06 04:30:01,167] {processor.py:170} INFO - Processing /usr/local/airflow/dags/airflow-delete-broken-dags.py took 0.060 seconds
[2021-09-06 04:30:31,843] {processor.py:162} INFO - Started process (PID=1062) to work on /usr/local/airflow/dags/airflow-delete-broken-dags.py
[2021-09-06 04:30:31,844] {processor.py:613} INFO - Processing file /usr/local/airflow/dags/airflow-delete-broken-dags.py for tasks to queue
[2021-09-06 04:30:31,844] {logging_mixin.py:109} INFO - [2021-09-06 04:30:31,844] {dagbag.py:496} INFO - Filling up the DagBag from /usr/local/airflow/dags/airflow-delete-broken-dags.py
[2021-09-06 04:30:31,855] {processor.py:623} INFO - DAG(s) dict_keys(['airflow-delete-broken-dags']) retrieved from /usr/local/airflow/dags/airflow-delete-broken-dags.py
[2021-09-06 04:30:31,872] {logging_mixin.py:109} INFO - [2021-09-06 04:30:31,872] {dag.py:1833} INFO - Sync 1 DAGs
[2021-09-06 04:30:31,887] {logging_mixin.py:109} INFO - [2021-09-06 04:30:31,887] {dag.py:2306} INFO - Setting next_dagrun for airflow-delete-broken-dags to 2021-09-05 00:00:00+00:00
[2021-09-06 04:30:31,896] {processor.py:170} INFO - Processing /usr/local/airflow/dags/airflow-delete-broken-dags.py took 0.056 seconds
[2021-09-06 04:31:02,539] {processor.py:162} INFO - Started process (PID=1128) to work on /usr/local/airflow/dags/airflow-delete-broken-dags.py
[2021-09-06 04:31:02,541] {processor.py:613} INFO - Processing file /usr/local/airflow/dags/airflow-delete-broken-dags.py for tasks to queue
[2021-09-06 04:31:02,542] {logging_mixin.py:109} INFO - [2021-09-06 04:31:02,542] {dagbag.py:496} INFO - Filling up the DagBag from /usr/local/airflow/dags/airflow-delete-broken-dags.py
[2021-09-06 04:31:02,562] {processor.py:623} INFO - DAG(s) dict_keys(['airflow-delete-broken-dags']) retrieved from /usr/local/airflow/dags/airflow-delete-broken-dags.py
[2021-09-06 04:31:02,592] {logging_mixin.py:109} INFO - [2021-09-06 04:31:02,592] {dag.py:1833} INFO - Sync 1 DAGs
[2021-09-06 04:31:02,616] {logging_mixin.py:109} INFO - [2021-09-06 04:31:02,616] {dag.py:2306} INFO - Setting next_dagrun for airflow-delete-broken-dags to 2021-09-05 00:00:00+00:00
[2021-09-06 04:31:02,627] {processor.py:170} INFO - Processing /usr/local/airflow/dags/airflow-delete-broken-dags.py took 0.093 seconds
[2021-09-06 04:31:33,230] {processor.py:162} INFO - Started process (PID=1196) to work on /usr/local/airflow/dags/airflow-delete-broken-dags.py
[2021-09-06 04:31:33,231] {processor.py:613} INFO - Processing file /usr/local/airflow/dags/airflow-delete-broken-dags.py for tasks to queue
[2021-09-06 04:31:33,232] {logging_mixin.py:109} INFO - [2021-09-06 04:31:33,232] {dagbag.py:496} INFO - Filling up the DagBag from /usr/local/airflow/dags/airflow-delete-broken-dags.py
[2021-09-06 04:31:33,243] {processor.py:623} INFO - DAG(s) dict_keys(['airflow-delete-broken-dags']) retrieved from /usr/local/airflow/dags/airflow-delete-broken-dags.py
[2021-09-06 04:31:33,261] {logging_mixin.py:109} INFO - [2021-09-06 04:31:33,261] {dag.py:1833} INFO - Sync 1 DAGs
[2021-09-06 04:31:33,277] {logging_mixin.py:109} INFO - [2021-09-06 04:31:33,277] {dag.py:2306} INFO - Setting next_dagrun for airflow-delete-broken-dags to 2021-09-05 00:00:00+00:00
[2021-09-06 04:31:33,287] {processor.py:170} INFO - Processing /usr/local/airflow/dags/airflow-delete-broken-dags.py took 0.059 seconds
[2021-09-06 04:32:03,873] {processor.py:162} INFO - Started process (PID=1260) to work on /usr/local/airflow/dags/airflow-delete-broken-dags.py
[2021-09-06 04:32:03,875] {processor.py:613} INFO - Processing file /usr/local/airflow/dags/airflow-delete-broken-dags.py for tasks to queue
[2021-09-06 04:32:03,876] {logging_mixin.py:109} INFO - [2021-09-06 04:32:03,876] {dagbag.py:496} INFO - Filling up the DagBag from /usr/local/airflow/dags/airflow-delete-broken-dags.py
[2021-09-06 04:32:03,893] {processor.py:623} INFO - DAG(s) dict_keys(['airflow-delete-broken-dags']) retrieved from /usr/local/airflow/dags/airflow-delete-broken-dags.py
[2021-09-06 04:32:03,925] {logging_mixin.py:109} INFO - [2021-09-06 04:32:03,925] {dag.py:1833} INFO - Sync 1 DAGs
[2021-09-06 04:32:03,952] {logging_mixin.py:109} INFO - [2021-09-06 04:32:03,952] {dag.py:2306} INFO - Setting next_dagrun for airflow-delete-broken-dags to 2021-09-05 00:00:00+00:00
[2021-09-06 04:32:03,969] {processor.py:170} INFO - Processing /usr/local/airflow/dags/airflow-delete-broken-dags.py took 0.101 seconds
[2021-09-06 04:32:34,659] {processor.py:162} INFO - Started process (PID=1328) to work on /usr/local/airflow/dags/airflow-delete-broken-dags.py
[2021-09-06 04:32:34,660] {processor.py:613} INFO - Processing file /usr/local/airflow/dags/airflow-delete-broken-dags.py for tasks to queue
[2021-09-06 04:32:34,661] {logging_mixin.py:109} INFO - [2021-09-06 04:32:34,661] {dagbag.py:496} INFO - Filling up the DagBag from /usr/local/airflow/dags/airflow-delete-broken-dags.py
[2021-09-06 04:32:34,675] {processor.py:623} INFO - DAG(s) dict_keys(['airflow-delete-broken-dags']) retrieved from /usr/local/airflow/dags/airflow-delete-broken-dags.py
[2021-09-06 04:32:34,696] {logging_mixin.py:109} INFO - [2021-09-06 04:32:34,696] {dag.py:1833} INFO - Sync 1 DAGs
[2021-09-06 04:32:34,713] {logging_mixin.py:109} INFO - [2021-09-06 04:32:34,712] {dag.py:2306} INFO - Setting next_dagrun for airflow-delete-broken-dags to 2021-09-05 00:00:00+00:00
[2021-09-06 04:32:34,721] {processor.py:170} INFO - Processing /usr/local/airflow/dags/airflow-delete-broken-dags.py took 0.066 seconds
[2021-09-06 04:33:05,289] {processor.py:162} INFO - Started process (PID=1393) to work on /usr/local/airflow/dags/airflow-delete-broken-dags.py
[2021-09-06 04:33:05,289] {processor.py:613} INFO - Processing file /usr/local/airflow/dags/airflow-delete-broken-dags.py for tasks to queue
[2021-09-06 04:33:05,290] {logging_mixin.py:109} INFO - [2021-09-06 04:33:05,289] {dagbag.py:496} INFO - Filling up the DagBag from /usr/local/airflow/dags/airflow-delete-broken-dags.py
[2021-09-06 04:33:05,298] {processor.py:623} INFO - DAG(s) dict_keys(['airflow-delete-broken-dags']) retrieved from /usr/local/airflow/dags/airflow-delete-broken-dags.py
[2021-09-06 04:33:05,312] {logging_mixin.py:109} INFO - [2021-09-06 04:33:05,311] {dag.py:1833} INFO - Sync 1 DAGs
[2021-09-06 04:33:05,324] {logging_mixin.py:109} INFO - [2021-09-06 04:33:05,324] {dag.py:2306} INFO - Setting next_dagrun for airflow-delete-broken-dags to 2021-09-05 00:00:00+00:00
[2021-09-06 04:33:05,330] {processor.py:170} INFO - Processing /usr/local/airflow/dags/airflow-delete-broken-dags.py took 0.043 seconds
[2021-09-06 04:33:35,912] {processor.py:162} INFO - Started process (PID=1459) to work on /usr/local/airflow/dags/airflow-delete-broken-dags.py
[2021-09-06 04:33:35,913] {processor.py:613} INFO - Processing file /usr/local/airflow/dags/airflow-delete-broken-dags.py for tasks to queue
[2021-09-06 04:33:35,913] {logging_mixin.py:109} INFO - [2021-09-06 04:33:35,913] {dagbag.py:496} INFO - Filling up the DagBag from /usr/local/airflow/dags/airflow-delete-broken-dags.py
[2021-09-06 04:33:35,921] {processor.py:623} INFO - DAG(s) dict_keys(['airflow-delete-broken-dags']) retrieved from /usr/local/airflow/dags/airflow-delete-broken-dags.py
[2021-09-06 04:33:35,934] {logging_mixin.py:109} INFO - [2021-09-06 04:33:35,934] {dag.py:1833} INFO - Sync 1 DAGs
[2021-09-06 04:33:35,945] {logging_mixin.py:109} INFO - [2021-09-06 04:33:35,945] {dag.py:2306} INFO - Setting next_dagrun for airflow-delete-broken-dags to 2021-09-05 00:00:00+00:00
[2021-09-06 04:33:35,953] {processor.py:170} INFO - Processing /usr/local/airflow/dags/airflow-delete-broken-dags.py took 0.043 seconds
[2021-09-06 04:34:06,546] {processor.py:162} INFO - Started process (PID=1525) to work on /usr/local/airflow/dags/airflow-delete-broken-dags.py
[2021-09-06 04:34:06,547] {processor.py:613} INFO - Processing file /usr/local/airflow/dags/airflow-delete-broken-dags.py for tasks to queue
[2021-09-06 04:34:06,547] {logging_mixin.py:109} INFO - [2021-09-06 04:34:06,547] {dagbag.py:496} INFO - Filling up the DagBag from /usr/local/airflow/dags/airflow-delete-broken-dags.py
[2021-09-06 04:34:06,554] {processor.py:623} INFO - DAG(s) dict_keys(['airflow-delete-broken-dags']) retrieved from /usr/local/airflow/dags/airflow-delete-broken-dags.py
[2021-09-06 04:34:06,567] {logging_mixin.py:109} INFO - [2021-09-06 04:34:06,567] {dag.py:1833} INFO - Sync 1 DAGs
[2021-09-06 04:34:06,578] {logging_mixin.py:109} INFO - [2021-09-06 04:34:06,578] {dag.py:2306} INFO - Setting next_dagrun for airflow-delete-broken-dags to 2021-09-05 00:00:00+00:00
[2021-09-06 04:34:06,584] {processor.py:170} INFO - Processing /usr/local/airflow/dags/airflow-delete-broken-dags.py took 0.040 seconds
[2021-09-06 04:34:37,236] {processor.py:162} INFO - Started process (PID=1591) to work on /usr/local/airflow/dags/airflow-delete-broken-dags.py
[2021-09-06 04:34:37,237] {processor.py:613} INFO - Processing file /usr/local/airflow/dags/airflow-delete-broken-dags.py for tasks to queue
[2021-09-06 04:34:37,237] {logging_mixin.py:109} INFO - [2021-09-06 04:34:37,237] {dagbag.py:496} INFO - Filling up the DagBag from /usr/local/airflow/dags/airflow-delete-broken-dags.py
[2021-09-06 04:34:37,244] {processor.py:623} INFO - DAG(s) dict_keys(['airflow-delete-broken-dags']) retrieved from /usr/local/airflow/dags/airflow-delete-broken-dags.py
[2021-09-06 04:34:37,256] {logging_mixin.py:109} INFO - [2021-09-06 04:34:37,256] {dag.py:1833} INFO - Sync 1 DAGs
[2021-09-06 04:34:37,268] {logging_mixin.py:109} INFO - [2021-09-06 04:34:37,267] {dag.py:2306} INFO - Setting next_dagrun for airflow-delete-broken-dags to 2021-09-05 00:00:00+00:00
[2021-09-06 04:34:37,274] {processor.py:170} INFO - Processing /usr/local/airflow/dags/airflow-delete-broken-dags.py took 0.040 seconds
[2021-09-06 04:35:07,924] {processor.py:162} INFO - Started process (PID=1657) to work on /usr/local/airflow/dags/airflow-delete-broken-dags.py
[2021-09-06 04:35:07,924] {processor.py:613} INFO - Processing file /usr/local/airflow/dags/airflow-delete-broken-dags.py for tasks to queue
[2021-09-06 04:35:07,924] {logging_mixin.py:109} INFO - [2021-09-06 04:35:07,924] {dagbag.py:496} INFO - Filling up the DagBag from /usr/local/airflow/dags/airflow-delete-broken-dags.py
[2021-09-06 04:35:07,932] {processor.py:623} INFO - DAG(s) dict_keys(['airflow-delete-broken-dags']) retrieved from /usr/local/airflow/dags/airflow-delete-broken-dags.py
[2021-09-06 04:35:07,946] {logging_mixin.py:109} INFO - [2021-09-06 04:35:07,946] {dag.py:1833} INFO - Sync 1 DAGs
[2021-09-06 04:35:07,959] {logging_mixin.py:109} INFO - [2021-09-06 04:35:07,959] {dag.py:2306} INFO - Setting next_dagrun for airflow-delete-broken-dags to 2021-09-05 00:00:00+00:00
[2021-09-06 04:35:07,966] {processor.py:170} INFO - Processing /usr/local/airflow/dags/airflow-delete-broken-dags.py took 0.045 seconds
[2021-09-06 04:35:38,734] {processor.py:162} INFO - Started process (PID=1724) to work on /usr/local/airflow/dags/airflow-delete-broken-dags.py
[2021-09-06 04:35:38,735] {processor.py:613} INFO - Processing file /usr/local/airflow/dags/airflow-delete-broken-dags.py for tasks to queue
[2021-09-06 04:35:38,736] {logging_mixin.py:109} INFO - [2021-09-06 04:35:38,735] {dagbag.py:496} INFO - Filling up the DagBag from /usr/local/airflow/dags/airflow-delete-broken-dags.py
[2021-09-06 04:35:38,751] {processor.py:623} INFO - DAG(s) dict_keys(['airflow-delete-broken-dags']) retrieved from /usr/local/airflow/dags/airflow-delete-broken-dags.py
[2021-09-06 04:35:38,778] {logging_mixin.py:109} INFO - [2021-09-06 04:35:38,778] {dag.py:1833} INFO - Sync 1 DAGs
[2021-09-06 04:35:38,802] {logging_mixin.py:109} INFO - [2021-09-06 04:35:38,802] {dag.py:2306} INFO - Setting next_dagrun for airflow-delete-broken-dags to 2021-09-05 00:00:00+00:00
[2021-09-06 04:35:38,815] {processor.py:170} INFO - Processing /usr/local/airflow/dags/airflow-delete-broken-dags.py took 0.085 seconds
[2021-09-06 04:36:09,428] {processor.py:162} INFO - Started process (PID=1790) to work on /usr/local/airflow/dags/airflow-delete-broken-dags.py
[2021-09-06 04:36:09,428] {processor.py:613} INFO - Processing file /usr/local/airflow/dags/airflow-delete-broken-dags.py for tasks to queue
[2021-09-06 04:36:09,429] {logging_mixin.py:109} INFO - [2021-09-06 04:36:09,429] {dagbag.py:496} INFO - Filling up the DagBag from /usr/local/airflow/dags/airflow-delete-broken-dags.py
[2021-09-06 04:36:09,436] {processor.py:623} INFO - DAG(s) dict_keys(['airflow-delete-broken-dags']) retrieved from /usr/local/airflow/dags/airflow-delete-broken-dags.py
[2021-09-06 04:36:09,449] {logging_mixin.py:109} INFO - [2021-09-06 04:36:09,449] {dag.py:1833} INFO - Sync 1 DAGs
[2021-09-06 04:36:09,461] {logging_mixin.py:109} INFO - [2021-09-06 04:36:09,461] {dag.py:2306} INFO - Setting next_dagrun for airflow-delete-broken-dags to 2021-09-05 00:00:00+00:00
[2021-09-06 04:36:09,467] {processor.py:170} INFO - Processing /usr/local/airflow/dags/airflow-delete-broken-dags.py took 0.041 seconds
[2021-09-06 04:36:40,036] {processor.py:162} INFO - Started process (PID=1857) to work on /usr/local/airflow/dags/airflow-delete-broken-dags.py
[2021-09-06 04:36:40,037] {processor.py:613} INFO - Processing file /usr/local/airflow/dags/airflow-delete-broken-dags.py for tasks to queue
[2021-09-06 04:36:40,037] {logging_mixin.py:109} INFO - [2021-09-06 04:36:40,037] {dagbag.py:496} INFO - Filling up the DagBag from /usr/local/airflow/dags/airflow-delete-broken-dags.py
[2021-09-06 04:36:40,044] {processor.py:623} INFO - DAG(s) dict_keys(['airflow-delete-broken-dags']) retrieved from /usr/local/airflow/dags/airflow-delete-broken-dags.py
[2021-09-06 04:36:40,057] {logging_mixin.py:109} INFO - [2021-09-06 04:36:40,057] {dag.py:1833} INFO - Sync 1 DAGs
[2021-09-06 04:36:40,069] {logging_mixin.py:109} INFO - [2021-09-06 04:36:40,068] {dag.py:2306} INFO - Setting next_dagrun for airflow-delete-broken-dags to 2021-09-05 00:00:00+00:00
[2021-09-06 04:36:40,076] {processor.py:170} INFO - Processing /usr/local/airflow/dags/airflow-delete-broken-dags.py took 0.042 seconds
[2021-09-06 04:37:10,646] {processor.py:162} INFO - Started process (PID=1923) to work on /usr/local/airflow/dags/airflow-delete-broken-dags.py
[2021-09-06 04:37:10,647] {processor.py:613} INFO - Processing file /usr/local/airflow/dags/airflow-delete-broken-dags.py for tasks to queue
[2021-09-06 04:37:10,647] {logging_mixin.py:109} INFO - [2021-09-06 04:37:10,647] {dagbag.py:496} INFO - Filling up the DagBag from /usr/local/airflow/dags/airflow-delete-broken-dags.py
[2021-09-06 04:37:10,655] {processor.py:623} INFO - DAG(s) dict_keys(['airflow-delete-broken-dags']) retrieved from /usr/local/airflow/dags/airflow-delete-broken-dags.py
[2021-09-06 04:37:10,669] {logging_mixin.py:109} INFO - [2021-09-06 04:37:10,669] {dag.py:1833} INFO - Sync 1 DAGs
[2021-09-06 04:37:10,681] {logging_mixin.py:109} INFO - [2021-09-06 04:37:10,681] {dag.py:2306} INFO - Setting next_dagrun for airflow-delete-broken-dags to 2021-09-05 00:00:00+00:00
[2021-09-06 04:37:10,688] {processor.py:170} INFO - Processing /usr/local/airflow/dags/airflow-delete-broken-dags.py took 0.043 seconds
[2021-09-06 04:37:41,324] {processor.py:162} INFO - Started process (PID=1989) to work on /usr/local/airflow/dags/airflow-delete-broken-dags.py
[2021-09-06 04:37:41,325] {processor.py:613} INFO - Processing file /usr/local/airflow/dags/airflow-delete-broken-dags.py for tasks to queue
[2021-09-06 04:37:41,325] {logging_mixin.py:109} INFO - [2021-09-06 04:37:41,325] {dagbag.py:496} INFO - Filling up the DagBag from /usr/local/airflow/dags/airflow-delete-broken-dags.py
[2021-09-06 04:37:41,333] {processor.py:623} INFO - DAG(s) dict_keys(['airflow-delete-broken-dags']) retrieved from /usr/local/airflow/dags/airflow-delete-broken-dags.py
[2021-09-06 04:37:41,347] {logging_mixin.py:109} INFO - [2021-09-06 04:37:41,346] {dag.py:1833} INFO - Sync 1 DAGs
[2021-09-06 04:37:41,359] {logging_mixin.py:109} INFO - [2021-09-06 04:37:41,359] {dag.py:2306} INFO - Setting next_dagrun for airflow-delete-broken-dags to 2021-09-05 00:00:00+00:00
[2021-09-06 04:37:41,366] {processor.py:170} INFO - Processing /usr/local/airflow/dags/airflow-delete-broken-dags.py took 0.043 seconds
[2021-09-06 04:38:12,002] {processor.py:162} INFO - Started process (PID=2055) to work on /usr/local/airflow/dags/airflow-delete-broken-dags.py
[2021-09-06 04:38:12,003] {processor.py:613} INFO - Processing file /usr/local/airflow/dags/airflow-delete-broken-dags.py for tasks to queue
[2021-09-06 04:38:12,003] {logging_mixin.py:109} INFO - [2021-09-06 04:38:12,003] {dagbag.py:496} INFO - Filling up the DagBag from /usr/local/airflow/dags/airflow-delete-broken-dags.py
[2021-09-06 04:38:12,011] {processor.py:623} INFO - DAG(s) dict_keys(['airflow-delete-broken-dags']) retrieved from /usr/local/airflow/dags/airflow-delete-broken-dags.py
[2021-09-06 04:38:12,024] {logging_mixin.py:109} INFO - [2021-09-06 04:38:12,023] {dag.py:1833} INFO - Sync 1 DAGs
[2021-09-06 04:38:12,036] {logging_mixin.py:109} INFO - [2021-09-06 04:38:12,036] {dag.py:2306} INFO - Setting next_dagrun for airflow-delete-broken-dags to 2021-09-05 00:00:00+00:00
[2021-09-06 04:38:12,043] {processor.py:170} INFO - Processing /usr/local/airflow/dags/airflow-delete-broken-dags.py took 0.042 seconds
[2021-09-06 04:38:42,626] {processor.py:162} INFO - Started process (PID=2121) to work on /usr/local/airflow/dags/airflow-delete-broken-dags.py
[2021-09-06 04:38:42,627] {processor.py:613} INFO - Processing file /usr/local/airflow/dags/airflow-delete-broken-dags.py for tasks to queue
[2021-09-06 04:38:42,627] {logging_mixin.py:109} INFO - [2021-09-06 04:38:42,627] {dagbag.py:496} INFO - Filling up the DagBag from /usr/local/airflow/dags/airflow-delete-broken-dags.py
[2021-09-06 04:38:42,635] {processor.py:623} INFO - DAG(s) dict_keys(['airflow-delete-broken-dags']) retrieved from /usr/local/airflow/dags/airflow-delete-broken-dags.py
[2021-09-06 04:38:42,647] {logging_mixin.py:109} INFO - [2021-09-06 04:38:42,647] {dag.py:1833} INFO - Sync 1 DAGs
[2021-09-06 04:38:42,659] {logging_mixin.py:109} INFO - [2021-09-06 04:38:42,659] {dag.py:2306} INFO - Setting next_dagrun for airflow-delete-broken-dags to 2021-09-05 00:00:00+00:00
[2021-09-06 04:38:42,666] {processor.py:170} INFO - Processing /usr/local/airflow/dags/airflow-delete-broken-dags.py took 0.041 seconds
[2021-09-06 04:39:13,274] {processor.py:162} INFO - Started process (PID=2187) to work on /usr/local/airflow/dags/airflow-delete-broken-dags.py
[2021-09-06 04:39:13,275] {processor.py:613} INFO - Processing file /usr/local/airflow/dags/airflow-delete-broken-dags.py for tasks to queue
[2021-09-06 04:39:13,275] {logging_mixin.py:109} INFO - [2021-09-06 04:39:13,275] {dagbag.py:496} INFO - Filling up the DagBag from /usr/local/airflow/dags/airflow-delete-broken-dags.py
[2021-09-06 04:39:13,283] {processor.py:623} INFO - DAG(s) dict_keys(['airflow-delete-broken-dags']) retrieved from /usr/local/airflow/dags/airflow-delete-broken-dags.py
[2021-09-06 04:39:13,301] {logging_mixin.py:109} INFO - [2021-09-06 04:39:13,301] {dag.py:1833} INFO - Sync 1 DAGs
[2021-09-06 04:39:13,318] {logging_mixin.py:109} INFO - [2021-09-06 04:39:13,318] {dag.py:2306} INFO - Setting next_dagrun for airflow-delete-broken-dags to 2021-09-05 00:00:00+00:00
[2021-09-06 04:39:13,327] {processor.py:170} INFO - Processing /usr/local/airflow/dags/airflow-delete-broken-dags.py took 0.055 seconds
[2021-09-06 04:39:43,982] {processor.py:162} INFO - Started process (PID=2253) to work on /usr/local/airflow/dags/airflow-delete-broken-dags.py
[2021-09-06 04:39:43,983] {processor.py:613} INFO - Processing file /usr/local/airflow/dags/airflow-delete-broken-dags.py for tasks to queue
[2021-09-06 04:39:43,984] {logging_mixin.py:109} INFO - [2021-09-06 04:39:43,983] {dagbag.py:496} INFO - Filling up the DagBag from /usr/local/airflow/dags/airflow-delete-broken-dags.py
[2021-09-06 04:39:43,994] {processor.py:623} INFO - DAG(s) dict_keys(['airflow-delete-broken-dags']) retrieved from /usr/local/airflow/dags/airflow-delete-broken-dags.py
[2021-09-06 04:39:44,016] {logging_mixin.py:109} INFO - [2021-09-06 04:39:44,016] {dag.py:1833} INFO - Sync 1 DAGs
[2021-09-06 04:39:44,034] {logging_mixin.py:109} INFO - [2021-09-06 04:39:44,033] {dag.py:2306} INFO - Setting next_dagrun for airflow-delete-broken-dags to 2021-09-05 00:00:00+00:00
[2021-09-06 04:39:44,044] {processor.py:170} INFO - Processing /usr/local/airflow/dags/airflow-delete-broken-dags.py took 0.066 seconds
[2021-09-06 04:40:14,701] {processor.py:162} INFO - Started process (PID=2319) to work on /usr/local/airflow/dags/airflow-delete-broken-dags.py
[2021-09-06 04:40:14,701] {processor.py:613} INFO - Processing file /usr/local/airflow/dags/airflow-delete-broken-dags.py for tasks to queue
[2021-09-06 04:40:14,702] {logging_mixin.py:109} INFO - [2021-09-06 04:40:14,701] {dagbag.py:496} INFO - Filling up the DagBag from /usr/local/airflow/dags/airflow-delete-broken-dags.py
[2021-09-06 04:40:14,711] {processor.py:623} INFO - DAG(s) dict_keys(['airflow-delete-broken-dags']) retrieved from /usr/local/airflow/dags/airflow-delete-broken-dags.py
[2021-09-06 04:40:14,732] {logging_mixin.py:109} INFO - [2021-09-06 04:40:14,732] {dag.py:1833} INFO - Sync 1 DAGs
[2021-09-06 04:40:14,751] {logging_mixin.py:109} INFO - [2021-09-06 04:40:14,751] {dag.py:2306} INFO - Setting next_dagrun for airflow-delete-broken-dags to 2021-09-05 00:00:00+00:00
[2021-09-06 04:40:14,761] {processor.py:170} INFO - Processing /usr/local/airflow/dags/airflow-delete-broken-dags.py took 0.063 seconds
