[2021-09-06 04:24:23,575] {processor.py:162} INFO - Started process (PID=173) to work on /usr/local/airflow/dags/airflow-log-cleanup.py
[2021-09-06 04:24:23,576] {processor.py:613} INFO - Processing file /usr/local/airflow/dags/airflow-log-cleanup.py for tasks to queue
[2021-09-06 04:24:23,576] {logging_mixin.py:109} INFO - [2021-09-06 04:24:23,576] {dagbag.py:496} INFO - Filling up the DagBag from /usr/local/airflow/dags/airflow-log-cleanup.py
[2021-09-06 04:24:23,580] {logging_mixin.py:109} INFO - [2021-09-06 04:24:23,580] {configuration.py:365} WARNING - section/key [core/base_log_folder] not found in config
[2021-09-06 04:24:23,621] {logging_mixin.py:109} INFO - [2021-09-06 04:24:23,621] {airflow-log-cleanup.py:49} INFO - ENABLE_DELETE_CHILD_LOG  True
[2021-09-06 04:24:23,625] {processor.py:623} INFO - DAG(s) dict_keys(['airflow-log-cleanup']) retrieved from /usr/local/airflow/dags/airflow-log-cleanup.py
[2021-09-06 04:24:23,628] {logging_mixin.py:109} INFO - [2021-09-06 04:24:23,628] {dag.py:1833} INFO - Sync 1 DAGs
[2021-09-06 04:24:23,639] {logging_mixin.py:109} INFO - [2021-09-06 04:24:23,639] {dag.py:2306} INFO - Setting next_dagrun for airflow-log-cleanup to 2021-09-05 00:00:00+00:00
[2021-09-06 04:24:23,648] {processor.py:170} INFO - Processing /usr/local/airflow/dags/airflow-log-cleanup.py took 0.074 seconds
[2021-09-06 04:24:54,173] {processor.py:162} INFO - Started process (PID=287) to work on /usr/local/airflow/dags/airflow-log-cleanup.py
[2021-09-06 04:24:54,174] {processor.py:613} INFO - Processing file /usr/local/airflow/dags/airflow-log-cleanup.py for tasks to queue
[2021-09-06 04:24:54,174] {logging_mixin.py:109} INFO - [2021-09-06 04:24:54,174] {dagbag.py:496} INFO - Filling up the DagBag from /usr/local/airflow/dags/airflow-log-cleanup.py
[2021-09-06 04:24:54,178] {logging_mixin.py:109} INFO - [2021-09-06 04:24:54,178] {configuration.py:365} WARNING - section/key [core/base_log_folder] not found in config
[2021-09-06 04:24:54,234] {logging_mixin.py:109} INFO - [2021-09-06 04:24:54,234] {airflow-log-cleanup.py:49} INFO - ENABLE_DELETE_CHILD_LOG  True
[2021-09-06 04:24:54,238] {processor.py:623} INFO - DAG(s) dict_keys(['airflow-log-cleanup']) retrieved from /usr/local/airflow/dags/airflow-log-cleanup.py
[2021-09-06 04:24:54,245] {logging_mixin.py:109} INFO - [2021-09-06 04:24:54,244] {dag.py:1833} INFO - Sync 1 DAGs
[2021-09-06 04:24:54,256] {logging_mixin.py:109} INFO - [2021-09-06 04:24:54,256] {dag.py:2306} INFO - Setting next_dagrun for airflow-log-cleanup to 2021-09-05 00:00:00+00:00
[2021-09-06 04:24:54,263] {processor.py:170} INFO - Processing /usr/local/airflow/dags/airflow-log-cleanup.py took 0.093 seconds
[2021-09-06 04:25:24,820] {processor.py:162} INFO - Started process (PID=353) to work on /usr/local/airflow/dags/airflow-log-cleanup.py
[2021-09-06 04:25:24,821] {processor.py:613} INFO - Processing file /usr/local/airflow/dags/airflow-log-cleanup.py for tasks to queue
[2021-09-06 04:25:24,821] {logging_mixin.py:109} INFO - [2021-09-06 04:25:24,821] {dagbag.py:496} INFO - Filling up the DagBag from /usr/local/airflow/dags/airflow-log-cleanup.py
[2021-09-06 04:25:24,827] {logging_mixin.py:109} INFO - [2021-09-06 04:25:24,827] {configuration.py:365} WARNING - section/key [core/base_log_folder] not found in config
[2021-09-06 04:25:24,886] {logging_mixin.py:109} INFO - [2021-09-06 04:25:24,886] {airflow-log-cleanup.py:49} INFO - ENABLE_DELETE_CHILD_LOG  True
[2021-09-06 04:25:24,890] {processor.py:623} INFO - DAG(s) dict_keys(['airflow-log-cleanup']) retrieved from /usr/local/airflow/dags/airflow-log-cleanup.py
[2021-09-06 04:25:24,897] {logging_mixin.py:109} INFO - [2021-09-06 04:25:24,896] {dag.py:1833} INFO - Sync 1 DAGs
[2021-09-06 04:25:24,908] {logging_mixin.py:109} INFO - [2021-09-06 04:25:24,908] {dag.py:2306} INFO - Setting next_dagrun for airflow-log-cleanup to 2021-09-05 00:00:00+00:00
[2021-09-06 04:25:24,915] {processor.py:170} INFO - Processing /usr/local/airflow/dags/airflow-log-cleanup.py took 0.098 seconds
[2021-09-06 04:25:55,511] {processor.py:162} INFO - Started process (PID=419) to work on /usr/local/airflow/dags/airflow-log-cleanup.py
[2021-09-06 04:25:55,512] {processor.py:613} INFO - Processing file /usr/local/airflow/dags/airflow-log-cleanup.py for tasks to queue
[2021-09-06 04:25:55,512] {logging_mixin.py:109} INFO - [2021-09-06 04:25:55,512] {dagbag.py:496} INFO - Filling up the DagBag from /usr/local/airflow/dags/airflow-log-cleanup.py
[2021-09-06 04:25:55,518] {logging_mixin.py:109} INFO - [2021-09-06 04:25:55,518] {configuration.py:365} WARNING - section/key [core/base_log_folder] not found in config
[2021-09-06 04:25:55,577] {logging_mixin.py:109} INFO - [2021-09-06 04:25:55,577] {airflow-log-cleanup.py:49} INFO - ENABLE_DELETE_CHILD_LOG  True
[2021-09-06 04:25:55,582] {processor.py:623} INFO - DAG(s) dict_keys(['airflow-log-cleanup']) retrieved from /usr/local/airflow/dags/airflow-log-cleanup.py
[2021-09-06 04:25:55,588] {logging_mixin.py:109} INFO - [2021-09-06 04:25:55,587] {dag.py:1833} INFO - Sync 1 DAGs
[2021-09-06 04:25:55,599] {logging_mixin.py:109} INFO - [2021-09-06 04:25:55,599] {dag.py:2306} INFO - Setting next_dagrun for airflow-log-cleanup to 2021-09-05 00:00:00+00:00
[2021-09-06 04:25:55,606] {processor.py:170} INFO - Processing /usr/local/airflow/dags/airflow-log-cleanup.py took 0.097 seconds
[2021-09-06 04:26:26,112] {processor.py:162} INFO - Started process (PID=485) to work on /usr/local/airflow/dags/airflow-log-cleanup.py
[2021-09-06 04:26:26,113] {processor.py:613} INFO - Processing file /usr/local/airflow/dags/airflow-log-cleanup.py for tasks to queue
[2021-09-06 04:26:26,113] {logging_mixin.py:109} INFO - [2021-09-06 04:26:26,113] {dagbag.py:496} INFO - Filling up the DagBag from /usr/local/airflow/dags/airflow-log-cleanup.py
[2021-09-06 04:26:26,117] {logging_mixin.py:109} INFO - [2021-09-06 04:26:26,117] {configuration.py:365} WARNING - section/key [core/base_log_folder] not found in config
[2021-09-06 04:26:26,176] {logging_mixin.py:109} INFO - [2021-09-06 04:26:26,175] {airflow-log-cleanup.py:49} INFO - ENABLE_DELETE_CHILD_LOG  True
[2021-09-06 04:26:26,180] {processor.py:623} INFO - DAG(s) dict_keys(['airflow-log-cleanup']) retrieved from /usr/local/airflow/dags/airflow-log-cleanup.py
[2021-09-06 04:26:26,186] {logging_mixin.py:109} INFO - [2021-09-06 04:26:26,186] {dag.py:1833} INFO - Sync 1 DAGs
[2021-09-06 04:26:26,197] {logging_mixin.py:109} INFO - [2021-09-06 04:26:26,197] {dag.py:2306} INFO - Setting next_dagrun for airflow-log-cleanup to 2021-09-05 00:00:00+00:00
[2021-09-06 04:26:26,204] {processor.py:170} INFO - Processing /usr/local/airflow/dags/airflow-log-cleanup.py took 0.096 seconds
[2021-09-06 04:26:56,740] {processor.py:162} INFO - Started process (PID=551) to work on /usr/local/airflow/dags/airflow-log-cleanup.py
[2021-09-06 04:26:56,741] {processor.py:613} INFO - Processing file /usr/local/airflow/dags/airflow-log-cleanup.py for tasks to queue
[2021-09-06 04:26:56,742] {logging_mixin.py:109} INFO - [2021-09-06 04:26:56,742] {dagbag.py:496} INFO - Filling up the DagBag from /usr/local/airflow/dags/airflow-log-cleanup.py
[2021-09-06 04:26:56,747] {logging_mixin.py:109} INFO - [2021-09-06 04:26:56,747] {configuration.py:365} WARNING - section/key [core/base_log_folder] not found in config
[2021-09-06 04:26:56,808] {logging_mixin.py:109} INFO - [2021-09-06 04:26:56,807] {airflow-log-cleanup.py:49} INFO - ENABLE_DELETE_CHILD_LOG  True
[2021-09-06 04:26:56,812] {processor.py:623} INFO - DAG(s) dict_keys(['airflow-log-cleanup']) retrieved from /usr/local/airflow/dags/airflow-log-cleanup.py
[2021-09-06 04:26:56,818] {logging_mixin.py:109} INFO - [2021-09-06 04:26:56,818] {dag.py:1833} INFO - Sync 1 DAGs
[2021-09-06 04:26:56,829] {logging_mixin.py:109} INFO - [2021-09-06 04:26:56,829] {dag.py:2306} INFO - Setting next_dagrun for airflow-log-cleanup to 2021-09-05 00:00:00+00:00
[2021-09-06 04:26:56,841] {processor.py:170} INFO - Processing /usr/local/airflow/dags/airflow-log-cleanup.py took 0.104 seconds
[2021-09-06 04:27:27,349] {processor.py:162} INFO - Started process (PID=617) to work on /usr/local/airflow/dags/airflow-log-cleanup.py
[2021-09-06 04:27:27,350] {processor.py:613} INFO - Processing file /usr/local/airflow/dags/airflow-log-cleanup.py for tasks to queue
[2021-09-06 04:27:27,350] {logging_mixin.py:109} INFO - [2021-09-06 04:27:27,350] {dagbag.py:496} INFO - Filling up the DagBag from /usr/local/airflow/dags/airflow-log-cleanup.py
[2021-09-06 04:27:27,356] {logging_mixin.py:109} INFO - [2021-09-06 04:27:27,356] {configuration.py:365} WARNING - section/key [core/base_log_folder] not found in config
[2021-09-06 04:27:27,413] {logging_mixin.py:109} INFO - [2021-09-06 04:27:27,413] {airflow-log-cleanup.py:49} INFO - ENABLE_DELETE_CHILD_LOG  True
[2021-09-06 04:27:27,418] {processor.py:623} INFO - DAG(s) dict_keys(['airflow-log-cleanup']) retrieved from /usr/local/airflow/dags/airflow-log-cleanup.py
[2021-09-06 04:27:27,424] {logging_mixin.py:109} INFO - [2021-09-06 04:27:27,424] {dag.py:1833} INFO - Sync 1 DAGs
[2021-09-06 04:27:27,435] {logging_mixin.py:109} INFO - [2021-09-06 04:27:27,435] {dag.py:2306} INFO - Setting next_dagrun for airflow-log-cleanup to 2021-09-05 00:00:00+00:00
[2021-09-06 04:27:27,443] {processor.py:170} INFO - Processing /usr/local/airflow/dags/airflow-log-cleanup.py took 0.097 seconds
[2021-09-06 04:27:58,009] {processor.py:162} INFO - Started process (PID=684) to work on /usr/local/airflow/dags/airflow-log-cleanup.py
[2021-09-06 04:27:58,010] {processor.py:613} INFO - Processing file /usr/local/airflow/dags/airflow-log-cleanup.py for tasks to queue
[2021-09-06 04:27:58,010] {logging_mixin.py:109} INFO - [2021-09-06 04:27:58,010] {dagbag.py:496} INFO - Filling up the DagBag from /usr/local/airflow/dags/airflow-log-cleanup.py
[2021-09-06 04:27:58,016] {logging_mixin.py:109} INFO - [2021-09-06 04:27:58,016] {configuration.py:365} WARNING - section/key [core/base_log_folder] not found in config
[2021-09-06 04:27:58,075] {logging_mixin.py:109} INFO - [2021-09-06 04:27:58,075] {airflow-log-cleanup.py:49} INFO - ENABLE_DELETE_CHILD_LOG  True
[2021-09-06 04:27:58,079] {processor.py:623} INFO - DAG(s) dict_keys(['airflow-log-cleanup']) retrieved from /usr/local/airflow/dags/airflow-log-cleanup.py
[2021-09-06 04:27:58,086] {logging_mixin.py:109} INFO - [2021-09-06 04:27:58,085] {dag.py:1833} INFO - Sync 1 DAGs
[2021-09-06 04:27:58,097] {logging_mixin.py:109} INFO - [2021-09-06 04:27:58,097] {dag.py:2306} INFO - Setting next_dagrun for airflow-log-cleanup to 2021-09-05 00:00:00+00:00
[2021-09-06 04:27:58,104] {processor.py:170} INFO - Processing /usr/local/airflow/dags/airflow-log-cleanup.py took 0.099 seconds
[2021-09-06 04:28:28,621] {processor.py:162} INFO - Started process (PID=750) to work on /usr/local/airflow/dags/airflow-log-cleanup.py
[2021-09-06 04:28:28,622] {processor.py:613} INFO - Processing file /usr/local/airflow/dags/airflow-log-cleanup.py for tasks to queue
[2021-09-06 04:28:28,623] {logging_mixin.py:109} INFO - [2021-09-06 04:28:28,623] {dagbag.py:496} INFO - Filling up the DagBag from /usr/local/airflow/dags/airflow-log-cleanup.py
[2021-09-06 04:28:28,630] {logging_mixin.py:109} INFO - [2021-09-06 04:28:28,630] {configuration.py:365} WARNING - section/key [core/base_log_folder] not found in config
[2021-09-06 04:28:28,689] {logging_mixin.py:109} INFO - [2021-09-06 04:28:28,689] {airflow-log-cleanup.py:49} INFO - ENABLE_DELETE_CHILD_LOG  True
[2021-09-06 04:28:28,694] {processor.py:623} INFO - DAG(s) dict_keys(['airflow-log-cleanup']) retrieved from /usr/local/airflow/dags/airflow-log-cleanup.py
[2021-09-06 04:28:28,701] {logging_mixin.py:109} INFO - [2021-09-06 04:28:28,701] {dag.py:1833} INFO - Sync 1 DAGs
[2021-09-06 04:28:28,713] {logging_mixin.py:109} INFO - [2021-09-06 04:28:28,713] {dag.py:2306} INFO - Setting next_dagrun for airflow-log-cleanup to 2021-09-05 00:00:00+00:00
[2021-09-06 04:28:28,721] {processor.py:170} INFO - Processing /usr/local/airflow/dags/airflow-log-cleanup.py took 0.103 seconds
[2021-09-06 04:28:59,229] {processor.py:162} INFO - Started process (PID=816) to work on /usr/local/airflow/dags/airflow-log-cleanup.py
[2021-09-06 04:28:59,230] {processor.py:613} INFO - Processing file /usr/local/airflow/dags/airflow-log-cleanup.py for tasks to queue
[2021-09-06 04:28:59,230] {logging_mixin.py:109} INFO - [2021-09-06 04:28:59,230] {dagbag.py:496} INFO - Filling up the DagBag from /usr/local/airflow/dags/airflow-log-cleanup.py
[2021-09-06 04:28:59,237] {logging_mixin.py:109} INFO - [2021-09-06 04:28:59,237] {configuration.py:365} WARNING - section/key [core/base_log_folder] not found in config
[2021-09-06 04:28:59,297] {logging_mixin.py:109} INFO - [2021-09-06 04:28:59,297] {airflow-log-cleanup.py:49} INFO - ENABLE_DELETE_CHILD_LOG  True
[2021-09-06 04:28:59,302] {processor.py:623} INFO - DAG(s) dict_keys(['airflow-log-cleanup']) retrieved from /usr/local/airflow/dags/airflow-log-cleanup.py
[2021-09-06 04:28:59,308] {logging_mixin.py:109} INFO - [2021-09-06 04:28:59,308] {dag.py:1833} INFO - Sync 1 DAGs
[2021-09-06 04:28:59,320] {logging_mixin.py:109} INFO - [2021-09-06 04:28:59,320] {dag.py:2306} INFO - Setting next_dagrun for airflow-log-cleanup to 2021-09-05 00:00:00+00:00
[2021-09-06 04:28:59,332] {processor.py:170} INFO - Processing /usr/local/airflow/dags/airflow-log-cleanup.py took 0.106 seconds
[2021-09-06 04:29:29,976] {processor.py:162} INFO - Started process (PID=882) to work on /usr/local/airflow/dags/airflow-log-cleanup.py
[2021-09-06 04:29:29,977] {processor.py:613} INFO - Processing file /usr/local/airflow/dags/airflow-log-cleanup.py for tasks to queue
[2021-09-06 04:29:29,977] {logging_mixin.py:109} INFO - [2021-09-06 04:29:29,977] {dagbag.py:496} INFO - Filling up the DagBag from /usr/local/airflow/dags/airflow-log-cleanup.py
[2021-09-06 04:29:29,983] {logging_mixin.py:109} INFO - [2021-09-06 04:29:29,983] {configuration.py:365} WARNING - section/key [core/base_log_folder] not found in config
[2021-09-06 04:29:30,037] {logging_mixin.py:109} INFO - [2021-09-06 04:29:30,037] {airflow-log-cleanup.py:49} INFO - ENABLE_DELETE_CHILD_LOG  True
[2021-09-06 04:29:30,041] {processor.py:623} INFO - DAG(s) dict_keys(['airflow-log-cleanup']) retrieved from /usr/local/airflow/dags/airflow-log-cleanup.py
[2021-09-06 04:29:30,048] {logging_mixin.py:109} INFO - [2021-09-06 04:29:30,048] {dag.py:1833} INFO - Sync 1 DAGs
[2021-09-06 04:29:30,059] {logging_mixin.py:109} INFO - [2021-09-06 04:29:30,059] {dag.py:2306} INFO - Setting next_dagrun for airflow-log-cleanup to 2021-09-05 00:00:00+00:00
[2021-09-06 04:29:30,066] {processor.py:170} INFO - Processing /usr/local/airflow/dags/airflow-log-cleanup.py took 0.094 seconds
[2021-09-06 04:30:00,557] {processor.py:162} INFO - Started process (PID=948) to work on /usr/local/airflow/dags/airflow-log-cleanup.py
[2021-09-06 04:30:00,558] {processor.py:613} INFO - Processing file /usr/local/airflow/dags/airflow-log-cleanup.py for tasks to queue
[2021-09-06 04:30:00,559] {logging_mixin.py:109} INFO - [2021-09-06 04:30:00,559] {dagbag.py:496} INFO - Filling up the DagBag from /usr/local/airflow/dags/airflow-log-cleanup.py
[2021-09-06 04:30:00,565] {logging_mixin.py:109} INFO - [2021-09-06 04:30:00,565] {configuration.py:365} WARNING - section/key [core/base_log_folder] not found in config
[2021-09-06 04:30:00,629] {logging_mixin.py:109} INFO - [2021-09-06 04:30:00,628] {airflow-log-cleanup.py:49} INFO - ENABLE_DELETE_CHILD_LOG  True
[2021-09-06 04:30:00,633] {processor.py:623} INFO - DAG(s) dict_keys(['airflow-log-cleanup']) retrieved from /usr/local/airflow/dags/airflow-log-cleanup.py
[2021-09-06 04:30:00,640] {logging_mixin.py:109} INFO - [2021-09-06 04:30:00,640] {dag.py:1833} INFO - Sync 1 DAGs
[2021-09-06 04:30:00,654] {logging_mixin.py:109} INFO - [2021-09-06 04:30:00,654] {dag.py:2306} INFO - Setting next_dagrun for airflow-log-cleanup to 2021-09-05 00:00:00+00:00
[2021-09-06 04:30:00,663] {processor.py:170} INFO - Processing /usr/local/airflow/dags/airflow-log-cleanup.py took 0.109 seconds
[2021-09-06 04:30:31,273] {processor.py:162} INFO - Started process (PID=1014) to work on /usr/local/airflow/dags/airflow-log-cleanup.py
[2021-09-06 04:30:31,274] {processor.py:613} INFO - Processing file /usr/local/airflow/dags/airflow-log-cleanup.py for tasks to queue
[2021-09-06 04:30:31,275] {logging_mixin.py:109} INFO - [2021-09-06 04:30:31,275] {dagbag.py:496} INFO - Filling up the DagBag from /usr/local/airflow/dags/airflow-log-cleanup.py
[2021-09-06 04:30:31,285] {logging_mixin.py:109} INFO - [2021-09-06 04:30:31,285] {configuration.py:365} WARNING - section/key [core/base_log_folder] not found in config
[2021-09-06 04:30:31,347] {logging_mixin.py:109} INFO - [2021-09-06 04:30:31,347] {airflow-log-cleanup.py:49} INFO - ENABLE_DELETE_CHILD_LOG  True
[2021-09-06 04:30:31,351] {processor.py:623} INFO - DAG(s) dict_keys(['airflow-log-cleanup']) retrieved from /usr/local/airflow/dags/airflow-log-cleanup.py
[2021-09-06 04:30:31,358] {logging_mixin.py:109} INFO - [2021-09-06 04:30:31,358] {dag.py:1833} INFO - Sync 1 DAGs
[2021-09-06 04:30:31,372] {logging_mixin.py:109} INFO - [2021-09-06 04:30:31,372] {dag.py:2306} INFO - Setting next_dagrun for airflow-log-cleanup to 2021-09-05 00:00:00+00:00
[2021-09-06 04:30:31,383] {processor.py:170} INFO - Processing /usr/local/airflow/dags/airflow-log-cleanup.py took 0.114 seconds
[2021-09-06 04:31:01,998] {processor.py:162} INFO - Started process (PID=1080) to work on /usr/local/airflow/dags/airflow-log-cleanup.py
[2021-09-06 04:31:01,999] {processor.py:613} INFO - Processing file /usr/local/airflow/dags/airflow-log-cleanup.py for tasks to queue
[2021-09-06 04:31:02,000] {logging_mixin.py:109} INFO - [2021-09-06 04:31:02,000] {dagbag.py:496} INFO - Filling up the DagBag from /usr/local/airflow/dags/airflow-log-cleanup.py
[2021-09-06 04:31:02,009] {logging_mixin.py:109} INFO - [2021-09-06 04:31:02,009] {configuration.py:365} WARNING - section/key [core/base_log_folder] not found in config
[2021-09-06 04:31:02,078] {logging_mixin.py:109} INFO - [2021-09-06 04:31:02,078] {airflow-log-cleanup.py:49} INFO - ENABLE_DELETE_CHILD_LOG  True
[2021-09-06 04:31:02,083] {processor.py:623} INFO - DAG(s) dict_keys(['airflow-log-cleanup']) retrieved from /usr/local/airflow/dags/airflow-log-cleanup.py
[2021-09-06 04:31:02,090] {logging_mixin.py:109} INFO - [2021-09-06 04:31:02,089] {dag.py:1833} INFO - Sync 1 DAGs
[2021-09-06 04:31:02,102] {logging_mixin.py:109} INFO - [2021-09-06 04:31:02,102] {dag.py:2306} INFO - Setting next_dagrun for airflow-log-cleanup to 2021-09-05 00:00:00+00:00
[2021-09-06 04:31:02,110] {processor.py:170} INFO - Processing /usr/local/airflow/dags/airflow-log-cleanup.py took 0.116 seconds
[2021-09-06 04:31:32,732] {processor.py:162} INFO - Started process (PID=1146) to work on /usr/local/airflow/dags/airflow-log-cleanup.py
[2021-09-06 04:31:32,733] {processor.py:613} INFO - Processing file /usr/local/airflow/dags/airflow-log-cleanup.py for tasks to queue
[2021-09-06 04:31:32,734] {logging_mixin.py:109} INFO - [2021-09-06 04:31:32,734] {dagbag.py:496} INFO - Filling up the DagBag from /usr/local/airflow/dags/airflow-log-cleanup.py
[2021-09-06 04:31:32,741] {logging_mixin.py:109} INFO - [2021-09-06 04:31:32,741] {configuration.py:365} WARNING - section/key [core/base_log_folder] not found in config
[2021-09-06 04:31:32,796] {logging_mixin.py:109} INFO - [2021-09-06 04:31:32,796] {airflow-log-cleanup.py:49} INFO - ENABLE_DELETE_CHILD_LOG  True
[2021-09-06 04:31:32,801] {processor.py:623} INFO - DAG(s) dict_keys(['airflow-log-cleanup']) retrieved from /usr/local/airflow/dags/airflow-log-cleanup.py
[2021-09-06 04:31:32,807] {logging_mixin.py:109} INFO - [2021-09-06 04:31:32,807] {dag.py:1833} INFO - Sync 1 DAGs
[2021-09-06 04:31:32,818] {logging_mixin.py:109} INFO - [2021-09-06 04:31:32,818] {dag.py:2306} INFO - Setting next_dagrun for airflow-log-cleanup to 2021-09-05 00:00:00+00:00
[2021-09-06 04:31:32,825] {processor.py:170} INFO - Processing /usr/local/airflow/dags/airflow-log-cleanup.py took 0.097 seconds
[2021-09-06 04:32:03,394] {processor.py:162} INFO - Started process (PID=1212) to work on /usr/local/airflow/dags/airflow-log-cleanup.py
[2021-09-06 04:32:03,396] {processor.py:613} INFO - Processing file /usr/local/airflow/dags/airflow-log-cleanup.py for tasks to queue
[2021-09-06 04:32:03,396] {logging_mixin.py:109} INFO - [2021-09-06 04:32:03,396] {dagbag.py:496} INFO - Filling up the DagBag from /usr/local/airflow/dags/airflow-log-cleanup.py
[2021-09-06 04:32:03,402] {logging_mixin.py:109} INFO - [2021-09-06 04:32:03,402] {configuration.py:365} WARNING - section/key [core/base_log_folder] not found in config
[2021-09-06 04:32:03,461] {logging_mixin.py:109} INFO - [2021-09-06 04:32:03,460] {airflow-log-cleanup.py:49} INFO - ENABLE_DELETE_CHILD_LOG  True
[2021-09-06 04:32:03,465] {processor.py:623} INFO - DAG(s) dict_keys(['airflow-log-cleanup']) retrieved from /usr/local/airflow/dags/airflow-log-cleanup.py
[2021-09-06 04:32:03,472] {logging_mixin.py:109} INFO - [2021-09-06 04:32:03,472] {dag.py:1833} INFO - Sync 1 DAGs
[2021-09-06 04:32:03,484] {logging_mixin.py:109} INFO - [2021-09-06 04:32:03,484] {dag.py:2306} INFO - Setting next_dagrun for airflow-log-cleanup to 2021-09-05 00:00:00+00:00
[2021-09-06 04:32:03,501] {processor.py:170} INFO - Processing /usr/local/airflow/dags/airflow-log-cleanup.py took 0.110 seconds
[2021-09-06 04:32:34,085] {processor.py:162} INFO - Started process (PID=1278) to work on /usr/local/airflow/dags/airflow-log-cleanup.py
[2021-09-06 04:32:34,086] {processor.py:613} INFO - Processing file /usr/local/airflow/dags/airflow-log-cleanup.py for tasks to queue
[2021-09-06 04:32:34,087] {logging_mixin.py:109} INFO - [2021-09-06 04:32:34,087] {dagbag.py:496} INFO - Filling up the DagBag from /usr/local/airflow/dags/airflow-log-cleanup.py
[2021-09-06 04:32:34,094] {logging_mixin.py:109} INFO - [2021-09-06 04:32:34,094] {configuration.py:365} WARNING - section/key [core/base_log_folder] not found in config
[2021-09-06 04:32:34,155] {logging_mixin.py:109} INFO - [2021-09-06 04:32:34,155] {airflow-log-cleanup.py:49} INFO - ENABLE_DELETE_CHILD_LOG  True
[2021-09-06 04:32:34,159] {processor.py:623} INFO - DAG(s) dict_keys(['airflow-log-cleanup']) retrieved from /usr/local/airflow/dags/airflow-log-cleanup.py
[2021-09-06 04:32:34,166] {logging_mixin.py:109} INFO - [2021-09-06 04:32:34,166] {dag.py:1833} INFO - Sync 1 DAGs
[2021-09-06 04:32:34,178] {logging_mixin.py:109} INFO - [2021-09-06 04:32:34,178] {dag.py:2306} INFO - Setting next_dagrun for airflow-log-cleanup to 2021-09-05 00:00:00+00:00
[2021-09-06 04:32:34,186] {processor.py:170} INFO - Processing /usr/local/airflow/dags/airflow-log-cleanup.py took 0.105 seconds
[2021-09-06 04:33:04,820] {processor.py:162} INFO - Started process (PID=1345) to work on /usr/local/airflow/dags/airflow-log-cleanup.py
[2021-09-06 04:33:04,822] {processor.py:613} INFO - Processing file /usr/local/airflow/dags/airflow-log-cleanup.py for tasks to queue
[2021-09-06 04:33:04,823] {logging_mixin.py:109} INFO - [2021-09-06 04:33:04,822] {dagbag.py:496} INFO - Filling up the DagBag from /usr/local/airflow/dags/airflow-log-cleanup.py
[2021-09-06 04:33:04,831] {logging_mixin.py:109} INFO - [2021-09-06 04:33:04,831] {configuration.py:365} WARNING - section/key [core/base_log_folder] not found in config
[2021-09-06 04:33:04,888] {logging_mixin.py:109} INFO - [2021-09-06 04:33:04,888] {airflow-log-cleanup.py:49} INFO - ENABLE_DELETE_CHILD_LOG  True
[2021-09-06 04:33:04,892] {processor.py:623} INFO - DAG(s) dict_keys(['airflow-log-cleanup']) retrieved from /usr/local/airflow/dags/airflow-log-cleanup.py
[2021-09-06 04:33:04,899] {logging_mixin.py:109} INFO - [2021-09-06 04:33:04,898] {dag.py:1833} INFO - Sync 1 DAGs
[2021-09-06 04:33:04,909] {logging_mixin.py:109} INFO - [2021-09-06 04:33:04,909] {dag.py:2306} INFO - Setting next_dagrun for airflow-log-cleanup to 2021-09-05 00:00:00+00:00
[2021-09-06 04:33:04,930] {processor.py:170} INFO - Processing /usr/local/airflow/dags/airflow-log-cleanup.py took 0.113 seconds
[2021-09-06 04:33:35,432] {processor.py:162} INFO - Started process (PID=1411) to work on /usr/local/airflow/dags/airflow-log-cleanup.py
[2021-09-06 04:33:35,433] {processor.py:613} INFO - Processing file /usr/local/airflow/dags/airflow-log-cleanup.py for tasks to queue
[2021-09-06 04:33:35,433] {logging_mixin.py:109} INFO - [2021-09-06 04:33:35,433] {dagbag.py:496} INFO - Filling up the DagBag from /usr/local/airflow/dags/airflow-log-cleanup.py
[2021-09-06 04:33:35,441] {logging_mixin.py:109} INFO - [2021-09-06 04:33:35,441] {configuration.py:365} WARNING - section/key [core/base_log_folder] not found in config
[2021-09-06 04:33:35,498] {logging_mixin.py:109} INFO - [2021-09-06 04:33:35,498] {airflow-log-cleanup.py:49} INFO - ENABLE_DELETE_CHILD_LOG  True
[2021-09-06 04:33:35,503] {processor.py:623} INFO - DAG(s) dict_keys(['airflow-log-cleanup']) retrieved from /usr/local/airflow/dags/airflow-log-cleanup.py
[2021-09-06 04:33:35,509] {logging_mixin.py:109} INFO - [2021-09-06 04:33:35,509] {dag.py:1833} INFO - Sync 1 DAGs
[2021-09-06 04:33:35,523] {logging_mixin.py:109} INFO - [2021-09-06 04:33:35,523] {dag.py:2306} INFO - Setting next_dagrun for airflow-log-cleanup to 2021-09-05 00:00:00+00:00
[2021-09-06 04:33:35,531] {processor.py:170} INFO - Processing /usr/local/airflow/dags/airflow-log-cleanup.py took 0.103 seconds
[2021-09-06 04:34:06,057] {processor.py:162} INFO - Started process (PID=1477) to work on /usr/local/airflow/dags/airflow-log-cleanup.py
[2021-09-06 04:34:06,058] {processor.py:613} INFO - Processing file /usr/local/airflow/dags/airflow-log-cleanup.py for tasks to queue
[2021-09-06 04:34:06,059] {logging_mixin.py:109} INFO - [2021-09-06 04:34:06,059] {dagbag.py:496} INFO - Filling up the DagBag from /usr/local/airflow/dags/airflow-log-cleanup.py
[2021-09-06 04:34:06,067] {logging_mixin.py:109} INFO - [2021-09-06 04:34:06,067] {configuration.py:365} WARNING - section/key [core/base_log_folder] not found in config
[2021-09-06 04:34:06,124] {logging_mixin.py:109} INFO - [2021-09-06 04:34:06,124] {airflow-log-cleanup.py:49} INFO - ENABLE_DELETE_CHILD_LOG  True
[2021-09-06 04:34:06,128] {processor.py:623} INFO - DAG(s) dict_keys(['airflow-log-cleanup']) retrieved from /usr/local/airflow/dags/airflow-log-cleanup.py
[2021-09-06 04:34:06,134] {logging_mixin.py:109} INFO - [2021-09-06 04:34:06,134] {dag.py:1833} INFO - Sync 1 DAGs
[2021-09-06 04:34:06,145] {logging_mixin.py:109} INFO - [2021-09-06 04:34:06,145] {dag.py:2306} INFO - Setting next_dagrun for airflow-log-cleanup to 2021-09-05 00:00:00+00:00
[2021-09-06 04:34:06,153] {processor.py:170} INFO - Processing /usr/local/airflow/dags/airflow-log-cleanup.py took 0.100 seconds
[2021-09-06 04:34:36,722] {processor.py:162} INFO - Started process (PID=1543) to work on /usr/local/airflow/dags/airflow-log-cleanup.py
[2021-09-06 04:34:36,724] {processor.py:613} INFO - Processing file /usr/local/airflow/dags/airflow-log-cleanup.py for tasks to queue
[2021-09-06 04:34:36,724] {logging_mixin.py:109} INFO - [2021-09-06 04:34:36,724] {dagbag.py:496} INFO - Filling up the DagBag from /usr/local/airflow/dags/airflow-log-cleanup.py
[2021-09-06 04:34:36,731] {logging_mixin.py:109} INFO - [2021-09-06 04:34:36,731] {configuration.py:365} WARNING - section/key [core/base_log_folder] not found in config
[2021-09-06 04:34:36,797] {logging_mixin.py:109} INFO - [2021-09-06 04:34:36,797] {airflow-log-cleanup.py:49} INFO - ENABLE_DELETE_CHILD_LOG  True
[2021-09-06 04:34:36,801] {processor.py:623} INFO - DAG(s) dict_keys(['airflow-log-cleanup']) retrieved from /usr/local/airflow/dags/airflow-log-cleanup.py
[2021-09-06 04:34:36,808] {logging_mixin.py:109} INFO - [2021-09-06 04:34:36,808] {dag.py:1833} INFO - Sync 1 DAGs
[2021-09-06 04:34:36,819] {logging_mixin.py:109} INFO - [2021-09-06 04:34:36,819] {dag.py:2306} INFO - Setting next_dagrun for airflow-log-cleanup to 2021-09-05 00:00:00+00:00
[2021-09-06 04:34:36,826] {processor.py:170} INFO - Processing /usr/local/airflow/dags/airflow-log-cleanup.py took 0.108 seconds
[2021-09-06 04:35:07,388] {processor.py:162} INFO - Started process (PID=1609) to work on /usr/local/airflow/dags/airflow-log-cleanup.py
[2021-09-06 04:35:07,390] {processor.py:613} INFO - Processing file /usr/local/airflow/dags/airflow-log-cleanup.py for tasks to queue
[2021-09-06 04:35:07,391] {logging_mixin.py:109} INFO - [2021-09-06 04:35:07,390] {dagbag.py:496} INFO - Filling up the DagBag from /usr/local/airflow/dags/airflow-log-cleanup.py
[2021-09-06 04:35:07,398] {logging_mixin.py:109} INFO - [2021-09-06 04:35:07,398] {configuration.py:365} WARNING - section/key [core/base_log_folder] not found in config
[2021-09-06 04:35:07,463] {logging_mixin.py:109} INFO - [2021-09-06 04:35:07,463] {airflow-log-cleanup.py:49} INFO - ENABLE_DELETE_CHILD_LOG  True
[2021-09-06 04:35:07,468] {processor.py:623} INFO - DAG(s) dict_keys(['airflow-log-cleanup']) retrieved from /usr/local/airflow/dags/airflow-log-cleanup.py
[2021-09-06 04:35:07,474] {logging_mixin.py:109} INFO - [2021-09-06 04:35:07,474] {dag.py:1833} INFO - Sync 1 DAGs
[2021-09-06 04:35:07,485] {logging_mixin.py:109} INFO - [2021-09-06 04:35:07,485] {dag.py:2306} INFO - Setting next_dagrun for airflow-log-cleanup to 2021-09-05 00:00:00+00:00
[2021-09-06 04:35:07,493] {processor.py:170} INFO - Processing /usr/local/airflow/dags/airflow-log-cleanup.py took 0.108 seconds
[2021-09-06 04:35:38,080] {processor.py:162} INFO - Started process (PID=1676) to work on /usr/local/airflow/dags/airflow-log-cleanup.py
[2021-09-06 04:35:38,081] {processor.py:613} INFO - Processing file /usr/local/airflow/dags/airflow-log-cleanup.py for tasks to queue
[2021-09-06 04:35:38,082] {logging_mixin.py:109} INFO - [2021-09-06 04:35:38,082] {dagbag.py:496} INFO - Filling up the DagBag from /usr/local/airflow/dags/airflow-log-cleanup.py
[2021-09-06 04:35:38,091] {logging_mixin.py:109} INFO - [2021-09-06 04:35:38,090] {configuration.py:365} WARNING - section/key [core/base_log_folder] not found in config
[2021-09-06 04:35:38,189] {logging_mixin.py:109} INFO - [2021-09-06 04:35:38,189] {airflow-log-cleanup.py:49} INFO - ENABLE_DELETE_CHILD_LOG  True
[2021-09-06 04:35:38,199] {processor.py:623} INFO - DAG(s) dict_keys(['airflow-log-cleanup']) retrieved from /usr/local/airflow/dags/airflow-log-cleanup.py
[2021-09-06 04:35:38,214] {logging_mixin.py:109} INFO - [2021-09-06 04:35:38,214] {dag.py:1833} INFO - Sync 1 DAGs
[2021-09-06 04:35:38,238] {logging_mixin.py:109} INFO - [2021-09-06 04:35:38,238] {dag.py:2306} INFO - Setting next_dagrun for airflow-log-cleanup to 2021-09-05 00:00:00+00:00
[2021-09-06 04:35:38,263] {processor.py:170} INFO - Processing /usr/local/airflow/dags/airflow-log-cleanup.py took 0.186 seconds
[2021-09-06 04:36:08,917] {processor.py:162} INFO - Started process (PID=1742) to work on /usr/local/airflow/dags/airflow-log-cleanup.py
[2021-09-06 04:36:08,918] {processor.py:613} INFO - Processing file /usr/local/airflow/dags/airflow-log-cleanup.py for tasks to queue
[2021-09-06 04:36:08,919] {logging_mixin.py:109} INFO - [2021-09-06 04:36:08,919] {dagbag.py:496} INFO - Filling up the DagBag from /usr/local/airflow/dags/airflow-log-cleanup.py
[2021-09-06 04:36:08,925] {logging_mixin.py:109} INFO - [2021-09-06 04:36:08,925] {configuration.py:365} WARNING - section/key [core/base_log_folder] not found in config
[2021-09-06 04:36:08,984] {logging_mixin.py:109} INFO - [2021-09-06 04:36:08,984] {airflow-log-cleanup.py:49} INFO - ENABLE_DELETE_CHILD_LOG  True
[2021-09-06 04:36:08,988] {processor.py:623} INFO - DAG(s) dict_keys(['airflow-log-cleanup']) retrieved from /usr/local/airflow/dags/airflow-log-cleanup.py
[2021-09-06 04:36:08,994] {logging_mixin.py:109} INFO - [2021-09-06 04:36:08,994] {dag.py:1833} INFO - Sync 1 DAGs
[2021-09-06 04:36:09,006] {logging_mixin.py:109} INFO - [2021-09-06 04:36:09,005] {dag.py:2306} INFO - Setting next_dagrun for airflow-log-cleanup to 2021-09-05 00:00:00+00:00
[2021-09-06 04:36:09,013] {processor.py:170} INFO - Processing /usr/local/airflow/dags/airflow-log-cleanup.py took 0.099 seconds
[2021-09-06 04:36:39,580] {processor.py:162} INFO - Started process (PID=1809) to work on /usr/local/airflow/dags/airflow-log-cleanup.py
[2021-09-06 04:36:39,582] {processor.py:613} INFO - Processing file /usr/local/airflow/dags/airflow-log-cleanup.py for tasks to queue
[2021-09-06 04:36:39,582] {logging_mixin.py:109} INFO - [2021-09-06 04:36:39,582] {dagbag.py:496} INFO - Filling up the DagBag from /usr/local/airflow/dags/airflow-log-cleanup.py
[2021-09-06 04:36:39,590] {logging_mixin.py:109} INFO - [2021-09-06 04:36:39,590] {configuration.py:365} WARNING - section/key [core/base_log_folder] not found in config
[2021-09-06 04:36:39,649] {logging_mixin.py:109} INFO - [2021-09-06 04:36:39,649] {airflow-log-cleanup.py:49} INFO - ENABLE_DELETE_CHILD_LOG  True
[2021-09-06 04:36:39,654] {processor.py:623} INFO - DAG(s) dict_keys(['airflow-log-cleanup']) retrieved from /usr/local/airflow/dags/airflow-log-cleanup.py
[2021-09-06 04:36:39,660] {logging_mixin.py:109} INFO - [2021-09-06 04:36:39,660] {dag.py:1833} INFO - Sync 1 DAGs
[2021-09-06 04:36:39,673] {logging_mixin.py:109} INFO - [2021-09-06 04:36:39,673] {dag.py:2306} INFO - Setting next_dagrun for airflow-log-cleanup to 2021-09-05 00:00:00+00:00
[2021-09-06 04:36:39,681] {processor.py:170} INFO - Processing /usr/local/airflow/dags/airflow-log-cleanup.py took 0.105 seconds
[2021-09-06 04:37:10,182] {processor.py:162} INFO - Started process (PID=1875) to work on /usr/local/airflow/dags/airflow-log-cleanup.py
[2021-09-06 04:37:10,183] {processor.py:613} INFO - Processing file /usr/local/airflow/dags/airflow-log-cleanup.py for tasks to queue
[2021-09-06 04:37:10,184] {logging_mixin.py:109} INFO - [2021-09-06 04:37:10,184] {dagbag.py:496} INFO - Filling up the DagBag from /usr/local/airflow/dags/airflow-log-cleanup.py
[2021-09-06 04:37:10,189] {logging_mixin.py:109} INFO - [2021-09-06 04:37:10,189] {configuration.py:365} WARNING - section/key [core/base_log_folder] not found in config
[2021-09-06 04:37:10,249] {logging_mixin.py:109} INFO - [2021-09-06 04:37:10,249] {airflow-log-cleanup.py:49} INFO - ENABLE_DELETE_CHILD_LOG  True
[2021-09-06 04:37:10,253] {processor.py:623} INFO - DAG(s) dict_keys(['airflow-log-cleanup']) retrieved from /usr/local/airflow/dags/airflow-log-cleanup.py
[2021-09-06 04:37:10,261] {logging_mixin.py:109} INFO - [2021-09-06 04:37:10,260] {dag.py:1833} INFO - Sync 1 DAGs
[2021-09-06 04:37:10,273] {logging_mixin.py:109} INFO - [2021-09-06 04:37:10,272] {dag.py:2306} INFO - Setting next_dagrun for airflow-log-cleanup to 2021-09-05 00:00:00+00:00
[2021-09-06 04:37:10,286] {processor.py:170} INFO - Processing /usr/local/airflow/dags/airflow-log-cleanup.py took 0.106 seconds
[2021-09-06 04:37:40,801] {processor.py:162} INFO - Started process (PID=1941) to work on /usr/local/airflow/dags/airflow-log-cleanup.py
[2021-09-06 04:37:40,802] {processor.py:613} INFO - Processing file /usr/local/airflow/dags/airflow-log-cleanup.py for tasks to queue
[2021-09-06 04:37:40,802] {logging_mixin.py:109} INFO - [2021-09-06 04:37:40,802] {dagbag.py:496} INFO - Filling up the DagBag from /usr/local/airflow/dags/airflow-log-cleanup.py
[2021-09-06 04:37:40,808] {logging_mixin.py:109} INFO - [2021-09-06 04:37:40,808] {configuration.py:365} WARNING - section/key [core/base_log_folder] not found in config
[2021-09-06 04:37:40,867] {logging_mixin.py:109} INFO - [2021-09-06 04:37:40,867] {airflow-log-cleanup.py:49} INFO - ENABLE_DELETE_CHILD_LOG  True
[2021-09-06 04:37:40,871] {processor.py:623} INFO - DAG(s) dict_keys(['airflow-log-cleanup']) retrieved from /usr/local/airflow/dags/airflow-log-cleanup.py
[2021-09-06 04:37:40,878] {logging_mixin.py:109} INFO - [2021-09-06 04:37:40,877] {dag.py:1833} INFO - Sync 1 DAGs
[2021-09-06 04:37:40,889] {logging_mixin.py:109} INFO - [2021-09-06 04:37:40,889] {dag.py:2306} INFO - Setting next_dagrun for airflow-log-cleanup to 2021-09-05 00:00:00+00:00
[2021-09-06 04:37:40,901] {processor.py:170} INFO - Processing /usr/local/airflow/dags/airflow-log-cleanup.py took 0.104 seconds
[2021-09-06 04:38:11,481] {processor.py:162} INFO - Started process (PID=2007) to work on /usr/local/airflow/dags/airflow-log-cleanup.py
[2021-09-06 04:38:11,482] {processor.py:613} INFO - Processing file /usr/local/airflow/dags/airflow-log-cleanup.py for tasks to queue
[2021-09-06 04:38:11,482] {logging_mixin.py:109} INFO - [2021-09-06 04:38:11,482] {dagbag.py:496} INFO - Filling up the DagBag from /usr/local/airflow/dags/airflow-log-cleanup.py
[2021-09-06 04:38:11,488] {logging_mixin.py:109} INFO - [2021-09-06 04:38:11,488] {configuration.py:365} WARNING - section/key [core/base_log_folder] not found in config
[2021-09-06 04:38:11,547] {logging_mixin.py:109} INFO - [2021-09-06 04:38:11,547] {airflow-log-cleanup.py:49} INFO - ENABLE_DELETE_CHILD_LOG  True
[2021-09-06 04:38:11,551] {processor.py:623} INFO - DAG(s) dict_keys(['airflow-log-cleanup']) retrieved from /usr/local/airflow/dags/airflow-log-cleanup.py
[2021-09-06 04:38:11,558] {logging_mixin.py:109} INFO - [2021-09-06 04:38:11,558] {dag.py:1833} INFO - Sync 1 DAGs
[2021-09-06 04:38:11,570] {logging_mixin.py:109} INFO - [2021-09-06 04:38:11,570] {dag.py:2306} INFO - Setting next_dagrun for airflow-log-cleanup to 2021-09-05 00:00:00+00:00
[2021-09-06 04:38:11,578] {processor.py:170} INFO - Processing /usr/local/airflow/dags/airflow-log-cleanup.py took 0.100 seconds
[2021-09-06 04:38:42,154] {processor.py:162} INFO - Started process (PID=2073) to work on /usr/local/airflow/dags/airflow-log-cleanup.py
[2021-09-06 04:38:42,155] {processor.py:613} INFO - Processing file /usr/local/airflow/dags/airflow-log-cleanup.py for tasks to queue
[2021-09-06 04:38:42,156] {logging_mixin.py:109} INFO - [2021-09-06 04:38:42,156] {dagbag.py:496} INFO - Filling up the DagBag from /usr/local/airflow/dags/airflow-log-cleanup.py
[2021-09-06 04:38:42,164] {logging_mixin.py:109} INFO - [2021-09-06 04:38:42,164] {configuration.py:365} WARNING - section/key [core/base_log_folder] not found in config
[2021-09-06 04:38:42,222] {logging_mixin.py:109} INFO - [2021-09-06 04:38:42,222] {airflow-log-cleanup.py:49} INFO - ENABLE_DELETE_CHILD_LOG  True
[2021-09-06 04:38:42,226] {processor.py:623} INFO - DAG(s) dict_keys(['airflow-log-cleanup']) retrieved from /usr/local/airflow/dags/airflow-log-cleanup.py
[2021-09-06 04:38:42,233] {logging_mixin.py:109} INFO - [2021-09-06 04:38:42,233] {dag.py:1833} INFO - Sync 1 DAGs
[2021-09-06 04:38:42,245] {logging_mixin.py:109} INFO - [2021-09-06 04:38:42,245] {dag.py:2306} INFO - Setting next_dagrun for airflow-log-cleanup to 2021-09-05 00:00:00+00:00
[2021-09-06 04:38:42,258] {processor.py:170} INFO - Processing /usr/local/airflow/dags/airflow-log-cleanup.py took 0.108 seconds
[2021-09-06 04:39:12,767] {processor.py:162} INFO - Started process (PID=2139) to work on /usr/local/airflow/dags/airflow-log-cleanup.py
[2021-09-06 04:39:12,768] {processor.py:613} INFO - Processing file /usr/local/airflow/dags/airflow-log-cleanup.py for tasks to queue
[2021-09-06 04:39:12,769] {logging_mixin.py:109} INFO - [2021-09-06 04:39:12,769] {dagbag.py:496} INFO - Filling up the DagBag from /usr/local/airflow/dags/airflow-log-cleanup.py
[2021-09-06 04:39:12,775] {logging_mixin.py:109} INFO - [2021-09-06 04:39:12,775] {configuration.py:365} WARNING - section/key [core/base_log_folder] not found in config
[2021-09-06 04:39:12,837] {logging_mixin.py:109} INFO - [2021-09-06 04:39:12,837] {airflow-log-cleanup.py:49} INFO - ENABLE_DELETE_CHILD_LOG  True
[2021-09-06 04:39:12,842] {processor.py:623} INFO - DAG(s) dict_keys(['airflow-log-cleanup']) retrieved from /usr/local/airflow/dags/airflow-log-cleanup.py
[2021-09-06 04:39:12,849] {logging_mixin.py:109} INFO - [2021-09-06 04:39:12,848] {dag.py:1833} INFO - Sync 1 DAGs
[2021-09-06 04:39:12,862] {logging_mixin.py:109} INFO - [2021-09-06 04:39:12,862] {dag.py:2306} INFO - Setting next_dagrun for airflow-log-cleanup to 2021-09-05 00:00:00+00:00
[2021-09-06 04:39:12,873] {processor.py:170} INFO - Processing /usr/local/airflow/dags/airflow-log-cleanup.py took 0.110 seconds
[2021-09-06 04:39:43,464] {processor.py:162} INFO - Started process (PID=2205) to work on /usr/local/airflow/dags/airflow-log-cleanup.py
[2021-09-06 04:39:43,465] {processor.py:613} INFO - Processing file /usr/local/airflow/dags/airflow-log-cleanup.py for tasks to queue
[2021-09-06 04:39:43,465] {logging_mixin.py:109} INFO - [2021-09-06 04:39:43,465] {dagbag.py:496} INFO - Filling up the DagBag from /usr/local/airflow/dags/airflow-log-cleanup.py
[2021-09-06 04:39:43,470] {logging_mixin.py:109} INFO - [2021-09-06 04:39:43,470] {configuration.py:365} WARNING - section/key [core/base_log_folder] not found in config
[2021-09-06 04:39:43,524] {logging_mixin.py:109} INFO - [2021-09-06 04:39:43,523] {airflow-log-cleanup.py:49} INFO - ENABLE_DELETE_CHILD_LOG  True
[2021-09-06 04:39:43,528] {processor.py:623} INFO - DAG(s) dict_keys(['airflow-log-cleanup']) retrieved from /usr/local/airflow/dags/airflow-log-cleanup.py
[2021-09-06 04:39:43,534] {logging_mixin.py:109} INFO - [2021-09-06 04:39:43,534] {dag.py:1833} INFO - Sync 1 DAGs
[2021-09-06 04:39:43,545] {logging_mixin.py:109} INFO - [2021-09-06 04:39:43,545] {dag.py:2306} INFO - Setting next_dagrun for airflow-log-cleanup to 2021-09-05 00:00:00+00:00
[2021-09-06 04:39:43,562] {processor.py:170} INFO - Processing /usr/local/airflow/dags/airflow-log-cleanup.py took 0.101 seconds
[2021-09-06 04:40:14,161] {processor.py:162} INFO - Started process (PID=2271) to work on /usr/local/airflow/dags/airflow-log-cleanup.py
[2021-09-06 04:40:14,162] {processor.py:613} INFO - Processing file /usr/local/airflow/dags/airflow-log-cleanup.py for tasks to queue
[2021-09-06 04:40:14,162] {logging_mixin.py:109} INFO - [2021-09-06 04:40:14,162] {dagbag.py:496} INFO - Filling up the DagBag from /usr/local/airflow/dags/airflow-log-cleanup.py
[2021-09-06 04:40:14,169] {logging_mixin.py:109} INFO - [2021-09-06 04:40:14,168] {configuration.py:365} WARNING - section/key [core/base_log_folder] not found in config
[2021-09-06 04:40:14,227] {logging_mixin.py:109} INFO - [2021-09-06 04:40:14,227] {airflow-log-cleanup.py:49} INFO - ENABLE_DELETE_CHILD_LOG  True
[2021-09-06 04:40:14,232] {processor.py:623} INFO - DAG(s) dict_keys(['airflow-log-cleanup']) retrieved from /usr/local/airflow/dags/airflow-log-cleanup.py
[2021-09-06 04:40:14,238] {logging_mixin.py:109} INFO - [2021-09-06 04:40:14,238] {dag.py:1833} INFO - Sync 1 DAGs
[2021-09-06 04:40:14,251] {logging_mixin.py:109} INFO - [2021-09-06 04:40:14,251] {dag.py:2306} INFO - Setting next_dagrun for airflow-log-cleanup to 2021-09-05 00:00:00+00:00
[2021-09-06 04:40:14,265] {processor.py:170} INFO - Processing /usr/local/airflow/dags/airflow-log-cleanup.py took 0.108 seconds
