[2021-09-06 04:24:23,933] {processor.py:162} INFO - Started process (PID=211) to work on /usr/local/airflow/dags/airflow-backup-configs.py
[2021-09-06 04:24:23,934] {processor.py:613} INFO - Processing file /usr/local/airflow/dags/airflow-backup-configs.py for tasks to queue
[2021-09-06 04:24:23,935] {logging_mixin.py:109} INFO - [2021-09-06 04:24:23,934] {dagbag.py:496} INFO - Filling up the DagBag from /usr/local/airflow/dags/airflow-backup-configs.py
[2021-09-06 04:24:23,951] {logging_mixin.py:109} INFO - [2021-09-06 04:24:23,950] {configuration.py:365} WARNING - section/key [core/base_log_folder] not found in config
[2021-09-06 04:24:23,957] {processor.py:623} INFO - DAG(s) dict_keys(['airflow-backup-configs']) retrieved from /usr/local/airflow/dags/airflow-backup-configs.py
[2021-09-06 04:24:23,959] {logging_mixin.py:109} INFO - [2021-09-06 04:24:23,959] {dag.py:1833} INFO - Sync 1 DAGs
[2021-09-06 04:24:23,972] {logging_mixin.py:109} INFO - [2021-09-06 04:24:23,972] {dag.py:2306} INFO - Setting next_dagrun for airflow-backup-configs to 2021-09-05 00:00:00+00:00
[2021-09-06 04:24:23,979] {processor.py:170} INFO - Processing /usr/local/airflow/dags/airflow-backup-configs.py took 0.048 seconds
[2021-09-06 04:24:54,559] {processor.py:162} INFO - Started process (PID=325) to work on /usr/local/airflow/dags/airflow-backup-configs.py
[2021-09-06 04:24:54,560] {processor.py:613} INFO - Processing file /usr/local/airflow/dags/airflow-backup-configs.py for tasks to queue
[2021-09-06 04:24:54,560] {logging_mixin.py:109} INFO - [2021-09-06 04:24:54,560] {dagbag.py:496} INFO - Filling up the DagBag from /usr/local/airflow/dags/airflow-backup-configs.py
[2021-09-06 04:24:54,573] {logging_mixin.py:109} INFO - [2021-09-06 04:24:54,573] {configuration.py:365} WARNING - section/key [core/base_log_folder] not found in config
[2021-09-06 04:24:54,576] {processor.py:623} INFO - DAG(s) dict_keys(['airflow-backup-configs']) retrieved from /usr/local/airflow/dags/airflow-backup-configs.py
[2021-09-06 04:24:54,583] {logging_mixin.py:109} INFO - [2021-09-06 04:24:54,583] {dag.py:1833} INFO - Sync 1 DAGs
[2021-09-06 04:24:54,593] {logging_mixin.py:109} INFO - [2021-09-06 04:24:54,593] {dag.py:2306} INFO - Setting next_dagrun for airflow-backup-configs to 2021-09-05 00:00:00+00:00
[2021-09-06 04:24:54,599] {processor.py:170} INFO - Processing /usr/local/airflow/dags/airflow-backup-configs.py took 0.042 seconds
[2021-09-06 04:25:25,253] {processor.py:162} INFO - Started process (PID=391) to work on /usr/local/airflow/dags/airflow-backup-configs.py
[2021-09-06 04:25:25,254] {processor.py:613} INFO - Processing file /usr/local/airflow/dags/airflow-backup-configs.py for tasks to queue
[2021-09-06 04:25:25,254] {logging_mixin.py:109} INFO - [2021-09-06 04:25:25,254] {dagbag.py:496} INFO - Filling up the DagBag from /usr/local/airflow/dags/airflow-backup-configs.py
[2021-09-06 04:25:25,270] {logging_mixin.py:109} INFO - [2021-09-06 04:25:25,270] {configuration.py:365} WARNING - section/key [core/base_log_folder] not found in config
[2021-09-06 04:25:25,275] {processor.py:623} INFO - DAG(s) dict_keys(['airflow-backup-configs']) retrieved from /usr/local/airflow/dags/airflow-backup-configs.py
[2021-09-06 04:25:25,283] {logging_mixin.py:109} INFO - [2021-09-06 04:25:25,283] {dag.py:1833} INFO - Sync 1 DAGs
[2021-09-06 04:25:25,293] {logging_mixin.py:109} INFO - [2021-09-06 04:25:25,293] {dag.py:2306} INFO - Setting next_dagrun for airflow-backup-configs to 2021-09-05 00:00:00+00:00
[2021-09-06 04:25:25,300] {processor.py:170} INFO - Processing /usr/local/airflow/dags/airflow-backup-configs.py took 0.050 seconds
[2021-09-06 04:25:55,885] {processor.py:162} INFO - Started process (PID=457) to work on /usr/local/airflow/dags/airflow-backup-configs.py
[2021-09-06 04:25:55,886] {processor.py:613} INFO - Processing file /usr/local/airflow/dags/airflow-backup-configs.py for tasks to queue
[2021-09-06 04:25:55,886] {logging_mixin.py:109} INFO - [2021-09-06 04:25:55,886] {dagbag.py:496} INFO - Filling up the DagBag from /usr/local/airflow/dags/airflow-backup-configs.py
[2021-09-06 04:25:55,899] {logging_mixin.py:109} INFO - [2021-09-06 04:25:55,899] {configuration.py:365} WARNING - section/key [core/base_log_folder] not found in config
[2021-09-06 04:25:55,903] {processor.py:623} INFO - DAG(s) dict_keys(['airflow-backup-configs']) retrieved from /usr/local/airflow/dags/airflow-backup-configs.py
[2021-09-06 04:25:55,909] {logging_mixin.py:109} INFO - [2021-09-06 04:25:55,909] {dag.py:1833} INFO - Sync 1 DAGs
[2021-09-06 04:25:55,922] {logging_mixin.py:109} INFO - [2021-09-06 04:25:55,921] {dag.py:2306} INFO - Setting next_dagrun for airflow-backup-configs to 2021-09-05 00:00:00+00:00
[2021-09-06 04:25:55,929] {processor.py:170} INFO - Processing /usr/local/airflow/dags/airflow-backup-configs.py took 0.046 seconds
[2021-09-06 04:26:26,488] {processor.py:162} INFO - Started process (PID=523) to work on /usr/local/airflow/dags/airflow-backup-configs.py
[2021-09-06 04:26:26,489] {processor.py:613} INFO - Processing file /usr/local/airflow/dags/airflow-backup-configs.py for tasks to queue
[2021-09-06 04:26:26,489] {logging_mixin.py:109} INFO - [2021-09-06 04:26:26,489] {dagbag.py:496} INFO - Filling up the DagBag from /usr/local/airflow/dags/airflow-backup-configs.py
[2021-09-06 04:26:26,505] {logging_mixin.py:109} INFO - [2021-09-06 04:26:26,505] {configuration.py:365} WARNING - section/key [core/base_log_folder] not found in config
[2021-09-06 04:26:26,509] {processor.py:623} INFO - DAG(s) dict_keys(['airflow-backup-configs']) retrieved from /usr/local/airflow/dags/airflow-backup-configs.py
[2021-09-06 04:26:26,516] {logging_mixin.py:109} INFO - [2021-09-06 04:26:26,516] {dag.py:1833} INFO - Sync 1 DAGs
[2021-09-06 04:26:26,526] {logging_mixin.py:109} INFO - [2021-09-06 04:26:26,526] {dag.py:2306} INFO - Setting next_dagrun for airflow-backup-configs to 2021-09-05 00:00:00+00:00
[2021-09-06 04:26:26,532] {processor.py:170} INFO - Processing /usr/local/airflow/dags/airflow-backup-configs.py took 0.046 seconds
[2021-09-06 04:26:57,129] {processor.py:162} INFO - Started process (PID=589) to work on /usr/local/airflow/dags/airflow-backup-configs.py
[2021-09-06 04:26:57,130] {processor.py:613} INFO - Processing file /usr/local/airflow/dags/airflow-backup-configs.py for tasks to queue
[2021-09-06 04:26:57,130] {logging_mixin.py:109} INFO - [2021-09-06 04:26:57,130] {dagbag.py:496} INFO - Filling up the DagBag from /usr/local/airflow/dags/airflow-backup-configs.py
[2021-09-06 04:26:57,144] {logging_mixin.py:109} INFO - [2021-09-06 04:26:57,144] {configuration.py:365} WARNING - section/key [core/base_log_folder] not found in config
[2021-09-06 04:26:57,147] {processor.py:623} INFO - DAG(s) dict_keys(['airflow-backup-configs']) retrieved from /usr/local/airflow/dags/airflow-backup-configs.py
[2021-09-06 04:26:57,154] {logging_mixin.py:109} INFO - [2021-09-06 04:26:57,154] {dag.py:1833} INFO - Sync 1 DAGs
[2021-09-06 04:26:57,164] {logging_mixin.py:109} INFO - [2021-09-06 04:26:57,164] {dag.py:2306} INFO - Setting next_dagrun for airflow-backup-configs to 2021-09-05 00:00:00+00:00
[2021-09-06 04:26:57,171] {processor.py:170} INFO - Processing /usr/local/airflow/dags/airflow-backup-configs.py took 0.044 seconds
[2021-09-06 04:27:27,753] {processor.py:162} INFO - Started process (PID=655) to work on /usr/local/airflow/dags/airflow-backup-configs.py
[2021-09-06 04:27:27,754] {processor.py:613} INFO - Processing file /usr/local/airflow/dags/airflow-backup-configs.py for tasks to queue
[2021-09-06 04:27:27,754] {logging_mixin.py:109} INFO - [2021-09-06 04:27:27,754] {dagbag.py:496} INFO - Filling up the DagBag from /usr/local/airflow/dags/airflow-backup-configs.py
[2021-09-06 04:27:27,769] {logging_mixin.py:109} INFO - [2021-09-06 04:27:27,769] {configuration.py:365} WARNING - section/key [core/base_log_folder] not found in config
[2021-09-06 04:27:27,772] {processor.py:623} INFO - DAG(s) dict_keys(['airflow-backup-configs']) retrieved from /usr/local/airflow/dags/airflow-backup-configs.py
[2021-09-06 04:27:27,778] {logging_mixin.py:109} INFO - [2021-09-06 04:27:27,778] {dag.py:1833} INFO - Sync 1 DAGs
[2021-09-06 04:27:27,789] {logging_mixin.py:109} INFO - [2021-09-06 04:27:27,789] {dag.py:2306} INFO - Setting next_dagrun for airflow-backup-configs to 2021-09-05 00:00:00+00:00
[2021-09-06 04:27:27,795] {processor.py:170} INFO - Processing /usr/local/airflow/dags/airflow-backup-configs.py took 0.044 seconds
[2021-09-06 04:27:58,383] {processor.py:162} INFO - Started process (PID=722) to work on /usr/local/airflow/dags/airflow-backup-configs.py
[2021-09-06 04:27:58,384] {processor.py:613} INFO - Processing file /usr/local/airflow/dags/airflow-backup-configs.py for tasks to queue
[2021-09-06 04:27:58,384] {logging_mixin.py:109} INFO - [2021-09-06 04:27:58,384] {dagbag.py:496} INFO - Filling up the DagBag from /usr/local/airflow/dags/airflow-backup-configs.py
[2021-09-06 04:27:58,397] {logging_mixin.py:109} INFO - [2021-09-06 04:27:58,397] {configuration.py:365} WARNING - section/key [core/base_log_folder] not found in config
[2021-09-06 04:27:58,401] {processor.py:623} INFO - DAG(s) dict_keys(['airflow-backup-configs']) retrieved from /usr/local/airflow/dags/airflow-backup-configs.py
[2021-09-06 04:27:58,407] {logging_mixin.py:109} INFO - [2021-09-06 04:27:58,407] {dag.py:1833} INFO - Sync 1 DAGs
[2021-09-06 04:27:58,418] {logging_mixin.py:109} INFO - [2021-09-06 04:27:58,417] {dag.py:2306} INFO - Setting next_dagrun for airflow-backup-configs to 2021-09-05 00:00:00+00:00
[2021-09-06 04:27:58,424] {processor.py:170} INFO - Processing /usr/local/airflow/dags/airflow-backup-configs.py took 0.043 seconds
[2021-09-06 04:28:29,011] {processor.py:162} INFO - Started process (PID=788) to work on /usr/local/airflow/dags/airflow-backup-configs.py
[2021-09-06 04:28:29,011] {processor.py:613} INFO - Processing file /usr/local/airflow/dags/airflow-backup-configs.py for tasks to queue
[2021-09-06 04:28:29,012] {logging_mixin.py:109} INFO - [2021-09-06 04:28:29,011] {dagbag.py:496} INFO - Filling up the DagBag from /usr/local/airflow/dags/airflow-backup-configs.py
[2021-09-06 04:28:29,025] {logging_mixin.py:109} INFO - [2021-09-06 04:28:29,025] {configuration.py:365} WARNING - section/key [core/base_log_folder] not found in config
[2021-09-06 04:28:29,028] {processor.py:623} INFO - DAG(s) dict_keys(['airflow-backup-configs']) retrieved from /usr/local/airflow/dags/airflow-backup-configs.py
[2021-09-06 04:28:29,035] {logging_mixin.py:109} INFO - [2021-09-06 04:28:29,035] {dag.py:1833} INFO - Sync 1 DAGs
[2021-09-06 04:28:29,046] {logging_mixin.py:109} INFO - [2021-09-06 04:28:29,046] {dag.py:2306} INFO - Setting next_dagrun for airflow-backup-configs to 2021-09-05 00:00:00+00:00
[2021-09-06 04:28:29,053] {processor.py:170} INFO - Processing /usr/local/airflow/dags/airflow-backup-configs.py took 0.044 seconds
[2021-09-06 04:28:59,655] {processor.py:162} INFO - Started process (PID=854) to work on /usr/local/airflow/dags/airflow-backup-configs.py
[2021-09-06 04:28:59,656] {processor.py:613} INFO - Processing file /usr/local/airflow/dags/airflow-backup-configs.py for tasks to queue
[2021-09-06 04:28:59,656] {logging_mixin.py:109} INFO - [2021-09-06 04:28:59,656] {dagbag.py:496} INFO - Filling up the DagBag from /usr/local/airflow/dags/airflow-backup-configs.py
[2021-09-06 04:28:59,671] {logging_mixin.py:109} INFO - [2021-09-06 04:28:59,671] {configuration.py:365} WARNING - section/key [core/base_log_folder] not found in config
[2021-09-06 04:28:59,675] {processor.py:623} INFO - DAG(s) dict_keys(['airflow-backup-configs']) retrieved from /usr/local/airflow/dags/airflow-backup-configs.py
[2021-09-06 04:28:59,683] {logging_mixin.py:109} INFO - [2021-09-06 04:28:59,683] {dag.py:1833} INFO - Sync 1 DAGs
[2021-09-06 04:28:59,695] {logging_mixin.py:109} INFO - [2021-09-06 04:28:59,695] {dag.py:2306} INFO - Setting next_dagrun for airflow-backup-configs to 2021-09-05 00:00:00+00:00
[2021-09-06 04:28:59,702] {processor.py:170} INFO - Processing /usr/local/airflow/dags/airflow-backup-configs.py took 0.049 seconds
[2021-09-06 04:29:30,347] {processor.py:162} INFO - Started process (PID=920) to work on /usr/local/airflow/dags/airflow-backup-configs.py
[2021-09-06 04:29:30,348] {processor.py:613} INFO - Processing file /usr/local/airflow/dags/airflow-backup-configs.py for tasks to queue
[2021-09-06 04:29:30,348] {logging_mixin.py:109} INFO - [2021-09-06 04:29:30,348] {dagbag.py:496} INFO - Filling up the DagBag from /usr/local/airflow/dags/airflow-backup-configs.py
[2021-09-06 04:29:30,363] {logging_mixin.py:109} INFO - [2021-09-06 04:29:30,363] {configuration.py:365} WARNING - section/key [core/base_log_folder] not found in config
[2021-09-06 04:29:30,367] {processor.py:623} INFO - DAG(s) dict_keys(['airflow-backup-configs']) retrieved from /usr/local/airflow/dags/airflow-backup-configs.py
[2021-09-06 04:29:30,373] {logging_mixin.py:109} INFO - [2021-09-06 04:29:30,373] {dag.py:1833} INFO - Sync 1 DAGs
[2021-09-06 04:29:30,383] {logging_mixin.py:109} INFO - [2021-09-06 04:29:30,383] {dag.py:2306} INFO - Setting next_dagrun for airflow-backup-configs to 2021-09-05 00:00:00+00:00
[2021-09-06 04:29:30,390] {processor.py:170} INFO - Processing /usr/local/airflow/dags/airflow-backup-configs.py took 0.045 seconds
[2021-09-06 04:30:00,992] {processor.py:162} INFO - Started process (PID=986) to work on /usr/local/airflow/dags/airflow-backup-configs.py
[2021-09-06 04:30:00,993] {processor.py:613} INFO - Processing file /usr/local/airflow/dags/airflow-backup-configs.py for tasks to queue
[2021-09-06 04:30:00,993] {logging_mixin.py:109} INFO - [2021-09-06 04:30:00,993] {dagbag.py:496} INFO - Filling up the DagBag from /usr/local/airflow/dags/airflow-backup-configs.py
[2021-09-06 04:30:01,009] {logging_mixin.py:109} INFO - [2021-09-06 04:30:01,009] {configuration.py:365} WARNING - section/key [core/base_log_folder] not found in config
[2021-09-06 04:30:01,013] {processor.py:623} INFO - DAG(s) dict_keys(['airflow-backup-configs']) retrieved from /usr/local/airflow/dags/airflow-backup-configs.py
[2021-09-06 04:30:01,020] {logging_mixin.py:109} INFO - [2021-09-06 04:30:01,020] {dag.py:1833} INFO - Sync 1 DAGs
[2021-09-06 04:30:01,034] {logging_mixin.py:109} INFO - [2021-09-06 04:30:01,034] {dag.py:2306} INFO - Setting next_dagrun for airflow-backup-configs to 2021-09-05 00:00:00+00:00
[2021-09-06 04:30:01,042] {processor.py:170} INFO - Processing /usr/local/airflow/dags/airflow-backup-configs.py took 0.052 seconds
[2021-09-06 04:30:31,774] {processor.py:162} INFO - Started process (PID=1052) to work on /usr/local/airflow/dags/airflow-backup-configs.py
[2021-09-06 04:30:31,774] {processor.py:613} INFO - Processing file /usr/local/airflow/dags/airflow-backup-configs.py for tasks to queue
[2021-09-06 04:30:31,775] {logging_mixin.py:109} INFO - [2021-09-06 04:30:31,775] {dagbag.py:496} INFO - Filling up the DagBag from /usr/local/airflow/dags/airflow-backup-configs.py
[2021-09-06 04:30:31,793] {logging_mixin.py:109} INFO - [2021-09-06 04:30:31,793] {configuration.py:365} WARNING - section/key [core/base_log_folder] not found in config
[2021-09-06 04:30:31,797] {processor.py:623} INFO - DAG(s) dict_keys(['airflow-backup-configs']) retrieved from /usr/local/airflow/dags/airflow-backup-configs.py
[2021-09-06 04:30:31,804] {logging_mixin.py:109} INFO - [2021-09-06 04:30:31,804] {dag.py:1833} INFO - Sync 1 DAGs
[2021-09-06 04:30:31,819] {logging_mixin.py:109} INFO - [2021-09-06 04:30:31,819] {dag.py:2306} INFO - Setting next_dagrun for airflow-backup-configs to 2021-09-05 00:00:00+00:00
[2021-09-06 04:30:31,829] {processor.py:170} INFO - Processing /usr/local/airflow/dags/airflow-backup-configs.py took 0.057 seconds
[2021-09-06 04:31:02,434] {processor.py:162} INFO - Started process (PID=1118) to work on /usr/local/airflow/dags/airflow-backup-configs.py
[2021-09-06 04:31:02,435] {processor.py:613} INFO - Processing file /usr/local/airflow/dags/airflow-backup-configs.py for tasks to queue
[2021-09-06 04:31:02,435] {logging_mixin.py:109} INFO - [2021-09-06 04:31:02,435] {dagbag.py:496} INFO - Filling up the DagBag from /usr/local/airflow/dags/airflow-backup-configs.py
[2021-09-06 04:31:02,457] {logging_mixin.py:109} INFO - [2021-09-06 04:31:02,457] {configuration.py:365} WARNING - section/key [core/base_log_folder] not found in config
[2021-09-06 04:31:02,462] {processor.py:623} INFO - DAG(s) dict_keys(['airflow-backup-configs']) retrieved from /usr/local/airflow/dags/airflow-backup-configs.py
[2021-09-06 04:31:02,473] {logging_mixin.py:109} INFO - [2021-09-06 04:31:02,473] {dag.py:1833} INFO - Sync 1 DAGs
[2021-09-06 04:31:02,495] {logging_mixin.py:109} INFO - [2021-09-06 04:31:02,495] {dag.py:2306} INFO - Setting next_dagrun for airflow-backup-configs to 2021-09-05 00:00:00+00:00
[2021-09-06 04:31:02,512] {processor.py:170} INFO - Processing /usr/local/airflow/dags/airflow-backup-configs.py took 0.082 seconds
[2021-09-06 04:31:33,119] {processor.py:162} INFO - Started process (PID=1184) to work on /usr/local/airflow/dags/airflow-backup-configs.py
[2021-09-06 04:31:33,119] {processor.py:613} INFO - Processing file /usr/local/airflow/dags/airflow-backup-configs.py for tasks to queue
[2021-09-06 04:31:33,120] {logging_mixin.py:109} INFO - [2021-09-06 04:31:33,120] {dagbag.py:496} INFO - Filling up the DagBag from /usr/local/airflow/dags/airflow-backup-configs.py
[2021-09-06 04:31:33,133] {logging_mixin.py:109} INFO - [2021-09-06 04:31:33,133] {configuration.py:365} WARNING - section/key [core/base_log_folder] not found in config
[2021-09-06 04:31:33,137] {processor.py:623} INFO - DAG(s) dict_keys(['airflow-backup-configs']) retrieved from /usr/local/airflow/dags/airflow-backup-configs.py
[2021-09-06 04:31:33,144] {logging_mixin.py:109} INFO - [2021-09-06 04:31:33,144] {dag.py:1833} INFO - Sync 1 DAGs
[2021-09-06 04:31:33,155] {logging_mixin.py:109} INFO - [2021-09-06 04:31:33,155] {dag.py:2306} INFO - Setting next_dagrun for airflow-backup-configs to 2021-09-05 00:00:00+00:00
[2021-09-06 04:31:33,162] {processor.py:170} INFO - Processing /usr/local/airflow/dags/airflow-backup-configs.py took 0.045 seconds
[2021-09-06 04:32:03,781] {processor.py:162} INFO - Started process (PID=1250) to work on /usr/local/airflow/dags/airflow-backup-configs.py
[2021-09-06 04:32:03,782] {processor.py:613} INFO - Processing file /usr/local/airflow/dags/airflow-backup-configs.py for tasks to queue
[2021-09-06 04:32:03,782] {logging_mixin.py:109} INFO - [2021-09-06 04:32:03,782] {dagbag.py:496} INFO - Filling up the DagBag from /usr/local/airflow/dags/airflow-backup-configs.py
[2021-09-06 04:32:03,800] {logging_mixin.py:109} INFO - [2021-09-06 04:32:03,800] {configuration.py:365} WARNING - section/key [core/base_log_folder] not found in config
[2021-09-06 04:32:03,804] {processor.py:623} INFO - DAG(s) dict_keys(['airflow-backup-configs']) retrieved from /usr/local/airflow/dags/airflow-backup-configs.py
[2021-09-06 04:32:03,811] {logging_mixin.py:109} INFO - [2021-09-06 04:32:03,811] {dag.py:1833} INFO - Sync 1 DAGs
[2021-09-06 04:32:03,824] {logging_mixin.py:109} INFO - [2021-09-06 04:32:03,824] {dag.py:2306} INFO - Setting next_dagrun for airflow-backup-configs to 2021-09-05 00:00:00+00:00
[2021-09-06 04:32:03,832] {processor.py:170} INFO - Processing /usr/local/airflow/dags/airflow-backup-configs.py took 0.053 seconds
[2021-09-06 04:32:34,486] {processor.py:162} INFO - Started process (PID=1316) to work on /usr/local/airflow/dags/airflow-backup-configs.py
[2021-09-06 04:32:34,487] {processor.py:613} INFO - Processing file /usr/local/airflow/dags/airflow-backup-configs.py for tasks to queue
[2021-09-06 04:32:34,487] {logging_mixin.py:109} INFO - [2021-09-06 04:32:34,487] {dagbag.py:496} INFO - Filling up the DagBag from /usr/local/airflow/dags/airflow-backup-configs.py
[2021-09-06 04:32:34,507] {logging_mixin.py:109} INFO - [2021-09-06 04:32:34,507] {configuration.py:365} WARNING - section/key [core/base_log_folder] not found in config
[2021-09-06 04:32:34,511] {processor.py:623} INFO - DAG(s) dict_keys(['airflow-backup-configs']) retrieved from /usr/local/airflow/dags/airflow-backup-configs.py
[2021-09-06 04:32:34,521] {logging_mixin.py:109} INFO - [2021-09-06 04:32:34,520] {dag.py:1833} INFO - Sync 1 DAGs
[2021-09-06 04:32:34,536] {logging_mixin.py:109} INFO - [2021-09-06 04:32:34,536] {dag.py:2306} INFO - Setting next_dagrun for airflow-backup-configs to 2021-09-05 00:00:00+00:00
[2021-09-06 04:32:34,547] {processor.py:170} INFO - Processing /usr/local/airflow/dags/airflow-backup-configs.py took 0.065 seconds
[2021-09-06 04:33:05,212] {processor.py:162} INFO - Started process (PID=1383) to work on /usr/local/airflow/dags/airflow-backup-configs.py
[2021-09-06 04:33:05,213] {processor.py:613} INFO - Processing file /usr/local/airflow/dags/airflow-backup-configs.py for tasks to queue
[2021-09-06 04:33:05,213] {logging_mixin.py:109} INFO - [2021-09-06 04:33:05,213] {dagbag.py:496} INFO - Filling up the DagBag from /usr/local/airflow/dags/airflow-backup-configs.py
[2021-09-06 04:33:05,226] {logging_mixin.py:109} INFO - [2021-09-06 04:33:05,226] {configuration.py:365} WARNING - section/key [core/base_log_folder] not found in config
[2021-09-06 04:33:05,230] {processor.py:623} INFO - DAG(s) dict_keys(['airflow-backup-configs']) retrieved from /usr/local/airflow/dags/airflow-backup-configs.py
[2021-09-06 04:33:05,236] {logging_mixin.py:109} INFO - [2021-09-06 04:33:05,236] {dag.py:1833} INFO - Sync 1 DAGs
[2021-09-06 04:33:05,247] {logging_mixin.py:109} INFO - [2021-09-06 04:33:05,247] {dag.py:2306} INFO - Setting next_dagrun for airflow-backup-configs to 2021-09-05 00:00:00+00:00
[2021-09-06 04:33:05,253] {processor.py:170} INFO - Processing /usr/local/airflow/dags/airflow-backup-configs.py took 0.043 seconds
[2021-09-06 04:33:35,856] {processor.py:162} INFO - Started process (PID=1449) to work on /usr/local/airflow/dags/airflow-backup-configs.py
[2021-09-06 04:33:35,856] {processor.py:613} INFO - Processing file /usr/local/airflow/dags/airflow-backup-configs.py for tasks to queue
[2021-09-06 04:33:35,857] {logging_mixin.py:109} INFO - [2021-09-06 04:33:35,857] {dagbag.py:496} INFO - Filling up the DagBag from /usr/local/airflow/dags/airflow-backup-configs.py
[2021-09-06 04:33:35,872] {logging_mixin.py:109} INFO - [2021-09-06 04:33:35,872] {configuration.py:365} WARNING - section/key [core/base_log_folder] not found in config
[2021-09-06 04:33:35,876] {processor.py:623} INFO - DAG(s) dict_keys(['airflow-backup-configs']) retrieved from /usr/local/airflow/dags/airflow-backup-configs.py
[2021-09-06 04:33:35,883] {logging_mixin.py:109} INFO - [2021-09-06 04:33:35,883] {dag.py:1833} INFO - Sync 1 DAGs
[2021-09-06 04:33:35,894] {logging_mixin.py:109} INFO - [2021-09-06 04:33:35,894] {dag.py:2306} INFO - Setting next_dagrun for airflow-backup-configs to 2021-09-05 00:00:00+00:00
[2021-09-06 04:33:35,901] {processor.py:170} INFO - Processing /usr/local/airflow/dags/airflow-backup-configs.py took 0.047 seconds
[2021-09-06 04:34:06,447] {processor.py:162} INFO - Started process (PID=1515) to work on /usr/local/airflow/dags/airflow-backup-configs.py
[2021-09-06 04:34:06,447] {processor.py:613} INFO - Processing file /usr/local/airflow/dags/airflow-backup-configs.py for tasks to queue
[2021-09-06 04:34:06,448] {logging_mixin.py:109} INFO - [2021-09-06 04:34:06,447] {dagbag.py:496} INFO - Filling up the DagBag from /usr/local/airflow/dags/airflow-backup-configs.py
[2021-09-06 04:34:06,461] {logging_mixin.py:109} INFO - [2021-09-06 04:34:06,461] {configuration.py:365} WARNING - section/key [core/base_log_folder] not found in config
[2021-09-06 04:34:06,464] {processor.py:623} INFO - DAG(s) dict_keys(['airflow-backup-configs']) retrieved from /usr/local/airflow/dags/airflow-backup-configs.py
[2021-09-06 04:34:06,470] {logging_mixin.py:109} INFO - [2021-09-06 04:34:06,470] {dag.py:1833} INFO - Sync 1 DAGs
[2021-09-06 04:34:06,481] {logging_mixin.py:109} INFO - [2021-09-06 04:34:06,481] {dag.py:2306} INFO - Setting next_dagrun for airflow-backup-configs to 2021-09-05 00:00:00+00:00
[2021-09-06 04:34:06,487] {processor.py:170} INFO - Processing /usr/local/airflow/dags/airflow-backup-configs.py took 0.042 seconds
[2021-09-06 04:34:37,129] {processor.py:162} INFO - Started process (PID=1581) to work on /usr/local/airflow/dags/airflow-backup-configs.py
[2021-09-06 04:34:37,130] {processor.py:613} INFO - Processing file /usr/local/airflow/dags/airflow-backup-configs.py for tasks to queue
[2021-09-06 04:34:37,130] {logging_mixin.py:109} INFO - [2021-09-06 04:34:37,130] {dagbag.py:496} INFO - Filling up the DagBag from /usr/local/airflow/dags/airflow-backup-configs.py
[2021-09-06 04:34:37,144] {logging_mixin.py:109} INFO - [2021-09-06 04:34:37,144] {configuration.py:365} WARNING - section/key [core/base_log_folder] not found in config
[2021-09-06 04:34:37,148] {processor.py:623} INFO - DAG(s) dict_keys(['airflow-backup-configs']) retrieved from /usr/local/airflow/dags/airflow-backup-configs.py
[2021-09-06 04:34:37,154] {logging_mixin.py:109} INFO - [2021-09-06 04:34:37,154] {dag.py:1833} INFO - Sync 1 DAGs
[2021-09-06 04:34:37,165] {logging_mixin.py:109} INFO - [2021-09-06 04:34:37,164] {dag.py:2306} INFO - Setting next_dagrun for airflow-backup-configs to 2021-09-05 00:00:00+00:00
[2021-09-06 04:34:37,172] {processor.py:170} INFO - Processing /usr/local/airflow/dags/airflow-backup-configs.py took 0.044 seconds
[2021-09-06 04:35:07,820] {processor.py:162} INFO - Started process (PID=1647) to work on /usr/local/airflow/dags/airflow-backup-configs.py
[2021-09-06 04:35:07,821] {processor.py:613} INFO - Processing file /usr/local/airflow/dags/airflow-backup-configs.py for tasks to queue
[2021-09-06 04:35:07,821] {logging_mixin.py:109} INFO - [2021-09-06 04:35:07,821] {dagbag.py:496} INFO - Filling up the DagBag from /usr/local/airflow/dags/airflow-backup-configs.py
[2021-09-06 04:35:07,835] {logging_mixin.py:109} INFO - [2021-09-06 04:35:07,835] {configuration.py:365} WARNING - section/key [core/base_log_folder] not found in config
[2021-09-06 04:35:07,838] {processor.py:623} INFO - DAG(s) dict_keys(['airflow-backup-configs']) retrieved from /usr/local/airflow/dags/airflow-backup-configs.py
[2021-09-06 04:35:07,845] {logging_mixin.py:109} INFO - [2021-09-06 04:35:07,845] {dag.py:1833} INFO - Sync 1 DAGs
[2021-09-06 04:35:07,856] {logging_mixin.py:109} INFO - [2021-09-06 04:35:07,856] {dag.py:2306} INFO - Setting next_dagrun for airflow-backup-configs to 2021-09-05 00:00:00+00:00
[2021-09-06 04:35:07,864] {processor.py:170} INFO - Processing /usr/local/airflow/dags/airflow-backup-configs.py took 0.046 seconds
[2021-09-06 04:35:38,643] {processor.py:162} INFO - Started process (PID=1714) to work on /usr/local/airflow/dags/airflow-backup-configs.py
[2021-09-06 04:35:38,643] {processor.py:613} INFO - Processing file /usr/local/airflow/dags/airflow-backup-configs.py for tasks to queue
[2021-09-06 04:35:38,644] {logging_mixin.py:109} INFO - [2021-09-06 04:35:38,644] {dagbag.py:496} INFO - Filling up the DagBag from /usr/local/airflow/dags/airflow-backup-configs.py
[2021-09-06 04:35:38,661] {logging_mixin.py:109} INFO - [2021-09-06 04:35:38,661] {configuration.py:365} WARNING - section/key [core/base_log_folder] not found in config
[2021-09-06 04:35:38,665] {processor.py:623} INFO - DAG(s) dict_keys(['airflow-backup-configs']) retrieved from /usr/local/airflow/dags/airflow-backup-configs.py
[2021-09-06 04:35:38,672] {logging_mixin.py:109} INFO - [2021-09-06 04:35:38,672] {dag.py:1833} INFO - Sync 1 DAGs
[2021-09-06 04:35:38,686] {logging_mixin.py:109} INFO - [2021-09-06 04:35:38,685] {dag.py:2306} INFO - Setting next_dagrun for airflow-backup-configs to 2021-09-05 00:00:00+00:00
[2021-09-06 04:35:38,695] {processor.py:170} INFO - Processing /usr/local/airflow/dags/airflow-backup-configs.py took 0.057 seconds
[2021-09-06 04:36:09,327] {processor.py:162} INFO - Started process (PID=1780) to work on /usr/local/airflow/dags/airflow-backup-configs.py
[2021-09-06 04:36:09,327] {processor.py:613} INFO - Processing file /usr/local/airflow/dags/airflow-backup-configs.py for tasks to queue
[2021-09-06 04:36:09,328] {logging_mixin.py:109} INFO - [2021-09-06 04:36:09,328] {dagbag.py:496} INFO - Filling up the DagBag from /usr/local/airflow/dags/airflow-backup-configs.py
[2021-09-06 04:36:09,342] {logging_mixin.py:109} INFO - [2021-09-06 04:36:09,342] {configuration.py:365} WARNING - section/key [core/base_log_folder] not found in config
[2021-09-06 04:36:09,346] {processor.py:623} INFO - DAG(s) dict_keys(['airflow-backup-configs']) retrieved from /usr/local/airflow/dags/airflow-backup-configs.py
[2021-09-06 04:36:09,353] {logging_mixin.py:109} INFO - [2021-09-06 04:36:09,353] {dag.py:1833} INFO - Sync 1 DAGs
[2021-09-06 04:36:09,364] {logging_mixin.py:109} INFO - [2021-09-06 04:36:09,363] {dag.py:2306} INFO - Setting next_dagrun for airflow-backup-configs to 2021-09-05 00:00:00+00:00
[2021-09-06 04:36:09,370] {processor.py:170} INFO - Processing /usr/local/airflow/dags/airflow-backup-configs.py took 0.045 seconds
[2021-09-06 04:36:39,967] {processor.py:162} INFO - Started process (PID=1847) to work on /usr/local/airflow/dags/airflow-backup-configs.py
[2021-09-06 04:36:39,968] {processor.py:613} INFO - Processing file /usr/local/airflow/dags/airflow-backup-configs.py for tasks to queue
[2021-09-06 04:36:39,969] {logging_mixin.py:109} INFO - [2021-09-06 04:36:39,969] {dagbag.py:496} INFO - Filling up the DagBag from /usr/local/airflow/dags/airflow-backup-configs.py
[2021-09-06 04:36:39,982] {logging_mixin.py:109} INFO - [2021-09-06 04:36:39,982] {configuration.py:365} WARNING - section/key [core/base_log_folder] not found in config
[2021-09-06 04:36:39,986] {processor.py:623} INFO - DAG(s) dict_keys(['airflow-backup-configs']) retrieved from /usr/local/airflow/dags/airflow-backup-configs.py
[2021-09-06 04:36:39,993] {logging_mixin.py:109} INFO - [2021-09-06 04:36:39,993] {dag.py:1833} INFO - Sync 1 DAGs
[2021-09-06 04:36:40,005] {logging_mixin.py:109} INFO - [2021-09-06 04:36:40,005] {dag.py:2306} INFO - Setting next_dagrun for airflow-backup-configs to 2021-09-05 00:00:00+00:00
[2021-09-06 04:36:40,011] {processor.py:170} INFO - Processing /usr/local/airflow/dags/airflow-backup-configs.py took 0.046 seconds
[2021-09-06 04:37:10,580] {processor.py:162} INFO - Started process (PID=1913) to work on /usr/local/airflow/dags/airflow-backup-configs.py
[2021-09-06 04:37:10,581] {processor.py:613} INFO - Processing file /usr/local/airflow/dags/airflow-backup-configs.py for tasks to queue
[2021-09-06 04:37:10,581] {logging_mixin.py:109} INFO - [2021-09-06 04:37:10,581] {dagbag.py:496} INFO - Filling up the DagBag from /usr/local/airflow/dags/airflow-backup-configs.py
[2021-09-06 04:37:10,595] {logging_mixin.py:109} INFO - [2021-09-06 04:37:10,595] {configuration.py:365} WARNING - section/key [core/base_log_folder] not found in config
[2021-09-06 04:37:10,599] {processor.py:623} INFO - DAG(s) dict_keys(['airflow-backup-configs']) retrieved from /usr/local/airflow/dags/airflow-backup-configs.py
[2021-09-06 04:37:10,606] {logging_mixin.py:109} INFO - [2021-09-06 04:37:10,605] {dag.py:1833} INFO - Sync 1 DAGs
[2021-09-06 04:37:10,618] {logging_mixin.py:109} INFO - [2021-09-06 04:37:10,618] {dag.py:2306} INFO - Setting next_dagrun for airflow-backup-configs to 2021-09-05 00:00:00+00:00
[2021-09-06 04:37:10,626] {processor.py:170} INFO - Processing /usr/local/airflow/dags/airflow-backup-configs.py took 0.048 seconds
[2021-09-06 04:37:41,222] {processor.py:162} INFO - Started process (PID=1979) to work on /usr/local/airflow/dags/airflow-backup-configs.py
[2021-09-06 04:37:41,222] {processor.py:613} INFO - Processing file /usr/local/airflow/dags/airflow-backup-configs.py for tasks to queue
[2021-09-06 04:37:41,223] {logging_mixin.py:109} INFO - [2021-09-06 04:37:41,223] {dagbag.py:496} INFO - Filling up the DagBag from /usr/local/airflow/dags/airflow-backup-configs.py
[2021-09-06 04:37:41,237] {logging_mixin.py:109} INFO - [2021-09-06 04:37:41,237] {configuration.py:365} WARNING - section/key [core/base_log_folder] not found in config
[2021-09-06 04:37:41,241] {processor.py:623} INFO - DAG(s) dict_keys(['airflow-backup-configs']) retrieved from /usr/local/airflow/dags/airflow-backup-configs.py
[2021-09-06 04:37:41,247] {logging_mixin.py:109} INFO - [2021-09-06 04:37:41,247] {dag.py:1833} INFO - Sync 1 DAGs
[2021-09-06 04:37:41,257] {logging_mixin.py:109} INFO - [2021-09-06 04:37:41,257] {dag.py:2306} INFO - Setting next_dagrun for airflow-backup-configs to 2021-09-05 00:00:00+00:00
[2021-09-06 04:37:41,264] {processor.py:170} INFO - Processing /usr/local/airflow/dags/airflow-backup-configs.py took 0.044 seconds
[2021-09-06 04:38:11,887] {processor.py:162} INFO - Started process (PID=2045) to work on /usr/local/airflow/dags/airflow-backup-configs.py
[2021-09-06 04:38:11,888] {processor.py:613} INFO - Processing file /usr/local/airflow/dags/airflow-backup-configs.py for tasks to queue
[2021-09-06 04:38:11,888] {logging_mixin.py:109} INFO - [2021-09-06 04:38:11,888] {dagbag.py:496} INFO - Filling up the DagBag from /usr/local/airflow/dags/airflow-backup-configs.py
[2021-09-06 04:38:11,904] {logging_mixin.py:109} INFO - [2021-09-06 04:38:11,904] {configuration.py:365} WARNING - section/key [core/base_log_folder] not found in config
[2021-09-06 04:38:11,909] {processor.py:623} INFO - DAG(s) dict_keys(['airflow-backup-configs']) retrieved from /usr/local/airflow/dags/airflow-backup-configs.py
[2021-09-06 04:38:11,917] {logging_mixin.py:109} INFO - [2021-09-06 04:38:11,917] {dag.py:1833} INFO - Sync 1 DAGs
[2021-09-06 04:38:11,932] {logging_mixin.py:109} INFO - [2021-09-06 04:38:11,932] {dag.py:2306} INFO - Setting next_dagrun for airflow-backup-configs to 2021-09-05 00:00:00+00:00
[2021-09-06 04:38:11,939] {processor.py:170} INFO - Processing /usr/local/airflow/dags/airflow-backup-configs.py took 0.055 seconds
[2021-09-06 04:38:42,559] {processor.py:162} INFO - Started process (PID=2111) to work on /usr/local/airflow/dags/airflow-backup-configs.py
[2021-09-06 04:38:42,560] {processor.py:613} INFO - Processing file /usr/local/airflow/dags/airflow-backup-configs.py for tasks to queue
[2021-09-06 04:38:42,560] {logging_mixin.py:109} INFO - [2021-09-06 04:38:42,560] {dagbag.py:496} INFO - Filling up the DagBag from /usr/local/airflow/dags/airflow-backup-configs.py
[2021-09-06 04:38:42,574] {logging_mixin.py:109} INFO - [2021-09-06 04:38:42,574] {configuration.py:365} WARNING - section/key [core/base_log_folder] not found in config
[2021-09-06 04:38:42,578] {processor.py:623} INFO - DAG(s) dict_keys(['airflow-backup-configs']) retrieved from /usr/local/airflow/dags/airflow-backup-configs.py
[2021-09-06 04:38:42,585] {logging_mixin.py:109} INFO - [2021-09-06 04:38:42,584] {dag.py:1833} INFO - Sync 1 DAGs
[2021-09-06 04:38:42,595] {logging_mixin.py:109} INFO - [2021-09-06 04:38:42,595] {dag.py:2306} INFO - Setting next_dagrun for airflow-backup-configs to 2021-09-05 00:00:00+00:00
[2021-09-06 04:38:42,602] {processor.py:170} INFO - Processing /usr/local/airflow/dags/airflow-backup-configs.py took 0.044 seconds
[2021-09-06 04:39:13,202] {processor.py:162} INFO - Started process (PID=2177) to work on /usr/local/airflow/dags/airflow-backup-configs.py
[2021-09-06 04:39:13,202] {processor.py:613} INFO - Processing file /usr/local/airflow/dags/airflow-backup-configs.py for tasks to queue
[2021-09-06 04:39:13,203] {logging_mixin.py:109} INFO - [2021-09-06 04:39:13,203] {dagbag.py:496} INFO - Filling up the DagBag from /usr/local/airflow/dags/airflow-backup-configs.py
[2021-09-06 04:39:13,218] {logging_mixin.py:109} INFO - [2021-09-06 04:39:13,218] {configuration.py:365} WARNING - section/key [core/base_log_folder] not found in config
[2021-09-06 04:39:13,222] {processor.py:623} INFO - DAG(s) dict_keys(['airflow-backup-configs']) retrieved from /usr/local/airflow/dags/airflow-backup-configs.py
[2021-09-06 04:39:13,229] {logging_mixin.py:109} INFO - [2021-09-06 04:39:13,229] {dag.py:1833} INFO - Sync 1 DAGs
[2021-09-06 04:39:13,241] {logging_mixin.py:109} INFO - [2021-09-06 04:39:13,241] {dag.py:2306} INFO - Setting next_dagrun for airflow-backup-configs to 2021-09-05 00:00:00+00:00
[2021-09-06 04:39:13,249] {processor.py:170} INFO - Processing /usr/local/airflow/dags/airflow-backup-configs.py took 0.050 seconds
[2021-09-06 04:39:43,880] {processor.py:162} INFO - Started process (PID=2243) to work on /usr/local/airflow/dags/airflow-backup-configs.py
[2021-09-06 04:39:43,880] {processor.py:613} INFO - Processing file /usr/local/airflow/dags/airflow-backup-configs.py for tasks to queue
[2021-09-06 04:39:43,881] {logging_mixin.py:109} INFO - [2021-09-06 04:39:43,880] {dagbag.py:496} INFO - Filling up the DagBag from /usr/local/airflow/dags/airflow-backup-configs.py
[2021-09-06 04:39:43,895] {logging_mixin.py:109} INFO - [2021-09-06 04:39:43,895] {configuration.py:365} WARNING - section/key [core/base_log_folder] not found in config
[2021-09-06 04:39:43,899] {processor.py:623} INFO - DAG(s) dict_keys(['airflow-backup-configs']) retrieved from /usr/local/airflow/dags/airflow-backup-configs.py
[2021-09-06 04:39:43,905] {logging_mixin.py:109} INFO - [2021-09-06 04:39:43,905] {dag.py:1833} INFO - Sync 1 DAGs
[2021-09-06 04:39:43,917] {logging_mixin.py:109} INFO - [2021-09-06 04:39:43,917] {dag.py:2306} INFO - Setting next_dagrun for airflow-backup-configs to 2021-09-05 00:00:00+00:00
[2021-09-06 04:39:43,925] {processor.py:170} INFO - Processing /usr/local/airflow/dags/airflow-backup-configs.py took 0.047 seconds
[2021-09-06 04:40:14,602] {processor.py:162} INFO - Started process (PID=2309) to work on /usr/local/airflow/dags/airflow-backup-configs.py
[2021-09-06 04:40:14,603] {processor.py:613} INFO - Processing file /usr/local/airflow/dags/airflow-backup-configs.py for tasks to queue
[2021-09-06 04:40:14,603] {logging_mixin.py:109} INFO - [2021-09-06 04:40:14,603] {dagbag.py:496} INFO - Filling up the DagBag from /usr/local/airflow/dags/airflow-backup-configs.py
[2021-09-06 04:40:14,618] {logging_mixin.py:109} INFO - [2021-09-06 04:40:14,618] {configuration.py:365} WARNING - section/key [core/base_log_folder] not found in config
[2021-09-06 04:40:14,623] {processor.py:623} INFO - DAG(s) dict_keys(['airflow-backup-configs']) retrieved from /usr/local/airflow/dags/airflow-backup-configs.py
[2021-09-06 04:40:14,631] {logging_mixin.py:109} INFO - [2021-09-06 04:40:14,631] {dag.py:1833} INFO - Sync 1 DAGs
[2021-09-06 04:40:14,644] {logging_mixin.py:109} INFO - [2021-09-06 04:40:14,644] {dag.py:2306} INFO - Setting next_dagrun for airflow-backup-configs to 2021-09-05 00:00:00+00:00
[2021-09-06 04:40:14,652] {processor.py:170} INFO - Processing /usr/local/airflow/dags/airflow-backup-configs.py took 0.051 seconds
