[2021-09-06 04:24:23,578] {processor.py:162} INFO - Started process (PID=175) to work on /usr/local/airflow/dags/connect_to_gdrive.py
[2021-09-06 04:24:23,578] {processor.py:613} INFO - Processing file /usr/local/airflow/dags/connect_to_gdrive.py for tasks to queue
[2021-09-06 04:24:23,579] {logging_mixin.py:109} INFO - [2021-09-06 04:24:23,579] {dagbag.py:496} INFO - Filling up the DagBag from /usr/local/airflow/dags/connect_to_gdrive.py
[2021-09-06 04:24:23,780] {processor.py:623} INFO - DAG(s) dict_keys(['hello_gdive']) retrieved from /usr/local/airflow/dags/connect_to_gdrive.py
[2021-09-06 04:24:23,794] {logging_mixin.py:109} INFO - [2021-09-06 04:24:23,794] {dag.py:1833} INFO - Sync 1 DAGs
[2021-09-06 04:24:23,805] {logging_mixin.py:109} INFO - [2021-09-06 04:24:23,805] {dag.py:2306} INFO - Setting next_dagrun for hello_gdive to 2021-08-14 17:00:00+00:00
[2021-09-06 04:24:23,813] {processor.py:170} INFO - Processing /usr/local/airflow/dags/connect_to_gdrive.py took 0.238 seconds
[2021-09-06 04:24:54,175] {processor.py:162} INFO - Started process (PID=289) to work on /usr/local/airflow/dags/connect_to_gdrive.py
[2021-09-06 04:24:54,175] {processor.py:613} INFO - Processing file /usr/local/airflow/dags/connect_to_gdrive.py for tasks to queue
[2021-09-06 04:24:54,176] {logging_mixin.py:109} INFO - [2021-09-06 04:24:54,176] {dagbag.py:496} INFO - Filling up the DagBag from /usr/local/airflow/dags/connect_to_gdrive.py
[2021-09-06 04:24:54,382] {processor.py:623} INFO - DAG(s) dict_keys(['hello_gdive']) retrieved from /usr/local/airflow/dags/connect_to_gdrive.py
[2021-09-06 04:24:54,393] {logging_mixin.py:109} INFO - [2021-09-06 04:24:54,393] {dag.py:1833} INFO - Sync 1 DAGs
[2021-09-06 04:24:54,401] {logging_mixin.py:109} INFO - [2021-09-06 04:24:54,401] {dag.py:2306} INFO - Setting next_dagrun for hello_gdive to 2021-08-14 17:00:00+00:00
[2021-09-06 04:24:54,407] {processor.py:170} INFO - Processing /usr/local/airflow/dags/connect_to_gdrive.py took 0.234 seconds
[2021-09-06 04:25:24,823] {processor.py:162} INFO - Started process (PID=355) to work on /usr/local/airflow/dags/connect_to_gdrive.py
[2021-09-06 04:25:24,824] {processor.py:613} INFO - Processing file /usr/local/airflow/dags/connect_to_gdrive.py for tasks to queue
[2021-09-06 04:25:24,824] {logging_mixin.py:109} INFO - [2021-09-06 04:25:24,824] {dagbag.py:496} INFO - Filling up the DagBag from /usr/local/airflow/dags/connect_to_gdrive.py
[2021-09-06 04:25:25,036] {processor.py:623} INFO - DAG(s) dict_keys(['hello_gdive']) retrieved from /usr/local/airflow/dags/connect_to_gdrive.py
[2021-09-06 04:25:25,049] {logging_mixin.py:109} INFO - [2021-09-06 04:25:25,049] {dag.py:1833} INFO - Sync 1 DAGs
[2021-09-06 04:25:25,059] {logging_mixin.py:109} INFO - [2021-09-06 04:25:25,059] {dag.py:2306} INFO - Setting next_dagrun for hello_gdive to 2021-08-14 17:00:00+00:00
[2021-09-06 04:25:25,067] {processor.py:170} INFO - Processing /usr/local/airflow/dags/connect_to_gdrive.py took 0.247 seconds
[2021-09-06 04:25:55,512] {processor.py:162} INFO - Started process (PID=421) to work on /usr/local/airflow/dags/connect_to_gdrive.py
[2021-09-06 04:25:55,512] {processor.py:613} INFO - Processing file /usr/local/airflow/dags/connect_to_gdrive.py for tasks to queue
[2021-09-06 04:25:55,513] {logging_mixin.py:109} INFO - [2021-09-06 04:25:55,513] {dagbag.py:496} INFO - Filling up the DagBag from /usr/local/airflow/dags/connect_to_gdrive.py
[2021-09-06 04:25:55,723] {processor.py:623} INFO - DAG(s) dict_keys(['hello_gdive']) retrieved from /usr/local/airflow/dags/connect_to_gdrive.py
[2021-09-06 04:25:55,734] {logging_mixin.py:109} INFO - [2021-09-06 04:25:55,734] {dag.py:1833} INFO - Sync 1 DAGs
[2021-09-06 04:25:55,742] {logging_mixin.py:109} INFO - [2021-09-06 04:25:55,742] {dag.py:2306} INFO - Setting next_dagrun for hello_gdive to 2021-08-14 17:00:00+00:00
[2021-09-06 04:25:55,748] {processor.py:170} INFO - Processing /usr/local/airflow/dags/connect_to_gdrive.py took 0.238 seconds
[2021-09-06 04:26:26,114] {processor.py:162} INFO - Started process (PID=487) to work on /usr/local/airflow/dags/connect_to_gdrive.py
[2021-09-06 04:26:26,114] {processor.py:613} INFO - Processing file /usr/local/airflow/dags/connect_to_gdrive.py for tasks to queue
[2021-09-06 04:26:26,114] {logging_mixin.py:109} INFO - [2021-09-06 04:26:26,114] {dagbag.py:496} INFO - Filling up the DagBag from /usr/local/airflow/dags/connect_to_gdrive.py
[2021-09-06 04:26:26,322] {processor.py:623} INFO - DAG(s) dict_keys(['hello_gdive']) retrieved from /usr/local/airflow/dags/connect_to_gdrive.py
[2021-09-06 04:26:26,333] {logging_mixin.py:109} INFO - [2021-09-06 04:26:26,333] {dag.py:1833} INFO - Sync 1 DAGs
[2021-09-06 04:26:26,341] {logging_mixin.py:109} INFO - [2021-09-06 04:26:26,341] {dag.py:2306} INFO - Setting next_dagrun for hello_gdive to 2021-08-14 17:00:00+00:00
[2021-09-06 04:26:26,347] {processor.py:170} INFO - Processing /usr/local/airflow/dags/connect_to_gdrive.py took 0.235 seconds
[2021-09-06 04:26:56,742] {processor.py:162} INFO - Started process (PID=553) to work on /usr/local/airflow/dags/connect_to_gdrive.py
[2021-09-06 04:26:56,744] {processor.py:613} INFO - Processing file /usr/local/airflow/dags/connect_to_gdrive.py for tasks to queue
[2021-09-06 04:26:56,744] {logging_mixin.py:109} INFO - [2021-09-06 04:26:56,744] {dagbag.py:496} INFO - Filling up the DagBag from /usr/local/airflow/dags/connect_to_gdrive.py
[2021-09-06 04:26:56,951] {processor.py:623} INFO - DAG(s) dict_keys(['hello_gdive']) retrieved from /usr/local/airflow/dags/connect_to_gdrive.py
[2021-09-06 04:26:56,963] {logging_mixin.py:109} INFO - [2021-09-06 04:26:56,963] {dag.py:1833} INFO - Sync 1 DAGs
[2021-09-06 04:26:56,970] {logging_mixin.py:109} INFO - [2021-09-06 04:26:56,970] {dag.py:2306} INFO - Setting next_dagrun for hello_gdive to 2021-08-14 17:00:00+00:00
[2021-09-06 04:26:56,977] {processor.py:170} INFO - Processing /usr/local/airflow/dags/connect_to_gdrive.py took 0.237 seconds
[2021-09-06 04:27:27,352] {processor.py:162} INFO - Started process (PID=619) to work on /usr/local/airflow/dags/connect_to_gdrive.py
[2021-09-06 04:27:27,353] {processor.py:613} INFO - Processing file /usr/local/airflow/dags/connect_to_gdrive.py for tasks to queue
[2021-09-06 04:27:27,353] {logging_mixin.py:109} INFO - [2021-09-06 04:27:27,353] {dagbag.py:496} INFO - Filling up the DagBag from /usr/local/airflow/dags/connect_to_gdrive.py
[2021-09-06 04:27:27,566] {processor.py:623} INFO - DAG(s) dict_keys(['hello_gdive']) retrieved from /usr/local/airflow/dags/connect_to_gdrive.py
[2021-09-06 04:27:27,579] {logging_mixin.py:109} INFO - [2021-09-06 04:27:27,579] {dag.py:1833} INFO - Sync 1 DAGs
[2021-09-06 04:27:27,588] {logging_mixin.py:109} INFO - [2021-09-06 04:27:27,587] {dag.py:2306} INFO - Setting next_dagrun for hello_gdive to 2021-08-14 17:00:00+00:00
[2021-09-06 04:27:27,594] {processor.py:170} INFO - Processing /usr/local/airflow/dags/connect_to_gdrive.py took 0.245 seconds
[2021-09-06 04:27:58,010] {processor.py:162} INFO - Started process (PID=686) to work on /usr/local/airflow/dags/connect_to_gdrive.py
[2021-09-06 04:27:58,011] {processor.py:613} INFO - Processing file /usr/local/airflow/dags/connect_to_gdrive.py for tasks to queue
[2021-09-06 04:27:58,012] {logging_mixin.py:109} INFO - [2021-09-06 04:27:58,012] {dagbag.py:496} INFO - Filling up the DagBag from /usr/local/airflow/dags/connect_to_gdrive.py
[2021-09-06 04:27:58,221] {processor.py:623} INFO - DAG(s) dict_keys(['hello_gdive']) retrieved from /usr/local/airflow/dags/connect_to_gdrive.py
[2021-09-06 04:27:58,232] {logging_mixin.py:109} INFO - [2021-09-06 04:27:58,232] {dag.py:1833} INFO - Sync 1 DAGs
[2021-09-06 04:27:58,240] {logging_mixin.py:109} INFO - [2021-09-06 04:27:58,240] {dag.py:2306} INFO - Setting next_dagrun for hello_gdive to 2021-08-14 17:00:00+00:00
[2021-09-06 04:27:58,246] {processor.py:170} INFO - Processing /usr/local/airflow/dags/connect_to_gdrive.py took 0.239 seconds
[2021-09-06 04:28:28,623] {processor.py:162} INFO - Started process (PID=752) to work on /usr/local/airflow/dags/connect_to_gdrive.py
[2021-09-06 04:28:28,624] {processor.py:613} INFO - Processing file /usr/local/airflow/dags/connect_to_gdrive.py for tasks to queue
[2021-09-06 04:28:28,625] {logging_mixin.py:109} INFO - [2021-09-06 04:28:28,625] {dagbag.py:496} INFO - Filling up the DagBag from /usr/local/airflow/dags/connect_to_gdrive.py
[2021-09-06 04:28:28,843] {processor.py:623} INFO - DAG(s) dict_keys(['hello_gdive']) retrieved from /usr/local/airflow/dags/connect_to_gdrive.py
[2021-09-06 04:28:28,855] {logging_mixin.py:109} INFO - [2021-09-06 04:28:28,855] {dag.py:1833} INFO - Sync 1 DAGs
[2021-09-06 04:28:28,862] {logging_mixin.py:109} INFO - [2021-09-06 04:28:28,862] {dag.py:2306} INFO - Setting next_dagrun for hello_gdive to 2021-08-14 17:00:00+00:00
[2021-09-06 04:28:28,868] {processor.py:170} INFO - Processing /usr/local/airflow/dags/connect_to_gdrive.py took 0.248 seconds
[2021-09-06 04:28:59,231] {processor.py:162} INFO - Started process (PID=818) to work on /usr/local/airflow/dags/connect_to_gdrive.py
[2021-09-06 04:28:59,232] {processor.py:613} INFO - Processing file /usr/local/airflow/dags/connect_to_gdrive.py for tasks to queue
[2021-09-06 04:28:59,233] {logging_mixin.py:109} INFO - [2021-09-06 04:28:59,233] {dagbag.py:496} INFO - Filling up the DagBag from /usr/local/airflow/dags/connect_to_gdrive.py
[2021-09-06 04:28:59,455] {processor.py:623} INFO - DAG(s) dict_keys(['hello_gdive']) retrieved from /usr/local/airflow/dags/connect_to_gdrive.py
[2021-09-06 04:28:59,469] {logging_mixin.py:109} INFO - [2021-09-06 04:28:59,469] {dag.py:1833} INFO - Sync 1 DAGs
[2021-09-06 04:28:59,478] {logging_mixin.py:109} INFO - [2021-09-06 04:28:59,478] {dag.py:2306} INFO - Setting next_dagrun for hello_gdive to 2021-08-14 17:00:00+00:00
[2021-09-06 04:28:59,485] {processor.py:170} INFO - Processing /usr/local/airflow/dags/connect_to_gdrive.py took 0.257 seconds
[2021-09-06 04:29:29,977] {processor.py:162} INFO - Started process (PID=884) to work on /usr/local/airflow/dags/connect_to_gdrive.py
[2021-09-06 04:29:29,978] {processor.py:613} INFO - Processing file /usr/local/airflow/dags/connect_to_gdrive.py for tasks to queue
[2021-09-06 04:29:29,978] {logging_mixin.py:109} INFO - [2021-09-06 04:29:29,978] {dagbag.py:496} INFO - Filling up the DagBag from /usr/local/airflow/dags/connect_to_gdrive.py
[2021-09-06 04:29:30,182] {processor.py:623} INFO - DAG(s) dict_keys(['hello_gdive']) retrieved from /usr/local/airflow/dags/connect_to_gdrive.py
[2021-09-06 04:29:30,193] {logging_mixin.py:109} INFO - [2021-09-06 04:29:30,192] {dag.py:1833} INFO - Sync 1 DAGs
[2021-09-06 04:29:30,200] {logging_mixin.py:109} INFO - [2021-09-06 04:29:30,200] {dag.py:2306} INFO - Setting next_dagrun for hello_gdive to 2021-08-14 17:00:00+00:00
[2021-09-06 04:29:30,206] {processor.py:170} INFO - Processing /usr/local/airflow/dags/connect_to_gdrive.py took 0.231 seconds
[2021-09-06 04:30:00,560] {processor.py:162} INFO - Started process (PID=950) to work on /usr/local/airflow/dags/connect_to_gdrive.py
[2021-09-06 04:30:00,561] {processor.py:613} INFO - Processing file /usr/local/airflow/dags/connect_to_gdrive.py for tasks to queue
[2021-09-06 04:30:00,562] {logging_mixin.py:109} INFO - [2021-09-06 04:30:00,562] {dagbag.py:496} INFO - Filling up the DagBag from /usr/local/airflow/dags/connect_to_gdrive.py
[2021-09-06 04:30:00,797] {processor.py:623} INFO - DAG(s) dict_keys(['hello_gdive']) retrieved from /usr/local/airflow/dags/connect_to_gdrive.py
[2021-09-06 04:30:00,809] {logging_mixin.py:109} INFO - [2021-09-06 04:30:00,808] {dag.py:1833} INFO - Sync 1 DAGs
[2021-09-06 04:30:00,820] {logging_mixin.py:109} INFO - [2021-09-06 04:30:00,820] {dag.py:2306} INFO - Setting next_dagrun for hello_gdive to 2021-08-14 17:00:00+00:00
[2021-09-06 04:30:00,828] {processor.py:170} INFO - Processing /usr/local/airflow/dags/connect_to_gdrive.py took 0.272 seconds
[2021-09-06 04:30:31,277] {processor.py:162} INFO - Started process (PID=1016) to work on /usr/local/airflow/dags/connect_to_gdrive.py
[2021-09-06 04:30:31,278] {processor.py:613} INFO - Processing file /usr/local/airflow/dags/connect_to_gdrive.py for tasks to queue
[2021-09-06 04:30:31,279] {logging_mixin.py:109} INFO - [2021-09-06 04:30:31,279] {dagbag.py:496} INFO - Filling up the DagBag from /usr/local/airflow/dags/connect_to_gdrive.py
[2021-09-06 04:30:31,532] {processor.py:623} INFO - DAG(s) dict_keys(['hello_gdive']) retrieved from /usr/local/airflow/dags/connect_to_gdrive.py
[2021-09-06 04:30:31,553] {logging_mixin.py:109} INFO - [2021-09-06 04:30:31,553] {dag.py:1833} INFO - Sync 1 DAGs
[2021-09-06 04:30:31,570] {logging_mixin.py:109} INFO - [2021-09-06 04:30:31,569] {dag.py:2306} INFO - Setting next_dagrun for hello_gdive to 2021-08-14 17:00:00+00:00
[2021-09-06 04:30:31,583] {processor.py:170} INFO - Processing /usr/local/airflow/dags/connect_to_gdrive.py took 0.311 seconds
[2021-09-06 04:31:02,000] {processor.py:162} INFO - Started process (PID=1082) to work on /usr/local/airflow/dags/connect_to_gdrive.py
[2021-09-06 04:31:02,001] {processor.py:613} INFO - Processing file /usr/local/airflow/dags/connect_to_gdrive.py for tasks to queue
[2021-09-06 04:31:02,002] {logging_mixin.py:109} INFO - [2021-09-06 04:31:02,002] {dagbag.py:496} INFO - Filling up the DagBag from /usr/local/airflow/dags/connect_to_gdrive.py
[2021-09-06 04:31:02,222] {processor.py:623} INFO - DAG(s) dict_keys(['hello_gdive']) retrieved from /usr/local/airflow/dags/connect_to_gdrive.py
[2021-09-06 04:31:02,233] {logging_mixin.py:109} INFO - [2021-09-06 04:31:02,233] {dag.py:1833} INFO - Sync 1 DAGs
[2021-09-06 04:31:02,241] {logging_mixin.py:109} INFO - [2021-09-06 04:31:02,240] {dag.py:2306} INFO - Setting next_dagrun for hello_gdive to 2021-08-14 17:00:00+00:00
[2021-09-06 04:31:02,246] {processor.py:170} INFO - Processing /usr/local/airflow/dags/connect_to_gdrive.py took 0.250 seconds
[2021-09-06 04:31:32,734] {processor.py:162} INFO - Started process (PID=1148) to work on /usr/local/airflow/dags/connect_to_gdrive.py
[2021-09-06 04:31:32,735] {processor.py:613} INFO - Processing file /usr/local/airflow/dags/connect_to_gdrive.py for tasks to queue
[2021-09-06 04:31:32,736] {logging_mixin.py:109} INFO - [2021-09-06 04:31:32,736] {dagbag.py:496} INFO - Filling up the DagBag from /usr/local/airflow/dags/connect_to_gdrive.py
[2021-09-06 04:31:32,944] {processor.py:623} INFO - DAG(s) dict_keys(['hello_gdive']) retrieved from /usr/local/airflow/dags/connect_to_gdrive.py
[2021-09-06 04:31:32,955] {logging_mixin.py:109} INFO - [2021-09-06 04:31:32,955] {dag.py:1833} INFO - Sync 1 DAGs
[2021-09-06 04:31:32,964] {logging_mixin.py:109} INFO - [2021-09-06 04:31:32,964] {dag.py:2306} INFO - Setting next_dagrun for hello_gdive to 2021-08-14 17:00:00+00:00
[2021-09-06 04:31:32,969] {processor.py:170} INFO - Processing /usr/local/airflow/dags/connect_to_gdrive.py took 0.239 seconds
[2021-09-06 04:32:03,396] {processor.py:162} INFO - Started process (PID=1214) to work on /usr/local/airflow/dags/connect_to_gdrive.py
[2021-09-06 04:32:03,397] {processor.py:613} INFO - Processing file /usr/local/airflow/dags/connect_to_gdrive.py for tasks to queue
[2021-09-06 04:32:03,398] {logging_mixin.py:109} INFO - [2021-09-06 04:32:03,398] {dagbag.py:496} INFO - Filling up the DagBag from /usr/local/airflow/dags/connect_to_gdrive.py
[2021-09-06 04:32:03,604] {processor.py:623} INFO - DAG(s) dict_keys(['hello_gdive']) retrieved from /usr/local/airflow/dags/connect_to_gdrive.py
[2021-09-06 04:32:03,617] {logging_mixin.py:109} INFO - [2021-09-06 04:32:03,616] {dag.py:1833} INFO - Sync 1 DAGs
[2021-09-06 04:32:03,625] {logging_mixin.py:109} INFO - [2021-09-06 04:32:03,625] {dag.py:2306} INFO - Setting next_dagrun for hello_gdive to 2021-08-14 17:00:00+00:00
[2021-09-06 04:32:03,632] {processor.py:170} INFO - Processing /usr/local/airflow/dags/connect_to_gdrive.py took 0.238 seconds
[2021-09-06 04:32:34,087] {processor.py:162} INFO - Started process (PID=1280) to work on /usr/local/airflow/dags/connect_to_gdrive.py
[2021-09-06 04:32:34,088] {processor.py:613} INFO - Processing file /usr/local/airflow/dags/connect_to_gdrive.py for tasks to queue
[2021-09-06 04:32:34,089] {logging_mixin.py:109} INFO - [2021-09-06 04:32:34,089] {dagbag.py:496} INFO - Filling up the DagBag from /usr/local/airflow/dags/connect_to_gdrive.py
[2021-09-06 04:32:34,298] {processor.py:623} INFO - DAG(s) dict_keys(['hello_gdive']) retrieved from /usr/local/airflow/dags/connect_to_gdrive.py
[2021-09-06 04:32:34,309] {logging_mixin.py:109} INFO - [2021-09-06 04:32:34,309] {dag.py:1833} INFO - Sync 1 DAGs
[2021-09-06 04:32:34,318] {logging_mixin.py:109} INFO - [2021-09-06 04:32:34,318] {dag.py:2306} INFO - Setting next_dagrun for hello_gdive to 2021-08-14 17:00:00+00:00
[2021-09-06 04:32:34,324] {processor.py:170} INFO - Processing /usr/local/airflow/dags/connect_to_gdrive.py took 0.240 seconds
[2021-09-06 04:33:04,823] {processor.py:162} INFO - Started process (PID=1347) to work on /usr/local/airflow/dags/connect_to_gdrive.py
[2021-09-06 04:33:04,824] {processor.py:613} INFO - Processing file /usr/local/airflow/dags/connect_to_gdrive.py for tasks to queue
[2021-09-06 04:33:04,824] {logging_mixin.py:109} INFO - [2021-09-06 04:33:04,824] {dagbag.py:496} INFO - Filling up the DagBag from /usr/local/airflow/dags/connect_to_gdrive.py
[2021-09-06 04:33:05,044] {processor.py:623} INFO - DAG(s) dict_keys(['hello_gdive']) retrieved from /usr/local/airflow/dags/connect_to_gdrive.py
[2021-09-06 04:33:05,055] {logging_mixin.py:109} INFO - [2021-09-06 04:33:05,055] {dag.py:1833} INFO - Sync 1 DAGs
[2021-09-06 04:33:05,064] {logging_mixin.py:109} INFO - [2021-09-06 04:33:05,064] {dag.py:2306} INFO - Setting next_dagrun for hello_gdive to 2021-08-14 17:00:00+00:00
[2021-09-06 04:33:05,070] {processor.py:170} INFO - Processing /usr/local/airflow/dags/connect_to_gdrive.py took 0.251 seconds
[2021-09-06 04:33:35,435] {processor.py:162} INFO - Started process (PID=1414) to work on /usr/local/airflow/dags/connect_to_gdrive.py
[2021-09-06 04:33:35,436] {processor.py:613} INFO - Processing file /usr/local/airflow/dags/connect_to_gdrive.py for tasks to queue
[2021-09-06 04:33:35,437] {logging_mixin.py:109} INFO - [2021-09-06 04:33:35,436] {dagbag.py:496} INFO - Filling up the DagBag from /usr/local/airflow/dags/connect_to_gdrive.py
[2021-09-06 04:33:35,670] {processor.py:623} INFO - DAG(s) dict_keys(['hello_gdive']) retrieved from /usr/local/airflow/dags/connect_to_gdrive.py
[2021-09-06 04:33:35,683] {logging_mixin.py:109} INFO - [2021-09-06 04:33:35,682] {dag.py:1833} INFO - Sync 1 DAGs
[2021-09-06 04:33:35,693] {logging_mixin.py:109} INFO - [2021-09-06 04:33:35,693] {dag.py:2306} INFO - Setting next_dagrun for hello_gdive to 2021-08-14 17:00:00+00:00
[2021-09-06 04:33:35,701] {processor.py:170} INFO - Processing /usr/local/airflow/dags/connect_to_gdrive.py took 0.269 seconds
[2021-09-06 04:34:06,059] {processor.py:162} INFO - Started process (PID=1479) to work on /usr/local/airflow/dags/connect_to_gdrive.py
[2021-09-06 04:34:06,060] {processor.py:613} INFO - Processing file /usr/local/airflow/dags/connect_to_gdrive.py for tasks to queue
[2021-09-06 04:34:06,061] {logging_mixin.py:109} INFO - [2021-09-06 04:34:06,061] {dagbag.py:496} INFO - Filling up the DagBag from /usr/local/airflow/dags/connect_to_gdrive.py
[2021-09-06 04:34:06,270] {processor.py:623} INFO - DAG(s) dict_keys(['hello_gdive']) retrieved from /usr/local/airflow/dags/connect_to_gdrive.py
[2021-09-06 04:34:06,282] {logging_mixin.py:109} INFO - [2021-09-06 04:34:06,282] {dag.py:1833} INFO - Sync 1 DAGs
[2021-09-06 04:34:06,290] {logging_mixin.py:109} INFO - [2021-09-06 04:34:06,290] {dag.py:2306} INFO - Setting next_dagrun for hello_gdive to 2021-08-14 17:00:00+00:00
[2021-09-06 04:34:06,297] {processor.py:170} INFO - Processing /usr/local/airflow/dags/connect_to_gdrive.py took 0.241 seconds
[2021-09-06 04:34:36,724] {processor.py:162} INFO - Started process (PID=1545) to work on /usr/local/airflow/dags/connect_to_gdrive.py
[2021-09-06 04:34:36,725] {processor.py:613} INFO - Processing file /usr/local/airflow/dags/connect_to_gdrive.py for tasks to queue
[2021-09-06 04:34:36,726] {logging_mixin.py:109} INFO - [2021-09-06 04:34:36,725] {dagbag.py:496} INFO - Filling up the DagBag from /usr/local/airflow/dags/connect_to_gdrive.py
[2021-09-06 04:34:36,956] {processor.py:623} INFO - DAG(s) dict_keys(['hello_gdive']) retrieved from /usr/local/airflow/dags/connect_to_gdrive.py
[2021-09-06 04:34:36,969] {logging_mixin.py:109} INFO - [2021-09-06 04:34:36,969] {dag.py:1833} INFO - Sync 1 DAGs
[2021-09-06 04:34:36,978] {logging_mixin.py:109} INFO - [2021-09-06 04:34:36,978] {dag.py:2306} INFO - Setting next_dagrun for hello_gdive to 2021-08-14 17:00:00+00:00
[2021-09-06 04:34:36,985] {processor.py:170} INFO - Processing /usr/local/airflow/dags/connect_to_gdrive.py took 0.264 seconds
[2021-09-06 04:35:07,391] {processor.py:162} INFO - Started process (PID=1611) to work on /usr/local/airflow/dags/connect_to_gdrive.py
[2021-09-06 04:35:07,392] {processor.py:613} INFO - Processing file /usr/local/airflow/dags/connect_to_gdrive.py for tasks to queue
[2021-09-06 04:35:07,393] {logging_mixin.py:109} INFO - [2021-09-06 04:35:07,393] {dagbag.py:496} INFO - Filling up the DagBag from /usr/local/airflow/dags/connect_to_gdrive.py
[2021-09-06 04:35:07,623] {processor.py:623} INFO - DAG(s) dict_keys(['hello_gdive']) retrieved from /usr/local/airflow/dags/connect_to_gdrive.py
[2021-09-06 04:35:07,635] {logging_mixin.py:109} INFO - [2021-09-06 04:35:07,635] {dag.py:1833} INFO - Sync 1 DAGs
[2021-09-06 04:35:07,643] {logging_mixin.py:109} INFO - [2021-09-06 04:35:07,643] {dag.py:2306} INFO - Setting next_dagrun for hello_gdive to 2021-08-14 17:00:00+00:00
[2021-09-06 04:35:07,649] {processor.py:170} INFO - Processing /usr/local/airflow/dags/connect_to_gdrive.py took 0.262 seconds
[2021-09-06 04:35:38,084] {processor.py:162} INFO - Started process (PID=1679) to work on /usr/local/airflow/dags/connect_to_gdrive.py
[2021-09-06 04:35:38,085] {processor.py:613} INFO - Processing file /usr/local/airflow/dags/connect_to_gdrive.py for tasks to queue
[2021-09-06 04:35:38,086] {logging_mixin.py:109} INFO - [2021-09-06 04:35:38,086] {dagbag.py:496} INFO - Filling up the DagBag from /usr/local/airflow/dags/connect_to_gdrive.py
[2021-09-06 04:35:38,413] {processor.py:623} INFO - DAG(s) dict_keys(['hello_gdive']) retrieved from /usr/local/airflow/dags/connect_to_gdrive.py
[2021-09-06 04:35:38,427] {logging_mixin.py:109} INFO - [2021-09-06 04:35:38,427] {dag.py:1833} INFO - Sync 1 DAGs
[2021-09-06 04:35:38,436] {logging_mixin.py:109} INFO - [2021-09-06 04:35:38,436] {dag.py:2306} INFO - Setting next_dagrun for hello_gdive to 2021-08-14 17:00:00+00:00
[2021-09-06 04:35:38,445] {processor.py:170} INFO - Processing /usr/local/airflow/dags/connect_to_gdrive.py took 0.365 seconds
[2021-09-06 04:36:08,920] {processor.py:162} INFO - Started process (PID=1744) to work on /usr/local/airflow/dags/connect_to_gdrive.py
[2021-09-06 04:36:08,921] {processor.py:613} INFO - Processing file /usr/local/airflow/dags/connect_to_gdrive.py for tasks to queue
[2021-09-06 04:36:08,921] {logging_mixin.py:109} INFO - [2021-09-06 04:36:08,921] {dagbag.py:496} INFO - Filling up the DagBag from /usr/local/airflow/dags/connect_to_gdrive.py
[2021-09-06 04:36:09,140] {processor.py:623} INFO - DAG(s) dict_keys(['hello_gdive']) retrieved from /usr/local/airflow/dags/connect_to_gdrive.py
[2021-09-06 04:36:09,151] {logging_mixin.py:109} INFO - [2021-09-06 04:36:09,151] {dag.py:1833} INFO - Sync 1 DAGs
[2021-09-06 04:36:09,160] {logging_mixin.py:109} INFO - [2021-09-06 04:36:09,160] {dag.py:2306} INFO - Setting next_dagrun for hello_gdive to 2021-08-14 17:00:00+00:00
[2021-09-06 04:36:09,166] {processor.py:170} INFO - Processing /usr/local/airflow/dags/connect_to_gdrive.py took 0.250 seconds
[2021-09-06 04:36:39,582] {processor.py:162} INFO - Started process (PID=1811) to work on /usr/local/airflow/dags/connect_to_gdrive.py
[2021-09-06 04:36:39,584] {processor.py:613} INFO - Processing file /usr/local/airflow/dags/connect_to_gdrive.py for tasks to queue
[2021-09-06 04:36:39,585] {logging_mixin.py:109} INFO - [2021-09-06 04:36:39,584] {dagbag.py:496} INFO - Filling up the DagBag from /usr/local/airflow/dags/connect_to_gdrive.py
[2021-09-06 04:36:39,800] {processor.py:623} INFO - DAG(s) dict_keys(['hello_gdive']) retrieved from /usr/local/airflow/dags/connect_to_gdrive.py
[2021-09-06 04:36:39,813] {logging_mixin.py:109} INFO - [2021-09-06 04:36:39,813] {dag.py:1833} INFO - Sync 1 DAGs
[2021-09-06 04:36:39,822] {logging_mixin.py:109} INFO - [2021-09-06 04:36:39,821] {dag.py:2306} INFO - Setting next_dagrun for hello_gdive to 2021-08-14 17:00:00+00:00
[2021-09-06 04:36:39,828] {processor.py:170} INFO - Processing /usr/local/airflow/dags/connect_to_gdrive.py took 0.250 seconds
[2021-09-06 04:37:10,185] {processor.py:162} INFO - Started process (PID=1877) to work on /usr/local/airflow/dags/connect_to_gdrive.py
[2021-09-06 04:37:10,186] {processor.py:613} INFO - Processing file /usr/local/airflow/dags/connect_to_gdrive.py for tasks to queue
[2021-09-06 04:37:10,186] {logging_mixin.py:109} INFO - [2021-09-06 04:37:10,186] {dagbag.py:496} INFO - Filling up the DagBag from /usr/local/airflow/dags/connect_to_gdrive.py
[2021-09-06 04:37:10,404] {processor.py:623} INFO - DAG(s) dict_keys(['hello_gdive']) retrieved from /usr/local/airflow/dags/connect_to_gdrive.py
[2021-09-06 04:37:10,416] {logging_mixin.py:109} INFO - [2021-09-06 04:37:10,416] {dag.py:1833} INFO - Sync 1 DAGs
[2021-09-06 04:37:10,424] {logging_mixin.py:109} INFO - [2021-09-06 04:37:10,424] {dag.py:2306} INFO - Setting next_dagrun for hello_gdive to 2021-08-14 17:00:00+00:00
[2021-09-06 04:37:10,431] {processor.py:170} INFO - Processing /usr/local/airflow/dags/connect_to_gdrive.py took 0.249 seconds
[2021-09-06 04:37:40,803] {processor.py:162} INFO - Started process (PID=1943) to work on /usr/local/airflow/dags/connect_to_gdrive.py
[2021-09-06 04:37:40,804] {processor.py:613} INFO - Processing file /usr/local/airflow/dags/connect_to_gdrive.py for tasks to queue
[2021-09-06 04:37:40,805] {logging_mixin.py:109} INFO - [2021-09-06 04:37:40,805] {dagbag.py:496} INFO - Filling up the DagBag from /usr/local/airflow/dags/connect_to_gdrive.py
[2021-09-06 04:37:41,027] {processor.py:623} INFO - DAG(s) dict_keys(['hello_gdive']) retrieved from /usr/local/airflow/dags/connect_to_gdrive.py
[2021-09-06 04:37:41,038] {logging_mixin.py:109} INFO - [2021-09-06 04:37:41,038] {dag.py:1833} INFO - Sync 1 DAGs
[2021-09-06 04:37:41,046] {logging_mixin.py:109} INFO - [2021-09-06 04:37:41,046] {dag.py:2306} INFO - Setting next_dagrun for hello_gdive to 2021-08-14 17:00:00+00:00
[2021-09-06 04:37:41,054] {processor.py:170} INFO - Processing /usr/local/airflow/dags/connect_to_gdrive.py took 0.254 seconds
[2021-09-06 04:38:11,483] {processor.py:162} INFO - Started process (PID=2009) to work on /usr/local/airflow/dags/connect_to_gdrive.py
[2021-09-06 04:38:11,484] {processor.py:613} INFO - Processing file /usr/local/airflow/dags/connect_to_gdrive.py for tasks to queue
[2021-09-06 04:38:11,485] {logging_mixin.py:109} INFO - [2021-09-06 04:38:11,485] {dagbag.py:496} INFO - Filling up the DagBag from /usr/local/airflow/dags/connect_to_gdrive.py
[2021-09-06 04:38:11,708] {processor.py:623} INFO - DAG(s) dict_keys(['hello_gdive']) retrieved from /usr/local/airflow/dags/connect_to_gdrive.py
[2021-09-06 04:38:11,721] {logging_mixin.py:109} INFO - [2021-09-06 04:38:11,721] {dag.py:1833} INFO - Sync 1 DAGs
[2021-09-06 04:38:11,730] {logging_mixin.py:109} INFO - [2021-09-06 04:38:11,730] {dag.py:2306} INFO - Setting next_dagrun for hello_gdive to 2021-08-14 17:00:00+00:00
[2021-09-06 04:38:11,737] {processor.py:170} INFO - Processing /usr/local/airflow/dags/connect_to_gdrive.py took 0.257 seconds
[2021-09-06 04:38:42,158] {processor.py:162} INFO - Started process (PID=2075) to work on /usr/local/airflow/dags/connect_to_gdrive.py
[2021-09-06 04:38:42,159] {processor.py:613} INFO - Processing file /usr/local/airflow/dags/connect_to_gdrive.py for tasks to queue
[2021-09-06 04:38:42,160] {logging_mixin.py:109} INFO - [2021-09-06 04:38:42,160] {dagbag.py:496} INFO - Filling up the DagBag from /usr/local/airflow/dags/connect_to_gdrive.py
[2021-09-06 04:38:42,385] {processor.py:623} INFO - DAG(s) dict_keys(['hello_gdive']) retrieved from /usr/local/airflow/dags/connect_to_gdrive.py
[2021-09-06 04:38:42,397] {logging_mixin.py:109} INFO - [2021-09-06 04:38:42,397] {dag.py:1833} INFO - Sync 1 DAGs
[2021-09-06 04:38:42,406] {logging_mixin.py:109} INFO - [2021-09-06 04:38:42,406] {dag.py:2306} INFO - Setting next_dagrun for hello_gdive to 2021-08-14 17:00:00+00:00
[2021-09-06 04:38:42,416] {processor.py:170} INFO - Processing /usr/local/airflow/dags/connect_to_gdrive.py took 0.262 seconds
[2021-09-06 04:39:12,771] {processor.py:162} INFO - Started process (PID=2141) to work on /usr/local/airflow/dags/connect_to_gdrive.py
[2021-09-06 04:39:12,772] {processor.py:613} INFO - Processing file /usr/local/airflow/dags/connect_to_gdrive.py for tasks to queue
[2021-09-06 04:39:12,772] {logging_mixin.py:109} INFO - [2021-09-06 04:39:12,772] {dagbag.py:496} INFO - Filling up the DagBag from /usr/local/airflow/dags/connect_to_gdrive.py
[2021-09-06 04:39:12,998] {processor.py:623} INFO - DAG(s) dict_keys(['hello_gdive']) retrieved from /usr/local/airflow/dags/connect_to_gdrive.py
[2021-09-06 04:39:13,012] {logging_mixin.py:109} INFO - [2021-09-06 04:39:13,012] {dag.py:1833} INFO - Sync 1 DAGs
[2021-09-06 04:39:13,022] {logging_mixin.py:109} INFO - [2021-09-06 04:39:13,021] {dag.py:2306} INFO - Setting next_dagrun for hello_gdive to 2021-08-14 17:00:00+00:00
[2021-09-06 04:39:13,028] {processor.py:170} INFO - Processing /usr/local/airflow/dags/connect_to_gdrive.py took 0.261 seconds
[2021-09-06 04:39:43,466] {processor.py:162} INFO - Started process (PID=2207) to work on /usr/local/airflow/dags/connect_to_gdrive.py
[2021-09-06 04:39:43,467] {processor.py:613} INFO - Processing file /usr/local/airflow/dags/connect_to_gdrive.py for tasks to queue
[2021-09-06 04:39:43,468] {logging_mixin.py:109} INFO - [2021-09-06 04:39:43,468] {dagbag.py:496} INFO - Filling up the DagBag from /usr/local/airflow/dags/connect_to_gdrive.py
[2021-09-06 04:39:43,709] {processor.py:623} INFO - DAG(s) dict_keys(['hello_gdive']) retrieved from /usr/local/airflow/dags/connect_to_gdrive.py
[2021-09-06 04:39:43,721] {logging_mixin.py:109} INFO - [2021-09-06 04:39:43,721] {dag.py:1833} INFO - Sync 1 DAGs
[2021-09-06 04:39:43,729] {logging_mixin.py:109} INFO - [2021-09-06 04:39:43,729] {dag.py:2306} INFO - Setting next_dagrun for hello_gdive to 2021-08-14 17:00:00+00:00
[2021-09-06 04:39:43,736] {processor.py:170} INFO - Processing /usr/local/airflow/dags/connect_to_gdrive.py took 0.273 seconds
[2021-09-06 04:40:14,164] {processor.py:162} INFO - Started process (PID=2273) to work on /usr/local/airflow/dags/connect_to_gdrive.py
[2021-09-06 04:40:14,166] {processor.py:613} INFO - Processing file /usr/local/airflow/dags/connect_to_gdrive.py for tasks to queue
[2021-09-06 04:40:14,166] {logging_mixin.py:109} INFO - [2021-09-06 04:40:14,166] {dagbag.py:496} INFO - Filling up the DagBag from /usr/local/airflow/dags/connect_to_gdrive.py
[2021-09-06 04:40:14,412] {processor.py:623} INFO - DAG(s) dict_keys(['hello_gdive']) retrieved from /usr/local/airflow/dags/connect_to_gdrive.py
[2021-09-06 04:40:14,424] {logging_mixin.py:109} INFO - [2021-09-06 04:40:14,424] {dag.py:1833} INFO - Sync 1 DAGs
[2021-09-06 04:40:14,434] {logging_mixin.py:109} INFO - [2021-09-06 04:40:14,434] {dag.py:2306} INFO - Setting next_dagrun for hello_gdive to 2021-08-14 17:00:00+00:00
[2021-09-06 04:40:14,443] {processor.py:170} INFO - Processing /usr/local/airflow/dags/connect_to_gdrive.py took 0.282 seconds
