[2021-09-06 04:24:23,719] {processor.py:162} INFO - Started process (PID=186) to work on /usr/local/airflow/dags/helloworld.py
[2021-09-06 04:24:23,720] {processor.py:613} INFO - Processing file /usr/local/airflow/dags/helloworld.py for tasks to queue
[2021-09-06 04:24:23,720] {logging_mixin.py:109} INFO - [2021-09-06 04:24:23,720] {dagbag.py:496} INFO - Filling up the DagBag from /usr/local/airflow/dags/helloworld.py
[2021-09-06 04:24:23,736] {processor.py:623} INFO - DAG(s) dict_keys(['hello_world']) retrieved from /usr/local/airflow/dags/helloworld.py
[2021-09-06 04:24:23,749] {logging_mixin.py:109} INFO - [2021-09-06 04:24:23,749] {dag.py:1833} INFO - Sync 1 DAGs
[2021-09-06 04:24:23,760] {logging_mixin.py:109} INFO - [2021-09-06 04:24:23,760] {dag.py:2306} INFO - Setting next_dagrun for hello_world to 2021-08-31 17:00:00+00:00
[2021-09-06 04:24:23,766] {processor.py:170} INFO - Processing /usr/local/airflow/dags/helloworld.py took 0.049 seconds
[2021-09-06 04:24:54,323] {processor.py:162} INFO - Started process (PID=300) to work on /usr/local/airflow/dags/helloworld.py
[2021-09-06 04:24:54,324] {processor.py:613} INFO - Processing file /usr/local/airflow/dags/helloworld.py for tasks to queue
[2021-09-06 04:24:54,324] {logging_mixin.py:109} INFO - [2021-09-06 04:24:54,324] {dagbag.py:496} INFO - Filling up the DagBag from /usr/local/airflow/dags/helloworld.py
[2021-09-06 04:24:54,337] {processor.py:623} INFO - DAG(s) dict_keys(['hello_world']) retrieved from /usr/local/airflow/dags/helloworld.py
[2021-09-06 04:24:54,350] {logging_mixin.py:109} INFO - [2021-09-06 04:24:54,350] {dag.py:1833} INFO - Sync 1 DAGs
[2021-09-06 04:24:54,359] {logging_mixin.py:109} INFO - [2021-09-06 04:24:54,359] {dag.py:2306} INFO - Setting next_dagrun for hello_world to 2021-08-31 17:00:00+00:00
[2021-09-06 04:24:54,365] {processor.py:170} INFO - Processing /usr/local/airflow/dags/helloworld.py took 0.044 seconds
[2021-09-06 04:25:24,977] {processor.py:162} INFO - Started process (PID=366) to work on /usr/local/airflow/dags/helloworld.py
[2021-09-06 04:25:24,977] {processor.py:613} INFO - Processing file /usr/local/airflow/dags/helloworld.py for tasks to queue
[2021-09-06 04:25:24,978] {logging_mixin.py:109} INFO - [2021-09-06 04:25:24,977] {dagbag.py:496} INFO - Filling up the DagBag from /usr/local/airflow/dags/helloworld.py
[2021-09-06 04:25:24,991] {processor.py:623} INFO - DAG(s) dict_keys(['hello_world']) retrieved from /usr/local/airflow/dags/helloworld.py
[2021-09-06 04:25:25,003] {logging_mixin.py:109} INFO - [2021-09-06 04:25:25,003] {dag.py:1833} INFO - Sync 1 DAGs
[2021-09-06 04:25:25,012] {logging_mixin.py:109} INFO - [2021-09-06 04:25:25,012] {dag.py:2306} INFO - Setting next_dagrun for hello_world to 2021-08-31 17:00:00+00:00
[2021-09-06 04:25:25,018] {processor.py:170} INFO - Processing /usr/local/airflow/dags/helloworld.py took 0.043 seconds
[2021-09-06 04:25:55,665] {processor.py:162} INFO - Started process (PID=432) to work on /usr/local/airflow/dags/helloworld.py
[2021-09-06 04:25:55,666] {processor.py:613} INFO - Processing file /usr/local/airflow/dags/helloworld.py for tasks to queue
[2021-09-06 04:25:55,666] {logging_mixin.py:109} INFO - [2021-09-06 04:25:55,666] {dagbag.py:496} INFO - Filling up the DagBag from /usr/local/airflow/dags/helloworld.py
[2021-09-06 04:25:55,680] {processor.py:623} INFO - DAG(s) dict_keys(['hello_world']) retrieved from /usr/local/airflow/dags/helloworld.py
[2021-09-06 04:25:55,692] {logging_mixin.py:109} INFO - [2021-09-06 04:25:55,692] {dag.py:1833} INFO - Sync 1 DAGs
[2021-09-06 04:25:55,702] {logging_mixin.py:109} INFO - [2021-09-06 04:25:55,702] {dag.py:2306} INFO - Setting next_dagrun for hello_world to 2021-08-31 17:00:00+00:00
[2021-09-06 04:25:55,708] {processor.py:170} INFO - Processing /usr/local/airflow/dags/helloworld.py took 0.044 seconds
[2021-09-06 04:26:26,263] {processor.py:162} INFO - Started process (PID=498) to work on /usr/local/airflow/dags/helloworld.py
[2021-09-06 04:26:26,264] {processor.py:613} INFO - Processing file /usr/local/airflow/dags/helloworld.py for tasks to queue
[2021-09-06 04:26:26,264] {logging_mixin.py:109} INFO - [2021-09-06 04:26:26,264] {dagbag.py:496} INFO - Filling up the DagBag from /usr/local/airflow/dags/helloworld.py
[2021-09-06 04:26:26,277] {processor.py:623} INFO - DAG(s) dict_keys(['hello_world']) retrieved from /usr/local/airflow/dags/helloworld.py
[2021-09-06 04:26:26,290] {logging_mixin.py:109} INFO - [2021-09-06 04:26:26,290] {dag.py:1833} INFO - Sync 1 DAGs
[2021-09-06 04:26:26,299] {logging_mixin.py:109} INFO - [2021-09-06 04:26:26,299] {dag.py:2306} INFO - Setting next_dagrun for hello_world to 2021-08-31 17:00:00+00:00
[2021-09-06 04:26:26,305] {processor.py:170} INFO - Processing /usr/local/airflow/dags/helloworld.py took 0.043 seconds
[2021-09-06 04:26:56,900] {processor.py:162} INFO - Started process (PID=564) to work on /usr/local/airflow/dags/helloworld.py
[2021-09-06 04:26:56,901] {processor.py:613} INFO - Processing file /usr/local/airflow/dags/helloworld.py for tasks to queue
[2021-09-06 04:26:56,901] {logging_mixin.py:109} INFO - [2021-09-06 04:26:56,901] {dagbag.py:496} INFO - Filling up the DagBag from /usr/local/airflow/dags/helloworld.py
[2021-09-06 04:26:56,914] {processor.py:623} INFO - DAG(s) dict_keys(['hello_world']) retrieved from /usr/local/airflow/dags/helloworld.py
[2021-09-06 04:26:56,926] {logging_mixin.py:109} INFO - [2021-09-06 04:26:56,926] {dag.py:1833} INFO - Sync 1 DAGs
[2021-09-06 04:26:56,935] {logging_mixin.py:109} INFO - [2021-09-06 04:26:56,935] {dag.py:2306} INFO - Setting next_dagrun for hello_world to 2021-08-31 17:00:00+00:00
[2021-09-06 04:26:56,942] {processor.py:170} INFO - Processing /usr/local/airflow/dags/helloworld.py took 0.044 seconds
[2021-09-06 04:27:27,505] {processor.py:162} INFO - Started process (PID=630) to work on /usr/local/airflow/dags/helloworld.py
[2021-09-06 04:27:27,506] {processor.py:613} INFO - Processing file /usr/local/airflow/dags/helloworld.py for tasks to queue
[2021-09-06 04:27:27,506] {logging_mixin.py:109} INFO - [2021-09-06 04:27:27,506] {dagbag.py:496} INFO - Filling up the DagBag from /usr/local/airflow/dags/helloworld.py
[2021-09-06 04:27:27,519] {processor.py:623} INFO - DAG(s) dict_keys(['hello_world']) retrieved from /usr/local/airflow/dags/helloworld.py
[2021-09-06 04:27:27,533] {logging_mixin.py:109} INFO - [2021-09-06 04:27:27,533] {dag.py:1833} INFO - Sync 1 DAGs
[2021-09-06 04:27:27,543] {logging_mixin.py:109} INFO - [2021-09-06 04:27:27,543] {dag.py:2306} INFO - Setting next_dagrun for hello_world to 2021-08-31 17:00:00+00:00
[2021-09-06 04:27:27,549] {processor.py:170} INFO - Processing /usr/local/airflow/dags/helloworld.py took 0.045 seconds
[2021-09-06 04:27:58,164] {processor.py:162} INFO - Started process (PID=697) to work on /usr/local/airflow/dags/helloworld.py
[2021-09-06 04:27:58,165] {processor.py:613} INFO - Processing file /usr/local/airflow/dags/helloworld.py for tasks to queue
[2021-09-06 04:27:58,165] {logging_mixin.py:109} INFO - [2021-09-06 04:27:58,165] {dagbag.py:496} INFO - Filling up the DagBag from /usr/local/airflow/dags/helloworld.py
[2021-09-06 04:27:58,178] {processor.py:623} INFO - DAG(s) dict_keys(['hello_world']) retrieved from /usr/local/airflow/dags/helloworld.py
[2021-09-06 04:27:58,190] {logging_mixin.py:109} INFO - [2021-09-06 04:27:58,190] {dag.py:1833} INFO - Sync 1 DAGs
[2021-09-06 04:27:58,199] {logging_mixin.py:109} INFO - [2021-09-06 04:27:58,199] {dag.py:2306} INFO - Setting next_dagrun for hello_world to 2021-08-31 17:00:00+00:00
[2021-09-06 04:27:58,206] {processor.py:170} INFO - Processing /usr/local/airflow/dags/helloworld.py took 0.044 seconds
[2021-09-06 04:28:28,781] {processor.py:162} INFO - Started process (PID=763) to work on /usr/local/airflow/dags/helloworld.py
[2021-09-06 04:28:28,781] {processor.py:613} INFO - Processing file /usr/local/airflow/dags/helloworld.py for tasks to queue
[2021-09-06 04:28:28,782] {logging_mixin.py:109} INFO - [2021-09-06 04:28:28,782] {dagbag.py:496} INFO - Filling up the DagBag from /usr/local/airflow/dags/helloworld.py
[2021-09-06 04:28:28,795] {processor.py:623} INFO - DAG(s) dict_keys(['hello_world']) retrieved from /usr/local/airflow/dags/helloworld.py
[2021-09-06 04:28:28,809] {logging_mixin.py:109} INFO - [2021-09-06 04:28:28,809] {dag.py:1833} INFO - Sync 1 DAGs
[2021-09-06 04:28:28,820] {logging_mixin.py:109} INFO - [2021-09-06 04:28:28,820] {dag.py:2306} INFO - Setting next_dagrun for hello_world to 2021-08-31 17:00:00+00:00
[2021-09-06 04:28:28,826] {processor.py:170} INFO - Processing /usr/local/airflow/dags/helloworld.py took 0.047 seconds
[2021-09-06 04:28:59,398] {processor.py:162} INFO - Started process (PID=829) to work on /usr/local/airflow/dags/helloworld.py
[2021-09-06 04:28:59,399] {processor.py:613} INFO - Processing file /usr/local/airflow/dags/helloworld.py for tasks to queue
[2021-09-06 04:28:59,399] {logging_mixin.py:109} INFO - [2021-09-06 04:28:59,399] {dagbag.py:496} INFO - Filling up the DagBag from /usr/local/airflow/dags/helloworld.py
[2021-09-06 04:28:59,414] {processor.py:623} INFO - DAG(s) dict_keys(['hello_world']) retrieved from /usr/local/airflow/dags/helloworld.py
[2021-09-06 04:28:59,427] {logging_mixin.py:109} INFO - [2021-09-06 04:28:59,427] {dag.py:1833} INFO - Sync 1 DAGs
[2021-09-06 04:28:59,437] {logging_mixin.py:109} INFO - [2021-09-06 04:28:59,437] {dag.py:2306} INFO - Setting next_dagrun for hello_world to 2021-08-31 17:00:00+00:00
[2021-09-06 04:28:59,445] {processor.py:170} INFO - Processing /usr/local/airflow/dags/helloworld.py took 0.049 seconds
[2021-09-06 04:29:30,127] {processor.py:162} INFO - Started process (PID=895) to work on /usr/local/airflow/dags/helloworld.py
[2021-09-06 04:29:30,128] {processor.py:613} INFO - Processing file /usr/local/airflow/dags/helloworld.py for tasks to queue
[2021-09-06 04:29:30,128] {logging_mixin.py:109} INFO - [2021-09-06 04:29:30,128] {dagbag.py:496} INFO - Filling up the DagBag from /usr/local/airflow/dags/helloworld.py
[2021-09-06 04:29:30,142] {processor.py:623} INFO - DAG(s) dict_keys(['hello_world']) retrieved from /usr/local/airflow/dags/helloworld.py
[2021-09-06 04:29:30,154] {logging_mixin.py:109} INFO - [2021-09-06 04:29:30,154] {dag.py:1833} INFO - Sync 1 DAGs
[2021-09-06 04:29:30,163] {logging_mixin.py:109} INFO - [2021-09-06 04:29:30,163] {dag.py:2306} INFO - Setting next_dagrun for hello_world to 2021-08-31 17:00:00+00:00
[2021-09-06 04:29:30,169] {processor.py:170} INFO - Processing /usr/local/airflow/dags/helloworld.py took 0.044 seconds
[2021-09-06 04:30:00,739] {processor.py:162} INFO - Started process (PID=961) to work on /usr/local/airflow/dags/helloworld.py
[2021-09-06 04:30:00,740] {processor.py:613} INFO - Processing file /usr/local/airflow/dags/helloworld.py for tasks to queue
[2021-09-06 04:30:00,740] {logging_mixin.py:109} INFO - [2021-09-06 04:30:00,740] {dagbag.py:496} INFO - Filling up the DagBag from /usr/local/airflow/dags/helloworld.py
[2021-09-06 04:30:00,757] {processor.py:623} INFO - DAG(s) dict_keys(['hello_world']) retrieved from /usr/local/airflow/dags/helloworld.py
[2021-09-06 04:30:00,772] {logging_mixin.py:109} INFO - [2021-09-06 04:30:00,772] {dag.py:1833} INFO - Sync 1 DAGs
[2021-09-06 04:30:00,783] {logging_mixin.py:109} INFO - [2021-09-06 04:30:00,783] {dag.py:2306} INFO - Setting next_dagrun for hello_world to 2021-08-31 17:00:00+00:00
[2021-09-06 04:30:00,789] {processor.py:170} INFO - Processing /usr/local/airflow/dags/helloworld.py took 0.052 seconds
[2021-09-06 04:30:31,454] {processor.py:162} INFO - Started process (PID=1027) to work on /usr/local/airflow/dags/helloworld.py
[2021-09-06 04:30:31,454] {processor.py:613} INFO - Processing file /usr/local/airflow/dags/helloworld.py for tasks to queue
[2021-09-06 04:30:31,455] {logging_mixin.py:109} INFO - [2021-09-06 04:30:31,454] {dagbag.py:496} INFO - Filling up the DagBag from /usr/local/airflow/dags/helloworld.py
[2021-09-06 04:30:31,470] {processor.py:623} INFO - DAG(s) dict_keys(['hello_world']) retrieved from /usr/local/airflow/dags/helloworld.py
[2021-09-06 04:30:31,485] {logging_mixin.py:109} INFO - [2021-09-06 04:30:31,485] {dag.py:1833} INFO - Sync 1 DAGs
[2021-09-06 04:30:31,498] {logging_mixin.py:109} INFO - [2021-09-06 04:30:31,498] {dag.py:2306} INFO - Setting next_dagrun for hello_world to 2021-08-31 17:00:00+00:00
[2021-09-06 04:30:31,508] {processor.py:170} INFO - Processing /usr/local/airflow/dags/helloworld.py took 0.056 seconds
[2021-09-06 04:31:02,171] {processor.py:162} INFO - Started process (PID=1093) to work on /usr/local/airflow/dags/helloworld.py
[2021-09-06 04:31:02,172] {processor.py:613} INFO - Processing file /usr/local/airflow/dags/helloworld.py for tasks to queue
[2021-09-06 04:31:02,172] {logging_mixin.py:109} INFO - [2021-09-06 04:31:02,172] {dagbag.py:496} INFO - Filling up the DagBag from /usr/local/airflow/dags/helloworld.py
[2021-09-06 04:31:02,185] {processor.py:623} INFO - DAG(s) dict_keys(['hello_world']) retrieved from /usr/local/airflow/dags/helloworld.py
[2021-09-06 04:31:02,197] {logging_mixin.py:109} INFO - [2021-09-06 04:31:02,197] {dag.py:1833} INFO - Sync 1 DAGs
[2021-09-06 04:31:02,206] {logging_mixin.py:109} INFO - [2021-09-06 04:31:02,206] {dag.py:2306} INFO - Setting next_dagrun for hello_world to 2021-08-31 17:00:00+00:00
[2021-09-06 04:31:02,212] {processor.py:170} INFO - Processing /usr/local/airflow/dags/helloworld.py took 0.042 seconds
[2021-09-06 04:31:32,885] {processor.py:162} INFO - Started process (PID=1159) to work on /usr/local/airflow/dags/helloworld.py
[2021-09-06 04:31:32,886] {processor.py:613} INFO - Processing file /usr/local/airflow/dags/helloworld.py for tasks to queue
[2021-09-06 04:31:32,886] {logging_mixin.py:109} INFO - [2021-09-06 04:31:32,886] {dagbag.py:496} INFO - Filling up the DagBag from /usr/local/airflow/dags/helloworld.py
[2021-09-06 04:31:32,901] {processor.py:623} INFO - DAG(s) dict_keys(['hello_world']) retrieved from /usr/local/airflow/dags/helloworld.py
[2021-09-06 04:31:32,914] {logging_mixin.py:109} INFO - [2021-09-06 04:31:32,914] {dag.py:1833} INFO - Sync 1 DAGs
[2021-09-06 04:31:32,923] {logging_mixin.py:109} INFO - [2021-09-06 04:31:32,923] {dag.py:2306} INFO - Setting next_dagrun for hello_world to 2021-08-31 17:00:00+00:00
[2021-09-06 04:31:32,929] {processor.py:170} INFO - Processing /usr/local/airflow/dags/helloworld.py took 0.046 seconds
[2021-09-06 04:32:03,561] {processor.py:162} INFO - Started process (PID=1225) to work on /usr/local/airflow/dags/helloworld.py
[2021-09-06 04:32:03,562] {processor.py:613} INFO - Processing file /usr/local/airflow/dags/helloworld.py for tasks to queue
[2021-09-06 04:32:03,563] {logging_mixin.py:109} INFO - [2021-09-06 04:32:03,563] {dagbag.py:496} INFO - Filling up the DagBag from /usr/local/airflow/dags/helloworld.py
[2021-09-06 04:32:03,577] {processor.py:623} INFO - DAG(s) dict_keys(['hello_world']) retrieved from /usr/local/airflow/dags/helloworld.py
[2021-09-06 04:32:03,589] {logging_mixin.py:109} INFO - [2021-09-06 04:32:03,589] {dag.py:1833} INFO - Sync 1 DAGs
[2021-09-06 04:32:03,599] {logging_mixin.py:109} INFO - [2021-09-06 04:32:03,599] {dag.py:2306} INFO - Setting next_dagrun for hello_world to 2021-08-31 17:00:00+00:00
[2021-09-06 04:32:03,605] {processor.py:170} INFO - Processing /usr/local/airflow/dags/helloworld.py took 0.046 seconds
[2021-09-06 04:32:34,245] {processor.py:162} INFO - Started process (PID=1291) to work on /usr/local/airflow/dags/helloworld.py
[2021-09-06 04:32:34,245] {processor.py:613} INFO - Processing file /usr/local/airflow/dags/helloworld.py for tasks to queue
[2021-09-06 04:32:34,246] {logging_mixin.py:109} INFO - [2021-09-06 04:32:34,246] {dagbag.py:496} INFO - Filling up the DagBag from /usr/local/airflow/dags/helloworld.py
[2021-09-06 04:32:34,259] {processor.py:623} INFO - DAG(s) dict_keys(['hello_world']) retrieved from /usr/local/airflow/dags/helloworld.py
[2021-09-06 04:32:34,271] {logging_mixin.py:109} INFO - [2021-09-06 04:32:34,271] {dag.py:1833} INFO - Sync 1 DAGs
[2021-09-06 04:32:34,280] {logging_mixin.py:109} INFO - [2021-09-06 04:32:34,280] {dag.py:2306} INFO - Setting next_dagrun for hello_world to 2021-08-31 17:00:00+00:00
[2021-09-06 04:32:34,287] {processor.py:170} INFO - Processing /usr/local/airflow/dags/helloworld.py took 0.044 seconds
[2021-09-06 04:33:04,989] {processor.py:162} INFO - Started process (PID=1358) to work on /usr/local/airflow/dags/helloworld.py
[2021-09-06 04:33:04,990] {processor.py:613} INFO - Processing file /usr/local/airflow/dags/helloworld.py for tasks to queue
[2021-09-06 04:33:04,990] {logging_mixin.py:109} INFO - [2021-09-06 04:33:04,990] {dagbag.py:496} INFO - Filling up the DagBag from /usr/local/airflow/dags/helloworld.py
[2021-09-06 04:33:05,003] {processor.py:623} INFO - DAG(s) dict_keys(['hello_world']) retrieved from /usr/local/airflow/dags/helloworld.py
[2021-09-06 04:33:05,016] {logging_mixin.py:109} INFO - [2021-09-06 04:33:05,016] {dag.py:1833} INFO - Sync 1 DAGs
[2021-09-06 04:33:05,025] {logging_mixin.py:109} INFO - [2021-09-06 04:33:05,025] {dag.py:2306} INFO - Setting next_dagrun for hello_world to 2021-08-31 17:00:00+00:00
[2021-09-06 04:33:05,031] {processor.py:170} INFO - Processing /usr/local/airflow/dags/helloworld.py took 0.044 seconds
[2021-09-06 04:33:35,595] {processor.py:162} INFO - Started process (PID=1424) to work on /usr/local/airflow/dags/helloworld.py
[2021-09-06 04:33:35,595] {processor.py:613} INFO - Processing file /usr/local/airflow/dags/helloworld.py for tasks to queue
[2021-09-06 04:33:35,595] {logging_mixin.py:109} INFO - [2021-09-06 04:33:35,595] {dagbag.py:496} INFO - Filling up the DagBag from /usr/local/airflow/dags/helloworld.py
[2021-09-06 04:33:35,610] {processor.py:623} INFO - DAG(s) dict_keys(['hello_world']) retrieved from /usr/local/airflow/dags/helloworld.py
[2021-09-06 04:33:35,623] {logging_mixin.py:109} INFO - [2021-09-06 04:33:35,623] {dag.py:1833} INFO - Sync 1 DAGs
[2021-09-06 04:33:35,633] {logging_mixin.py:109} INFO - [2021-09-06 04:33:35,633] {dag.py:2306} INFO - Setting next_dagrun for hello_world to 2021-08-31 17:00:00+00:00
[2021-09-06 04:33:35,640] {processor.py:170} INFO - Processing /usr/local/airflow/dags/helloworld.py took 0.047 seconds
[2021-09-06 04:34:06,212] {processor.py:162} INFO - Started process (PID=1490) to work on /usr/local/airflow/dags/helloworld.py
[2021-09-06 04:34:06,213] {processor.py:613} INFO - Processing file /usr/local/airflow/dags/helloworld.py for tasks to queue
[2021-09-06 04:34:06,213] {logging_mixin.py:109} INFO - [2021-09-06 04:34:06,213] {dagbag.py:496} INFO - Filling up the DagBag from /usr/local/airflow/dags/helloworld.py
[2021-09-06 04:34:06,226] {processor.py:623} INFO - DAG(s) dict_keys(['hello_world']) retrieved from /usr/local/airflow/dags/helloworld.py
[2021-09-06 04:34:06,239] {logging_mixin.py:109} INFO - [2021-09-06 04:34:06,238] {dag.py:1833} INFO - Sync 1 DAGs
[2021-09-06 04:34:06,248] {logging_mixin.py:109} INFO - [2021-09-06 04:34:06,248] {dag.py:2306} INFO - Setting next_dagrun for hello_world to 2021-08-31 17:00:00+00:00
[2021-09-06 04:34:06,254] {processor.py:170} INFO - Processing /usr/local/airflow/dags/helloworld.py took 0.044 seconds
[2021-09-06 04:34:36,895] {processor.py:162} INFO - Started process (PID=1556) to work on /usr/local/airflow/dags/helloworld.py
[2021-09-06 04:34:36,896] {processor.py:613} INFO - Processing file /usr/local/airflow/dags/helloworld.py for tasks to queue
[2021-09-06 04:34:36,896] {logging_mixin.py:109} INFO - [2021-09-06 04:34:36,896] {dagbag.py:496} INFO - Filling up the DagBag from /usr/local/airflow/dags/helloworld.py
[2021-09-06 04:34:36,910] {processor.py:623} INFO - DAG(s) dict_keys(['hello_world']) retrieved from /usr/local/airflow/dags/helloworld.py
[2021-09-06 04:34:36,923] {logging_mixin.py:109} INFO - [2021-09-06 04:34:36,923] {dag.py:1833} INFO - Sync 1 DAGs
[2021-09-06 04:34:36,933] {logging_mixin.py:109} INFO - [2021-09-06 04:34:36,933] {dag.py:2306} INFO - Setting next_dagrun for hello_world to 2021-08-31 17:00:00+00:00
[2021-09-06 04:34:36,940] {processor.py:170} INFO - Processing /usr/local/airflow/dags/helloworld.py took 0.047 seconds
[2021-09-06 04:35:07,553] {processor.py:162} INFO - Started process (PID=1622) to work on /usr/local/airflow/dags/helloworld.py
[2021-09-06 04:35:07,554] {processor.py:613} INFO - Processing file /usr/local/airflow/dags/helloworld.py for tasks to queue
[2021-09-06 04:35:07,554] {logging_mixin.py:109} INFO - [2021-09-06 04:35:07,554] {dagbag.py:496} INFO - Filling up the DagBag from /usr/local/airflow/dags/helloworld.py
[2021-09-06 04:35:07,568] {processor.py:623} INFO - DAG(s) dict_keys(['hello_world']) retrieved from /usr/local/airflow/dags/helloworld.py
[2021-09-06 04:35:07,580] {logging_mixin.py:109} INFO - [2021-09-06 04:35:07,580] {dag.py:1833} INFO - Sync 1 DAGs
[2021-09-06 04:35:07,589] {logging_mixin.py:109} INFO - [2021-09-06 04:35:07,589] {dag.py:2306} INFO - Setting next_dagrun for hello_world to 2021-08-31 17:00:00+00:00
[2021-09-06 04:35:07,596] {processor.py:170} INFO - Processing /usr/local/airflow/dags/helloworld.py took 0.044 seconds
[2021-09-06 04:35:38,359] {processor.py:162} INFO - Started process (PID=1689) to work on /usr/local/airflow/dags/helloworld.py
[2021-09-06 04:35:38,360] {processor.py:613} INFO - Processing file /usr/local/airflow/dags/helloworld.py for tasks to queue
[2021-09-06 04:35:38,360] {logging_mixin.py:109} INFO - [2021-09-06 04:35:38,360] {dagbag.py:496} INFO - Filling up the DagBag from /usr/local/airflow/dags/helloworld.py
[2021-09-06 04:35:38,378] {processor.py:623} INFO - DAG(s) dict_keys(['hello_world']) retrieved from /usr/local/airflow/dags/helloworld.py
[2021-09-06 04:35:38,393] {logging_mixin.py:109} INFO - [2021-09-06 04:35:38,392] {dag.py:1833} INFO - Sync 1 DAGs
[2021-09-06 04:35:38,403] {logging_mixin.py:109} INFO - [2021-09-06 04:35:38,403] {dag.py:2306} INFO - Setting next_dagrun for hello_world to 2021-08-31 17:00:00+00:00
[2021-09-06 04:35:38,413] {processor.py:170} INFO - Processing /usr/local/airflow/dags/helloworld.py took 0.057 seconds
[2021-09-06 04:36:09,076] {processor.py:162} INFO - Started process (PID=1755) to work on /usr/local/airflow/dags/helloworld.py
[2021-09-06 04:36:09,076] {processor.py:613} INFO - Processing file /usr/local/airflow/dags/helloworld.py for tasks to queue
[2021-09-06 04:36:09,077] {logging_mixin.py:109} INFO - [2021-09-06 04:36:09,077] {dagbag.py:496} INFO - Filling up the DagBag from /usr/local/airflow/dags/helloworld.py
[2021-09-06 04:36:09,090] {processor.py:623} INFO - DAG(s) dict_keys(['hello_world']) retrieved from /usr/local/airflow/dags/helloworld.py
[2021-09-06 04:36:09,102] {logging_mixin.py:109} INFO - [2021-09-06 04:36:09,102] {dag.py:1833} INFO - Sync 1 DAGs
[2021-09-06 04:36:09,112] {logging_mixin.py:109} INFO - [2021-09-06 04:36:09,112] {dag.py:2306} INFO - Setting next_dagrun for hello_world to 2021-08-31 17:00:00+00:00
[2021-09-06 04:36:09,118] {processor.py:170} INFO - Processing /usr/local/airflow/dags/helloworld.py took 0.044 seconds
[2021-09-06 04:36:39,742] {processor.py:162} INFO - Started process (PID=1822) to work on /usr/local/airflow/dags/helloworld.py
[2021-09-06 04:36:39,743] {processor.py:613} INFO - Processing file /usr/local/airflow/dags/helloworld.py for tasks to queue
[2021-09-06 04:36:39,743] {logging_mixin.py:109} INFO - [2021-09-06 04:36:39,743] {dagbag.py:496} INFO - Filling up the DagBag from /usr/local/airflow/dags/helloworld.py
[2021-09-06 04:36:39,757] {processor.py:623} INFO - DAG(s) dict_keys(['hello_world']) retrieved from /usr/local/airflow/dags/helloworld.py
[2021-09-06 04:36:39,770] {logging_mixin.py:109} INFO - [2021-09-06 04:36:39,770] {dag.py:1833} INFO - Sync 1 DAGs
[2021-09-06 04:36:39,779] {logging_mixin.py:109} INFO - [2021-09-06 04:36:39,779] {dag.py:2306} INFO - Setting next_dagrun for hello_world to 2021-08-31 17:00:00+00:00
[2021-09-06 04:36:39,786] {processor.py:170} INFO - Processing /usr/local/airflow/dags/helloworld.py took 0.046 seconds
[2021-09-06 04:37:10,351] {processor.py:162} INFO - Started process (PID=1888) to work on /usr/local/airflow/dags/helloworld.py
[2021-09-06 04:37:10,351] {processor.py:613} INFO - Processing file /usr/local/airflow/dags/helloworld.py for tasks to queue
[2021-09-06 04:37:10,352] {logging_mixin.py:109} INFO - [2021-09-06 04:37:10,352] {dagbag.py:496} INFO - Filling up the DagBag from /usr/local/airflow/dags/helloworld.py
[2021-09-06 04:37:10,366] {processor.py:623} INFO - DAG(s) dict_keys(['hello_world']) retrieved from /usr/local/airflow/dags/helloworld.py
[2021-09-06 04:37:10,379] {logging_mixin.py:109} INFO - [2021-09-06 04:37:10,379] {dag.py:1833} INFO - Sync 1 DAGs
[2021-09-06 04:37:10,389] {logging_mixin.py:109} INFO - [2021-09-06 04:37:10,389] {dag.py:2306} INFO - Setting next_dagrun for hello_world to 2021-08-31 17:00:00+00:00
[2021-09-06 04:37:10,395] {processor.py:170} INFO - Processing /usr/local/airflow/dags/helloworld.py took 0.047 seconds
[2021-09-06 04:37:40,963] {processor.py:162} INFO - Started process (PID=1954) to work on /usr/local/airflow/dags/helloworld.py
[2021-09-06 04:37:40,963] {processor.py:613} INFO - Processing file /usr/local/airflow/dags/helloworld.py for tasks to queue
[2021-09-06 04:37:40,964] {logging_mixin.py:109} INFO - [2021-09-06 04:37:40,964] {dagbag.py:496} INFO - Filling up the DagBag from /usr/local/airflow/dags/helloworld.py
[2021-09-06 04:37:40,977] {processor.py:623} INFO - DAG(s) dict_keys(['hello_world']) retrieved from /usr/local/airflow/dags/helloworld.py
[2021-09-06 04:37:40,990] {logging_mixin.py:109} INFO - [2021-09-06 04:37:40,990] {dag.py:1833} INFO - Sync 1 DAGs
[2021-09-06 04:37:40,999] {logging_mixin.py:109} INFO - [2021-09-06 04:37:40,999] {dag.py:2306} INFO - Setting next_dagrun for hello_world to 2021-08-31 17:00:00+00:00
[2021-09-06 04:37:41,005] {processor.py:170} INFO - Processing /usr/local/airflow/dags/helloworld.py took 0.044 seconds
[2021-09-06 04:38:11,640] {processor.py:162} INFO - Started process (PID=2020) to work on /usr/local/airflow/dags/helloworld.py
[2021-09-06 04:38:11,641] {processor.py:613} INFO - Processing file /usr/local/airflow/dags/helloworld.py for tasks to queue
[2021-09-06 04:38:11,641] {logging_mixin.py:109} INFO - [2021-09-06 04:38:11,641] {dagbag.py:496} INFO - Filling up the DagBag from /usr/local/airflow/dags/helloworld.py
[2021-09-06 04:38:11,655] {processor.py:623} INFO - DAG(s) dict_keys(['hello_world']) retrieved from /usr/local/airflow/dags/helloworld.py
[2021-09-06 04:38:11,668] {logging_mixin.py:109} INFO - [2021-09-06 04:38:11,668] {dag.py:1833} INFO - Sync 1 DAGs
[2021-09-06 04:38:11,677] {logging_mixin.py:109} INFO - [2021-09-06 04:38:11,677] {dag.py:2306} INFO - Setting next_dagrun for hello_world to 2021-08-31 17:00:00+00:00
[2021-09-06 04:38:11,684] {processor.py:170} INFO - Processing /usr/local/airflow/dags/helloworld.py took 0.046 seconds
[2021-09-06 04:38:42,324] {processor.py:162} INFO - Started process (PID=2086) to work on /usr/local/airflow/dags/helloworld.py
[2021-09-06 04:38:42,324] {processor.py:613} INFO - Processing file /usr/local/airflow/dags/helloworld.py for tasks to queue
[2021-09-06 04:38:42,325] {logging_mixin.py:109} INFO - [2021-09-06 04:38:42,324] {dagbag.py:496} INFO - Filling up the DagBag from /usr/local/airflow/dags/helloworld.py
[2021-09-06 04:38:42,338] {processor.py:623} INFO - DAG(s) dict_keys(['hello_world']) retrieved from /usr/local/airflow/dags/helloworld.py
[2021-09-06 04:38:42,350] {logging_mixin.py:109} INFO - [2021-09-06 04:38:42,350] {dag.py:1833} INFO - Sync 1 DAGs
[2021-09-06 04:38:42,360] {logging_mixin.py:109} INFO - [2021-09-06 04:38:42,360] {dag.py:2306} INFO - Setting next_dagrun for hello_world to 2021-08-31 17:00:00+00:00
[2021-09-06 04:38:42,366] {processor.py:170} INFO - Processing /usr/local/airflow/dags/helloworld.py took 0.044 seconds
[2021-09-06 04:39:12,941] {processor.py:162} INFO - Started process (PID=2152) to work on /usr/local/airflow/dags/helloworld.py
[2021-09-06 04:39:12,942] {processor.py:613} INFO - Processing file /usr/local/airflow/dags/helloworld.py for tasks to queue
[2021-09-06 04:39:12,942] {logging_mixin.py:109} INFO - [2021-09-06 04:39:12,942] {dagbag.py:496} INFO - Filling up the DagBag from /usr/local/airflow/dags/helloworld.py
[2021-09-06 04:39:12,958] {processor.py:623} INFO - DAG(s) dict_keys(['hello_world']) retrieved from /usr/local/airflow/dags/helloworld.py
[2021-09-06 04:39:12,972] {logging_mixin.py:109} INFO - [2021-09-06 04:39:12,972] {dag.py:1833} INFO - Sync 1 DAGs
[2021-09-06 04:39:12,981] {logging_mixin.py:109} INFO - [2021-09-06 04:39:12,981] {dag.py:2306} INFO - Setting next_dagrun for hello_world to 2021-08-31 17:00:00+00:00
[2021-09-06 04:39:12,989] {processor.py:170} INFO - Processing /usr/local/airflow/dags/helloworld.py took 0.050 seconds
[2021-09-06 04:39:43,623] {processor.py:162} INFO - Started process (PID=2218) to work on /usr/local/airflow/dags/helloworld.py
[2021-09-06 04:39:43,624] {processor.py:613} INFO - Processing file /usr/local/airflow/dags/helloworld.py for tasks to queue
[2021-09-06 04:39:43,624] {logging_mixin.py:109} INFO - [2021-09-06 04:39:43,624] {dagbag.py:496} INFO - Filling up the DagBag from /usr/local/airflow/dags/helloworld.py
[2021-09-06 04:39:43,638] {processor.py:623} INFO - DAG(s) dict_keys(['hello_world']) retrieved from /usr/local/airflow/dags/helloworld.py
[2021-09-06 04:39:43,650] {logging_mixin.py:109} INFO - [2021-09-06 04:39:43,650] {dag.py:1833} INFO - Sync 1 DAGs
[2021-09-06 04:39:43,660] {logging_mixin.py:109} INFO - [2021-09-06 04:39:43,660] {dag.py:2306} INFO - Setting next_dagrun for hello_world to 2021-08-31 17:00:00+00:00
[2021-09-06 04:39:43,666] {processor.py:170} INFO - Processing /usr/local/airflow/dags/helloworld.py took 0.044 seconds
[2021-09-06 04:40:14,335] {processor.py:162} INFO - Started process (PID=2284) to work on /usr/local/airflow/dags/helloworld.py
[2021-09-06 04:40:14,335] {processor.py:613} INFO - Processing file /usr/local/airflow/dags/helloworld.py for tasks to queue
[2021-09-06 04:40:14,335] {logging_mixin.py:109} INFO - [2021-09-06 04:40:14,335] {dagbag.py:496} INFO - Filling up the DagBag from /usr/local/airflow/dags/helloworld.py
[2021-09-06 04:40:14,350] {processor.py:623} INFO - DAG(s) dict_keys(['hello_world']) retrieved from /usr/local/airflow/dags/helloworld.py
[2021-09-06 04:40:14,365] {logging_mixin.py:109} INFO - [2021-09-06 04:40:14,364] {dag.py:1833} INFO - Sync 1 DAGs
[2021-09-06 04:40:14,375] {logging_mixin.py:109} INFO - [2021-09-06 04:40:14,375] {dag.py:2306} INFO - Setting next_dagrun for hello_world to 2021-08-31 17:00:00+00:00
[2021-09-06 04:40:14,382] {processor.py:170} INFO - Processing /usr/local/airflow/dags/helloworld.py took 0.050 seconds
