[2021-09-06 04:24:23,665] {processor.py:162} INFO - Started process (PID=181) to work on /usr/local/airflow/dags/writefile.py
[2021-09-06 04:24:23,666] {processor.py:613} INFO - Processing file /usr/local/airflow/dags/writefile.py for tasks to queue
[2021-09-06 04:24:23,667] {logging_mixin.py:109} INFO - [2021-09-06 04:24:23,667] {dagbag.py:496} INFO - Filling up the DagBag from /usr/local/airflow/dags/writefile.py
[2021-09-06 04:24:23,678] {processor.py:623} INFO - DAG(s) dict_keys(['name_writefile']) retrieved from /usr/local/airflow/dags/writefile.py
[2021-09-06 04:24:23,691] {logging_mixin.py:109} INFO - [2021-09-06 04:24:23,691] {dag.py:1833} INFO - Sync 1 DAGs
[2021-09-06 04:24:23,700] {logging_mixin.py:109} INFO - [2021-09-06 04:24:23,699] {dag.py:2306} INFO - Setting next_dagrun for name_writefile to 2021-08-14 17:00:00+00:00
[2021-09-06 04:24:23,706] {processor.py:170} INFO - Processing /usr/local/airflow/dags/writefile.py took 0.042 seconds
[2021-09-06 04:24:54,275] {processor.py:162} INFO - Started process (PID=295) to work on /usr/local/airflow/dags/writefile.py
[2021-09-06 04:24:54,275] {processor.py:613} INFO - Processing file /usr/local/airflow/dags/writefile.py for tasks to queue
[2021-09-06 04:24:54,276] {logging_mixin.py:109} INFO - [2021-09-06 04:24:54,276] {dagbag.py:496} INFO - Filling up the DagBag from /usr/local/airflow/dags/writefile.py
[2021-09-06 04:24:54,284] {processor.py:623} INFO - DAG(s) dict_keys(['name_writefile']) retrieved from /usr/local/airflow/dags/writefile.py
[2021-09-06 04:24:54,297] {logging_mixin.py:109} INFO - [2021-09-06 04:24:54,297] {dag.py:1833} INFO - Sync 1 DAGs
[2021-09-06 04:24:54,305] {logging_mixin.py:109} INFO - [2021-09-06 04:24:54,305] {dag.py:2306} INFO - Setting next_dagrun for name_writefile to 2021-08-14 17:00:00+00:00
[2021-09-06 04:24:54,312] {processor.py:170} INFO - Processing /usr/local/airflow/dags/writefile.py took 0.039 seconds
[2021-09-06 04:25:24,927] {processor.py:162} INFO - Started process (PID=361) to work on /usr/local/airflow/dags/writefile.py
[2021-09-06 04:25:24,928] {processor.py:613} INFO - Processing file /usr/local/airflow/dags/writefile.py for tasks to queue
[2021-09-06 04:25:24,928] {logging_mixin.py:109} INFO - [2021-09-06 04:25:24,928] {dagbag.py:496} INFO - Filling up the DagBag from /usr/local/airflow/dags/writefile.py
[2021-09-06 04:25:24,938] {processor.py:623} INFO - DAG(s) dict_keys(['name_writefile']) retrieved from /usr/local/airflow/dags/writefile.py
[2021-09-06 04:25:24,950] {logging_mixin.py:109} INFO - [2021-09-06 04:25:24,950] {dag.py:1833} INFO - Sync 1 DAGs
[2021-09-06 04:25:24,959] {logging_mixin.py:109} INFO - [2021-09-06 04:25:24,959] {dag.py:2306} INFO - Setting next_dagrun for name_writefile to 2021-08-14 17:00:00+00:00
[2021-09-06 04:25:24,966] {processor.py:170} INFO - Processing /usr/local/airflow/dags/writefile.py took 0.041 seconds
[2021-09-06 04:25:55,619] {processor.py:162} INFO - Started process (PID=427) to work on /usr/local/airflow/dags/writefile.py
[2021-09-06 04:25:55,619] {processor.py:613} INFO - Processing file /usr/local/airflow/dags/writefile.py for tasks to queue
[2021-09-06 04:25:55,619] {logging_mixin.py:109} INFO - [2021-09-06 04:25:55,619] {dagbag.py:496} INFO - Filling up the DagBag from /usr/local/airflow/dags/writefile.py
[2021-09-06 04:25:55,628] {processor.py:623} INFO - DAG(s) dict_keys(['name_writefile']) retrieved from /usr/local/airflow/dags/writefile.py
[2021-09-06 04:25:55,641] {logging_mixin.py:109} INFO - [2021-09-06 04:25:55,640] {dag.py:1833} INFO - Sync 1 DAGs
[2021-09-06 04:25:55,649] {logging_mixin.py:109} INFO - [2021-09-06 04:25:55,649] {dag.py:2306} INFO - Setting next_dagrun for name_writefile to 2021-08-14 17:00:00+00:00
[2021-09-06 04:25:55,655] {processor.py:170} INFO - Processing /usr/local/airflow/dags/writefile.py took 0.038 seconds
[2021-09-06 04:26:26,216] {processor.py:162} INFO - Started process (PID=493) to work on /usr/local/airflow/dags/writefile.py
[2021-09-06 04:26:26,217] {processor.py:613} INFO - Processing file /usr/local/airflow/dags/writefile.py for tasks to queue
[2021-09-06 04:26:26,217] {logging_mixin.py:109} INFO - [2021-09-06 04:26:26,217] {dagbag.py:496} INFO - Filling up the DagBag from /usr/local/airflow/dags/writefile.py
[2021-09-06 04:26:26,226] {processor.py:623} INFO - DAG(s) dict_keys(['name_writefile']) retrieved from /usr/local/airflow/dags/writefile.py
[2021-09-06 04:26:26,238] {logging_mixin.py:109} INFO - [2021-09-06 04:26:26,238] {dag.py:1833} INFO - Sync 1 DAGs
[2021-09-06 04:26:26,246] {logging_mixin.py:109} INFO - [2021-09-06 04:26:26,246] {dag.py:2306} INFO - Setting next_dagrun for name_writefile to 2021-08-14 17:00:00+00:00
[2021-09-06 04:26:26,253] {processor.py:170} INFO - Processing /usr/local/airflow/dags/writefile.py took 0.038 seconds
[2021-09-06 04:26:56,854] {processor.py:162} INFO - Started process (PID=559) to work on /usr/local/airflow/dags/writefile.py
[2021-09-06 04:26:56,855] {processor.py:613} INFO - Processing file /usr/local/airflow/dags/writefile.py for tasks to queue
[2021-09-06 04:26:56,855] {logging_mixin.py:109} INFO - [2021-09-06 04:26:56,855] {dagbag.py:496} INFO - Filling up the DagBag from /usr/local/airflow/dags/writefile.py
[2021-09-06 04:26:56,863] {processor.py:623} INFO - DAG(s) dict_keys(['name_writefile']) retrieved from /usr/local/airflow/dags/writefile.py
[2021-09-06 04:26:56,875] {logging_mixin.py:109} INFO - [2021-09-06 04:26:56,875] {dag.py:1833} INFO - Sync 1 DAGs
[2021-09-06 04:26:56,883] {logging_mixin.py:109} INFO - [2021-09-06 04:26:56,883] {dag.py:2306} INFO - Setting next_dagrun for name_writefile to 2021-08-14 17:00:00+00:00
[2021-09-06 04:26:56,889] {processor.py:170} INFO - Processing /usr/local/airflow/dags/writefile.py took 0.037 seconds
[2021-09-06 04:27:27,455] {processor.py:162} INFO - Started process (PID=625) to work on /usr/local/airflow/dags/writefile.py
[2021-09-06 04:27:27,456] {processor.py:613} INFO - Processing file /usr/local/airflow/dags/writefile.py for tasks to queue
[2021-09-06 04:27:27,456] {logging_mixin.py:109} INFO - [2021-09-06 04:27:27,456] {dagbag.py:496} INFO - Filling up the DagBag from /usr/local/airflow/dags/writefile.py
[2021-09-06 04:27:27,465] {processor.py:623} INFO - DAG(s) dict_keys(['name_writefile']) retrieved from /usr/local/airflow/dags/writefile.py
[2021-09-06 04:27:27,478] {logging_mixin.py:109} INFO - [2021-09-06 04:27:27,478] {dag.py:1833} INFO - Sync 1 DAGs
[2021-09-06 04:27:27,486] {logging_mixin.py:109} INFO - [2021-09-06 04:27:27,486] {dag.py:2306} INFO - Setting next_dagrun for name_writefile to 2021-08-14 17:00:00+00:00
[2021-09-06 04:27:27,494] {processor.py:170} INFO - Processing /usr/local/airflow/dags/writefile.py took 0.040 seconds
[2021-09-06 04:27:58,116] {processor.py:162} INFO - Started process (PID=692) to work on /usr/local/airflow/dags/writefile.py
[2021-09-06 04:27:58,117] {processor.py:613} INFO - Processing file /usr/local/airflow/dags/writefile.py for tasks to queue
[2021-09-06 04:27:58,117] {logging_mixin.py:109} INFO - [2021-09-06 04:27:58,117] {dagbag.py:496} INFO - Filling up the DagBag from /usr/local/airflow/dags/writefile.py
[2021-09-06 04:27:58,126] {processor.py:623} INFO - DAG(s) dict_keys(['name_writefile']) retrieved from /usr/local/airflow/dags/writefile.py
[2021-09-06 04:27:58,139] {logging_mixin.py:109} INFO - [2021-09-06 04:27:58,138] {dag.py:1833} INFO - Sync 1 DAGs
[2021-09-06 04:27:58,147] {logging_mixin.py:109} INFO - [2021-09-06 04:27:58,147] {dag.py:2306} INFO - Setting next_dagrun for name_writefile to 2021-08-14 17:00:00+00:00
[2021-09-06 04:27:58,153] {processor.py:170} INFO - Processing /usr/local/airflow/dags/writefile.py took 0.039 seconds
[2021-09-06 04:28:28,733] {processor.py:162} INFO - Started process (PID=758) to work on /usr/local/airflow/dags/writefile.py
[2021-09-06 04:28:28,734] {processor.py:613} INFO - Processing file /usr/local/airflow/dags/writefile.py for tasks to queue
[2021-09-06 04:28:28,734] {logging_mixin.py:109} INFO - [2021-09-06 04:28:28,734] {dagbag.py:496} INFO - Filling up the DagBag from /usr/local/airflow/dags/writefile.py
[2021-09-06 04:28:28,743] {processor.py:623} INFO - DAG(s) dict_keys(['name_writefile']) retrieved from /usr/local/airflow/dags/writefile.py
[2021-09-06 04:28:28,755] {logging_mixin.py:109} INFO - [2021-09-06 04:28:28,755] {dag.py:1833} INFO - Sync 1 DAGs
[2021-09-06 04:28:28,764] {logging_mixin.py:109} INFO - [2021-09-06 04:28:28,764] {dag.py:2306} INFO - Setting next_dagrun for name_writefile to 2021-08-14 17:00:00+00:00
[2021-09-06 04:28:28,770] {processor.py:170} INFO - Processing /usr/local/airflow/dags/writefile.py took 0.038 seconds
[2021-09-06 04:28:59,345] {processor.py:162} INFO - Started process (PID=824) to work on /usr/local/airflow/dags/writefile.py
[2021-09-06 04:28:59,346] {processor.py:613} INFO - Processing file /usr/local/airflow/dags/writefile.py for tasks to queue
[2021-09-06 04:28:59,346] {logging_mixin.py:109} INFO - [2021-09-06 04:28:59,346] {dagbag.py:496} INFO - Filling up the DagBag from /usr/local/airflow/dags/writefile.py
[2021-09-06 04:28:59,355] {processor.py:623} INFO - DAG(s) dict_keys(['name_writefile']) retrieved from /usr/local/airflow/dags/writefile.py
[2021-09-06 04:28:59,369] {logging_mixin.py:109} INFO - [2021-09-06 04:28:59,369] {dag.py:1833} INFO - Sync 1 DAGs
[2021-09-06 04:28:59,379] {logging_mixin.py:109} INFO - [2021-09-06 04:28:59,379] {dag.py:2306} INFO - Setting next_dagrun for name_writefile to 2021-08-14 17:00:00+00:00
[2021-09-06 04:28:59,385] {processor.py:170} INFO - Processing /usr/local/airflow/dags/writefile.py took 0.042 seconds
[2021-09-06 04:29:30,079] {processor.py:162} INFO - Started process (PID=890) to work on /usr/local/airflow/dags/writefile.py
[2021-09-06 04:29:30,080] {processor.py:613} INFO - Processing file /usr/local/airflow/dags/writefile.py for tasks to queue
[2021-09-06 04:29:30,080] {logging_mixin.py:109} INFO - [2021-09-06 04:29:30,080] {dagbag.py:496} INFO - Filling up the DagBag from /usr/local/airflow/dags/writefile.py
[2021-09-06 04:29:30,090] {processor.py:623} INFO - DAG(s) dict_keys(['name_writefile']) retrieved from /usr/local/airflow/dags/writefile.py
[2021-09-06 04:29:30,102] {logging_mixin.py:109} INFO - [2021-09-06 04:29:30,102] {dag.py:1833} INFO - Sync 1 DAGs
[2021-09-06 04:29:30,110] {logging_mixin.py:109} INFO - [2021-09-06 04:29:30,110] {dag.py:2306} INFO - Setting next_dagrun for name_writefile to 2021-08-14 17:00:00+00:00
[2021-09-06 04:29:30,116] {processor.py:170} INFO - Processing /usr/local/airflow/dags/writefile.py took 0.039 seconds
[2021-09-06 04:30:00,679] {processor.py:162} INFO - Started process (PID=956) to work on /usr/local/airflow/dags/writefile.py
[2021-09-06 04:30:00,680] {processor.py:613} INFO - Processing file /usr/local/airflow/dags/writefile.py for tasks to queue
[2021-09-06 04:30:00,680] {logging_mixin.py:109} INFO - [2021-09-06 04:30:00,680] {dagbag.py:496} INFO - Filling up the DagBag from /usr/local/airflow/dags/writefile.py
[2021-09-06 04:30:00,689] {processor.py:623} INFO - DAG(s) dict_keys(['name_writefile']) retrieved from /usr/local/airflow/dags/writefile.py
[2021-09-06 04:30:00,707] {logging_mixin.py:109} INFO - [2021-09-06 04:30:00,707] {dag.py:1833} INFO - Sync 1 DAGs
[2021-09-06 04:30:00,718] {logging_mixin.py:109} INFO - [2021-09-06 04:30:00,718] {dag.py:2306} INFO - Setting next_dagrun for name_writefile to 2021-08-14 17:00:00+00:00
[2021-09-06 04:30:00,726] {processor.py:170} INFO - Processing /usr/local/airflow/dags/writefile.py took 0.050 seconds
[2021-09-06 04:30:31,397] {processor.py:162} INFO - Started process (PID=1022) to work on /usr/local/airflow/dags/writefile.py
[2021-09-06 04:30:31,397] {processor.py:613} INFO - Processing file /usr/local/airflow/dags/writefile.py for tasks to queue
[2021-09-06 04:30:31,398] {logging_mixin.py:109} INFO - [2021-09-06 04:30:31,398] {dagbag.py:496} INFO - Filling up the DagBag from /usr/local/airflow/dags/writefile.py
[2021-09-06 04:30:31,407] {processor.py:623} INFO - DAG(s) dict_keys(['name_writefile']) retrieved from /usr/local/airflow/dags/writefile.py
[2021-09-06 04:30:31,422] {logging_mixin.py:109} INFO - [2021-09-06 04:30:31,422] {dag.py:1833} INFO - Sync 1 DAGs
[2021-09-06 04:30:31,433] {logging_mixin.py:109} INFO - [2021-09-06 04:30:31,433] {dag.py:2306} INFO - Setting next_dagrun for name_writefile to 2021-08-14 17:00:00+00:00
[2021-09-06 04:30:31,440] {processor.py:170} INFO - Processing /usr/local/airflow/dags/writefile.py took 0.046 seconds
[2021-09-06 04:31:02,123] {processor.py:162} INFO - Started process (PID=1088) to work on /usr/local/airflow/dags/writefile.py
[2021-09-06 04:31:02,124] {processor.py:613} INFO - Processing file /usr/local/airflow/dags/writefile.py for tasks to queue
[2021-09-06 04:31:02,124] {logging_mixin.py:109} INFO - [2021-09-06 04:31:02,124] {dagbag.py:496} INFO - Filling up the DagBag from /usr/local/airflow/dags/writefile.py
[2021-09-06 04:31:02,132] {processor.py:623} INFO - DAG(s) dict_keys(['name_writefile']) retrieved from /usr/local/airflow/dags/writefile.py
[2021-09-06 04:31:02,145] {logging_mixin.py:109} INFO - [2021-09-06 04:31:02,145] {dag.py:1833} INFO - Sync 1 DAGs
[2021-09-06 04:31:02,154] {logging_mixin.py:109} INFO - [2021-09-06 04:31:02,154] {dag.py:2306} INFO - Setting next_dagrun for name_writefile to 2021-08-14 17:00:00+00:00
[2021-09-06 04:31:02,161] {processor.py:170} INFO - Processing /usr/local/airflow/dags/writefile.py took 0.039 seconds
[2021-09-06 04:31:32,837] {processor.py:162} INFO - Started process (PID=1154) to work on /usr/local/airflow/dags/writefile.py
[2021-09-06 04:31:32,838] {processor.py:613} INFO - Processing file /usr/local/airflow/dags/writefile.py for tasks to queue
[2021-09-06 04:31:32,838] {logging_mixin.py:109} INFO - [2021-09-06 04:31:32,838] {dagbag.py:496} INFO - Filling up the DagBag from /usr/local/airflow/dags/writefile.py
[2021-09-06 04:31:32,846] {processor.py:623} INFO - DAG(s) dict_keys(['name_writefile']) retrieved from /usr/local/airflow/dags/writefile.py
[2021-09-06 04:31:32,859] {logging_mixin.py:109} INFO - [2021-09-06 04:31:32,859] {dag.py:1833} INFO - Sync 1 DAGs
[2021-09-06 04:31:32,868] {logging_mixin.py:109} INFO - [2021-09-06 04:31:32,868] {dag.py:2306} INFO - Setting next_dagrun for name_writefile to 2021-08-14 17:00:00+00:00
[2021-09-06 04:31:32,874] {processor.py:170} INFO - Processing /usr/local/airflow/dags/writefile.py took 0.039 seconds
[2021-09-06 04:32:03,512] {processor.py:162} INFO - Started process (PID=1220) to work on /usr/local/airflow/dags/writefile.py
[2021-09-06 04:32:03,513] {processor.py:613} INFO - Processing file /usr/local/airflow/dags/writefile.py for tasks to queue
[2021-09-06 04:32:03,514] {logging_mixin.py:109} INFO - [2021-09-06 04:32:03,514] {dagbag.py:496} INFO - Filling up the DagBag from /usr/local/airflow/dags/writefile.py
[2021-09-06 04:32:03,521] {processor.py:623} INFO - DAG(s) dict_keys(['name_writefile']) retrieved from /usr/local/airflow/dags/writefile.py
[2021-09-06 04:32:03,534] {logging_mixin.py:109} INFO - [2021-09-06 04:32:03,534] {dag.py:1833} INFO - Sync 1 DAGs
[2021-09-06 04:32:03,543] {logging_mixin.py:109} INFO - [2021-09-06 04:32:03,543] {dag.py:2306} INFO - Setting next_dagrun for name_writefile to 2021-08-14 17:00:00+00:00
[2021-09-06 04:32:03,550] {processor.py:170} INFO - Processing /usr/local/airflow/dags/writefile.py took 0.039 seconds
[2021-09-06 04:32:34,198] {processor.py:162} INFO - Started process (PID=1286) to work on /usr/local/airflow/dags/writefile.py
[2021-09-06 04:32:34,199] {processor.py:613} INFO - Processing file /usr/local/airflow/dags/writefile.py for tasks to queue
[2021-09-06 04:32:34,199] {logging_mixin.py:109} INFO - [2021-09-06 04:32:34,199] {dagbag.py:496} INFO - Filling up the DagBag from /usr/local/airflow/dags/writefile.py
[2021-09-06 04:32:34,207] {processor.py:623} INFO - DAG(s) dict_keys(['name_writefile']) retrieved from /usr/local/airflow/dags/writefile.py
[2021-09-06 04:32:34,220] {logging_mixin.py:109} INFO - [2021-09-06 04:32:34,220] {dag.py:1833} INFO - Sync 1 DAGs
[2021-09-06 04:32:34,228] {logging_mixin.py:109} INFO - [2021-09-06 04:32:34,228] {dag.py:2306} INFO - Setting next_dagrun for name_writefile to 2021-08-14 17:00:00+00:00
[2021-09-06 04:32:34,234] {processor.py:170} INFO - Processing /usr/local/airflow/dags/writefile.py took 0.038 seconds
[2021-09-06 04:33:04,942] {processor.py:162} INFO - Started process (PID=1353) to work on /usr/local/airflow/dags/writefile.py
[2021-09-06 04:33:04,943] {processor.py:613} INFO - Processing file /usr/local/airflow/dags/writefile.py for tasks to queue
[2021-09-06 04:33:04,943] {logging_mixin.py:109} INFO - [2021-09-06 04:33:04,943] {dagbag.py:496} INFO - Filling up the DagBag from /usr/local/airflow/dags/writefile.py
[2021-09-06 04:33:04,951] {processor.py:623} INFO - DAG(s) dict_keys(['name_writefile']) retrieved from /usr/local/airflow/dags/writefile.py
[2021-09-06 04:33:04,964] {logging_mixin.py:109} INFO - [2021-09-06 04:33:04,963] {dag.py:1833} INFO - Sync 1 DAGs
[2021-09-06 04:33:04,972] {logging_mixin.py:109} INFO - [2021-09-06 04:33:04,972] {dag.py:2306} INFO - Setting next_dagrun for name_writefile to 2021-08-14 17:00:00+00:00
[2021-09-06 04:33:04,979] {processor.py:170} INFO - Processing /usr/local/airflow/dags/writefile.py took 0.039 seconds
[2021-09-06 04:33:35,544] {processor.py:162} INFO - Started process (PID=1419) to work on /usr/local/airflow/dags/writefile.py
[2021-09-06 04:33:35,544] {processor.py:613} INFO - Processing file /usr/local/airflow/dags/writefile.py for tasks to queue
[2021-09-06 04:33:35,544] {logging_mixin.py:109} INFO - [2021-09-06 04:33:35,544] {dagbag.py:496} INFO - Filling up the DagBag from /usr/local/airflow/dags/writefile.py
[2021-09-06 04:33:35,553] {processor.py:623} INFO - DAG(s) dict_keys(['name_writefile']) retrieved from /usr/local/airflow/dags/writefile.py
[2021-09-06 04:33:35,567] {logging_mixin.py:109} INFO - [2021-09-06 04:33:35,567] {dag.py:1833} INFO - Sync 1 DAGs
[2021-09-06 04:33:35,575] {logging_mixin.py:109} INFO - [2021-09-06 04:33:35,575] {dag.py:2306} INFO - Setting next_dagrun for name_writefile to 2021-08-14 17:00:00+00:00
[2021-09-06 04:33:35,582] {processor.py:170} INFO - Processing /usr/local/airflow/dags/writefile.py took 0.041 seconds
[2021-09-06 04:34:06,165] {processor.py:162} INFO - Started process (PID=1485) to work on /usr/local/airflow/dags/writefile.py
[2021-09-06 04:34:06,166] {processor.py:613} INFO - Processing file /usr/local/airflow/dags/writefile.py for tasks to queue
[2021-09-06 04:34:06,166] {logging_mixin.py:109} INFO - [2021-09-06 04:34:06,166] {dagbag.py:496} INFO - Filling up the DagBag from /usr/local/airflow/dags/writefile.py
[2021-09-06 04:34:06,174] {processor.py:623} INFO - DAG(s) dict_keys(['name_writefile']) retrieved from /usr/local/airflow/dags/writefile.py
[2021-09-06 04:34:06,186] {logging_mixin.py:109} INFO - [2021-09-06 04:34:06,186] {dag.py:1833} INFO - Sync 1 DAGs
[2021-09-06 04:34:06,195] {logging_mixin.py:109} INFO - [2021-09-06 04:34:06,195] {dag.py:2306} INFO - Setting next_dagrun for name_writefile to 2021-08-14 17:00:00+00:00
[2021-09-06 04:34:06,201] {processor.py:170} INFO - Processing /usr/local/airflow/dags/writefile.py took 0.038 seconds
[2021-09-06 04:34:36,840] {processor.py:162} INFO - Started process (PID=1551) to work on /usr/local/airflow/dags/writefile.py
[2021-09-06 04:34:36,840] {processor.py:613} INFO - Processing file /usr/local/airflow/dags/writefile.py for tasks to queue
[2021-09-06 04:34:36,841] {logging_mixin.py:109} INFO - [2021-09-06 04:34:36,841] {dagbag.py:496} INFO - Filling up the DagBag from /usr/local/airflow/dags/writefile.py
[2021-09-06 04:34:36,851] {processor.py:623} INFO - DAG(s) dict_keys(['name_writefile']) retrieved from /usr/local/airflow/dags/writefile.py
[2021-09-06 04:34:36,866] {logging_mixin.py:109} INFO - [2021-09-06 04:34:36,866] {dag.py:1833} INFO - Sync 1 DAGs
[2021-09-06 04:34:36,874] {logging_mixin.py:109} INFO - [2021-09-06 04:34:36,874] {dag.py:2306} INFO - Setting next_dagrun for name_writefile to 2021-08-14 17:00:00+00:00
[2021-09-06 04:34:36,881] {processor.py:170} INFO - Processing /usr/local/airflow/dags/writefile.py took 0.044 seconds
[2021-09-06 04:35:07,506] {processor.py:162} INFO - Started process (PID=1617) to work on /usr/local/airflow/dags/writefile.py
[2021-09-06 04:35:07,506] {processor.py:613} INFO - Processing file /usr/local/airflow/dags/writefile.py for tasks to queue
[2021-09-06 04:35:07,507] {logging_mixin.py:109} INFO - [2021-09-06 04:35:07,507] {dagbag.py:496} INFO - Filling up the DagBag from /usr/local/airflow/dags/writefile.py
[2021-09-06 04:35:07,515] {processor.py:623} INFO - DAG(s) dict_keys(['name_writefile']) retrieved from /usr/local/airflow/dags/writefile.py
[2021-09-06 04:35:07,528] {logging_mixin.py:109} INFO - [2021-09-06 04:35:07,528] {dag.py:1833} INFO - Sync 1 DAGs
[2021-09-06 04:35:07,536] {logging_mixin.py:109} INFO - [2021-09-06 04:35:07,536] {dag.py:2306} INFO - Setting next_dagrun for name_writefile to 2021-08-14 17:00:00+00:00
[2021-09-06 04:35:07,542] {processor.py:170} INFO - Processing /usr/local/airflow/dags/writefile.py took 0.039 seconds
[2021-09-06 04:35:38,289] {processor.py:162} INFO - Started process (PID=1684) to work on /usr/local/airflow/dags/writefile.py
[2021-09-06 04:35:38,291] {processor.py:613} INFO - Processing file /usr/local/airflow/dags/writefile.py for tasks to queue
[2021-09-06 04:35:38,292] {logging_mixin.py:109} INFO - [2021-09-06 04:35:38,292] {dagbag.py:496} INFO - Filling up the DagBag from /usr/local/airflow/dags/writefile.py
[2021-09-06 04:35:38,307] {processor.py:623} INFO - DAG(s) dict_keys(['name_writefile']) retrieved from /usr/local/airflow/dags/writefile.py
[2021-09-06 04:35:38,327] {logging_mixin.py:109} INFO - [2021-09-06 04:35:38,327] {dag.py:1833} INFO - Sync 1 DAGs
[2021-09-06 04:35:38,337] {logging_mixin.py:109} INFO - [2021-09-06 04:35:38,337] {dag.py:2306} INFO - Setting next_dagrun for name_writefile to 2021-08-14 17:00:00+00:00
[2021-09-06 04:35:38,346] {processor.py:170} INFO - Processing /usr/local/airflow/dags/writefile.py took 0.060 seconds
[2021-09-06 04:36:09,025] {processor.py:162} INFO - Started process (PID=1750) to work on /usr/local/airflow/dags/writefile.py
[2021-09-06 04:36:09,025] {processor.py:613} INFO - Processing file /usr/local/airflow/dags/writefile.py for tasks to queue
[2021-09-06 04:36:09,026] {logging_mixin.py:109} INFO - [2021-09-06 04:36:09,026] {dagbag.py:496} INFO - Filling up the DagBag from /usr/local/airflow/dags/writefile.py
[2021-09-06 04:36:09,034] {processor.py:623} INFO - DAG(s) dict_keys(['name_writefile']) retrieved from /usr/local/airflow/dags/writefile.py
[2021-09-06 04:36:09,048] {logging_mixin.py:109} INFO - [2021-09-06 04:36:09,047] {dag.py:1833} INFO - Sync 1 DAGs
[2021-09-06 04:36:09,056] {logging_mixin.py:109} INFO - [2021-09-06 04:36:09,056] {dag.py:2306} INFO - Setting next_dagrun for name_writefile to 2021-08-14 17:00:00+00:00
[2021-09-06 04:36:09,065] {processor.py:170} INFO - Processing /usr/local/airflow/dags/writefile.py took 0.042 seconds
[2021-09-06 04:36:39,693] {processor.py:162} INFO - Started process (PID=1817) to work on /usr/local/airflow/dags/writefile.py
[2021-09-06 04:36:39,694] {processor.py:613} INFO - Processing file /usr/local/airflow/dags/writefile.py for tasks to queue
[2021-09-06 04:36:39,694] {logging_mixin.py:109} INFO - [2021-09-06 04:36:39,694] {dagbag.py:496} INFO - Filling up the DagBag from /usr/local/airflow/dags/writefile.py
[2021-09-06 04:36:39,702] {processor.py:623} INFO - DAG(s) dict_keys(['name_writefile']) retrieved from /usr/local/airflow/dags/writefile.py
[2021-09-06 04:36:39,715] {logging_mixin.py:109} INFO - [2021-09-06 04:36:39,715] {dag.py:1833} INFO - Sync 1 DAGs
[2021-09-06 04:36:39,724] {logging_mixin.py:109} INFO - [2021-09-06 04:36:39,724] {dag.py:2306} INFO - Setting next_dagrun for name_writefile to 2021-08-14 17:00:00+00:00
[2021-09-06 04:36:39,731] {processor.py:170} INFO - Processing /usr/local/airflow/dags/writefile.py took 0.040 seconds
[2021-09-06 04:37:10,301] {processor.py:162} INFO - Started process (PID=1883) to work on /usr/local/airflow/dags/writefile.py
[2021-09-06 04:37:10,301] {processor.py:613} INFO - Processing file /usr/local/airflow/dags/writefile.py for tasks to queue
[2021-09-06 04:37:10,302] {logging_mixin.py:109} INFO - [2021-09-06 04:37:10,302] {dagbag.py:496} INFO - Filling up the DagBag from /usr/local/airflow/dags/writefile.py
[2021-09-06 04:37:10,310] {processor.py:623} INFO - DAG(s) dict_keys(['name_writefile']) retrieved from /usr/local/airflow/dags/writefile.py
[2021-09-06 04:37:10,323] {logging_mixin.py:109} INFO - [2021-09-06 04:37:10,323] {dag.py:1833} INFO - Sync 1 DAGs
[2021-09-06 04:37:10,332] {logging_mixin.py:109} INFO - [2021-09-06 04:37:10,332] {dag.py:2306} INFO - Setting next_dagrun for name_writefile to 2021-08-14 17:00:00+00:00
[2021-09-06 04:37:10,339] {processor.py:170} INFO - Processing /usr/local/airflow/dags/writefile.py took 0.041 seconds
[2021-09-06 04:37:40,913] {processor.py:162} INFO - Started process (PID=1949) to work on /usr/local/airflow/dags/writefile.py
[2021-09-06 04:37:40,914] {processor.py:613} INFO - Processing file /usr/local/airflow/dags/writefile.py for tasks to queue
[2021-09-06 04:37:40,914] {logging_mixin.py:109} INFO - [2021-09-06 04:37:40,914] {dagbag.py:496} INFO - Filling up the DagBag from /usr/local/airflow/dags/writefile.py
[2021-09-06 04:37:40,922] {processor.py:623} INFO - DAG(s) dict_keys(['name_writefile']) retrieved from /usr/local/airflow/dags/writefile.py
[2021-09-06 04:37:40,935] {logging_mixin.py:109} INFO - [2021-09-06 04:37:40,935] {dag.py:1833} INFO - Sync 1 DAGs
[2021-09-06 04:37:40,944] {logging_mixin.py:109} INFO - [2021-09-06 04:37:40,944] {dag.py:2306} INFO - Setting next_dagrun for name_writefile to 2021-08-14 17:00:00+00:00
[2021-09-06 04:37:40,951] {processor.py:170} INFO - Processing /usr/local/airflow/dags/writefile.py took 0.040 seconds
[2021-09-06 04:38:11,591] {processor.py:162} INFO - Started process (PID=2015) to work on /usr/local/airflow/dags/writefile.py
[2021-09-06 04:38:11,592] {processor.py:613} INFO - Processing file /usr/local/airflow/dags/writefile.py for tasks to queue
[2021-09-06 04:38:11,592] {logging_mixin.py:109} INFO - [2021-09-06 04:38:11,592] {dagbag.py:496} INFO - Filling up the DagBag from /usr/local/airflow/dags/writefile.py
[2021-09-06 04:38:11,600] {processor.py:623} INFO - DAG(s) dict_keys(['name_writefile']) retrieved from /usr/local/airflow/dags/writefile.py
[2021-09-06 04:38:11,613] {logging_mixin.py:109} INFO - [2021-09-06 04:38:11,613] {dag.py:1833} INFO - Sync 1 DAGs
[2021-09-06 04:38:11,622] {logging_mixin.py:109} INFO - [2021-09-06 04:38:11,622] {dag.py:2306} INFO - Setting next_dagrun for name_writefile to 2021-08-14 17:00:00+00:00
[2021-09-06 04:38:11,629] {processor.py:170} INFO - Processing /usr/local/airflow/dags/writefile.py took 0.040 seconds
[2021-09-06 04:38:42,271] {processor.py:162} INFO - Started process (PID=2081) to work on /usr/local/airflow/dags/writefile.py
[2021-09-06 04:38:42,272] {processor.py:613} INFO - Processing file /usr/local/airflow/dags/writefile.py for tasks to queue
[2021-09-06 04:38:42,272] {logging_mixin.py:109} INFO - [2021-09-06 04:38:42,272] {dagbag.py:496} INFO - Filling up the DagBag from /usr/local/airflow/dags/writefile.py
[2021-09-06 04:38:42,283] {processor.py:623} INFO - DAG(s) dict_keys(['name_writefile']) retrieved from /usr/local/airflow/dags/writefile.py
[2021-09-06 04:38:42,296] {logging_mixin.py:109} INFO - [2021-09-06 04:38:42,296] {dag.py:1833} INFO - Sync 1 DAGs
[2021-09-06 04:38:42,304] {logging_mixin.py:109} INFO - [2021-09-06 04:38:42,304] {dag.py:2306} INFO - Setting next_dagrun for name_writefile to 2021-08-14 17:00:00+00:00
[2021-09-06 04:38:42,312] {processor.py:170} INFO - Processing /usr/local/airflow/dags/writefile.py took 0.043 seconds
[2021-09-06 04:39:12,887] {processor.py:162} INFO - Started process (PID=2147) to work on /usr/local/airflow/dags/writefile.py
[2021-09-06 04:39:12,887] {processor.py:613} INFO - Processing file /usr/local/airflow/dags/writefile.py for tasks to queue
[2021-09-06 04:39:12,888] {logging_mixin.py:109} INFO - [2021-09-06 04:39:12,887] {dagbag.py:496} INFO - Filling up the DagBag from /usr/local/airflow/dags/writefile.py
[2021-09-06 04:39:12,896] {processor.py:623} INFO - DAG(s) dict_keys(['name_writefile']) retrieved from /usr/local/airflow/dags/writefile.py
[2021-09-06 04:39:12,911] {logging_mixin.py:109} INFO - [2021-09-06 04:39:12,910] {dag.py:1833} INFO - Sync 1 DAGs
[2021-09-06 04:39:12,921] {logging_mixin.py:109} INFO - [2021-09-06 04:39:12,921] {dag.py:2306} INFO - Setting next_dagrun for name_writefile to 2021-08-14 17:00:00+00:00
[2021-09-06 04:39:12,928] {processor.py:170} INFO - Processing /usr/local/airflow/dags/writefile.py took 0.044 seconds
[2021-09-06 04:39:43,573] {processor.py:162} INFO - Started process (PID=2213) to work on /usr/local/airflow/dags/writefile.py
[2021-09-06 04:39:43,574] {processor.py:613} INFO - Processing file /usr/local/airflow/dags/writefile.py for tasks to queue
[2021-09-06 04:39:43,574] {logging_mixin.py:109} INFO - [2021-09-06 04:39:43,574] {dagbag.py:496} INFO - Filling up the DagBag from /usr/local/airflow/dags/writefile.py
[2021-09-06 04:39:43,583] {processor.py:623} INFO - DAG(s) dict_keys(['name_writefile']) retrieved from /usr/local/airflow/dags/writefile.py
[2021-09-06 04:39:43,596] {logging_mixin.py:109} INFO - [2021-09-06 04:39:43,596] {dag.py:1833} INFO - Sync 1 DAGs
[2021-09-06 04:39:43,605] {logging_mixin.py:109} INFO - [2021-09-06 04:39:43,604] {dag.py:2306} INFO - Setting next_dagrun for name_writefile to 2021-08-14 17:00:00+00:00
[2021-09-06 04:39:43,611] {processor.py:170} INFO - Processing /usr/local/airflow/dags/writefile.py took 0.040 seconds
[2021-09-06 04:40:14,280] {processor.py:162} INFO - Started process (PID=2279) to work on /usr/local/airflow/dags/writefile.py
[2021-09-06 04:40:14,280] {processor.py:613} INFO - Processing file /usr/local/airflow/dags/writefile.py for tasks to queue
[2021-09-06 04:40:14,281] {logging_mixin.py:109} INFO - [2021-09-06 04:40:14,281] {dagbag.py:496} INFO - Filling up the DagBag from /usr/local/airflow/dags/writefile.py
[2021-09-06 04:40:14,289] {processor.py:623} INFO - DAG(s) dict_keys(['name_writefile']) retrieved from /usr/local/airflow/dags/writefile.py
[2021-09-06 04:40:14,303] {logging_mixin.py:109} INFO - [2021-09-06 04:40:14,303] {dag.py:1833} INFO - Sync 1 DAGs
[2021-09-06 04:40:14,313] {logging_mixin.py:109} INFO - [2021-09-06 04:40:14,313] {dag.py:2306} INFO - Setting next_dagrun for name_writefile to 2021-08-14 17:00:00+00:00
[2021-09-06 04:40:14,320] {processor.py:170} INFO - Processing /usr/local/airflow/dags/writefile.py took 0.042 seconds
