[2021-09-04 08:36:52,619] {taskinstance.py:903} INFO - Dependencies all met for <TaskInstance: hello_world.sample-task 2021-08-31T17:00:00+00:00 [queued]>
[2021-09-04 08:36:52,634] {taskinstance.py:903} INFO - Dependencies all met for <TaskInstance: hello_world.sample-task 2021-08-31T17:00:00+00:00 [queued]>
[2021-09-04 08:36:52,634] {taskinstance.py:1094} INFO - 
--------------------------------------------------------------------------------
[2021-09-04 08:36:52,634] {taskinstance.py:1095} INFO - Starting attempt 1 of 1
[2021-09-04 08:36:52,634] {taskinstance.py:1096} INFO - 
--------------------------------------------------------------------------------
[2021-09-04 08:36:52,647] {taskinstance.py:1114} INFO - Executing <Task(HelloOperator): sample-task> on 2021-08-31T17:00:00+00:00
[2021-09-04 08:36:52,651] {standard_task_runner.py:52} INFO - Started process 2363 to run task
[2021-09-04 08:36:52,656] {standard_task_runner.py:76} INFO - Running: ['airflow', 'tasks', 'run', 'hello_world', 'sample-task', '2021-08-31T17:00:00+00:00', '--job-id', '162', '--pool', 'default_pool', '--raw', '--subdir', 'DAGS_FOLDER/helloworld.py', '--cfg-path', '/tmp/tmp94tpa9c6', '--error-file', '/tmp/tmpszjrk1g0']
[2021-09-04 08:36:52,657] {standard_task_runner.py:77} INFO - Job 162: Subtask sample-task
[2021-09-04 08:36:52,699] {logging_mixin.py:109} INFO - Running <TaskInstance: hello_world.sample-task 2021-08-31T17:00:00+00:00 [running]> on host c59a10e079fb
[2021-09-04 08:36:52,760] {taskinstance.py:1251} INFO - Exporting the following env vars:
AIRFLOW_CTX_DAG_OWNER=airflow
AIRFLOW_CTX_DAG_ID=hello_world
AIRFLOW_CTX_TASK_ID=sample-task
AIRFLOW_CTX_EXECUTION_DATE=2021-08-31T17:00:00+00:00
AIRFLOW_CTX_DAG_RUN_ID=scheduled__2021-08-31T17:00:00+00:00
[2021-09-04 08:36:52,760] {logging_mixin.py:109} INFO - Hello THIS IS FROM CUSTOM OPERATOR
[2021-09-04 08:36:52,768] {taskinstance.py:1211} INFO - Marking task as SUCCESS. dag_id=hello_world, task_id=sample-task, execution_date=20210831T170000, start_date=20210904T083652, end_date=20210904T083652
[2021-09-04 08:36:52,826] {local_task_job.py:151} INFO - Task exited with return code 0
[2021-09-04 08:36:52,865] {local_task_job.py:261} INFO - 1 downstream tasks scheduled from follow-on schedule check
