[2021-09-03 04:27:11,722] {taskinstance.py:903} INFO - Dependencies all met for <TaskInstance: mssql_to_csv.mssql_to_csv 2021-08-14T17:00:00+00:00 [queued]>
[2021-09-03 04:27:11,731] {taskinstance.py:903} INFO - Dependencies all met for <TaskInstance: mssql_to_csv.mssql_to_csv 2021-08-14T17:00:00+00:00 [queued]>
[2021-09-03 04:27:11,731] {taskinstance.py:1094} INFO - 
--------------------------------------------------------------------------------
[2021-09-03 04:27:11,731] {taskinstance.py:1095} INFO - Starting attempt 4 of 4
[2021-09-03 04:27:11,731] {taskinstance.py:1096} INFO - 
--------------------------------------------------------------------------------
[2021-09-03 04:27:11,744] {taskinstance.py:1114} INFO - Executing <Task(ToCSVMsSqlOperator): mssql_to_csv> on 2021-08-14T17:00:00+00:00
[2021-09-03 04:27:11,748] {standard_task_runner.py:52} INFO - Started process 988 to run task
[2021-09-03 04:27:11,751] {standard_task_runner.py:76} INFO - Running: ['airflow', 'tasks', 'run', 'mssql_to_csv', 'mssql_to_csv', '2021-08-14T17:00:00+00:00', '--job-id', '84', '--pool', 'default_pool', '--raw', '--subdir', 'DAGS_FOLDER/__pycache__/mssqlToCSV.py', '--cfg-path', '/tmp/tmpufr26l_1', '--error-file', '/tmp/tmp21s9rc4o']
[2021-09-03 04:27:11,752] {standard_task_runner.py:77} INFO - Job 84: Subtask mssql_to_csv
[2021-09-03 04:27:11,790] {logging_mixin.py:109} INFO - Running <TaskInstance: mssql_to_csv.mssql_to_csv 2021-08-14T17:00:00+00:00 [running]> on host 10a8a471602c
[2021-09-03 04:27:11,832] {taskinstance.py:1251} INFO - Exporting the following env vars:
AIRFLOW_CTX_DAG_OWNER=airflow
AIRFLOW_CTX_DAG_ID=mssql_to_csv
AIRFLOW_CTX_TASK_ID=mssql_to_csv
AIRFLOW_CTX_EXECUTION_DATE=2021-08-14T17:00:00+00:00
AIRFLOW_CTX_DAG_RUN_ID=scheduled__2021-08-14T17:00:00+00:00
[2021-09-03 04:27:12,200] {base.py:70} INFO - Using connection to: id: 1_dms_conn_id. Host: 115.165.164.234, Port: 1433, Schema: PhaNam_eSales_PRO, Login: duyvq, Password: ***, extra: {'Driver': 'ODBC Driver 17 for SQL Server', 'TrustedConnection': 'No'}
[2021-09-03 04:27:17,455] {logging_mixin.py:109} INFO - (59, 72)
[2021-09-03 04:27:17,471] {taskinstance.py:1211} INFO - Marking task as SUCCESS. dag_id=mssql_to_csv, task_id=mssql_to_csv, execution_date=20210814T170000, start_date=20210903T042711, end_date=20210903T042717
[2021-09-03 04:27:17,506] {local_task_job.py:151} INFO - Task exited with return code 0
[2021-09-03 04:27:17,530] {local_task_job.py:261} INFO - 0 downstream tasks scheduled from follow-on schedule check
