[2021-09-03 04:50:14,925] {taskinstance.py:903} INFO - Dependencies all met for <TaskInstance: name_writefile.sample-task-2 2021-09-03T04:50:11.306043+00:00 [queued]>
[2021-09-03 04:50:14,936] {taskinstance.py:903} INFO - Dependencies all met for <TaskInstance: name_writefile.sample-task-2 2021-09-03T04:50:11.306043+00:00 [queued]>
[2021-09-03 04:50:14,936] {taskinstance.py:1094} INFO - 
--------------------------------------------------------------------------------
[2021-09-03 04:50:14,936] {taskinstance.py:1095} INFO - Starting attempt 1 of 4
[2021-09-03 04:50:14,936] {taskinstance.py:1096} INFO - 
--------------------------------------------------------------------------------
[2021-09-03 04:50:14,951] {taskinstance.py:1114} INFO - Executing <Task(HelloOperator): sample-task-2> on 2021-09-03T04:50:11.306043+00:00
[2021-09-03 04:50:14,954] {standard_task_runner.py:52} INFO - Started process 1994 to run task
[2021-09-03 04:50:14,958] {standard_task_runner.py:76} INFO - Running: ['airflow', 'tasks', 'run', 'name_writefile', 'sample-task-2', '2021-09-03T04:50:11.306043+00:00', '--job-id', '91', '--pool', 'default_pool', '--raw', '--subdir', 'DAGS_FOLDER/writefile.py', '--cfg-path', '/tmp/tmpn4rkvzwq', '--error-file', '/tmp/tmp02q9_szk']
[2021-09-03 04:50:14,959] {standard_task_runner.py:77} INFO - Job 91: Subtask sample-task-2
[2021-09-03 04:50:15,005] {logging_mixin.py:109} INFO - Running <TaskInstance: name_writefile.sample-task-2 2021-09-03T04:50:11.306043+00:00 [running]> on host 10a8a471602c
[2021-09-03 04:50:15,071] {taskinstance.py:1251} INFO - Exporting the following env vars:
AIRFLOW_CTX_DAG_OWNER=airflow
AIRFLOW_CTX_DAG_ID=name_writefile
AIRFLOW_CTX_TASK_ID=sample-task-2
AIRFLOW_CTX_EXECUTION_DATE=2021-09-03T04:50:11.306043+00:00
AIRFLOW_CTX_DAG_RUN_ID=manual__2021-09-03T04:50:11.306043+00:00
[2021-09-03 04:50:15,071] {logging_mixin.py:109} INFO - Hello I LOVE AIRFLOW
[2021-09-03 04:50:15,082] {taskinstance.py:1211} INFO - Marking task as SUCCESS. dag_id=name_writefile, task_id=sample-task-2, execution_date=20210903T045011, start_date=20210903T045014, end_date=20210903T045015
[2021-09-03 04:50:15,129] {local_task_job.py:151} INFO - Task exited with return code 0
[2021-09-03 04:50:15,156] {local_task_job.py:261} INFO - 0 downstream tasks scheduled from follow-on schedule check
