[2021-10-09 03:15:26,896] {taskinstance.py:903} INFO - Dependencies all met for <TaskInstance: branch_dag.check_api 2021-10-09T03:15:26.172234+00:00 [queued]>
[2021-10-09 03:15:26,905] {taskinstance.py:903} INFO - Dependencies all met for <TaskInstance: branch_dag.check_api 2021-10-09T03:15:26.172234+00:00 [queued]>
[2021-10-09 03:15:26,905] {taskinstance.py:1094} INFO - 
--------------------------------------------------------------------------------
[2021-10-09 03:15:26,905] {taskinstance.py:1095} INFO - Starting attempt 1 of 1
[2021-10-09 03:15:26,905] {taskinstance.py:1096} INFO - 
--------------------------------------------------------------------------------
[2021-10-09 03:15:26,919] {taskinstance.py:1114} INFO - Executing <Task(BranchPythonOperator): check_api> on 2021-10-09T03:15:26.172234+00:00
[2021-10-09 03:15:26,922] {standard_task_runner.py:52} INFO - Started process 5306 to run task
[2021-10-09 03:15:26,926] {standard_task_runner.py:76} INFO - Running: ['airflow', 'tasks', 'run', 'branch_dag', 'check_api', '2021-10-09T03:15:26.172234+00:00', '--job-id', '308', '--pool', 'default_pool', '--raw', '--subdir', 'DAGS_FOLDER/branch_dag.py', '--cfg-path', '/tmp/tmpgoobt226', '--error-file', '/tmp/tmph5vawmbh']
[2021-10-09 03:15:26,927] {standard_task_runner.py:77} INFO - Job 308: Subtask check_api
[2021-10-09 03:15:26,968] {logging_mixin.py:109} INFO - Running <TaskInstance: branch_dag.check_api 2021-10-09T03:15:26.172234+00:00 [running]> on host a6cf1bcf3ec3
[2021-10-09 03:15:27,024] {taskinstance.py:1251} INFO - Exporting the following env vars:
AIRFLOW_CTX_DAG_OWNER=Airflow
AIRFLOW_CTX_DAG_ID=branch_dag
AIRFLOW_CTX_TASK_ID=check_api
AIRFLOW_CTX_EXECUTION_DATE=2021-10-09T03:15:26.172234+00:00
AIRFLOW_CTX_DAG_RUN_ID=manual__2021-10-09T03:15:26.172234+00:00
[2021-10-09 03:15:29,974] {python.py:151} INFO - Done. Returned value was: ['ip-api', 'ipinfo']
[2021-10-09 03:15:29,974] {skipmixin.py:124} INFO - Following branch ['ip-api', 'ipinfo']
[2021-10-09 03:15:29,982] {skipmixin.py:155} INFO - Skipping tasks ['none', 'ipstack']
[2021-10-09 03:15:30,030] {taskinstance.py:1211} INFO - Marking task as SUCCESS. dag_id=branch_dag, task_id=check_api, execution_date=20211009T031526, start_date=20211009T031526, end_date=20211009T031530
[2021-10-09 03:15:30,067] {local_task_job.py:151} INFO - Task exited with return code 0
[2021-10-09 03:15:30,101] {local_task_job.py:261} INFO - 2 downstream tasks scheduled from follow-on schedule check
