[2021-10-09 04:21:49,211] {taskinstance.py:903} INFO - Dependencies all met for <TaskInstance: template_dag.t0b 2021-10-09T04:12:17.851997+00:00 [queued]>
[2021-10-09 04:21:49,221] {taskinstance.py:903} INFO - Dependencies all met for <TaskInstance: template_dag.t0b 2021-10-09T04:12:17.851997+00:00 [queued]>
[2021-10-09 04:21:49,221] {taskinstance.py:1094} INFO - 
--------------------------------------------------------------------------------
[2021-10-09 04:21:49,221] {taskinstance.py:1095} INFO - Starting attempt 2 of 2
[2021-10-09 04:21:49,222] {taskinstance.py:1096} INFO - 
--------------------------------------------------------------------------------
[2021-10-09 04:21:49,237] {taskinstance.py:1114} INFO - Executing <Task(BashOperator): t0b> on 2021-10-09T04:12:17.851997+00:00
[2021-10-09 04:21:49,241] {standard_task_runner.py:52} INFO - Started process 1193 to run task
[2021-10-09 04:21:49,245] {standard_task_runner.py:76} INFO - Running: ['airflow', 'tasks', 'run', 'template_dag', 't0b', '2021-10-09T04:12:17.851997+00:00', '--job-id', '338', '--pool', 'default_pool', '--raw', '--subdir', 'DAGS_FOLDER/template_dag.py', '--cfg-path', '/tmp/tmpdslfmtkg', '--error-file', '/tmp/tmpy7o9l9iq']
[2021-10-09 04:21:49,246] {standard_task_runner.py:77} INFO - Job 338: Subtask t0b
[2021-10-09 04:21:49,284] {logging_mixin.py:109} INFO - Running <TaskInstance: template_dag.t0b 2021-10-09T04:12:17.851997+00:00 [running]> on host a6cf1bcf3ec3
[2021-10-09 04:21:49,335] {taskinstance.py:1251} INFO - Exporting the following env vars:
AIRFLOW_CTX_DAG_EMAIL=youremail@host.com
AIRFLOW_CTX_DAG_OWNER=Airflow
AIRFLOW_CTX_DAG_ID=template_dag
AIRFLOW_CTX_TASK_ID=t0b
AIRFLOW_CTX_EXECUTION_DATE=2021-10-09T04:12:17.851997+00:00
AIRFLOW_CTX_DAG_RUN_ID=manual__2021-10-09T04:12:17.851997+00:00
[2021-10-09 04:21:49,336] {subprocess.py:52} INFO - Tmp dir root location: 
 /tmp
[2021-10-09 04:21:49,336] {subprocess.py:63} INFO - Running command: ['bash', '-c', 'echo $(whoami)']
[2021-10-09 04:21:49,345] {subprocess.py:74} INFO - Output:
[2021-10-09 04:21:49,348] {subprocess.py:78} INFO - airflow
[2021-10-09 04:21:49,348] {subprocess.py:82} INFO - Command exited with return code 0
[2021-10-09 04:21:49,378] {taskinstance.py:1211} INFO - Marking task as SUCCESS. dag_id=template_dag, task_id=t0b, execution_date=20211009T041217, start_date=20211009T042149, end_date=20211009T042149
[2021-10-09 04:21:49,416] {local_task_job.py:151} INFO - Task exited with return code 0
[2021-10-09 04:21:49,443] {local_task_job.py:261} INFO - 1 downstream tasks scheduled from follow-on schedule check
