[2021-09-04 08:36:52,797] {taskinstance.py:903} INFO - Dependencies all met for <TaskInstance: hello_world.sample-task 2021-09-02T17:00:00+00:00 [queued]>
[2021-09-04 08:36:52,812] {taskinstance.py:903} INFO - Dependencies all met for <TaskInstance: hello_world.sample-task 2021-09-02T17:00:00+00:00 [queued]>
[2021-09-04 08:36:52,812] {taskinstance.py:1094} INFO - 
--------------------------------------------------------------------------------
[2021-09-04 08:36:52,813] {taskinstance.py:1095} INFO - Starting attempt 1 of 1
[2021-09-04 08:36:52,813] {taskinstance.py:1096} INFO - 
--------------------------------------------------------------------------------
[2021-09-04 08:36:52,836] {taskinstance.py:1114} INFO - Executing <Task(HelloOperator): sample-task> on 2021-09-02T17:00:00+00:00
[2021-09-04 08:36:52,840] {standard_task_runner.py:52} INFO - Started process 2365 to run task
[2021-09-04 08:36:52,846] {standard_task_runner.py:76} INFO - Running: ['airflow', 'tasks', 'run', 'hello_world', 'sample-task', '2021-09-02T17:00:00+00:00', '--job-id', '164', '--pool', 'default_pool', '--raw', '--subdir', 'DAGS_FOLDER/helloworld.py', '--cfg-path', '/tmp/tmp4w0lgr5y', '--error-file', '/tmp/tmp0m3hwv_2']
[2021-09-04 08:36:52,847] {standard_task_runner.py:77} INFO - Job 164: Subtask sample-task
[2021-09-04 08:36:52,894] {logging_mixin.py:109} INFO - Running <TaskInstance: hello_world.sample-task 2021-09-02T17:00:00+00:00 [running]> on host c59a10e079fb
[2021-09-04 08:36:52,941] {taskinstance.py:1251} INFO - Exporting the following env vars:
AIRFLOW_CTX_DAG_OWNER=airflow
AIRFLOW_CTX_DAG_ID=hello_world
AIRFLOW_CTX_TASK_ID=sample-task
AIRFLOW_CTX_EXECUTION_DATE=2021-09-02T17:00:00+00:00
AIRFLOW_CTX_DAG_RUN_ID=scheduled__2021-09-02T17:00:00+00:00
[2021-09-04 08:36:52,941] {logging_mixin.py:109} INFO - Hello THIS IS FROM CUSTOM OPERATOR
[2021-09-04 08:36:52,951] {taskinstance.py:1211} INFO - Marking task as SUCCESS. dag_id=hello_world, task_id=sample-task, execution_date=20210902T170000, start_date=20210904T083652, end_date=20210904T083652
[2021-09-04 08:36:52,980] {local_task_job.py:151} INFO - Task exited with return code 0
[2021-09-04 08:36:53,015] {local_task_job.py:261} INFO - 1 downstream tasks scheduled from follow-on schedule check
