[2021-09-05 13:08:34,083] {taskinstance.py:903} INFO - Dependencies all met for <TaskInstance: airflow-db-cleanup.cleanup_RenderedTaskInstanceFields 2021-09-04T00:00:00+00:00 [queued]>
[2021-09-05 13:08:34,116] {taskinstance.py:903} INFO - Dependencies all met for <TaskInstance: airflow-db-cleanup.cleanup_RenderedTaskInstanceFields 2021-09-04T00:00:00+00:00 [queued]>
[2021-09-05 13:08:34,116] {taskinstance.py:1094} INFO - 
--------------------------------------------------------------------------------
[2021-09-05 13:08:34,116] {taskinstance.py:1095} INFO - Starting attempt 1 of 2
[2021-09-05 13:08:34,117] {taskinstance.py:1096} INFO - 
--------------------------------------------------------------------------------
[2021-09-05 13:08:34,152] {taskinstance.py:1114} INFO - Executing <Task(PythonOperator): cleanup_RenderedTaskInstanceFields> on 2021-09-04T00:00:00+00:00
[2021-09-05 13:08:34,155] {standard_task_runner.py:52} INFO - Started process 4008 to run task
[2021-09-05 13:08:34,174] {standard_task_runner.py:76} INFO - Running: ['airflow', 'tasks', 'run', 'airflow-db-cleanup', 'cleanup_RenderedTaskInstanceFields', '2021-09-04T00:00:00+00:00', '--job-id', '216', '--pool', 'default_pool', '--raw', '--subdir', 'DAGS_FOLDER/airflow-db-cleanup.py', '--cfg-path', '/tmp/tmplp0c395q', '--error-file', '/tmp/tmpu5rj92x5']
[2021-09-05 13:08:34,175] {standard_task_runner.py:77} INFO - Job 216: Subtask cleanup_RenderedTaskInstanceFields
[2021-09-05 13:08:34,291] {logging_mixin.py:109} INFO - Running <TaskInstance: airflow-db-cleanup.cleanup_RenderedTaskInstanceFields 2021-09-04T00:00:00+00:00 [running]> on host 2bce3265bb98
[2021-09-05 13:08:34,443] {taskinstance.py:1251} INFO - Exporting the following env vars:
AIRFLOW_CTX_DAG_OWNER=operations
AIRFLOW_CTX_DAG_ID=airflow-db-cleanup
AIRFLOW_CTX_TASK_ID=cleanup_RenderedTaskInstanceFields
AIRFLOW_CTX_EXECUTION_DATE=2021-09-04T00:00:00+00:00
AIRFLOW_CTX_DAG_RUN_ID=scheduled__2021-09-04T00:00:00+00:00
[2021-09-05 13:08:34,443] {airflow-db-cleanup.py:265} INFO - Retrieving max_execution_date from XCom
[2021-09-05 13:08:34,475] {airflow-db-cleanup.py:278} INFO - Configurations:
[2021-09-05 13:08:34,475] {airflow-db-cleanup.py:279} INFO - max_date:                 2021-09-04 13:08:33.176519+00:00
[2021-09-05 13:08:34,475] {airflow-db-cleanup.py:280} INFO - enable_delete:            True
[2021-09-05 13:08:34,475] {airflow-db-cleanup.py:281} INFO - session:                  <sqlalchemy.orm.session.Session object at 0x7f59f8bcf670>
[2021-09-05 13:08:34,475] {airflow-db-cleanup.py:282} INFO - airflow_db_model:         <class 'airflow.models.renderedtifields.RenderedTaskInstanceFields'>
[2021-09-05 13:08:34,475] {airflow-db-cleanup.py:283} INFO - state:                    None
[2021-09-05 13:08:34,475] {airflow-db-cleanup.py:284} INFO - age_check_column:         RenderedTaskInstanceFields.execution_date
[2021-09-05 13:08:34,475] {airflow-db-cleanup.py:285} INFO - keep_last:                False
[2021-09-05 13:08:34,475] {airflow-db-cleanup.py:286} INFO - keep_last_filters:        None
[2021-09-05 13:08:34,476] {airflow-db-cleanup.py:287} INFO - keep_last_group_by:       None
[2021-09-05 13:08:34,476] {airflow-db-cleanup.py:289} INFO - 
[2021-09-05 13:08:34,476] {airflow-db-cleanup.py:291} INFO - Running Cleanup Process...
[2021-09-05 13:08:34,477] {airflow-db-cleanup.py:298} INFO - INITIAL QUERY : SELECT rendered_task_instance_fields.dag_id AS rendered_task_instance_fields_dag_id, rendered_task_instance_fields.task_id AS rendered_task_instance_fields_task_id, rendered_task_instance_fields.execution_date AS rendered_task_instance_fields_execution_date 
FROM rendered_task_instance_fields
[2021-09-05 13:08:34,497] {airflow-db-cleanup.py:329} INFO - Query: SELECT rendered_task_instance_fields.dag_id AS rendered_task_instance_fields_dag_id, rendered_task_instance_fields.task_id AS rendered_task_instance_fields_task_id, rendered_task_instance_fields.execution_date AS rendered_task_instance_fields_execution_date 
FROM rendered_task_instance_fields 
WHERE rendered_task_instance_fields.execution_date <= %(execution_date_1)s
[2021-09-05 13:08:34,497] {airflow-db-cleanup.py:330} INFO - Process will be Deleting the following RenderedTaskInstanceFields(s):
[2021-09-05 13:08:34,497] {airflow-db-cleanup.py:335} INFO - 	Entry: <RenderedTaskInstanceFields: name_writefile.writefile 2021-08-14 17:00:00+00:00, Date: 2021-08-14 17:00:00+00:00
[2021-09-05 13:08:34,497] {airflow-db-cleanup.py:335} INFO - 	Entry: <RenderedTaskInstanceFields: name_writefile.writefile 2021-09-02 10:44:46.231093+00:00, Date: 2021-09-02 10:44:46.231093+00:00
[2021-09-05 13:08:34,498] {airflow-db-cleanup.py:335} INFO - 	Entry: <RenderedTaskInstanceFields: name_writefile.sample-task 2021-08-14 17:00:00+00:00, Date: 2021-08-14 17:00:00+00:00
[2021-09-05 13:08:34,498] {airflow-db-cleanup.py:335} INFO - 	Entry: <RenderedTaskInstanceFields: name_writefile.sample-task 2021-09-02 10:44:46.231093+00:00, Date: 2021-09-02 10:44:46.231093+00:00
[2021-09-05 13:08:34,498] {airflow-db-cleanup.py:335} INFO - 	Entry: <RenderedTaskInstanceFields: name_writefile.writefile 2021-09-02 10:48:42.697239+00:00, Date: 2021-09-02 10:48:42.697239+00:00
[2021-09-05 13:08:34,498] {airflow-db-cleanup.py:335} INFO - 	Entry: <RenderedTaskInstanceFields: name_writefile.sample-task 2021-09-02 10:48:42.697239+00:00, Date: 2021-09-02 10:48:42.697239+00:00
[2021-09-05 13:08:34,498] {airflow-db-cleanup.py:335} INFO - 	Entry: <RenderedTaskInstanceFields: name_writefile.sample-task-2 2021-09-02 10:48:42.697239+00:00, Date: 2021-09-02 10:48:42.697239+00:00
[2021-09-05 13:08:34,498] {airflow-db-cleanup.py:335} INFO - 	Entry: <RenderedTaskInstanceFields: hello_world.sample-task-3 2021-08-14 17:00:00+00:00, Date: 2021-08-14 17:00:00+00:00
[2021-09-05 13:08:34,498] {airflow-db-cleanup.py:335} INFO - 	Entry: <RenderedTaskInstanceFields: hello_world.sample-task 2021-08-14 17:00:00+00:00, Date: 2021-08-14 17:00:00+00:00
[2021-09-05 13:08:34,498] {airflow-db-cleanup.py:335} INFO - 	Entry: <RenderedTaskInstanceFields: hello_world.sample-task-2 2021-08-14 17:00:00+00:00, Date: 2021-08-14 17:00:00+00:00
[2021-09-05 13:08:34,498] {airflow-db-cleanup.py:335} INFO - 	Entry: <RenderedTaskInstanceFields: hello_world.sample-task 2021-09-02 12:20:24.472547+00:00, Date: 2021-09-02 12:20:24.472547+00:00
[2021-09-05 13:08:34,498] {airflow-db-cleanup.py:335} INFO - 	Entry: <RenderedTaskInstanceFields: hello_world.sample-task-2 2021-09-02 12:20:24.472547+00:00, Date: 2021-09-02 12:20:24.472547+00:00
[2021-09-05 13:08:34,498] {airflow-db-cleanup.py:335} INFO - 	Entry: <RenderedTaskInstanceFields: hello_world.sample-task-3 2021-09-02 12:20:24.472547+00:00, Date: 2021-09-02 12:20:24.472547+00:00
[2021-09-05 13:08:34,498] {airflow-db-cleanup.py:335} INFO - 	Entry: <RenderedTaskInstanceFields: hello_world.sample-task 2021-09-02 12:22:27.186230+00:00, Date: 2021-09-02 12:22:27.186230+00:00
[2021-09-05 13:08:34,498] {airflow-db-cleanup.py:335} INFO - 	Entry: <RenderedTaskInstanceFields: hello_world.sample-task-2 2021-09-02 12:22:27.186230+00:00, Date: 2021-09-02 12:22:27.186230+00:00
[2021-09-05 13:08:34,498] {airflow-db-cleanup.py:335} INFO - 	Entry: <RenderedTaskInstanceFields: hello_world.sample-task-3 2021-09-02 12:22:27.186230+00:00, Date: 2021-09-02 12:22:27.186230+00:00
[2021-09-05 13:08:34,498] {airflow-db-cleanup.py:335} INFO - 	Entry: <RenderedTaskInstanceFields: hello_world.sample-task 2021-09-02 13:43:14.279280+00:00, Date: 2021-09-02 13:43:14.279280+00:00
[2021-09-05 13:08:34,498] {airflow-db-cleanup.py:335} INFO - 	Entry: <RenderedTaskInstanceFields: hello_world.sample-task-2 2021-09-02 13:43:14.279280+00:00, Date: 2021-09-02 13:43:14.279280+00:00
[2021-09-05 13:08:34,500] {airflow-db-cleanup.py:335} INFO - 	Entry: <RenderedTaskInstanceFields: hello_world.sample-task-3 2021-09-02 13:43:14.279280+00:00, Date: 2021-09-02 13:43:14.279280+00:00
[2021-09-05 13:08:34,500] {airflow-db-cleanup.py:335} INFO - 	Entry: <RenderedTaskInstanceFields: hello_world.sample-task 2021-09-02 14:27:07.373041+00:00, Date: 2021-09-02 14:27:07.373041+00:00
[2021-09-05 13:08:34,500] {airflow-db-cleanup.py:335} INFO - 	Entry: <RenderedTaskInstanceFields: hello_world.sample-task-2 2021-09-02 14:27:07.373041+00:00, Date: 2021-09-02 14:27:07.373041+00:00
[2021-09-05 13:08:34,500] {airflow-db-cleanup.py:335} INFO - 	Entry: <RenderedTaskInstanceFields: hello_world.sample-task-3 2021-09-02 14:27:07.373041+00:00, Date: 2021-09-02 14:27:07.373041+00:00
[2021-09-05 13:08:34,500] {airflow-db-cleanup.py:335} INFO - 	Entry: <RenderedTaskInstanceFields: mssql_to_csv.mssql_to_csv 2021-08-14 17:00:00+00:00, Date: 2021-08-14 17:00:00+00:00
[2021-09-05 13:08:34,501] {airflow-db-cleanup.py:335} INFO - 	Entry: <RenderedTaskInstanceFields: mssql_to_csv.mssql_to_csv 2021-09-02 14:40:44.768539+00:00, Date: 2021-09-02 14:40:44.768539+00:00
[2021-09-05 13:08:34,501] {airflow-db-cleanup.py:335} INFO - 	Entry: <RenderedTaskInstanceFields: mssql_to_csv.mssql_to_csv 2021-09-02 14:48:25.666737+00:00, Date: 2021-09-02 14:48:25.666737+00:00
[2021-09-05 13:08:34,501] {airflow-db-cleanup.py:335} INFO - 	Entry: <RenderedTaskInstanceFields: mssql_to_csv.mssql_to_csv 2021-09-02 14:53:26.925237+00:00, Date: 2021-09-02 14:53:26.925237+00:00
[2021-09-05 13:08:34,501] {airflow-db-cleanup.py:335} INFO - 	Entry: <RenderedTaskInstanceFields: mssql_to_csv.mssql_to_csv 2021-09-02 15:00:00.318768+00:00, Date: 2021-09-02 15:00:00.318768+00:00
[2021-09-05 13:08:34,501] {airflow-db-cleanup.py:335} INFO - 	Entry: <RenderedTaskInstanceFields: mssql_to_csv.mssql_to_csv 2021-09-02 15:07:19.880905+00:00, Date: 2021-09-02 15:07:19.880905+00:00
[2021-09-05 13:08:34,501] {airflow-db-cleanup.py:335} INFO - 	Entry: <RenderedTaskInstanceFields: mssql_to_csv.mssql_to_csv 2021-09-02 15:10:51.699935+00:00, Date: 2021-09-02 15:10:51.699935+00:00
[2021-09-05 13:08:34,501] {airflow-db-cleanup.py:335} INFO - 	Entry: <RenderedTaskInstanceFields: mssql_to_csv.mssql_to_csv 2021-09-03 04:01:48.363648+00:00, Date: 2021-09-03 04:01:48.363648+00:00
[2021-09-05 13:08:34,501] {airflow-db-cleanup.py:335} INFO - 	Entry: <RenderedTaskInstanceFields: name_writefile.sample-task-2 2021-08-14 17:00:00+00:00, Date: 2021-08-14 17:00:00+00:00
[2021-09-05 13:08:34,501] {airflow-db-cleanup.py:335} INFO - 	Entry: <RenderedTaskInstanceFields: name_writefile.writefile 2021-09-03 04:50:11.306043+00:00, Date: 2021-09-03 04:50:11.306043+00:00
[2021-09-05 13:08:34,501] {airflow-db-cleanup.py:335} INFO - 	Entry: <RenderedTaskInstanceFields: name_writefile.sample-task 2021-09-03 04:50:11.306043+00:00, Date: 2021-09-03 04:50:11.306043+00:00
[2021-09-05 13:08:34,501] {airflow-db-cleanup.py:335} INFO - 	Entry: <RenderedTaskInstanceFields: name_writefile.sample-task-2 2021-09-03 04:50:11.306043+00:00, Date: 2021-09-03 04:50:11.306043+00:00
[2021-09-05 13:08:34,501] {airflow-db-cleanup.py:335} INFO - 	Entry: <RenderedTaskInstanceFields: name_writefile.writefile 2021-09-03 04:50:48.954204+00:00, Date: 2021-09-03 04:50:48.954204+00:00
[2021-09-05 13:08:34,501] {airflow-db-cleanup.py:335} INFO - 	Entry: <RenderedTaskInstanceFields: name_writefile.sample-task 2021-09-03 04:50:48.954204+00:00, Date: 2021-09-03 04:50:48.954204+00:00
[2021-09-05 13:08:34,501] {airflow-db-cleanup.py:335} INFO - 	Entry: <RenderedTaskInstanceFields: name_writefile.sample-task-2 2021-09-03 04:50:48.954204+00:00, Date: 2021-09-03 04:50:48.954204+00:00
[2021-09-05 13:08:34,501] {airflow-db-cleanup.py:335} INFO - 	Entry: <RenderedTaskInstanceFields: name_writefile.writefile 2021-09-03 05:01:55.427845+00:00, Date: 2021-09-03 05:01:55.427845+00:00
[2021-09-05 13:08:34,502] {airflow-db-cleanup.py:335} INFO - 	Entry: <RenderedTaskInstanceFields: name_writefile.sample-task 2021-09-03 05:01:55.427845+00:00, Date: 2021-09-03 05:01:55.427845+00:00
[2021-09-05 13:08:34,502] {airflow-db-cleanup.py:335} INFO - 	Entry: <RenderedTaskInstanceFields: name_writefile.sample-task-2 2021-09-03 05:01:55.427845+00:00, Date: 2021-09-03 05:01:55.427845+00:00
[2021-09-05 13:08:34,502] {airflow-db-cleanup.py:335} INFO - 	Entry: <RenderedTaskInstanceFields: name_writefile.writefile 2021-09-03 05:03:19.104197+00:00, Date: 2021-09-03 05:03:19.104197+00:00
[2021-09-05 13:08:34,502] {airflow-db-cleanup.py:335} INFO - 	Entry: <RenderedTaskInstanceFields: name_writefile.sample-task 2021-09-03 05:03:19.104197+00:00, Date: 2021-09-03 05:03:19.104197+00:00
[2021-09-05 13:08:34,502] {airflow-db-cleanup.py:335} INFO - 	Entry: <RenderedTaskInstanceFields: name_writefile.sample-task-2 2021-09-03 05:03:19.104197+00:00, Date: 2021-09-03 05:03:19.104197+00:00
[2021-09-05 13:08:34,502] {airflow-db-cleanup.py:335} INFO - 	Entry: <RenderedTaskInstanceFields: name_writefile.writefile 2021-09-03 05:08:13.169342+00:00, Date: 2021-09-03 05:08:13.169342+00:00
[2021-09-05 13:08:34,502] {airflow-db-cleanup.py:335} INFO - 	Entry: <RenderedTaskInstanceFields: name_writefile.sample-task 2021-09-03 05:08:13.169342+00:00, Date: 2021-09-03 05:08:13.169342+00:00
[2021-09-05 13:08:34,502] {airflow-db-cleanup.py:335} INFO - 	Entry: <RenderedTaskInstanceFields: name_writefile.sample-task-2 2021-09-03 05:08:13.169342+00:00, Date: 2021-09-03 05:08:13.169342+00:00
[2021-09-05 13:08:34,502] {airflow-db-cleanup.py:335} INFO - 	Entry: <RenderedTaskInstanceFields: hello_gdive.py_op_1 2021-08-14 17:00:00+00:00, Date: 2021-08-14 17:00:00+00:00
[2021-09-05 13:08:34,502] {airflow-db-cleanup.py:335} INFO - 	Entry: <RenderedTaskInstanceFields: hello_gdive.py_op_1 2021-09-03 08:27:10.595071+00:00, Date: 2021-09-03 08:27:10.595071+00:00
[2021-09-05 13:08:34,502] {airflow-db-cleanup.py:335} INFO - 	Entry: <RenderedTaskInstanceFields: hello_gdive.py_op_1 2021-09-03 08:28:49.939593+00:00, Date: 2021-09-03 08:28:49.939593+00:00
[2021-09-05 13:08:34,502] {airflow-db-cleanup.py:335} INFO - 	Entry: <RenderedTaskInstanceFields: hello_gdive.py_op_1 2021-09-03 08:32:48.556101+00:00, Date: 2021-09-03 08:32:48.556101+00:00
[2021-09-05 13:08:34,502] {airflow-db-cleanup.py:335} INFO - 	Entry: <RenderedTaskInstanceFields: hello_gdive.py_op_1 2021-09-03 08:47:05.140956+00:00, Date: 2021-09-03 08:47:05.140956+00:00
[2021-09-05 13:08:34,502] {airflow-db-cleanup.py:335} INFO - 	Entry: <RenderedTaskInstanceFields: hello_gdive.py_op_1 2021-09-03 08:48:47.840535+00:00, Date: 2021-09-03 08:48:47.840535+00:00
[2021-09-05 13:08:34,503] {airflow-db-cleanup.py:335} INFO - 	Entry: <RenderedTaskInstanceFields: sending_email.sending_email 2021-08-14 17:00:00+00:00, Date: 2021-08-14 17:00:00+00:00
[2021-09-05 13:08:34,503] {airflow-db-cleanup.py:335} INFO - 	Entry: <RenderedTaskInstanceFields: hello_world.sample-task 2021-08-31 17:00:00+00:00, Date: 2021-08-31 17:00:00+00:00
[2021-09-05 13:08:34,503] {airflow-db-cleanup.py:335} INFO - 	Entry: <RenderedTaskInstanceFields: hello_world.sample-task 2021-09-01 17:00:00+00:00, Date: 2021-09-01 17:00:00+00:00
[2021-09-05 13:08:34,503] {airflow-db-cleanup.py:335} INFO - 	Entry: <RenderedTaskInstanceFields: hello_world.sample-task 2021-09-02 17:00:00+00:00, Date: 2021-09-02 17:00:00+00:00
[2021-09-05 13:08:34,503] {airflow-db-cleanup.py:335} INFO - 	Entry: <RenderedTaskInstanceFields: hello_world.sample-task-2 2021-08-31 17:00:00+00:00, Date: 2021-08-31 17:00:00+00:00
[2021-09-05 13:08:34,503] {airflow-db-cleanup.py:335} INFO - 	Entry: <RenderedTaskInstanceFields: hello_world.sample-task-2 2021-09-02 17:00:00+00:00, Date: 2021-09-02 17:00:00+00:00
[2021-09-05 13:08:34,503] {airflow-db-cleanup.py:335} INFO - 	Entry: <RenderedTaskInstanceFields: hello_world.sample-task-2 2021-09-01 17:00:00+00:00, Date: 2021-09-01 17:00:00+00:00
[2021-09-05 13:08:34,503] {airflow-db-cleanup.py:335} INFO - 	Entry: <RenderedTaskInstanceFields: hello_world.sample-task-3 2021-09-02 17:00:00+00:00, Date: 2021-09-02 17:00:00+00:00
[2021-09-05 13:08:34,503] {airflow-db-cleanup.py:335} INFO - 	Entry: <RenderedTaskInstanceFields: hello_world.sample-task-3 2021-09-01 17:00:00+00:00, Date: 2021-09-01 17:00:00+00:00
[2021-09-05 13:08:34,503] {airflow-db-cleanup.py:335} INFO - 	Entry: <RenderedTaskInstanceFields: hello_world.sample-task-3 2021-08-31 17:00:00+00:00, Date: 2021-08-31 17:00:00+00:00
[2021-09-05 13:08:34,503] {airflow-db-cleanup.py:335} INFO - 	Entry: <RenderedTaskInstanceFields: airflow-db-cleanup.print_configuration 2021-09-04 00:00:00+00:00, Date: 2021-09-04 00:00:00+00:00
[2021-09-05 13:08:34,504] {airflow-db-cleanup.py:335} INFO - 	Entry: <RenderedTaskInstanceFields: airflow-db-cleanup.cleanup_TaskFail 2021-09-04 00:00:00+00:00, Date: 2021-09-04 00:00:00+00:00
[2021-09-05 13:08:34,504] {airflow-db-cleanup.py:335} INFO - 	Entry: <RenderedTaskInstanceFields: airflow-db-cleanup.cleanup_BaseXCom 2021-09-04 00:00:00+00:00, Date: 2021-09-04 00:00:00+00:00
[2021-09-05 13:08:34,504] {airflow-db-cleanup.py:335} INFO - 	Entry: <RenderedTaskInstanceFields: airflow-db-cleanup.cleanup_TaskInstance 2021-09-04 00:00:00+00:00, Date: 2021-09-04 00:00:00+00:00
[2021-09-05 13:08:34,504] {airflow-db-cleanup.py:335} INFO - 	Entry: <RenderedTaskInstanceFields: airflow-db-cleanup.cleanup_RenderedTaskInstanceFields 2021-09-04 00:00:00+00:00, Date: 2021-09-04 00:00:00+00:00
[2021-09-05 13:08:34,504] {airflow-db-cleanup.py:335} INFO - 	Entry: <RenderedTaskInstanceFields: airflow-db-cleanup.cleanup_Log 2021-09-04 00:00:00+00:00, Date: 2021-09-04 00:00:00+00:00
[2021-09-05 13:08:34,504] {airflow-db-cleanup.py:335} INFO - 	Entry: <RenderedTaskInstanceFields: airflow-db-cleanup.cleanup_TaskReschedule 2021-09-04 00:00:00+00:00, Date: 2021-09-04 00:00:00+00:00
[2021-09-05 13:08:34,504] {airflow-db-cleanup.py:335} INFO - 	Entry: <RenderedTaskInstanceFields: airflow-db-cleanup.cleanup_BaseJob 2021-09-04 00:00:00+00:00, Date: 2021-09-04 00:00:00+00:00
[2021-09-05 13:08:34,504] {airflow-db-cleanup.py:335} INFO - 	Entry: <RenderedTaskInstanceFields: airflow-db-cleanup.cleanup_DagModel 2021-09-04 00:00:00+00:00, Date: 2021-09-04 00:00:00+00:00
[2021-09-05 13:08:34,504] {airflow-db-cleanup.py:335} INFO - 	Entry: <RenderedTaskInstanceFields: airflow-db-cleanup.cleanup_DagRun 2021-09-04 00:00:00+00:00, Date: 2021-09-04 00:00:00+00:00
[2021-09-05 13:08:34,504] {airflow-db-cleanup.py:340} INFO - Process will be Deleting 72 RenderedTaskInstanceFields(s)
[2021-09-05 13:08:34,504] {airflow-db-cleanup.py:349} INFO - Performing Delete...
[2021-09-05 13:08:34,509] {airflow-db-cleanup.py:353} INFO - Finished Performing Delete
[2021-09-05 13:08:34,509] {airflow-db-cleanup.py:358} INFO - Finished Running Cleanup Process
[2021-09-05 13:08:34,509] {python.py:151} INFO - Done. Returned value was: None
[2021-09-05 13:08:34,549] {taskinstance.py:1211} INFO - Marking task as SUCCESS. dag_id=airflow-db-cleanup, task_id=cleanup_RenderedTaskInstanceFields, execution_date=20210904T000000, start_date=20210905T130834, end_date=20210905T130834
[2021-09-05 13:08:34,609] {local_task_job.py:151} INFO - Task exited with return code 0
[2021-09-05 13:08:34,662] {local_task_job.py:261} INFO - 0 downstream tasks scheduled from follow-on schedule check
