[2021-09-03 04:50:12,692] {taskinstance.py:903} INFO - Dependencies all met for <TaskInstance: name_writefile.writefile 2021-09-03T04:50:11.306043+00:00 [queued]>
[2021-09-03 04:50:12,704] {taskinstance.py:903} INFO - Dependencies all met for <TaskInstance: name_writefile.writefile 2021-09-03T04:50:11.306043+00:00 [queued]>
[2021-09-03 04:50:12,704] {taskinstance.py:1094} INFO - 
--------------------------------------------------------------------------------
[2021-09-03 04:50:12,704] {taskinstance.py:1095} INFO - Starting attempt 1 of 4
[2021-09-03 04:50:12,704] {taskinstance.py:1096} INFO - 
--------------------------------------------------------------------------------
[2021-09-03 04:50:12,721] {taskinstance.py:1114} INFO - Executing <Task(PythonOperator): writefile> on 2021-09-03T04:50:11.306043+00:00
[2021-09-03 04:50:12,726] {standard_task_runner.py:52} INFO - Started process 1990 to run task
[2021-09-03 04:50:12,732] {standard_task_runner.py:76} INFO - Running: ['airflow', 'tasks', 'run', 'name_writefile', 'writefile', '2021-09-03T04:50:11.306043+00:00', '--job-id', '89', '--pool', 'default_pool', '--raw', '--subdir', 'DAGS_FOLDER/writefile.py', '--cfg-path', '/tmp/tmpce_1n3li', '--error-file', '/tmp/tmpymiszwms']
[2021-09-03 04:50:12,733] {standard_task_runner.py:77} INFO - Job 89: Subtask writefile
[2021-09-03 04:50:12,785] {logging_mixin.py:109} INFO - Running <TaskInstance: name_writefile.writefile 2021-09-03T04:50:11.306043+00:00 [running]> on host 10a8a471602c
[2021-09-03 04:50:12,834] {taskinstance.py:1251} INFO - Exporting the following env vars:
AIRFLOW_CTX_DAG_OWNER=airflow
AIRFLOW_CTX_DAG_ID=name_writefile
AIRFLOW_CTX_TASK_ID=writefile
AIRFLOW_CTX_EXECUTION_DATE=2021-09-03T04:50:11.306043+00:00
AIRFLOW_CTX_DAG_RUN_ID=manual__2021-09-03T04:50:11.306043+00:00
[2021-09-03 04:50:12,835] {logging_mixin.py:109} INFO - Done Writing
[2021-09-03 04:50:12,835] {logging_mixin.py:109} INFO - /usr/local/airflow
[2021-09-03 04:50:12,835] {python.py:151} INFO - Done. Returned value was: None
[2021-09-03 04:50:12,845] {taskinstance.py:1211} INFO - Marking task as SUCCESS. dag_id=name_writefile, task_id=writefile, execution_date=20210903T045011, start_date=20210903T045012, end_date=20210903T045012
[2021-09-03 04:50:12,862] {local_task_job.py:151} INFO - Task exited with return code 0
[2021-09-03 04:50:12,893] {local_task_job.py:261} INFO - 1 downstream tasks scheduled from follow-on schedule check
