[2021-10-09 06:17:32,488] {processor.py:162} INFO - Started process (PID=173) to work on /usr/local/airflow/dags/v2_context.py
[2021-10-09 06:17:32,489] {processor.py:613} INFO - Processing file /usr/local/airflow/dags/v2_context.py for tasks to queue
[2021-10-09 06:17:32,489] {logging_mixin.py:109} INFO - [2021-10-09 06:17:32,489] {dagbag.py:496} INFO - Filling up the DagBag from /usr/local/airflow/dags/v2_context.py
[2021-10-09 06:17:32,501] {processor.py:623} INFO - DAG(s) dict_keys(['xcom_dag']) retrieved from /usr/local/airflow/dags/v2_context.py
[2021-10-09 06:17:32,511] {logging_mixin.py:109} INFO - [2021-10-09 06:17:32,511] {dag.py:1833} INFO - Sync 1 DAGs
[2021-10-09 06:17:32,527] {logging_mixin.py:109} INFO - [2021-10-09 06:17:32,527] {dag.py:2306} INFO - Setting next_dagrun for xcom_dag to None
[2021-10-09 06:17:32,535] {processor.py:170} INFO - Processing /usr/local/airflow/dags/v2_context.py took 0.048 seconds
[2021-10-09 06:18:02,899] {processor.py:162} INFO - Started process (PID=328) to work on /usr/local/airflow/dags/v2_context.py
[2021-10-09 06:18:02,900] {processor.py:613} INFO - Processing file /usr/local/airflow/dags/v2_context.py for tasks to queue
[2021-10-09 06:18:02,900] {logging_mixin.py:109} INFO - [2021-10-09 06:18:02,900] {dagbag.py:496} INFO - Filling up the DagBag from /usr/local/airflow/dags/v2_context.py
[2021-10-09 06:18:02,913] {processor.py:623} INFO - DAG(s) dict_keys(['xcom_dag']) retrieved from /usr/local/airflow/dags/v2_context.py
[2021-10-09 06:18:02,931] {logging_mixin.py:109} INFO - [2021-10-09 06:18:02,931] {dag.py:1833} INFO - Sync 1 DAGs
[2021-10-09 06:18:02,942] {logging_mixin.py:109} INFO - [2021-10-09 06:18:02,942] {dag.py:2306} INFO - Setting next_dagrun for xcom_dag to None
[2021-10-09 06:18:02,950] {processor.py:170} INFO - Processing /usr/local/airflow/dags/v2_context.py took 0.054 seconds
[2021-10-09 06:18:33,258] {processor.py:162} INFO - Started process (PID=436) to work on /usr/local/airflow/dags/v2_context.py
[2021-10-09 06:18:33,259] {processor.py:613} INFO - Processing file /usr/local/airflow/dags/v2_context.py for tasks to queue
[2021-10-09 06:18:33,260] {logging_mixin.py:109} INFO - [2021-10-09 06:18:33,260] {dagbag.py:496} INFO - Filling up the DagBag from /usr/local/airflow/dags/v2_context.py
[2021-10-09 06:18:33,280] {processor.py:623} INFO - DAG(s) dict_keys(['v2_context']) retrieved from /usr/local/airflow/dags/v2_context.py
[2021-10-09 06:18:34,272] {logging_mixin.py:109} INFO - [2021-10-09 06:18:34,272] {dag.py:1833} INFO - Sync 1 DAGs
[2021-10-09 06:18:34,277] {logging_mixin.py:109} INFO - [2021-10-09 06:18:34,276] {dag.py:1852} INFO - Creating ORM DAG for v2_context
[2021-10-09 06:18:34,280] {logging_mixin.py:109} INFO - [2021-10-09 06:18:34,280] {dag.py:2306} INFO - Setting next_dagrun for v2_context to 2021-10-08 00:00:00+00:00
[2021-10-09 06:18:34,287] {processor.py:170} INFO - Processing /usr/local/airflow/dags/v2_context.py took 1.033 seconds
[2021-10-09 06:19:04,402] {processor.py:162} INFO - Started process (PID=560) to work on /usr/local/airflow/dags/v2_context.py
[2021-10-09 06:19:04,403] {processor.py:613} INFO - Processing file /usr/local/airflow/dags/v2_context.py for tasks to queue
[2021-10-09 06:19:04,403] {logging_mixin.py:109} INFO - [2021-10-09 06:19:04,403] {dagbag.py:496} INFO - Filling up the DagBag from /usr/local/airflow/dags/v2_context.py
[2021-10-09 06:19:04,417] {processor.py:623} INFO - DAG(s) dict_keys(['v2_context']) retrieved from /usr/local/airflow/dags/v2_context.py
[2021-10-09 06:19:04,435] {logging_mixin.py:109} INFO - [2021-10-09 06:19:04,435] {dag.py:1833} INFO - Sync 1 DAGs
[2021-10-09 06:19:04,448] {logging_mixin.py:109} INFO - [2021-10-09 06:19:04,448] {dag.py:2306} INFO - Setting next_dagrun for v2_context to None
[2021-10-09 06:19:04,456] {processor.py:170} INFO - Processing /usr/local/airflow/dags/v2_context.py took 0.057 seconds
[2021-10-09 06:19:35,040] {processor.py:162} INFO - Started process (PID=667) to work on /usr/local/airflow/dags/v2_context.py
[2021-10-09 06:19:35,041] {processor.py:613} INFO - Processing file /usr/local/airflow/dags/v2_context.py for tasks to queue
[2021-10-09 06:19:35,041] {logging_mixin.py:109} INFO - [2021-10-09 06:19:35,041] {dagbag.py:496} INFO - Filling up the DagBag from /usr/local/airflow/dags/v2_context.py
[2021-10-09 06:19:35,056] {processor.py:623} INFO - DAG(s) dict_keys(['v2_context']) retrieved from /usr/local/airflow/dags/v2_context.py
[2021-10-09 06:19:35,075] {logging_mixin.py:109} INFO - [2021-10-09 06:19:35,075] {dag.py:1833} INFO - Sync 1 DAGs
[2021-10-09 06:19:35,087] {logging_mixin.py:109} INFO - [2021-10-09 06:19:35,087] {dag.py:2306} INFO - Setting next_dagrun for v2_context to None
[2021-10-09 06:19:35,095] {processor.py:170} INFO - Processing /usr/local/airflow/dags/v2_context.py took 0.059 seconds
[2021-10-09 06:20:05,454] {processor.py:162} INFO - Started process (PID=775) to work on /usr/local/airflow/dags/v2_context.py
[2021-10-09 06:20:05,456] {processor.py:613} INFO - Processing file /usr/local/airflow/dags/v2_context.py for tasks to queue
[2021-10-09 06:20:05,456] {logging_mixin.py:109} INFO - [2021-10-09 06:20:05,456] {dagbag.py:496} INFO - Filling up the DagBag from /usr/local/airflow/dags/v2_context.py
[2021-10-09 06:20:05,472] {processor.py:623} INFO - DAG(s) dict_keys(['v2_context']) retrieved from /usr/local/airflow/dags/v2_context.py
[2021-10-09 06:20:05,491] {logging_mixin.py:109} INFO - [2021-10-09 06:20:05,491] {dag.py:1833} INFO - Sync 1 DAGs
[2021-10-09 06:20:05,504] {logging_mixin.py:109} INFO - [2021-10-09 06:20:05,504] {dag.py:2306} INFO - Setting next_dagrun for v2_context to None
[2021-10-09 06:20:05,513] {processor.py:170} INFO - Processing /usr/local/airflow/dags/v2_context.py took 0.063 seconds
[2021-10-09 06:20:35,642] {processor.py:162} INFO - Started process (PID=882) to work on /usr/local/airflow/dags/v2_context.py
[2021-10-09 06:20:35,643] {processor.py:613} INFO - Processing file /usr/local/airflow/dags/v2_context.py for tasks to queue
[2021-10-09 06:20:35,644] {logging_mixin.py:109} INFO - [2021-10-09 06:20:35,644] {dagbag.py:496} INFO - Filling up the DagBag from /usr/local/airflow/dags/v2_context.py
[2021-10-09 06:20:35,659] {processor.py:623} INFO - DAG(s) dict_keys(['v2_context']) retrieved from /usr/local/airflow/dags/v2_context.py
[2021-10-09 06:20:35,679] {logging_mixin.py:109} INFO - [2021-10-09 06:20:35,679] {dag.py:1833} INFO - Sync 1 DAGs
[2021-10-09 06:20:35,693] {logging_mixin.py:109} INFO - [2021-10-09 06:20:35,693] {dag.py:2306} INFO - Setting next_dagrun for v2_context to None
[2021-10-09 06:20:35,701] {processor.py:170} INFO - Processing /usr/local/airflow/dags/v2_context.py took 0.062 seconds
[2021-10-09 06:21:05,892] {processor.py:162} INFO - Started process (PID=989) to work on /usr/local/airflow/dags/v2_context.py
[2021-10-09 06:21:05,893] {processor.py:613} INFO - Processing file /usr/local/airflow/dags/v2_context.py for tasks to queue
[2021-10-09 06:21:05,894] {logging_mixin.py:109} INFO - [2021-10-09 06:21:05,894] {dagbag.py:496} INFO - Filling up the DagBag from /usr/local/airflow/dags/v2_context.py
[2021-10-09 06:21:05,914] {processor.py:623} INFO - DAG(s) dict_keys(['v2_context']) retrieved from /usr/local/airflow/dags/v2_context.py
[2021-10-09 06:21:05,933] {logging_mixin.py:109} INFO - [2021-10-09 06:21:05,933] {dag.py:1833} INFO - Sync 1 DAGs
[2021-10-09 06:21:05,946] {logging_mixin.py:109} INFO - [2021-10-09 06:21:05,946] {dag.py:2306} INFO - Setting next_dagrun for v2_context to None
[2021-10-09 06:21:05,963] {processor.py:170} INFO - Processing /usr/local/airflow/dags/v2_context.py took 0.076 seconds
[2021-10-09 06:21:36,146] {processor.py:162} INFO - Started process (PID=1096) to work on /usr/local/airflow/dags/v2_context.py
[2021-10-09 06:21:36,147] {processor.py:613} INFO - Processing file /usr/local/airflow/dags/v2_context.py for tasks to queue
[2021-10-09 06:21:36,148] {logging_mixin.py:109} INFO - [2021-10-09 06:21:36,148] {dagbag.py:496} INFO - Filling up the DagBag from /usr/local/airflow/dags/v2_context.py
[2021-10-09 06:21:36,164] {processor.py:623} INFO - DAG(s) dict_keys(['v2_context']) retrieved from /usr/local/airflow/dags/v2_context.py
[2021-10-09 06:21:36,183] {logging_mixin.py:109} INFO - [2021-10-09 06:21:36,183] {dag.py:1833} INFO - Sync 1 DAGs
[2021-10-09 06:21:36,195] {logging_mixin.py:109} INFO - [2021-10-09 06:21:36,195] {dag.py:2306} INFO - Setting next_dagrun for v2_context to None
[2021-10-09 06:21:36,203] {processor.py:170} INFO - Processing /usr/local/airflow/dags/v2_context.py took 0.060 seconds
[2021-10-09 06:22:06,390] {processor.py:162} INFO - Started process (PID=1203) to work on /usr/local/airflow/dags/v2_context.py
[2021-10-09 06:22:06,391] {processor.py:613} INFO - Processing file /usr/local/airflow/dags/v2_context.py for tasks to queue
[2021-10-09 06:22:06,391] {logging_mixin.py:109} INFO - [2021-10-09 06:22:06,391] {dagbag.py:496} INFO - Filling up the DagBag from /usr/local/airflow/dags/v2_context.py
[2021-10-09 06:22:06,405] {processor.py:623} INFO - DAG(s) dict_keys(['v2_context']) retrieved from /usr/local/airflow/dags/v2_context.py
[2021-10-09 06:22:06,426] {logging_mixin.py:109} INFO - [2021-10-09 06:22:06,426] {dag.py:1833} INFO - Sync 1 DAGs
[2021-10-09 06:22:06,441] {logging_mixin.py:109} INFO - [2021-10-09 06:22:06,441] {dag.py:2306} INFO - Setting next_dagrun for v2_context to None
[2021-10-09 06:22:06,449] {processor.py:170} INFO - Processing /usr/local/airflow/dags/v2_context.py took 0.062 seconds
[2021-10-09 06:22:36,616] {processor.py:162} INFO - Started process (PID=1310) to work on /usr/local/airflow/dags/v2_context.py
[2021-10-09 06:22:36,617] {processor.py:613} INFO - Processing file /usr/local/airflow/dags/v2_context.py for tasks to queue
[2021-10-09 06:22:36,617] {logging_mixin.py:109} INFO - [2021-10-09 06:22:36,617] {dagbag.py:496} INFO - Filling up the DagBag from /usr/local/airflow/dags/v2_context.py
[2021-10-09 06:22:36,631] {logging_mixin.py:109} INFO - [2021-10-09 06:22:36,628] {dagbag.py:329} ERROR - Failed to import: /usr/local/airflow/dags/v2_context.py
Traceback (most recent call last):
  File "/usr/local/lib/python3.8/dist-packages/airflow/models/dagbag.py", line 326, in _load_modules_from_file
    loader.exec_module(new_module)
  File "<frozen importlib._bootstrap_external>", line 848, in exec_module
  File "<frozen importlib._bootstrap>", line 219, in _call_with_frames_removed
  File "/usr/local/airflow/dags/v2_context.py", line 28, in <module>
    t1 = PythonOperator(
  File "/usr/local/lib/python3.8/dist-packages/airflow/models/baseoperator.py", line 178, in apply_defaults
    result = func(self, *args, **kwargs)
  File "/usr/local/lib/python3.8/dist-packages/airflow/operators/python.py", line 134, in __init__
    super().__init__(**kwargs)
  File "/usr/local/lib/python3.8/dist-packages/airflow/models/baseoperator.py", line 178, in apply_defaults
    result = func(self, *args, **kwargs)
  File "/usr/local/lib/python3.8/dist-packages/airflow/models/baseoperator.py", line 524, in __init__
    task_group.add(self)
  File "/usr/local/lib/python3.8/dist-packages/airflow/utils/task_group.py", line 164, in add
    raise DuplicateTaskIdFound(f"Task id '{key}' has already been added to the DAG")
airflow.exceptions.DuplicateTaskIdFound: Task id 't0' has already been added to the DAG
[2021-10-09 06:22:36,631] {processor.py:625} WARNING - No viable dags retrieved from /usr/local/airflow/dags/v2_context.py
[2021-10-09 06:22:36,644] {processor.py:170} INFO - Processing /usr/local/airflow/dags/v2_context.py took 0.031 seconds
[2021-10-09 06:23:06,885] {processor.py:162} INFO - Started process (PID=1417) to work on /usr/local/airflow/dags/v2_context.py
[2021-10-09 06:23:06,886] {processor.py:613} INFO - Processing file /usr/local/airflow/dags/v2_context.py for tasks to queue
[2021-10-09 06:23:06,887] {logging_mixin.py:109} INFO - [2021-10-09 06:23:06,887] {dagbag.py:496} INFO - Filling up the DagBag from /usr/local/airflow/dags/v2_context.py
[2021-10-09 06:23:06,897] {logging_mixin.py:109} INFO - [2021-10-09 06:23:06,896] {dagbag.py:329} ERROR - Failed to import: /usr/local/airflow/dags/v2_context.py
Traceback (most recent call last):
  File "/usr/local/lib/python3.8/dist-packages/airflow/models/dagbag.py", line 326, in _load_modules_from_file
    loader.exec_module(new_module)
  File "<frozen importlib._bootstrap_external>", line 848, in exec_module
  File "<frozen importlib._bootstrap>", line 219, in _call_with_frames_removed
  File "/usr/local/airflow/dags/v2_context.py", line 28, in <module>
    t1 = PythonOperator(
  File "/usr/local/lib/python3.8/dist-packages/airflow/models/baseoperator.py", line 178, in apply_defaults
    result = func(self, *args, **kwargs)
  File "/usr/local/lib/python3.8/dist-packages/airflow/operators/python.py", line 134, in __init__
    super().__init__(**kwargs)
  File "/usr/local/lib/python3.8/dist-packages/airflow/models/baseoperator.py", line 178, in apply_defaults
    result = func(self, *args, **kwargs)
  File "/usr/local/lib/python3.8/dist-packages/airflow/models/baseoperator.py", line 524, in __init__
    task_group.add(self)
  File "/usr/local/lib/python3.8/dist-packages/airflow/utils/task_group.py", line 164, in add
    raise DuplicateTaskIdFound(f"Task id '{key}' has already been added to the DAG")
airflow.exceptions.DuplicateTaskIdFound: Task id 't0' has already been added to the DAG
[2021-10-09 06:23:06,898] {processor.py:625} WARNING - No viable dags retrieved from /usr/local/airflow/dags/v2_context.py
[2021-10-09 06:23:06,913] {processor.py:170} INFO - Processing /usr/local/airflow/dags/v2_context.py took 0.031 seconds
[2021-10-09 06:23:37,136] {processor.py:162} INFO - Started process (PID=1524) to work on /usr/local/airflow/dags/v2_context.py
[2021-10-09 06:23:37,137] {processor.py:613} INFO - Processing file /usr/local/airflow/dags/v2_context.py for tasks to queue
[2021-10-09 06:23:37,138] {logging_mixin.py:109} INFO - [2021-10-09 06:23:37,138] {dagbag.py:496} INFO - Filling up the DagBag from /usr/local/airflow/dags/v2_context.py
[2021-10-09 06:23:37,153] {processor.py:623} INFO - DAG(s) dict_keys(['v2_context']) retrieved from /usr/local/airflow/dags/v2_context.py
[2021-10-09 06:23:37,392] {logging_mixin.py:109} INFO - [2021-10-09 06:23:37,392] {dag.py:1833} INFO - Sync 1 DAGs
[2021-10-09 06:23:37,402] {logging_mixin.py:109} INFO - [2021-10-09 06:23:37,402] {dag.py:2306} INFO - Setting next_dagrun for v2_context to None
[2021-10-09 06:23:37,411] {processor.py:170} INFO - Processing /usr/local/airflow/dags/v2_context.py took 0.278 seconds
[2021-10-09 06:24:07,693] {processor.py:162} INFO - Started process (PID=1637) to work on /usr/local/airflow/dags/v2_context.py
[2021-10-09 06:24:07,694] {processor.py:613} INFO - Processing file /usr/local/airflow/dags/v2_context.py for tasks to queue
[2021-10-09 06:24:07,694] {logging_mixin.py:109} INFO - [2021-10-09 06:24:07,694] {dagbag.py:496} INFO - Filling up the DagBag from /usr/local/airflow/dags/v2_context.py
[2021-10-09 06:24:07,708] {processor.py:623} INFO - DAG(s) dict_keys(['v2_context']) retrieved from /usr/local/airflow/dags/v2_context.py
[2021-10-09 06:24:07,729] {logging_mixin.py:109} INFO - [2021-10-09 06:24:07,729] {dag.py:1833} INFO - Sync 1 DAGs
[2021-10-09 06:24:07,743] {logging_mixin.py:109} INFO - [2021-10-09 06:24:07,743] {dag.py:2306} INFO - Setting next_dagrun for v2_context to None
[2021-10-09 06:24:07,752] {processor.py:170} INFO - Processing /usr/local/airflow/dags/v2_context.py took 0.062 seconds
[2021-10-09 06:24:37,979] {processor.py:162} INFO - Started process (PID=1744) to work on /usr/local/airflow/dags/v2_context.py
[2021-10-09 06:24:37,979] {processor.py:613} INFO - Processing file /usr/local/airflow/dags/v2_context.py for tasks to queue
[2021-10-09 06:24:37,981] {logging_mixin.py:109} INFO - [2021-10-09 06:24:37,981] {dagbag.py:496} INFO - Filling up the DagBag from /usr/local/airflow/dags/v2_context.py
[2021-10-09 06:24:37,997] {processor.py:623} INFO - DAG(s) dict_keys(['v2_context']) retrieved from /usr/local/airflow/dags/v2_context.py
[2021-10-09 06:24:38,017] {logging_mixin.py:109} INFO - [2021-10-09 06:24:38,017] {dag.py:1833} INFO - Sync 1 DAGs
[2021-10-09 06:24:38,032] {logging_mixin.py:109} INFO - [2021-10-09 06:24:38,032] {dag.py:2306} INFO - Setting next_dagrun for v2_context to None
[2021-10-09 06:24:38,050] {processor.py:170} INFO - Processing /usr/local/airflow/dags/v2_context.py took 0.075 seconds
[2021-10-09 06:25:08,351] {processor.py:162} INFO - Started process (PID=1851) to work on /usr/local/airflow/dags/v2_context.py
[2021-10-09 06:25:08,352] {processor.py:613} INFO - Processing file /usr/local/airflow/dags/v2_context.py for tasks to queue
[2021-10-09 06:25:08,353] {logging_mixin.py:109} INFO - [2021-10-09 06:25:08,353] {dagbag.py:496} INFO - Filling up the DagBag from /usr/local/airflow/dags/v2_context.py
[2021-10-09 06:25:08,366] {processor.py:623} INFO - DAG(s) dict_keys(['v2_context']) retrieved from /usr/local/airflow/dags/v2_context.py
[2021-10-09 06:25:08,385] {logging_mixin.py:109} INFO - [2021-10-09 06:25:08,385] {dag.py:1833} INFO - Sync 1 DAGs
[2021-10-09 06:25:08,397] {logging_mixin.py:109} INFO - [2021-10-09 06:25:08,397] {dag.py:2306} INFO - Setting next_dagrun for v2_context to None
[2021-10-09 06:25:08,405] {processor.py:170} INFO - Processing /usr/local/airflow/dags/v2_context.py took 0.056 seconds
[2021-10-09 06:25:38,780] {processor.py:162} INFO - Started process (PID=1959) to work on /usr/local/airflow/dags/v2_context.py
[2021-10-09 06:25:38,781] {processor.py:613} INFO - Processing file /usr/local/airflow/dags/v2_context.py for tasks to queue
[2021-10-09 06:25:38,782] {logging_mixin.py:109} INFO - [2021-10-09 06:25:38,782] {dagbag.py:496} INFO - Filling up the DagBag from /usr/local/airflow/dags/v2_context.py
[2021-10-09 06:25:38,797] {processor.py:623} INFO - DAG(s) dict_keys(['v2_context']) retrieved from /usr/local/airflow/dags/v2_context.py
[2021-10-09 06:25:38,816] {logging_mixin.py:109} INFO - [2021-10-09 06:25:38,816] {dag.py:1833} INFO - Sync 1 DAGs
[2021-10-09 06:25:38,829] {logging_mixin.py:109} INFO - [2021-10-09 06:25:38,829] {dag.py:2306} INFO - Setting next_dagrun for v2_context to None
[2021-10-09 06:25:38,836] {processor.py:170} INFO - Processing /usr/local/airflow/dags/v2_context.py took 0.059 seconds
[2021-10-09 06:26:09,137] {processor.py:162} INFO - Started process (PID=2066) to work on /usr/local/airflow/dags/v2_context.py
[2021-10-09 06:26:09,138] {processor.py:613} INFO - Processing file /usr/local/airflow/dags/v2_context.py for tasks to queue
[2021-10-09 06:26:09,139] {logging_mixin.py:109} INFO - [2021-10-09 06:26:09,139] {dagbag.py:496} INFO - Filling up the DagBag from /usr/local/airflow/dags/v2_context.py
[2021-10-09 06:26:09,153] {processor.py:623} INFO - DAG(s) dict_keys(['v2_context']) retrieved from /usr/local/airflow/dags/v2_context.py
[2021-10-09 06:26:09,172] {logging_mixin.py:109} INFO - [2021-10-09 06:26:09,172] {dag.py:1833} INFO - Sync 1 DAGs
[2021-10-09 06:26:09,185] {logging_mixin.py:109} INFO - [2021-10-09 06:26:09,185] {dag.py:2306} INFO - Setting next_dagrun for v2_context to None
[2021-10-09 06:26:09,193] {processor.py:170} INFO - Processing /usr/local/airflow/dags/v2_context.py took 0.059 seconds
[2021-10-09 06:26:39,479] {processor.py:162} INFO - Started process (PID=2173) to work on /usr/local/airflow/dags/v2_context.py
[2021-10-09 06:26:39,480] {processor.py:613} INFO - Processing file /usr/local/airflow/dags/v2_context.py for tasks to queue
[2021-10-09 06:26:39,481] {logging_mixin.py:109} INFO - [2021-10-09 06:26:39,480] {dagbag.py:496} INFO - Filling up the DagBag from /usr/local/airflow/dags/v2_context.py
[2021-10-09 06:26:39,495] {processor.py:623} INFO - DAG(s) dict_keys(['v2_context']) retrieved from /usr/local/airflow/dags/v2_context.py
[2021-10-09 06:26:39,514] {logging_mixin.py:109} INFO - [2021-10-09 06:26:39,514] {dag.py:1833} INFO - Sync 1 DAGs
[2021-10-09 06:26:39,527] {logging_mixin.py:109} INFO - [2021-10-09 06:26:39,527] {dag.py:2306} INFO - Setting next_dagrun for v2_context to None
[2021-10-09 06:26:39,535] {processor.py:170} INFO - Processing /usr/local/airflow/dags/v2_context.py took 0.059 seconds
[2021-10-09 06:27:09,870] {processor.py:162} INFO - Started process (PID=2280) to work on /usr/local/airflow/dags/v2_context.py
[2021-10-09 06:27:09,871] {processor.py:613} INFO - Processing file /usr/local/airflow/dags/v2_context.py for tasks to queue
[2021-10-09 06:27:09,872] {logging_mixin.py:109} INFO - [2021-10-09 06:27:09,872] {dagbag.py:496} INFO - Filling up the DagBag from /usr/local/airflow/dags/v2_context.py
[2021-10-09 06:27:09,886] {processor.py:623} INFO - DAG(s) dict_keys(['v2_context']) retrieved from /usr/local/airflow/dags/v2_context.py
[2021-10-09 06:27:09,906] {logging_mixin.py:109} INFO - [2021-10-09 06:27:09,905] {dag.py:1833} INFO - Sync 1 DAGs
[2021-10-09 06:27:09,918] {logging_mixin.py:109} INFO - [2021-10-09 06:27:09,918] {dag.py:2306} INFO - Setting next_dagrun for v2_context to None
[2021-10-09 06:27:09,925] {processor.py:170} INFO - Processing /usr/local/airflow/dags/v2_context.py took 0.058 seconds
[2021-10-09 06:27:40,176] {processor.py:162} INFO - Started process (PID=2388) to work on /usr/local/airflow/dags/v2_context.py
[2021-10-09 06:27:40,177] {processor.py:613} INFO - Processing file /usr/local/airflow/dags/v2_context.py for tasks to queue
[2021-10-09 06:27:40,178] {logging_mixin.py:109} INFO - [2021-10-09 06:27:40,177] {dagbag.py:496} INFO - Filling up the DagBag from /usr/local/airflow/dags/v2_context.py
[2021-10-09 06:27:40,193] {processor.py:623} INFO - DAG(s) dict_keys(['v2_context']) retrieved from /usr/local/airflow/dags/v2_context.py
[2021-10-09 06:27:40,213] {logging_mixin.py:109} INFO - [2021-10-09 06:27:40,213] {dag.py:1833} INFO - Sync 1 DAGs
[2021-10-09 06:27:40,226] {logging_mixin.py:109} INFO - [2021-10-09 06:27:40,226] {dag.py:2306} INFO - Setting next_dagrun for v2_context to None
[2021-10-09 06:27:40,234] {processor.py:170} INFO - Processing /usr/local/airflow/dags/v2_context.py took 0.061 seconds
[2021-10-09 06:28:10,524] {processor.py:162} INFO - Started process (PID=2495) to work on /usr/local/airflow/dags/v2_context.py
[2021-10-09 06:28:10,525] {processor.py:613} INFO - Processing file /usr/local/airflow/dags/v2_context.py for tasks to queue
[2021-10-09 06:28:10,525] {logging_mixin.py:109} INFO - [2021-10-09 06:28:10,525] {dagbag.py:496} INFO - Filling up the DagBag from /usr/local/airflow/dags/v2_context.py
[2021-10-09 06:28:10,541] {processor.py:623} INFO - DAG(s) dict_keys(['v2_context']) retrieved from /usr/local/airflow/dags/v2_context.py
[2021-10-09 06:28:10,563] {logging_mixin.py:109} INFO - [2021-10-09 06:28:10,563] {dag.py:1833} INFO - Sync 1 DAGs
[2021-10-09 06:28:10,577] {logging_mixin.py:109} INFO - [2021-10-09 06:28:10,577] {dag.py:2306} INFO - Setting next_dagrun for v2_context to None
[2021-10-09 06:28:10,585] {processor.py:170} INFO - Processing /usr/local/airflow/dags/v2_context.py took 0.065 seconds
[2021-10-09 06:28:40,830] {processor.py:162} INFO - Started process (PID=2602) to work on /usr/local/airflow/dags/v2_context.py
[2021-10-09 06:28:40,831] {processor.py:613} INFO - Processing file /usr/local/airflow/dags/v2_context.py for tasks to queue
[2021-10-09 06:28:40,831] {logging_mixin.py:109} INFO - [2021-10-09 06:28:40,831] {dagbag.py:496} INFO - Filling up the DagBag from /usr/local/airflow/dags/v2_context.py
[2021-10-09 06:28:40,846] {processor.py:623} INFO - DAG(s) dict_keys(['v2_context']) retrieved from /usr/local/airflow/dags/v2_context.py
[2021-10-09 06:28:40,865] {logging_mixin.py:109} INFO - [2021-10-09 06:28:40,864] {dag.py:1833} INFO - Sync 1 DAGs
[2021-10-09 06:28:40,878] {logging_mixin.py:109} INFO - [2021-10-09 06:28:40,877] {dag.py:2306} INFO - Setting next_dagrun for v2_context to None
[2021-10-09 06:28:40,886] {processor.py:170} INFO - Processing /usr/local/airflow/dags/v2_context.py took 0.060 seconds
[2021-10-09 06:29:11,153] {processor.py:162} INFO - Started process (PID=2709) to work on /usr/local/airflow/dags/v2_context.py
[2021-10-09 06:29:11,154] {processor.py:613} INFO - Processing file /usr/local/airflow/dags/v2_context.py for tasks to queue
[2021-10-09 06:29:11,154] {logging_mixin.py:109} INFO - [2021-10-09 06:29:11,154] {dagbag.py:496} INFO - Filling up the DagBag from /usr/local/airflow/dags/v2_context.py
[2021-10-09 06:29:11,169] {processor.py:623} INFO - DAG(s) dict_keys(['v2_context']) retrieved from /usr/local/airflow/dags/v2_context.py
[2021-10-09 06:29:11,190] {logging_mixin.py:109} INFO - [2021-10-09 06:29:11,190] {dag.py:1833} INFO - Sync 1 DAGs
[2021-10-09 06:29:11,205] {logging_mixin.py:109} INFO - [2021-10-09 06:29:11,205] {dag.py:2306} INFO - Setting next_dagrun for v2_context to None
[2021-10-09 06:29:11,222] {processor.py:170} INFO - Processing /usr/local/airflow/dags/v2_context.py took 0.072 seconds
[2021-10-09 06:29:41,462] {processor.py:162} INFO - Started process (PID=2816) to work on /usr/local/airflow/dags/v2_context.py
[2021-10-09 06:29:41,463] {processor.py:613} INFO - Processing file /usr/local/airflow/dags/v2_context.py for tasks to queue
[2021-10-09 06:29:41,464] {logging_mixin.py:109} INFO - [2021-10-09 06:29:41,464] {dagbag.py:496} INFO - Filling up the DagBag from /usr/local/airflow/dags/v2_context.py
[2021-10-09 06:29:41,479] {processor.py:623} INFO - DAG(s) dict_keys(['v2_context']) retrieved from /usr/local/airflow/dags/v2_context.py
[2021-10-09 06:29:41,499] {logging_mixin.py:109} INFO - [2021-10-09 06:29:41,498] {dag.py:1833} INFO - Sync 1 DAGs
[2021-10-09 06:29:41,511] {logging_mixin.py:109} INFO - [2021-10-09 06:29:41,511] {dag.py:2306} INFO - Setting next_dagrun for v2_context to None
[2021-10-09 06:29:41,519] {processor.py:170} INFO - Processing /usr/local/airflow/dags/v2_context.py took 0.061 seconds
[2021-10-09 06:30:11,801] {processor.py:162} INFO - Started process (PID=2924) to work on /usr/local/airflow/dags/v2_context.py
[2021-10-09 06:30:11,803] {processor.py:613} INFO - Processing file /usr/local/airflow/dags/v2_context.py for tasks to queue
[2021-10-09 06:30:11,803] {logging_mixin.py:109} INFO - [2021-10-09 06:30:11,803] {dagbag.py:496} INFO - Filling up the DagBag from /usr/local/airflow/dags/v2_context.py
[2021-10-09 06:30:11,821] {processor.py:623} INFO - DAG(s) dict_keys(['v2_context']) retrieved from /usr/local/airflow/dags/v2_context.py
[2021-10-09 06:30:11,841] {logging_mixin.py:109} INFO - [2021-10-09 06:30:11,841] {dag.py:1833} INFO - Sync 1 DAGs
[2021-10-09 06:30:11,853] {logging_mixin.py:109} INFO - [2021-10-09 06:30:11,853] {dag.py:2306} INFO - Setting next_dagrun for v2_context to None
[2021-10-09 06:30:11,861] {processor.py:170} INFO - Processing /usr/local/airflow/dags/v2_context.py took 0.064 seconds
[2021-10-09 06:30:42,116] {processor.py:162} INFO - Started process (PID=3031) to work on /usr/local/airflow/dags/v2_context.py
[2021-10-09 06:30:42,117] {processor.py:613} INFO - Processing file /usr/local/airflow/dags/v2_context.py for tasks to queue
[2021-10-09 06:30:42,118] {logging_mixin.py:109} INFO - [2021-10-09 06:30:42,118] {dagbag.py:496} INFO - Filling up the DagBag from /usr/local/airflow/dags/v2_context.py
[2021-10-09 06:30:42,133] {processor.py:623} INFO - DAG(s) dict_keys(['v2_context']) retrieved from /usr/local/airflow/dags/v2_context.py
[2021-10-09 06:30:42,153] {logging_mixin.py:109} INFO - [2021-10-09 06:30:42,153] {dag.py:1833} INFO - Sync 1 DAGs
[2021-10-09 06:30:42,166] {logging_mixin.py:109} INFO - [2021-10-09 06:30:42,166] {dag.py:2306} INFO - Setting next_dagrun for v2_context to None
[2021-10-09 06:30:42,174] {processor.py:170} INFO - Processing /usr/local/airflow/dags/v2_context.py took 0.062 seconds
[2021-10-09 06:31:12,350] {processor.py:162} INFO - Started process (PID=3138) to work on /usr/local/airflow/dags/v2_context.py
[2021-10-09 06:31:12,351] {processor.py:613} INFO - Processing file /usr/local/airflow/dags/v2_context.py for tasks to queue
[2021-10-09 06:31:12,352] {logging_mixin.py:109} INFO - [2021-10-09 06:31:12,352] {dagbag.py:496} INFO - Filling up the DagBag from /usr/local/airflow/dags/v2_context.py
[2021-10-09 06:31:12,367] {processor.py:623} INFO - DAG(s) dict_keys(['v2_context']) retrieved from /usr/local/airflow/dags/v2_context.py
[2021-10-09 06:31:12,387] {logging_mixin.py:109} INFO - [2021-10-09 06:31:12,387] {dag.py:1833} INFO - Sync 1 DAGs
[2021-10-09 06:31:12,400] {logging_mixin.py:109} INFO - [2021-10-09 06:31:12,400] {dag.py:2306} INFO - Setting next_dagrun for v2_context to None
[2021-10-09 06:31:12,409] {processor.py:170} INFO - Processing /usr/local/airflow/dags/v2_context.py took 0.062 seconds
[2021-10-09 06:31:42,676] {processor.py:162} INFO - Started process (PID=3245) to work on /usr/local/airflow/dags/v2_context.py
[2021-10-09 06:31:42,677] {processor.py:613} INFO - Processing file /usr/local/airflow/dags/v2_context.py for tasks to queue
[2021-10-09 06:31:42,677] {logging_mixin.py:109} INFO - [2021-10-09 06:31:42,677] {dagbag.py:496} INFO - Filling up the DagBag from /usr/local/airflow/dags/v2_context.py
[2021-10-09 06:31:42,692] {processor.py:623} INFO - DAG(s) dict_keys(['v2_context']) retrieved from /usr/local/airflow/dags/v2_context.py
[2021-10-09 06:31:42,713] {logging_mixin.py:109} INFO - [2021-10-09 06:31:42,713] {dag.py:1833} INFO - Sync 1 DAGs
[2021-10-09 06:31:42,729] {logging_mixin.py:109} INFO - [2021-10-09 06:31:42,729] {dag.py:2306} INFO - Setting next_dagrun for v2_context to None
[2021-10-09 06:31:42,738] {processor.py:170} INFO - Processing /usr/local/airflow/dags/v2_context.py took 0.066 seconds
[2021-10-09 06:32:12,962] {processor.py:162} INFO - Started process (PID=3353) to work on /usr/local/airflow/dags/v2_context.py
[2021-10-09 06:32:12,964] {processor.py:613} INFO - Processing file /usr/local/airflow/dags/v2_context.py for tasks to queue
[2021-10-09 06:32:12,964] {logging_mixin.py:109} INFO - [2021-10-09 06:32:12,964] {dagbag.py:496} INFO - Filling up the DagBag from /usr/local/airflow/dags/v2_context.py
[2021-10-09 06:32:12,980] {processor.py:623} INFO - DAG(s) dict_keys(['v2_context']) retrieved from /usr/local/airflow/dags/v2_context.py
[2021-10-09 06:32:13,002] {logging_mixin.py:109} INFO - [2021-10-09 06:32:13,002] {dag.py:1833} INFO - Sync 1 DAGs
[2021-10-09 06:32:13,019] {logging_mixin.py:109} INFO - [2021-10-09 06:32:13,018] {dag.py:2306} INFO - Setting next_dagrun for v2_context to None
[2021-10-09 06:32:13,036] {processor.py:170} INFO - Processing /usr/local/airflow/dags/v2_context.py took 0.078 seconds
[2021-10-09 06:32:43,329] {processor.py:162} INFO - Started process (PID=3460) to work on /usr/local/airflow/dags/v2_context.py
[2021-10-09 06:32:43,330] {processor.py:613} INFO - Processing file /usr/local/airflow/dags/v2_context.py for tasks to queue
[2021-10-09 06:32:43,330] {logging_mixin.py:109} INFO - [2021-10-09 06:32:43,330] {dagbag.py:496} INFO - Filling up the DagBag from /usr/local/airflow/dags/v2_context.py
[2021-10-09 06:32:43,345] {processor.py:623} INFO - DAG(s) dict_keys(['v2_context']) retrieved from /usr/local/airflow/dags/v2_context.py
[2021-10-09 06:32:43,365] {logging_mixin.py:109} INFO - [2021-10-09 06:32:43,365] {dag.py:1833} INFO - Sync 1 DAGs
[2021-10-09 06:32:43,378] {logging_mixin.py:109} INFO - [2021-10-09 06:32:43,378] {dag.py:2306} INFO - Setting next_dagrun for v2_context to None
[2021-10-09 06:32:43,386] {processor.py:170} INFO - Processing /usr/local/airflow/dags/v2_context.py took 0.061 seconds
[2021-10-09 06:33:13,656] {processor.py:162} INFO - Started process (PID=3570) to work on /usr/local/airflow/dags/v2_context.py
[2021-10-09 06:33:13,657] {processor.py:613} INFO - Processing file /usr/local/airflow/dags/v2_context.py for tasks to queue
[2021-10-09 06:33:13,658] {logging_mixin.py:109} INFO - [2021-10-09 06:33:13,658] {dagbag.py:496} INFO - Filling up the DagBag from /usr/local/airflow/dags/v2_context.py
[2021-10-09 06:33:13,673] {processor.py:623} INFO - DAG(s) dict_keys(['v2_context']) retrieved from /usr/local/airflow/dags/v2_context.py
[2021-10-09 06:33:13,693] {logging_mixin.py:109} INFO - [2021-10-09 06:33:13,693] {dag.py:1833} INFO - Sync 1 DAGs
[2021-10-09 06:33:13,706] {logging_mixin.py:109} INFO - [2021-10-09 06:33:13,706] {dag.py:2306} INFO - Setting next_dagrun for v2_context to None
[2021-10-09 06:33:13,714] {processor.py:170} INFO - Processing /usr/local/airflow/dags/v2_context.py took 0.061 seconds
[2021-10-09 06:33:43,958] {processor.py:162} INFO - Started process (PID=3677) to work on /usr/local/airflow/dags/v2_context.py
[2021-10-09 06:33:43,959] {processor.py:613} INFO - Processing file /usr/local/airflow/dags/v2_context.py for tasks to queue
[2021-10-09 06:33:43,960] {logging_mixin.py:109} INFO - [2021-10-09 06:33:43,960] {dagbag.py:496} INFO - Filling up the DagBag from /usr/local/airflow/dags/v2_context.py
[2021-10-09 06:33:43,978] {processor.py:623} INFO - DAG(s) dict_keys(['v2_context']) retrieved from /usr/local/airflow/dags/v2_context.py
[2021-10-09 06:33:44,000] {logging_mixin.py:109} INFO - [2021-10-09 06:33:44,000] {dag.py:1833} INFO - Sync 1 DAGs
[2021-10-09 06:33:44,012] {logging_mixin.py:109} INFO - [2021-10-09 06:33:44,012] {dag.py:2306} INFO - Setting next_dagrun for v2_context to None
[2021-10-09 06:33:44,029] {processor.py:170} INFO - Processing /usr/local/airflow/dags/v2_context.py took 0.075 seconds
[2021-10-09 06:34:14,283] {processor.py:162} INFO - Started process (PID=3784) to work on /usr/local/airflow/dags/v2_context.py
[2021-10-09 06:34:14,284] {processor.py:613} INFO - Processing file /usr/local/airflow/dags/v2_context.py for tasks to queue
[2021-10-09 06:34:14,285] {logging_mixin.py:109} INFO - [2021-10-09 06:34:14,285] {dagbag.py:496} INFO - Filling up the DagBag from /usr/local/airflow/dags/v2_context.py
[2021-10-09 06:34:14,300] {processor.py:623} INFO - DAG(s) dict_keys(['v2_context']) retrieved from /usr/local/airflow/dags/v2_context.py
[2021-10-09 06:34:14,319] {logging_mixin.py:109} INFO - [2021-10-09 06:34:14,319] {dag.py:1833} INFO - Sync 1 DAGs
[2021-10-09 06:34:14,332] {logging_mixin.py:109} INFO - [2021-10-09 06:34:14,332] {dag.py:2306} INFO - Setting next_dagrun for v2_context to None
[2021-10-09 06:34:14,340] {processor.py:170} INFO - Processing /usr/local/airflow/dags/v2_context.py took 0.060 seconds
[2021-10-09 06:34:44,690] {processor.py:162} INFO - Started process (PID=3891) to work on /usr/local/airflow/dags/v2_context.py
[2021-10-09 06:34:44,691] {processor.py:613} INFO - Processing file /usr/local/airflow/dags/v2_context.py for tasks to queue
[2021-10-09 06:34:44,692] {logging_mixin.py:109} INFO - [2021-10-09 06:34:44,692] {dagbag.py:496} INFO - Filling up the DagBag from /usr/local/airflow/dags/v2_context.py
[2021-10-09 06:34:44,706] {processor.py:623} INFO - DAG(s) dict_keys(['v2_context']) retrieved from /usr/local/airflow/dags/v2_context.py
[2021-10-09 06:34:44,728] {logging_mixin.py:109} INFO - [2021-10-09 06:34:44,727] {dag.py:1833} INFO - Sync 1 DAGs
[2021-10-09 06:34:44,742] {logging_mixin.py:109} INFO - [2021-10-09 06:34:44,742] {dag.py:2306} INFO - Setting next_dagrun for v2_context to None
[2021-10-09 06:34:44,751] {processor.py:170} INFO - Processing /usr/local/airflow/dags/v2_context.py took 0.064 seconds
[2021-10-09 06:35:15,060] {processor.py:162} INFO - Started process (PID=3996) to work on /usr/local/airflow/dags/v2_context.py
[2021-10-09 06:35:15,061] {processor.py:613} INFO - Processing file /usr/local/airflow/dags/v2_context.py for tasks to queue
[2021-10-09 06:35:15,061] {logging_mixin.py:109} INFO - [2021-10-09 06:35:15,061] {dagbag.py:496} INFO - Filling up the DagBag from /usr/local/airflow/dags/v2_context.py
[2021-10-09 06:35:15,074] {processor.py:623} INFO - DAG(s) dict_keys(['v2_context']) retrieved from /usr/local/airflow/dags/v2_context.py
[2021-10-09 06:35:15,286] {logging_mixin.py:109} INFO - [2021-10-09 06:35:15,286] {dag.py:1833} INFO - Sync 1 DAGs
[2021-10-09 06:35:15,293] {logging_mixin.py:109} INFO - [2021-10-09 06:35:15,293] {dag.py:2306} INFO - Setting next_dagrun for v2_context to None
[2021-10-09 06:35:15,300] {processor.py:170} INFO - Processing /usr/local/airflow/dags/v2_context.py took 0.242 seconds
[2021-10-09 06:35:45,445] {processor.py:162} INFO - Started process (PID=4088) to work on /usr/local/airflow/dags/v2_context.py
[2021-10-09 06:35:45,446] {processor.py:613} INFO - Processing file /usr/local/airflow/dags/v2_context.py for tasks to queue
[2021-10-09 06:35:45,446] {logging_mixin.py:109} INFO - [2021-10-09 06:35:45,446] {dagbag.py:496} INFO - Filling up the DagBag from /usr/local/airflow/dags/v2_context.py
[2021-10-09 06:35:45,458] {processor.py:623} INFO - DAG(s) dict_keys(['v2_context']) retrieved from /usr/local/airflow/dags/v2_context.py
[2021-10-09 06:35:45,476] {logging_mixin.py:109} INFO - [2021-10-09 06:35:45,476] {dag.py:1833} INFO - Sync 1 DAGs
[2021-10-09 06:35:45,488] {logging_mixin.py:109} INFO - [2021-10-09 06:35:45,488] {dag.py:2306} INFO - Setting next_dagrun for v2_context to None
[2021-10-09 06:35:45,495] {processor.py:170} INFO - Processing /usr/local/airflow/dags/v2_context.py took 0.053 seconds
[2021-10-09 06:36:15,902] {processor.py:162} INFO - Started process (PID=4195) to work on /usr/local/airflow/dags/v2_context.py
[2021-10-09 06:36:15,902] {processor.py:613} INFO - Processing file /usr/local/airflow/dags/v2_context.py for tasks to queue
[2021-10-09 06:36:15,903] {logging_mixin.py:109} INFO - [2021-10-09 06:36:15,903] {dagbag.py:496} INFO - Filling up the DagBag from /usr/local/airflow/dags/v2_context.py
[2021-10-09 06:36:15,914] {processor.py:623} INFO - DAG(s) dict_keys(['v2_context']) retrieved from /usr/local/airflow/dags/v2_context.py
[2021-10-09 06:36:15,934] {logging_mixin.py:109} INFO - [2021-10-09 06:36:15,934] {dag.py:1833} INFO - Sync 1 DAGs
[2021-10-09 06:36:15,949] {logging_mixin.py:109} INFO - [2021-10-09 06:36:15,949] {dag.py:2306} INFO - Setting next_dagrun for v2_context to None
[2021-10-09 06:36:15,957] {processor.py:170} INFO - Processing /usr/local/airflow/dags/v2_context.py took 0.057 seconds
[2021-10-09 06:36:46,723] {processor.py:162} INFO - Started process (PID=4289) to work on /usr/local/airflow/dags/v2_context.py
[2021-10-09 06:36:46,724] {processor.py:613} INFO - Processing file /usr/local/airflow/dags/v2_context.py for tasks to queue
[2021-10-09 06:36:46,725] {logging_mixin.py:109} INFO - [2021-10-09 06:36:46,725] {dagbag.py:496} INFO - Filling up the DagBag from /usr/local/airflow/dags/v2_context.py
[2021-10-09 06:36:46,741] {processor.py:623} INFO - DAG(s) dict_keys(['v2_context']) retrieved from /usr/local/airflow/dags/v2_context.py
[2021-10-09 06:36:46,763] {logging_mixin.py:109} INFO - [2021-10-09 06:36:46,763] {dag.py:1833} INFO - Sync 1 DAGs
[2021-10-09 06:36:46,776] {logging_mixin.py:109} INFO - [2021-10-09 06:36:46,776] {dag.py:2306} INFO - Setting next_dagrun for v2_context to None
[2021-10-09 06:36:46,784] {processor.py:170} INFO - Processing /usr/local/airflow/dags/v2_context.py took 0.064 seconds
[2021-10-09 06:37:17,127] {processor.py:162} INFO - Started process (PID=4396) to work on /usr/local/airflow/dags/v2_context.py
[2021-10-09 06:37:17,128] {processor.py:613} INFO - Processing file /usr/local/airflow/dags/v2_context.py for tasks to queue
[2021-10-09 06:37:17,129] {logging_mixin.py:109} INFO - [2021-10-09 06:37:17,129] {dagbag.py:496} INFO - Filling up the DagBag from /usr/local/airflow/dags/v2_context.py
[2021-10-09 06:37:17,144] {processor.py:623} INFO - DAG(s) dict_keys(['v2_context']) retrieved from /usr/local/airflow/dags/v2_context.py
[2021-10-09 06:37:17,167] {logging_mixin.py:109} INFO - [2021-10-09 06:37:17,167] {dag.py:1833} INFO - Sync 1 DAGs
[2021-10-09 06:37:17,182] {logging_mixin.py:109} INFO - [2021-10-09 06:37:17,181] {dag.py:2306} INFO - Setting next_dagrun for v2_context to None
[2021-10-09 06:37:17,189] {processor.py:170} INFO - Processing /usr/local/airflow/dags/v2_context.py took 0.066 seconds
[2021-10-09 06:37:47,516] {processor.py:162} INFO - Started process (PID=4504) to work on /usr/local/airflow/dags/v2_context.py
[2021-10-09 06:37:47,517] {processor.py:613} INFO - Processing file /usr/local/airflow/dags/v2_context.py for tasks to queue
[2021-10-09 06:37:47,517] {logging_mixin.py:109} INFO - [2021-10-09 06:37:47,517] {dagbag.py:496} INFO - Filling up the DagBag from /usr/local/airflow/dags/v2_context.py
[2021-10-09 06:37:47,532] {processor.py:623} INFO - DAG(s) dict_keys(['v2_context']) retrieved from /usr/local/airflow/dags/v2_context.py
[2021-10-09 06:37:47,551] {logging_mixin.py:109} INFO - [2021-10-09 06:37:47,551] {dag.py:1833} INFO - Sync 1 DAGs
[2021-10-09 06:37:47,564] {logging_mixin.py:109} INFO - [2021-10-09 06:37:47,564] {dag.py:2306} INFO - Setting next_dagrun for v2_context to None
[2021-10-09 06:37:47,572] {processor.py:170} INFO - Processing /usr/local/airflow/dags/v2_context.py took 0.059 seconds
[2021-10-09 06:38:17,893] {processor.py:162} INFO - Started process (PID=4611) to work on /usr/local/airflow/dags/v2_context.py
[2021-10-09 06:38:17,894] {processor.py:613} INFO - Processing file /usr/local/airflow/dags/v2_context.py for tasks to queue
[2021-10-09 06:38:17,895] {logging_mixin.py:109} INFO - [2021-10-09 06:38:17,895] {dagbag.py:496} INFO - Filling up the DagBag from /usr/local/airflow/dags/v2_context.py
[2021-10-09 06:38:17,911] {processor.py:623} INFO - DAG(s) dict_keys(['v2_context']) retrieved from /usr/local/airflow/dags/v2_context.py
[2021-10-09 06:38:17,931] {logging_mixin.py:109} INFO - [2021-10-09 06:38:17,931] {dag.py:1833} INFO - Sync 1 DAGs
[2021-10-09 06:38:17,944] {logging_mixin.py:109} INFO - [2021-10-09 06:38:17,944] {dag.py:2306} INFO - Setting next_dagrun for v2_context to None
[2021-10-09 06:38:17,952] {processor.py:170} INFO - Processing /usr/local/airflow/dags/v2_context.py took 0.062 seconds
[2021-10-09 06:38:48,151] {processor.py:162} INFO - Started process (PID=4718) to work on /usr/local/airflow/dags/v2_context.py
[2021-10-09 06:38:48,152] {processor.py:613} INFO - Processing file /usr/local/airflow/dags/v2_context.py for tasks to queue
[2021-10-09 06:38:48,153] {logging_mixin.py:109} INFO - [2021-10-09 06:38:48,153] {dagbag.py:496} INFO - Filling up the DagBag from /usr/local/airflow/dags/v2_context.py
[2021-10-09 06:38:48,170] {processor.py:623} INFO - DAG(s) dict_keys(['v2_context']) retrieved from /usr/local/airflow/dags/v2_context.py
[2021-10-09 06:38:48,379] {logging_mixin.py:109} INFO - [2021-10-09 06:38:48,379] {dag.py:1833} INFO - Sync 1 DAGs
[2021-10-09 06:38:48,387] {logging_mixin.py:109} INFO - [2021-10-09 06:38:48,387] {dag.py:2306} INFO - Setting next_dagrun for v2_context to None
[2021-10-09 06:38:48,395] {processor.py:170} INFO - Processing /usr/local/airflow/dags/v2_context.py took 0.247 seconds
[2021-10-09 06:39:18,547] {processor.py:162} INFO - Started process (PID=4835) to work on /usr/local/airflow/dags/v2_context.py
[2021-10-09 06:39:18,549] {processor.py:613} INFO - Processing file /usr/local/airflow/dags/v2_context.py for tasks to queue
[2021-10-09 06:39:18,549] {logging_mixin.py:109} INFO - [2021-10-09 06:39:18,549] {dagbag.py:496} INFO - Filling up the DagBag from /usr/local/airflow/dags/v2_context.py
[2021-10-09 06:39:18,565] {processor.py:623} INFO - DAG(s) dict_keys(['v2_context']) retrieved from /usr/local/airflow/dags/v2_context.py
[2021-10-09 06:39:18,585] {logging_mixin.py:109} INFO - [2021-10-09 06:39:18,585] {dag.py:1833} INFO - Sync 1 DAGs
[2021-10-09 06:39:18,598] {logging_mixin.py:109} INFO - [2021-10-09 06:39:18,598] {dag.py:2306} INFO - Setting next_dagrun for v2_context to None
[2021-10-09 06:39:18,605] {processor.py:170} INFO - Processing /usr/local/airflow/dags/v2_context.py took 0.062 seconds
[2021-10-09 06:39:49,049] {processor.py:162} INFO - Started process (PID=4942) to work on /usr/local/airflow/dags/v2_context.py
[2021-10-09 06:39:49,051] {processor.py:613} INFO - Processing file /usr/local/airflow/dags/v2_context.py for tasks to queue
[2021-10-09 06:39:49,052] {logging_mixin.py:109} INFO - [2021-10-09 06:39:49,052] {dagbag.py:496} INFO - Filling up the DagBag from /usr/local/airflow/dags/v2_context.py
[2021-10-09 06:39:49,067] {processor.py:623} INFO - DAG(s) dict_keys(['v2_context']) retrieved from /usr/local/airflow/dags/v2_context.py
[2021-10-09 06:39:49,088] {logging_mixin.py:109} INFO - [2021-10-09 06:39:49,088] {dag.py:1833} INFO - Sync 1 DAGs
[2021-10-09 06:39:49,101] {logging_mixin.py:109} INFO - [2021-10-09 06:39:49,101] {dag.py:2306} INFO - Setting next_dagrun for v2_context to None
[2021-10-09 06:39:49,116] {processor.py:170} INFO - Processing /usr/local/airflow/dags/v2_context.py took 0.071 seconds
[2021-10-09 06:40:19,278] {processor.py:162} INFO - Started process (PID=5049) to work on /usr/local/airflow/dags/v2_context.py
[2021-10-09 06:40:19,280] {processor.py:613} INFO - Processing file /usr/local/airflow/dags/v2_context.py for tasks to queue
[2021-10-09 06:40:19,281] {logging_mixin.py:109} INFO - [2021-10-09 06:40:19,281] {dagbag.py:496} INFO - Filling up the DagBag from /usr/local/airflow/dags/v2_context.py
[2021-10-09 06:40:19,297] {processor.py:623} INFO - DAG(s) dict_keys(['v2_context']) retrieved from /usr/local/airflow/dags/v2_context.py
[2021-10-09 06:40:19,318] {logging_mixin.py:109} INFO - [2021-10-09 06:40:19,318] {dag.py:1833} INFO - Sync 1 DAGs
[2021-10-09 06:40:19,331] {logging_mixin.py:109} INFO - [2021-10-09 06:40:19,331] {dag.py:2306} INFO - Setting next_dagrun for v2_context to None
[2021-10-09 06:40:19,338] {processor.py:170} INFO - Processing /usr/local/airflow/dags/v2_context.py took 0.063 seconds
[2021-10-09 06:40:49,620] {processor.py:162} INFO - Started process (PID=5156) to work on /usr/local/airflow/dags/v2_context.py
[2021-10-09 06:40:49,621] {processor.py:613} INFO - Processing file /usr/local/airflow/dags/v2_context.py for tasks to queue
[2021-10-09 06:40:49,621] {logging_mixin.py:109} INFO - [2021-10-09 06:40:49,621] {dagbag.py:496} INFO - Filling up the DagBag from /usr/local/airflow/dags/v2_context.py
[2021-10-09 06:40:49,634] {processor.py:623} INFO - DAG(s) dict_keys(['v2_context']) retrieved from /usr/local/airflow/dags/v2_context.py
[2021-10-09 06:40:49,653] {logging_mixin.py:109} INFO - [2021-10-09 06:40:49,653] {dag.py:1833} INFO - Sync 1 DAGs
[2021-10-09 06:40:49,665] {logging_mixin.py:109} INFO - [2021-10-09 06:40:49,665] {dag.py:2306} INFO - Setting next_dagrun for v2_context to None
[2021-10-09 06:40:49,682] {processor.py:170} INFO - Processing /usr/local/airflow/dags/v2_context.py took 0.065 seconds
[2021-10-09 06:41:19,859] {processor.py:162} INFO - Started process (PID=5263) to work on /usr/local/airflow/dags/v2_context.py
[2021-10-09 06:41:19,860] {processor.py:613} INFO - Processing file /usr/local/airflow/dags/v2_context.py for tasks to queue
[2021-10-09 06:41:19,861] {logging_mixin.py:109} INFO - [2021-10-09 06:41:19,861] {dagbag.py:496} INFO - Filling up the DagBag from /usr/local/airflow/dags/v2_context.py
[2021-10-09 06:41:19,877] {processor.py:623} INFO - DAG(s) dict_keys(['v2_context']) retrieved from /usr/local/airflow/dags/v2_context.py
[2021-10-09 06:41:19,897] {logging_mixin.py:109} INFO - [2021-10-09 06:41:19,897] {dag.py:1833} INFO - Sync 1 DAGs
[2021-10-09 06:41:19,910] {logging_mixin.py:109} INFO - [2021-10-09 06:41:19,910] {dag.py:2306} INFO - Setting next_dagrun for v2_context to None
[2021-10-09 06:41:19,918] {processor.py:170} INFO - Processing /usr/local/airflow/dags/v2_context.py took 0.062 seconds
[2021-10-09 06:41:50,086] {processor.py:162} INFO - Started process (PID=5371) to work on /usr/local/airflow/dags/v2_context.py
[2021-10-09 06:41:50,088] {processor.py:613} INFO - Processing file /usr/local/airflow/dags/v2_context.py for tasks to queue
[2021-10-09 06:41:50,089] {logging_mixin.py:109} INFO - [2021-10-09 06:41:50,089] {dagbag.py:496} INFO - Filling up the DagBag from /usr/local/airflow/dags/v2_context.py
[2021-10-09 06:41:50,109] {processor.py:623} INFO - DAG(s) dict_keys(['v2_context']) retrieved from /usr/local/airflow/dags/v2_context.py
[2021-10-09 06:41:50,131] {logging_mixin.py:109} INFO - [2021-10-09 06:41:50,131] {dag.py:1833} INFO - Sync 1 DAGs
[2021-10-09 06:41:50,144] {logging_mixin.py:109} INFO - [2021-10-09 06:41:50,144] {dag.py:2306} INFO - Setting next_dagrun for v2_context to None
[2021-10-09 06:41:50,152] {processor.py:170} INFO - Processing /usr/local/airflow/dags/v2_context.py took 0.070 seconds
[2021-10-09 06:42:20,568] {processor.py:162} INFO - Started process (PID=5478) to work on /usr/local/airflow/dags/v2_context.py
[2021-10-09 06:42:20,569] {processor.py:613} INFO - Processing file /usr/local/airflow/dags/v2_context.py for tasks to queue
[2021-10-09 06:42:20,570] {logging_mixin.py:109} INFO - [2021-10-09 06:42:20,570] {dagbag.py:496} INFO - Filling up the DagBag from /usr/local/airflow/dags/v2_context.py
[2021-10-09 06:42:20,592] {processor.py:623} INFO - DAG(s) dict_keys(['v2_context']) retrieved from /usr/local/airflow/dags/v2_context.py
[2021-10-09 06:42:20,613] {logging_mixin.py:109} INFO - [2021-10-09 06:42:20,613] {dag.py:1833} INFO - Sync 1 DAGs
[2021-10-09 06:42:20,625] {logging_mixin.py:109} INFO - [2021-10-09 06:42:20,625] {dag.py:2306} INFO - Setting next_dagrun for v2_context to None
[2021-10-09 06:42:20,632] {processor.py:170} INFO - Processing /usr/local/airflow/dags/v2_context.py took 0.068 seconds
[2021-10-09 06:42:50,769] {processor.py:162} INFO - Started process (PID=5585) to work on /usr/local/airflow/dags/v2_context.py
[2021-10-09 06:42:50,770] {processor.py:613} INFO - Processing file /usr/local/airflow/dags/v2_context.py for tasks to queue
[2021-10-09 06:42:50,770] {logging_mixin.py:109} INFO - [2021-10-09 06:42:50,770] {dagbag.py:496} INFO - Filling up the DagBag from /usr/local/airflow/dags/v2_context.py
[2021-10-09 06:42:50,788] {processor.py:623} INFO - DAG(s) dict_keys(['v2_context']) retrieved from /usr/local/airflow/dags/v2_context.py
[2021-10-09 06:42:50,808] {logging_mixin.py:109} INFO - [2021-10-09 06:42:50,808] {dag.py:1833} INFO - Sync 1 DAGs
[2021-10-09 06:42:50,821] {logging_mixin.py:109} INFO - [2021-10-09 06:42:50,821] {dag.py:2306} INFO - Setting next_dagrun for v2_context to None
[2021-10-09 06:42:50,829] {processor.py:170} INFO - Processing /usr/local/airflow/dags/v2_context.py took 0.064 seconds
[2021-10-09 06:43:20,967] {processor.py:162} INFO - Started process (PID=5692) to work on /usr/local/airflow/dags/v2_context.py
[2021-10-09 06:43:20,968] {processor.py:613} INFO - Processing file /usr/local/airflow/dags/v2_context.py for tasks to queue
[2021-10-09 06:43:20,969] {logging_mixin.py:109} INFO - [2021-10-09 06:43:20,969] {dagbag.py:496} INFO - Filling up the DagBag from /usr/local/airflow/dags/v2_context.py
[2021-10-09 06:43:20,985] {processor.py:623} INFO - DAG(s) dict_keys(['v2_context']) retrieved from /usr/local/airflow/dags/v2_context.py
[2021-10-09 06:43:21,005] {logging_mixin.py:109} INFO - [2021-10-09 06:43:21,005] {dag.py:1833} INFO - Sync 1 DAGs
[2021-10-09 06:43:21,018] {logging_mixin.py:109} INFO - [2021-10-09 06:43:21,018] {dag.py:2306} INFO - Setting next_dagrun for v2_context to None
[2021-10-09 06:43:21,025] {processor.py:170} INFO - Processing /usr/local/airflow/dags/v2_context.py took 0.061 seconds
[2021-10-09 06:43:51,480] {processor.py:162} INFO - Started process (PID=5799) to work on /usr/local/airflow/dags/v2_context.py
[2021-10-09 06:43:51,480] {processor.py:613} INFO - Processing file /usr/local/airflow/dags/v2_context.py for tasks to queue
[2021-10-09 06:43:51,481] {logging_mixin.py:109} INFO - [2021-10-09 06:43:51,481] {dagbag.py:496} INFO - Filling up the DagBag from /usr/local/airflow/dags/v2_context.py
[2021-10-09 06:43:51,491] {processor.py:623} INFO - DAG(s) dict_keys(['v2_context']) retrieved from /usr/local/airflow/dags/v2_context.py
[2021-10-09 06:43:51,507] {logging_mixin.py:109} INFO - [2021-10-09 06:43:51,507] {dag.py:1833} INFO - Sync 1 DAGs
[2021-10-09 06:43:51,518] {logging_mixin.py:109} INFO - [2021-10-09 06:43:51,517] {dag.py:2306} INFO - Setting next_dagrun for v2_context to None
[2021-10-09 06:43:51,524] {processor.py:170} INFO - Processing /usr/local/airflow/dags/v2_context.py took 0.046 seconds
[2021-10-09 06:44:21,761] {processor.py:162} INFO - Started process (PID=5906) to work on /usr/local/airflow/dags/v2_context.py
[2021-10-09 06:44:21,763] {processor.py:613} INFO - Processing file /usr/local/airflow/dags/v2_context.py for tasks to queue
[2021-10-09 06:44:21,763] {logging_mixin.py:109} INFO - [2021-10-09 06:44:21,763] {dagbag.py:496} INFO - Filling up the DagBag from /usr/local/airflow/dags/v2_context.py
[2021-10-09 06:44:21,780] {processor.py:623} INFO - DAG(s) dict_keys(['v2_context']) retrieved from /usr/local/airflow/dags/v2_context.py
[2021-10-09 06:44:21,800] {logging_mixin.py:109} INFO - [2021-10-09 06:44:21,800] {dag.py:1833} INFO - Sync 1 DAGs
[2021-10-09 06:44:21,813] {logging_mixin.py:109} INFO - [2021-10-09 06:44:21,813] {dag.py:2306} INFO - Setting next_dagrun for v2_context to None
[2021-10-09 06:44:21,821] {processor.py:170} INFO - Processing /usr/local/airflow/dags/v2_context.py took 0.063 seconds
[2021-10-09 06:44:52,012] {processor.py:162} INFO - Started process (PID=6013) to work on /usr/local/airflow/dags/v2_context.py
[2021-10-09 06:44:52,014] {processor.py:613} INFO - Processing file /usr/local/airflow/dags/v2_context.py for tasks to queue
[2021-10-09 06:44:52,014] {logging_mixin.py:109} INFO - [2021-10-09 06:44:52,014] {dagbag.py:496} INFO - Filling up the DagBag from /usr/local/airflow/dags/v2_context.py
[2021-10-09 06:44:52,030] {processor.py:623} INFO - DAG(s) dict_keys(['v2_context']) retrieved from /usr/local/airflow/dags/v2_context.py
[2021-10-09 06:44:52,052] {logging_mixin.py:109} INFO - [2021-10-09 06:44:52,052] {dag.py:1833} INFO - Sync 1 DAGs
[2021-10-09 06:44:52,064] {logging_mixin.py:109} INFO - [2021-10-09 06:44:52,064] {dag.py:2306} INFO - Setting next_dagrun for v2_context to None
[2021-10-09 06:44:52,070] {processor.py:170} INFO - Processing /usr/local/airflow/dags/v2_context.py took 0.062 seconds
[2021-10-09 06:45:22,470] {processor.py:162} INFO - Started process (PID=6120) to work on /usr/local/airflow/dags/v2_context.py
[2021-10-09 06:45:22,471] {processor.py:613} INFO - Processing file /usr/local/airflow/dags/v2_context.py for tasks to queue
[2021-10-09 06:45:22,472] {logging_mixin.py:109} INFO - [2021-10-09 06:45:22,472] {dagbag.py:496} INFO - Filling up the DagBag from /usr/local/airflow/dags/v2_context.py
[2021-10-09 06:45:22,492] {processor.py:623} INFO - DAG(s) dict_keys(['v2_context']) retrieved from /usr/local/airflow/dags/v2_context.py
[2021-10-09 06:45:22,514] {logging_mixin.py:109} INFO - [2021-10-09 06:45:22,513] {dag.py:1833} INFO - Sync 1 DAGs
[2021-10-09 06:45:22,523] {logging_mixin.py:109} INFO - [2021-10-09 06:45:22,523] {dag.py:2306} INFO - Setting next_dagrun for v2_context to None
[2021-10-09 06:45:22,530] {processor.py:170} INFO - Processing /usr/local/airflow/dags/v2_context.py took 0.063 seconds
[2021-10-09 06:45:52,822] {processor.py:162} INFO - Started process (PID=6227) to work on /usr/local/airflow/dags/v2_context.py
[2021-10-09 06:45:52,824] {processor.py:613} INFO - Processing file /usr/local/airflow/dags/v2_context.py for tasks to queue
[2021-10-09 06:45:52,824] {logging_mixin.py:109} INFO - [2021-10-09 06:45:52,824] {dagbag.py:496} INFO - Filling up the DagBag from /usr/local/airflow/dags/v2_context.py
[2021-10-09 06:45:52,840] {processor.py:623} INFO - DAG(s) dict_keys(['v2_context']) retrieved from /usr/local/airflow/dags/v2_context.py
[2021-10-09 06:45:52,860] {logging_mixin.py:109} INFO - [2021-10-09 06:45:52,859] {dag.py:1833} INFO - Sync 1 DAGs
[2021-10-09 06:45:52,872] {logging_mixin.py:109} INFO - [2021-10-09 06:45:52,871] {dag.py:2306} INFO - Setting next_dagrun for v2_context to None
[2021-10-09 06:45:52,878] {processor.py:170} INFO - Processing /usr/local/airflow/dags/v2_context.py took 0.059 seconds
[2021-10-09 06:46:23,116] {processor.py:162} INFO - Started process (PID=6334) to work on /usr/local/airflow/dags/v2_context.py
[2021-10-09 06:46:23,117] {processor.py:613} INFO - Processing file /usr/local/airflow/dags/v2_context.py for tasks to queue
[2021-10-09 06:46:23,117] {logging_mixin.py:109} INFO - [2021-10-09 06:46:23,117] {dagbag.py:496} INFO - Filling up the DagBag from /usr/local/airflow/dags/v2_context.py
[2021-10-09 06:46:23,132] {processor.py:623} INFO - DAG(s) dict_keys(['v2_context']) retrieved from /usr/local/airflow/dags/v2_context.py
[2021-10-09 06:46:23,153] {logging_mixin.py:109} INFO - [2021-10-09 06:46:23,153] {dag.py:1833} INFO - Sync 1 DAGs
[2021-10-09 06:46:23,169] {logging_mixin.py:109} INFO - [2021-10-09 06:46:23,169] {dag.py:2306} INFO - Setting next_dagrun for v2_context to None
[2021-10-09 06:46:23,177] {processor.py:170} INFO - Processing /usr/local/airflow/dags/v2_context.py took 0.064 seconds
[2021-10-09 06:46:53,401] {processor.py:162} INFO - Started process (PID=6441) to work on /usr/local/airflow/dags/v2_context.py
[2021-10-09 06:46:53,402] {processor.py:613} INFO - Processing file /usr/local/airflow/dags/v2_context.py for tasks to queue
[2021-10-09 06:46:53,402] {logging_mixin.py:109} INFO - [2021-10-09 06:46:53,402] {dagbag.py:496} INFO - Filling up the DagBag from /usr/local/airflow/dags/v2_context.py
[2021-10-09 06:46:53,417] {processor.py:623} INFO - DAG(s) dict_keys(['v2_context']) retrieved from /usr/local/airflow/dags/v2_context.py
[2021-10-09 06:46:53,440] {logging_mixin.py:109} INFO - [2021-10-09 06:46:53,440] {dag.py:1833} INFO - Sync 1 DAGs
[2021-10-09 06:46:53,453] {logging_mixin.py:109} INFO - [2021-10-09 06:46:53,452] {dag.py:2306} INFO - Setting next_dagrun for v2_context to None
[2021-10-09 06:46:53,459] {processor.py:170} INFO - Processing /usr/local/airflow/dags/v2_context.py took 0.062 seconds
[2021-10-09 06:47:23,658] {processor.py:162} INFO - Started process (PID=6548) to work on /usr/local/airflow/dags/v2_context.py
[2021-10-09 06:47:23,660] {processor.py:613} INFO - Processing file /usr/local/airflow/dags/v2_context.py for tasks to queue
[2021-10-09 06:47:23,660] {logging_mixin.py:109} INFO - [2021-10-09 06:47:23,660] {dagbag.py:496} INFO - Filling up the DagBag from /usr/local/airflow/dags/v2_context.py
[2021-10-09 06:47:23,680] {processor.py:623} INFO - DAG(s) dict_keys(['v2_context']) retrieved from /usr/local/airflow/dags/v2_context.py
[2021-10-09 06:47:23,701] {logging_mixin.py:109} INFO - [2021-10-09 06:47:23,701] {dag.py:1833} INFO - Sync 1 DAGs
[2021-10-09 06:47:23,714] {logging_mixin.py:109} INFO - [2021-10-09 06:47:23,714] {dag.py:2306} INFO - Setting next_dagrun for v2_context to None
[2021-10-09 06:47:23,720] {processor.py:170} INFO - Processing /usr/local/airflow/dags/v2_context.py took 0.066 seconds
[2021-10-09 06:47:54,130] {processor.py:162} INFO - Started process (PID=6656) to work on /usr/local/airflow/dags/v2_context.py
[2021-10-09 06:47:54,131] {processor.py:613} INFO - Processing file /usr/local/airflow/dags/v2_context.py for tasks to queue
[2021-10-09 06:47:54,131] {logging_mixin.py:109} INFO - [2021-10-09 06:47:54,131] {dagbag.py:496} INFO - Filling up the DagBag from /usr/local/airflow/dags/v2_context.py
[2021-10-09 06:47:54,146] {processor.py:623} INFO - DAG(s) dict_keys(['v2_context']) retrieved from /usr/local/airflow/dags/v2_context.py
[2021-10-09 06:47:54,165] {logging_mixin.py:109} INFO - [2021-10-09 06:47:54,165] {dag.py:1833} INFO - Sync 1 DAGs
[2021-10-09 06:47:54,178] {logging_mixin.py:109} INFO - [2021-10-09 06:47:54,178] {dag.py:2306} INFO - Setting next_dagrun for v2_context to None
[2021-10-09 06:47:54,185] {processor.py:170} INFO - Processing /usr/local/airflow/dags/v2_context.py took 0.059 seconds
[2021-10-09 06:48:24,418] {processor.py:162} INFO - Started process (PID=6763) to work on /usr/local/airflow/dags/v2_context.py
[2021-10-09 06:48:24,419] {processor.py:613} INFO - Processing file /usr/local/airflow/dags/v2_context.py for tasks to queue
[2021-10-09 06:48:24,419] {logging_mixin.py:109} INFO - [2021-10-09 06:48:24,419] {dagbag.py:496} INFO - Filling up the DagBag from /usr/local/airflow/dags/v2_context.py
[2021-10-09 06:48:24,437] {processor.py:623} INFO - DAG(s) dict_keys(['v2_context']) retrieved from /usr/local/airflow/dags/v2_context.py
[2021-10-09 06:48:24,458] {logging_mixin.py:109} INFO - [2021-10-09 06:48:24,457] {dag.py:1833} INFO - Sync 1 DAGs
[2021-10-09 06:48:24,473] {logging_mixin.py:109} INFO - [2021-10-09 06:48:24,473] {dag.py:2306} INFO - Setting next_dagrun for v2_context to None
[2021-10-09 06:48:24,481] {processor.py:170} INFO - Processing /usr/local/airflow/dags/v2_context.py took 0.067 seconds
[2021-10-09 06:48:54,796] {processor.py:162} INFO - Started process (PID=6870) to work on /usr/local/airflow/dags/v2_context.py
[2021-10-09 06:48:54,797] {processor.py:613} INFO - Processing file /usr/local/airflow/dags/v2_context.py for tasks to queue
[2021-10-09 06:48:54,797] {logging_mixin.py:109} INFO - [2021-10-09 06:48:54,797] {dagbag.py:496} INFO - Filling up the DagBag from /usr/local/airflow/dags/v2_context.py
[2021-10-09 06:48:54,813] {processor.py:623} INFO - DAG(s) dict_keys(['v2_context']) retrieved from /usr/local/airflow/dags/v2_context.py
[2021-10-09 06:48:54,835] {logging_mixin.py:109} INFO - [2021-10-09 06:48:54,835] {dag.py:1833} INFO - Sync 1 DAGs
[2021-10-09 06:48:54,849] {logging_mixin.py:109} INFO - [2021-10-09 06:48:54,849] {dag.py:2306} INFO - Setting next_dagrun for v2_context to None
[2021-10-09 06:48:54,856] {processor.py:170} INFO - Processing /usr/local/airflow/dags/v2_context.py took 0.063 seconds
[2021-10-09 06:49:25,135] {processor.py:162} INFO - Started process (PID=6977) to work on /usr/local/airflow/dags/v2_context.py
[2021-10-09 06:49:25,136] {processor.py:613} INFO - Processing file /usr/local/airflow/dags/v2_context.py for tasks to queue
[2021-10-09 06:49:25,137] {logging_mixin.py:109} INFO - [2021-10-09 06:49:25,137] {dagbag.py:496} INFO - Filling up the DagBag from /usr/local/airflow/dags/v2_context.py
[2021-10-09 06:49:25,156] {processor.py:623} INFO - DAG(s) dict_keys(['v2_context']) retrieved from /usr/local/airflow/dags/v2_context.py
[2021-10-09 06:49:25,178] {logging_mixin.py:109} INFO - [2021-10-09 06:49:25,178] {dag.py:1833} INFO - Sync 1 DAGs
[2021-10-09 06:49:25,189] {logging_mixin.py:109} INFO - [2021-10-09 06:49:25,189] {dag.py:2306} INFO - Setting next_dagrun for v2_context to None
[2021-10-09 06:49:25,203] {processor.py:170} INFO - Processing /usr/local/airflow/dags/v2_context.py took 0.072 seconds
[2021-10-09 06:49:55,442] {processor.py:162} INFO - Started process (PID=7084) to work on /usr/local/airflow/dags/v2_context.py
[2021-10-09 06:49:55,444] {processor.py:613} INFO - Processing file /usr/local/airflow/dags/v2_context.py for tasks to queue
[2021-10-09 06:49:55,444] {logging_mixin.py:109} INFO - [2021-10-09 06:49:55,444] {dagbag.py:496} INFO - Filling up the DagBag from /usr/local/airflow/dags/v2_context.py
[2021-10-09 06:49:55,459] {processor.py:623} INFO - DAG(s) dict_keys(['v2_context']) retrieved from /usr/local/airflow/dags/v2_context.py
[2021-10-09 06:49:55,482] {logging_mixin.py:109} INFO - [2021-10-09 06:49:55,481] {dag.py:1833} INFO - Sync 1 DAGs
[2021-10-09 06:49:55,496] {logging_mixin.py:109} INFO - [2021-10-09 06:49:55,496] {dag.py:2306} INFO - Setting next_dagrun for v2_context to None
[2021-10-09 06:49:55,504] {processor.py:170} INFO - Processing /usr/local/airflow/dags/v2_context.py took 0.065 seconds
[2021-10-09 06:50:25,735] {processor.py:162} INFO - Started process (PID=7191) to work on /usr/local/airflow/dags/v2_context.py
[2021-10-09 06:50:25,736] {processor.py:613} INFO - Processing file /usr/local/airflow/dags/v2_context.py for tasks to queue
[2021-10-09 06:50:25,737] {logging_mixin.py:109} INFO - [2021-10-09 06:50:25,737] {dagbag.py:496} INFO - Filling up the DagBag from /usr/local/airflow/dags/v2_context.py
[2021-10-09 06:50:25,753] {processor.py:623} INFO - DAG(s) dict_keys(['v2_context']) retrieved from /usr/local/airflow/dags/v2_context.py
[2021-10-09 06:50:25,773] {logging_mixin.py:109} INFO - [2021-10-09 06:50:25,773] {dag.py:1833} INFO - Sync 1 DAGs
[2021-10-09 06:50:25,786] {logging_mixin.py:109} INFO - [2021-10-09 06:50:25,786] {dag.py:2306} INFO - Setting next_dagrun for v2_context to None
[2021-10-09 06:50:25,793] {processor.py:170} INFO - Processing /usr/local/airflow/dags/v2_context.py took 0.061 seconds
[2021-10-09 06:50:56,020] {processor.py:162} INFO - Started process (PID=7298) to work on /usr/local/airflow/dags/v2_context.py
[2021-10-09 06:50:56,021] {processor.py:613} INFO - Processing file /usr/local/airflow/dags/v2_context.py for tasks to queue
[2021-10-09 06:50:56,022] {logging_mixin.py:109} INFO - [2021-10-09 06:50:56,022] {dagbag.py:496} INFO - Filling up the DagBag from /usr/local/airflow/dags/v2_context.py
[2021-10-09 06:50:56,038] {processor.py:623} INFO - DAG(s) dict_keys(['v2_context']) retrieved from /usr/local/airflow/dags/v2_context.py
[2021-10-09 06:50:56,060] {logging_mixin.py:109} INFO - [2021-10-09 06:50:56,060] {dag.py:1833} INFO - Sync 1 DAGs
[2021-10-09 06:50:56,071] {logging_mixin.py:109} INFO - [2021-10-09 06:50:56,070] {dag.py:2306} INFO - Setting next_dagrun for v2_context to None
[2021-10-09 06:50:56,076] {processor.py:170} INFO - Processing /usr/local/airflow/dags/v2_context.py took 0.061 seconds
[2021-10-09 06:51:26,448] {processor.py:162} INFO - Started process (PID=7405) to work on /usr/local/airflow/dags/v2_context.py
[2021-10-09 06:51:26,449] {processor.py:613} INFO - Processing file /usr/local/airflow/dags/v2_context.py for tasks to queue
[2021-10-09 06:51:26,450] {logging_mixin.py:109} INFO - [2021-10-09 06:51:26,450] {dagbag.py:496} INFO - Filling up the DagBag from /usr/local/airflow/dags/v2_context.py
[2021-10-09 06:51:26,465] {processor.py:623} INFO - DAG(s) dict_keys(['v2_context']) retrieved from /usr/local/airflow/dags/v2_context.py
[2021-10-09 06:51:26,484] {logging_mixin.py:109} INFO - [2021-10-09 06:51:26,484] {dag.py:1833} INFO - Sync 1 DAGs
[2021-10-09 06:51:26,496] {logging_mixin.py:109} INFO - [2021-10-09 06:51:26,496] {dag.py:2306} INFO - Setting next_dagrun for v2_context to None
[2021-10-09 06:51:26,507] {processor.py:170} INFO - Processing /usr/local/airflow/dags/v2_context.py took 0.062 seconds
[2021-10-09 06:51:56,699] {processor.py:162} INFO - Started process (PID=7512) to work on /usr/local/airflow/dags/v2_context.py
[2021-10-09 06:51:56,700] {processor.py:613} INFO - Processing file /usr/local/airflow/dags/v2_context.py for tasks to queue
[2021-10-09 06:51:56,701] {logging_mixin.py:109} INFO - [2021-10-09 06:51:56,701] {dagbag.py:496} INFO - Filling up the DagBag from /usr/local/airflow/dags/v2_context.py
[2021-10-09 06:51:56,717] {processor.py:623} INFO - DAG(s) dict_keys(['v2_context']) retrieved from /usr/local/airflow/dags/v2_context.py
[2021-10-09 06:51:56,739] {logging_mixin.py:109} INFO - [2021-10-09 06:51:56,739] {dag.py:1833} INFO - Sync 1 DAGs
[2021-10-09 06:51:56,751] {logging_mixin.py:109} INFO - [2021-10-09 06:51:56,751] {dag.py:2306} INFO - Setting next_dagrun for v2_context to None
[2021-10-09 06:51:56,762] {processor.py:170} INFO - Processing /usr/local/airflow/dags/v2_context.py took 0.066 seconds
[2021-10-09 06:52:27,026] {processor.py:162} INFO - Started process (PID=7619) to work on /usr/local/airflow/dags/v2_context.py
[2021-10-09 06:52:27,027] {processor.py:613} INFO - Processing file /usr/local/airflow/dags/v2_context.py for tasks to queue
[2021-10-09 06:52:27,028] {logging_mixin.py:109} INFO - [2021-10-09 06:52:27,028] {dagbag.py:496} INFO - Filling up the DagBag from /usr/local/airflow/dags/v2_context.py
[2021-10-09 06:52:27,043] {processor.py:623} INFO - DAG(s) dict_keys(['v2_context']) retrieved from /usr/local/airflow/dags/v2_context.py
[2021-10-09 06:52:27,062] {logging_mixin.py:109} INFO - [2021-10-09 06:52:27,062] {dag.py:1833} INFO - Sync 1 DAGs
[2021-10-09 06:52:27,074] {logging_mixin.py:109} INFO - [2021-10-09 06:52:27,074] {dag.py:2306} INFO - Setting next_dagrun for v2_context to None
[2021-10-09 06:52:27,082] {processor.py:170} INFO - Processing /usr/local/airflow/dags/v2_context.py took 0.060 seconds
[2021-10-09 06:52:57,306] {processor.py:162} INFO - Started process (PID=7726) to work on /usr/local/airflow/dags/v2_context.py
[2021-10-09 06:52:57,307] {processor.py:613} INFO - Processing file /usr/local/airflow/dags/v2_context.py for tasks to queue
[2021-10-09 06:52:57,308] {logging_mixin.py:109} INFO - [2021-10-09 06:52:57,308] {dagbag.py:496} INFO - Filling up the DagBag from /usr/local/airflow/dags/v2_context.py
[2021-10-09 06:52:57,323] {processor.py:623} INFO - DAG(s) dict_keys(['v2_context']) retrieved from /usr/local/airflow/dags/v2_context.py
[2021-10-09 06:52:57,342] {logging_mixin.py:109} INFO - [2021-10-09 06:52:57,342] {dag.py:1833} INFO - Sync 1 DAGs
[2021-10-09 06:52:57,353] {logging_mixin.py:109} INFO - [2021-10-09 06:52:57,352] {dag.py:2306} INFO - Setting next_dagrun for v2_context to None
[2021-10-09 06:52:57,359] {processor.py:170} INFO - Processing /usr/local/airflow/dags/v2_context.py took 0.056 seconds
[2021-10-09 06:53:27,699] {processor.py:162} INFO - Started process (PID=7833) to work on /usr/local/airflow/dags/v2_context.py
[2021-10-09 06:53:27,701] {processor.py:613} INFO - Processing file /usr/local/airflow/dags/v2_context.py for tasks to queue
[2021-10-09 06:53:27,701] {logging_mixin.py:109} INFO - [2021-10-09 06:53:27,701] {dagbag.py:496} INFO - Filling up the DagBag from /usr/local/airflow/dags/v2_context.py
[2021-10-09 06:53:27,719] {processor.py:623} INFO - DAG(s) dict_keys(['v2_context']) retrieved from /usr/local/airflow/dags/v2_context.py
[2021-10-09 06:53:27,742] {logging_mixin.py:109} INFO - [2021-10-09 06:53:27,742] {dag.py:1833} INFO - Sync 1 DAGs
[2021-10-09 06:53:27,754] {logging_mixin.py:109} INFO - [2021-10-09 06:53:27,753] {dag.py:2306} INFO - Setting next_dagrun for v2_context to None
[2021-10-09 06:53:27,761] {processor.py:170} INFO - Processing /usr/local/airflow/dags/v2_context.py took 0.065 seconds
[2021-10-09 06:53:58,210] {processor.py:162} INFO - Started process (PID=7940) to work on /usr/local/airflow/dags/v2_context.py
[2021-10-09 06:53:58,211] {processor.py:613} INFO - Processing file /usr/local/airflow/dags/v2_context.py for tasks to queue
[2021-10-09 06:53:58,211] {logging_mixin.py:109} INFO - [2021-10-09 06:53:58,211] {dagbag.py:496} INFO - Filling up the DagBag from /usr/local/airflow/dags/v2_context.py
[2021-10-09 06:53:58,220] {processor.py:623} INFO - DAG(s) dict_keys(['v2_context']) retrieved from /usr/local/airflow/dags/v2_context.py
[2021-10-09 06:53:58,236] {logging_mixin.py:109} INFO - [2021-10-09 06:53:58,236] {dag.py:1833} INFO - Sync 1 DAGs
[2021-10-09 06:53:58,248] {logging_mixin.py:109} INFO - [2021-10-09 06:53:58,248] {dag.py:2306} INFO - Setting next_dagrun for v2_context to None
[2021-10-09 06:53:58,254] {processor.py:170} INFO - Processing /usr/local/airflow/dags/v2_context.py took 0.046 seconds
[2021-10-09 06:54:28,520] {processor.py:162} INFO - Started process (PID=8047) to work on /usr/local/airflow/dags/v2_context.py
[2021-10-09 06:54:28,521] {processor.py:613} INFO - Processing file /usr/local/airflow/dags/v2_context.py for tasks to queue
[2021-10-09 06:54:28,522] {logging_mixin.py:109} INFO - [2021-10-09 06:54:28,521] {dagbag.py:496} INFO - Filling up the DagBag from /usr/local/airflow/dags/v2_context.py
[2021-10-09 06:54:28,537] {processor.py:623} INFO - DAG(s) dict_keys(['v2_context']) retrieved from /usr/local/airflow/dags/v2_context.py
[2021-10-09 06:54:28,557] {logging_mixin.py:109} INFO - [2021-10-09 06:54:28,557] {dag.py:1833} INFO - Sync 1 DAGs
[2021-10-09 06:54:28,569] {logging_mixin.py:109} INFO - [2021-10-09 06:54:28,569] {dag.py:2306} INFO - Setting next_dagrun for v2_context to None
[2021-10-09 06:54:28,581] {processor.py:170} INFO - Processing /usr/local/airflow/dags/v2_context.py took 0.066 seconds
[2021-10-09 06:54:58,807] {processor.py:162} INFO - Started process (PID=8154) to work on /usr/local/airflow/dags/v2_context.py
[2021-10-09 06:54:58,809] {processor.py:613} INFO - Processing file /usr/local/airflow/dags/v2_context.py for tasks to queue
[2021-10-09 06:54:58,809] {logging_mixin.py:109} INFO - [2021-10-09 06:54:58,809] {dagbag.py:496} INFO - Filling up the DagBag from /usr/local/airflow/dags/v2_context.py
[2021-10-09 06:54:58,823] {processor.py:623} INFO - DAG(s) dict_keys(['v2_context']) retrieved from /usr/local/airflow/dags/v2_context.py
[2021-10-09 06:54:58,843] {logging_mixin.py:109} INFO - [2021-10-09 06:54:58,843] {dag.py:1833} INFO - Sync 1 DAGs
[2021-10-09 06:54:58,855] {logging_mixin.py:109} INFO - [2021-10-09 06:54:58,855] {dag.py:2306} INFO - Setting next_dagrun for v2_context to None
[2021-10-09 06:54:58,866] {processor.py:170} INFO - Processing /usr/local/airflow/dags/v2_context.py took 0.062 seconds
[2021-10-09 06:55:29,135] {processor.py:162} INFO - Started process (PID=8259) to work on /usr/local/airflow/dags/v2_context.py
[2021-10-09 06:55:29,135] {processor.py:613} INFO - Processing file /usr/local/airflow/dags/v2_context.py for tasks to queue
[2021-10-09 06:55:29,136] {logging_mixin.py:109} INFO - [2021-10-09 06:55:29,136] {dagbag.py:496} INFO - Filling up the DagBag from /usr/local/airflow/dags/v2_context.py
[2021-10-09 06:55:29,144] {processor.py:623} INFO - DAG(s) dict_keys(['v2_context']) retrieved from /usr/local/airflow/dags/v2_context.py
[2021-10-09 06:55:29,157] {logging_mixin.py:109} INFO - [2021-10-09 06:55:29,157] {dag.py:1833} INFO - Sync 1 DAGs
[2021-10-09 06:55:29,165] {logging_mixin.py:109} INFO - [2021-10-09 06:55:29,165] {dag.py:2306} INFO - Setting next_dagrun for v2_context to None
[2021-10-09 06:55:29,170] {processor.py:170} INFO - Processing /usr/local/airflow/dags/v2_context.py took 0.037 seconds
[2021-10-09 06:56:00,027] {processor.py:162} INFO - Started process (PID=8342) to work on /usr/local/airflow/dags/v2_context.py
[2021-10-09 06:56:00,028] {processor.py:613} INFO - Processing file /usr/local/airflow/dags/v2_context.py for tasks to queue
[2021-10-09 06:56:00,029] {logging_mixin.py:109} INFO - [2021-10-09 06:56:00,028] {dagbag.py:496} INFO - Filling up the DagBag from /usr/local/airflow/dags/v2_context.py
[2021-10-09 06:56:00,049] {processor.py:623} INFO - DAG(s) dict_keys(['v2_context']) retrieved from /usr/local/airflow/dags/v2_context.py
[2021-10-09 06:56:00,069] {logging_mixin.py:109} INFO - [2021-10-09 06:56:00,068] {dag.py:1833} INFO - Sync 1 DAGs
[2021-10-09 06:56:00,080] {logging_mixin.py:109} INFO - [2021-10-09 06:56:00,080] {dag.py:2306} INFO - Setting next_dagrun for v2_context to None
[2021-10-09 06:56:00,088] {processor.py:170} INFO - Processing /usr/local/airflow/dags/v2_context.py took 0.066 seconds
