[2021-10-09 02:55:15,620] {taskinstance.py:903} INFO - Dependencies all met for <TaskInstance: branch_dag.check_api 2021-10-07T00:00:00+00:00 [queued]>
[2021-10-09 02:55:15,629] {taskinstance.py:903} INFO - Dependencies all met for <TaskInstance: branch_dag.check_api 2021-10-07T00:00:00+00:00 [queued]>
[2021-10-09 02:55:15,629] {taskinstance.py:1094} INFO - 
--------------------------------------------------------------------------------
[2021-10-09 02:55:15,629] {taskinstance.py:1095} INFO - Starting attempt 1 of 1
[2021-10-09 02:55:15,629] {taskinstance.py:1096} INFO - 
--------------------------------------------------------------------------------
[2021-10-09 02:55:15,641] {taskinstance.py:1114} INFO - Executing <Task(BranchPythonOperator): check_api> on 2021-10-07T00:00:00+00:00
[2021-10-09 02:55:15,645] {standard_task_runner.py:52} INFO - Started process 2508 to run task
[2021-10-09 02:55:15,648] {standard_task_runner.py:76} INFO - Running: ['airflow', 'tasks', 'run', 'branch_dag', 'check_api', '2021-10-07T00:00:00+00:00', '--job-id', '307', '--pool', 'default_pool', '--raw', '--subdir', 'DAGS_FOLDER/branch_dag.py', '--cfg-path', '/tmp/tmp1m5o4s5o', '--error-file', '/tmp/tmpdjwdo1mr']
[2021-10-09 02:55:15,649] {standard_task_runner.py:77} INFO - Job 307: Subtask check_api
[2021-10-09 02:55:15,686] {logging_mixin.py:109} INFO - Running <TaskInstance: branch_dag.check_api 2021-10-07T00:00:00+00:00 [running]> on host a6cf1bcf3ec3
[2021-10-09 02:55:15,739] {taskinstance.py:1251} INFO - Exporting the following env vars:
AIRFLOW_CTX_DAG_OWNER=Airflow
AIRFLOW_CTX_DAG_ID=branch_dag
AIRFLOW_CTX_TASK_ID=check_api
AIRFLOW_CTX_EXECUTION_DATE=2021-10-07T00:00:00+00:00
AIRFLOW_CTX_DAG_RUN_ID=scheduled__2021-10-07T00:00:00+00:00
[2021-10-09 02:55:19,198] {python.py:151} INFO - Done. Returned value was: ['ip-api', 'ipinfo']
[2021-10-09 02:55:19,199] {skipmixin.py:124} INFO - Following branch ['ip-api', 'ipinfo']
[2021-10-09 02:55:19,208] {skipmixin.py:155} INFO - Skipping tasks ['none', 'ipstack']
[2021-10-09 02:55:19,256] {taskinstance.py:1211} INFO - Marking task as SUCCESS. dag_id=branch_dag, task_id=check_api, execution_date=20211007T000000, start_date=20211009T025515, end_date=20211009T025519
[2021-10-09 02:55:19,310] {local_task_job.py:151} INFO - Task exited with return code 0
[2021-10-09 02:55:19,347] {local_task_job.py:261} INFO - 2 downstream tasks scheduled from follow-on schedule check
