[2021-10-09 05:03:04,018] {taskinstance.py:903} INFO - Dependencies all met for <TaskInstance: xcom_dag.t2 2021-10-08T00:00:00+00:00 [queued]>
[2021-10-09 05:03:04,028] {taskinstance.py:903} INFO - Dependencies all met for <TaskInstance: xcom_dag.t2 2021-10-08T00:00:00+00:00 [queued]>
[2021-10-09 05:03:04,028] {taskinstance.py:1094} INFO - 
--------------------------------------------------------------------------------
[2021-10-09 05:03:04,028] {taskinstance.py:1095} INFO - Starting attempt 1 of 1
[2021-10-09 05:03:04,028] {taskinstance.py:1096} INFO - 
--------------------------------------------------------------------------------
[2021-10-09 05:03:04,042] {taskinstance.py:1114} INFO - Executing <Task(PythonOperator): t2> on 2021-10-08T00:00:00+00:00
[2021-10-09 05:03:04,045] {standard_task_runner.py:52} INFO - Started process 435 to run task
[2021-10-09 05:03:04,048] {standard_task_runner.py:76} INFO - Running: ['airflow', 'tasks', 'run', 'xcom_dag', 't2', '2021-10-08T00:00:00+00:00', '--job-id', '348', '--pool', 'default_pool', '--raw', '--subdir', 'DAGS_FOLDER/xcom_dag.py', '--cfg-path', '/tmp/tmpveyn9qjn', '--error-file', '/tmp/tmpu00y5y73']
[2021-10-09 05:03:04,049] {standard_task_runner.py:77} INFO - Job 348: Subtask t2
[2021-10-09 05:03:04,086] {logging_mixin.py:109} INFO - Running <TaskInstance: xcom_dag.t2 2021-10-08T00:00:00+00:00 [running]> on host a6cf1bcf3ec3
[2021-10-09 05:03:04,133] {taskinstance.py:1251} INFO - Exporting the following env vars:
AIRFLOW_CTX_DAG_OWNER=Airflow
AIRFLOW_CTX_DAG_ID=xcom_dag
AIRFLOW_CTX_TASK_ID=t2
AIRFLOW_CTX_EXECUTION_DATE=2021-10-08T00:00:00+00:00
AIRFLOW_CTX_DAG_RUN_ID=scheduled__2021-10-08T00:00:00+00:00
[2021-10-09 05:03:04,148] {python.py:151} INFO - Done. Returned value was: None
[2021-10-09 05:03:04,158] {taskinstance.py:1211} INFO - Marking task as SUCCESS. dag_id=xcom_dag, task_id=t2, execution_date=20211008T000000, start_date=20211009T050304, end_date=20211009T050304
[2021-10-09 05:03:04,179] {local_task_job.py:151} INFO - Task exited with return code 0
[2021-10-09 05:03:04,205] {local_task_job.py:261} INFO - 1 downstream tasks scheduled from follow-on schedule check
