[2021-09-03 05:08:15,824] {taskinstance.py:903} INFO - Dependencies all met for <TaskInstance: name_writefile.sample-task 2021-09-03T05:08:13.169342+00:00 [queued]>
[2021-09-03 05:08:15,834] {taskinstance.py:903} INFO - Dependencies all met for <TaskInstance: name_writefile.sample-task 2021-09-03T05:08:13.169342+00:00 [queued]>
[2021-09-03 05:08:15,834] {taskinstance.py:1094} INFO - 
--------------------------------------------------------------------------------
[2021-09-03 05:08:15,834] {taskinstance.py:1095} INFO - Starting attempt 1 of 4
[2021-09-03 05:08:15,834] {taskinstance.py:1096} INFO - 
--------------------------------------------------------------------------------
[2021-09-03 05:08:15,848] {taskinstance.py:1114} INFO - Executing <Task(HelloOperator): sample-task> on 2021-09-03T05:08:13.169342+00:00
[2021-09-03 05:08:15,851] {standard_task_runner.py:52} INFO - Started process 240 to run task
[2021-09-03 05:08:15,855] {standard_task_runner.py:76} INFO - Running: ['airflow', 'tasks', 'run', 'name_writefile', 'sample-task', '2021-09-03T05:08:13.169342+00:00', '--job-id', '104', '--pool', 'default_pool', '--raw', '--subdir', 'DAGS_FOLDER/writefile.py', '--cfg-path', '/tmp/tmpuz_do4y0', '--error-file', '/tmp/tmp_rph0dyv']
[2021-09-03 05:08:15,856] {standard_task_runner.py:77} INFO - Job 104: Subtask sample-task
[2021-09-03 05:08:15,894] {logging_mixin.py:109} INFO - Running <TaskInstance: name_writefile.sample-task 2021-09-03T05:08:13.169342+00:00 [running]> on host d814cc210a70
[2021-09-03 05:08:15,947] {taskinstance.py:1251} INFO - Exporting the following env vars:
AIRFLOW_CTX_DAG_OWNER=airflow
AIRFLOW_CTX_DAG_ID=name_writefile
AIRFLOW_CTX_TASK_ID=sample-task
AIRFLOW_CTX_EXECUTION_DATE=2021-09-03T05:08:13.169342+00:00
AIRFLOW_CTX_DAG_RUN_ID=manual__2021-09-03T05:08:13.169342+00:00
[2021-09-03 05:08:15,947] {logging_mixin.py:109} INFO - Hello THIS IS FROM CUSTOM OPERATOR
[2021-09-03 05:08:15,957] {taskinstance.py:1211} INFO - Marking task as SUCCESS. dag_id=name_writefile, task_id=sample-task, execution_date=20210903T050813, start_date=20210903T050815, end_date=20210903T050815
[2021-09-03 05:08:15,986] {local_task_job.py:151} INFO - Task exited with return code 0
[2021-09-03 05:08:16,007] {local_task_job.py:261} INFO - 1 downstream tasks scheduled from follow-on schedule check
