[2021-10-09 04:38:21,957] {taskinstance.py:903} INFO - Dependencies all met for <TaskInstance: template_dag.t0a 2021-10-09T04:38:20.074351+00:00 [queued]>
[2021-10-09 04:38:21,966] {taskinstance.py:903} INFO - Dependencies all met for <TaskInstance: template_dag.t0a 2021-10-09T04:38:20.074351+00:00 [queued]>
[2021-10-09 04:38:21,966] {taskinstance.py:1094} INFO - 
--------------------------------------------------------------------------------
[2021-10-09 04:38:21,966] {taskinstance.py:1095} INFO - Starting attempt 1 of 1
[2021-10-09 04:38:21,966] {taskinstance.py:1096} INFO - 
--------------------------------------------------------------------------------
[2021-10-09 04:38:21,979] {taskinstance.py:1114} INFO - Executing <Task(BashOperator): t0a> on 2021-10-09T04:38:20.074351+00:00
[2021-10-09 04:38:21,984] {standard_task_runner.py:52} INFO - Started process 4001 to run task
[2021-10-09 04:38:21,987] {standard_task_runner.py:76} INFO - Running: ['airflow', 'tasks', 'run', 'template_dag', 't0a', '2021-10-09T04:38:20.074351+00:00', '--job-id', '343', '--pool', 'default_pool', '--raw', '--subdir', 'DAGS_FOLDER/template_dag.py', '--cfg-path', '/tmp/tmp7hchahfy', '--error-file', '/tmp/tmpvxgzncvh']
[2021-10-09 04:38:21,988] {standard_task_runner.py:77} INFO - Job 343: Subtask t0a
[2021-10-09 04:38:22,027] {logging_mixin.py:109} INFO - Running <TaskInstance: template_dag.t0a 2021-10-09T04:38:20.074351+00:00 [running]> on host a6cf1bcf3ec3
[2021-10-09 04:38:22,129] {taskinstance.py:1251} INFO - Exporting the following env vars:
AIRFLOW_CTX_DAG_EMAIL=youremail@host.com
AIRFLOW_CTX_DAG_OWNER=Airflow
AIRFLOW_CTX_DAG_ID=template_dag
AIRFLOW_CTX_TASK_ID=t0a
AIRFLOW_CTX_EXECUTION_DATE=2021-10-09T04:38:20.074351+00:00
AIRFLOW_CTX_DAG_RUN_ID=manual__2021-10-09T04:38:20.074351+00:00
[2021-10-09 04:38:22,130] {subprocess.py:52} INFO - Tmp dir root location: 
 /tmp
[2021-10-09 04:38:22,131] {subprocess.py:63} INFO - Running command: ['bash', '-c', 'echo my_login']
[2021-10-09 04:38:22,140] {subprocess.py:74} INFO - Output:
[2021-10-09 04:38:22,141] {subprocess.py:78} INFO - my_login
[2021-10-09 04:38:22,141] {subprocess.py:82} INFO - Command exited with return code 0
[2021-10-09 04:38:22,168] {taskinstance.py:1211} INFO - Marking task as SUCCESS. dag_id=template_dag, task_id=t0a, execution_date=20211009T043820, start_date=20211009T043821, end_date=20211009T043822
[2021-10-09 04:38:22,198] {local_task_job.py:151} INFO - Task exited with return code 0
[2021-10-09 04:38:22,226] {local_task_job.py:261} INFO - 1 downstream tasks scheduled from follow-on schedule check
