[2021-10-09 04:12:20,371] {taskinstance.py:903} INFO - Dependencies all met for <TaskInstance: template_dag.t1 2021-10-09T04:12:17.851997+00:00 [queued]>
[2021-10-09 04:12:20,378] {taskinstance.py:903} INFO - Dependencies all met for <TaskInstance: template_dag.t1 2021-10-09T04:12:17.851997+00:00 [queued]>
[2021-10-09 04:12:20,378] {taskinstance.py:1094} INFO - 
--------------------------------------------------------------------------------
[2021-10-09 04:12:20,378] {taskinstance.py:1095} INFO - Starting attempt 1 of 2
[2021-10-09 04:12:20,378] {taskinstance.py:1096} INFO - 
--------------------------------------------------------------------------------
[2021-10-09 04:12:20,388] {taskinstance.py:1114} INFO - Executing <Task(BashOperator): t1> on 2021-10-09T04:12:17.851997+00:00
[2021-10-09 04:12:20,392] {standard_task_runner.py:52} INFO - Started process 404 to run task
[2021-10-09 04:12:20,395] {standard_task_runner.py:76} INFO - Running: ['airflow', 'tasks', 'run', 'template_dag', 't1', '2021-10-09T04:12:17.851997+00:00', '--job-id', '325', '--pool', 'default_pool', '--raw', '--subdir', 'DAGS_FOLDER/template_dag.py', '--cfg-path', '/tmp/tmpf9jdh86b', '--error-file', '/tmp/tmp6hvv9j6g']
[2021-10-09 04:12:20,396] {standard_task_runner.py:77} INFO - Job 325: Subtask t1
[2021-10-09 04:12:20,429] {logging_mixin.py:109} INFO - Running <TaskInstance: template_dag.t1 2021-10-09T04:12:17.851997+00:00 [running]> on host a6cf1bcf3ec3
[2021-10-09 04:12:20,514] {taskinstance.py:1251} INFO - Exporting the following env vars:
AIRFLOW_CTX_DAG_EMAIL=youremail@host.com
AIRFLOW_CTX_DAG_OWNER=Airflow
AIRFLOW_CTX_DAG_ID=template_dag
AIRFLOW_CTX_TASK_ID=t1
AIRFLOW_CTX_EXECUTION_DATE=2021-10-09T04:12:17.851997+00:00
AIRFLOW_CTX_DAG_RUN_ID=manual__2021-10-09T04:12:17.851997+00:00
[2021-10-09 04:12:20,515] {subprocess.py:52} INFO - Tmp dir root location: 
 /tmp
[2021-10-09 04:12:20,515] {subprocess.py:63} INFO - Running command: ['bash', '-c', 'echo my_login']
[2021-10-09 04:12:20,521] {subprocess.py:74} INFO - Output:
[2021-10-09 04:12:20,522] {subprocess.py:78} INFO - my_login
[2021-10-09 04:12:20,522] {subprocess.py:82} INFO - Command exited with return code 0
[2021-10-09 04:12:20,542] {taskinstance.py:1211} INFO - Marking task as SUCCESS. dag_id=template_dag, task_id=t1, execution_date=20211009T041217, start_date=20211009T041220, end_date=20211009T041220
[2021-10-09 04:12:20,568] {local_task_job.py:151} INFO - Task exited with return code 0
[2021-10-09 04:12:20,594] {local_task_job.py:261} INFO - 1 downstream tasks scheduled from follow-on schedule check
