[2021-09-03 05:01:57,727] {taskinstance.py:903} INFO - Dependencies all met for <TaskInstance: name_writefile.writefile 2021-09-03T05:01:55.427845+00:00 [queued]>
[2021-09-03 05:01:57,734] {taskinstance.py:903} INFO - Dependencies all met for <TaskInstance: name_writefile.writefile 2021-09-03T05:01:55.427845+00:00 [queued]>
[2021-09-03 05:01:57,734] {taskinstance.py:1094} INFO - 
--------------------------------------------------------------------------------
[2021-09-03 05:01:57,734] {taskinstance.py:1095} INFO - Starting attempt 1 of 4
[2021-09-03 05:01:57,734] {taskinstance.py:1096} INFO - 
--------------------------------------------------------------------------------
[2021-09-03 05:01:57,744] {taskinstance.py:1114} INFO - Executing <Task(PythonOperator): writefile> on 2021-09-03T05:01:55.427845+00:00
[2021-09-03 05:01:57,748] {standard_task_runner.py:52} INFO - Started process 259 to run task
[2021-09-03 05:01:57,751] {standard_task_runner.py:76} INFO - Running: ['airflow', 'tasks', 'run', 'name_writefile', 'writefile', '2021-09-03T05:01:55.427845+00:00', '--job-id', '96', '--pool', 'default_pool', '--raw', '--subdir', 'DAGS_FOLDER/writefile.py', '--cfg-path', '/tmp/tmp_qh99fo_', '--error-file', '/tmp/tmp_f16k15j']
[2021-09-03 05:01:57,752] {standard_task_runner.py:77} INFO - Job 96: Subtask writefile
[2021-09-03 05:01:57,790] {logging_mixin.py:109} INFO - Running <TaskInstance: name_writefile.writefile 2021-09-03T05:01:55.427845+00:00 [running]> on host c228f774a41f
[2021-09-03 05:01:57,836] {taskinstance.py:1251} INFO - Exporting the following env vars:
AIRFLOW_CTX_DAG_OWNER=airflow
AIRFLOW_CTX_DAG_ID=name_writefile
AIRFLOW_CTX_TASK_ID=writefile
AIRFLOW_CTX_EXECUTION_DATE=2021-09-03T05:01:55.427845+00:00
AIRFLOW_CTX_DAG_RUN_ID=manual__2021-09-03T05:01:55.427845+00:00
[2021-09-03 05:01:57,836] {logging_mixin.py:109} INFO - Done Writing
[2021-09-03 05:01:57,837] {logging_mixin.py:109} INFO - /usr/local/airflow
[2021-09-03 05:01:57,837] {python.py:151} INFO - Done. Returned value was: None
[2021-09-03 05:01:57,845] {taskinstance.py:1211} INFO - Marking task as SUCCESS. dag_id=name_writefile, task_id=writefile, execution_date=20210903T050155, start_date=20210903T050157, end_date=20210903T050157
[2021-09-03 05:01:57,882] {local_task_job.py:151} INFO - Task exited with return code 0
[2021-09-03 05:01:57,911] {local_task_job.py:261} INFO - 1 downstream tasks scheduled from follow-on schedule check
