[2021-09-03 04:50:06,505] {taskinstance.py:903} INFO - Dependencies all met for <TaskInstance: name_writefile.sample-task 2021-08-14T17:00:00+00:00 [queued]>
[2021-09-03 04:50:06,514] {taskinstance.py:903} INFO - Dependencies all met for <TaskInstance: name_writefile.sample-task 2021-08-14T17:00:00+00:00 [queued]>
[2021-09-03 04:50:06,514] {taskinstance.py:1094} INFO - 
--------------------------------------------------------------------------------
[2021-09-03 04:50:06,514] {taskinstance.py:1095} INFO - Starting attempt 2 of 5
[2021-09-03 04:50:06,514] {taskinstance.py:1096} INFO - 
--------------------------------------------------------------------------------
[2021-09-03 04:50:06,525] {taskinstance.py:1114} INFO - Executing <Task(HelloOperator): sample-task> on 2021-08-14T17:00:00+00:00
[2021-09-03 04:50:06,529] {standard_task_runner.py:52} INFO - Started process 1975 to run task
[2021-09-03 04:50:06,531] {standard_task_runner.py:76} INFO - Running: ['airflow', 'tasks', 'run', 'name_writefile', 'sample-task', '2021-08-14T17:00:00+00:00', '--job-id', '87', '--pool', 'default_pool', '--raw', '--subdir', 'DAGS_FOLDER/writefile.py', '--cfg-path', '/tmp/tmprmb6e0d3', '--error-file', '/tmp/tmprpcycsdz']
[2021-09-03 04:50:06,532] {standard_task_runner.py:77} INFO - Job 87: Subtask sample-task
[2021-09-03 04:50:06,562] {logging_mixin.py:109} INFO - Running <TaskInstance: name_writefile.sample-task 2021-08-14T17:00:00+00:00 [running]> on host 10a8a471602c
[2021-09-03 04:50:06,600] {taskinstance.py:1251} INFO - Exporting the following env vars:
AIRFLOW_CTX_DAG_OWNER=airflow
AIRFLOW_CTX_DAG_ID=name_writefile
AIRFLOW_CTX_TASK_ID=sample-task
AIRFLOW_CTX_EXECUTION_DATE=2021-08-14T17:00:00+00:00
AIRFLOW_CTX_DAG_RUN_ID=scheduled__2021-08-14T17:00:00+00:00
[2021-09-03 04:50:06,600] {logging_mixin.py:109} INFO - Hello THIS IS FROM CUSTOM OPERATOR
[2021-09-03 04:50:06,608] {taskinstance.py:1211} INFO - Marking task as SUCCESS. dag_id=name_writefile, task_id=sample-task, execution_date=20210814T170000, start_date=20210903T045006, end_date=20210903T045006
[2021-09-03 04:50:06,622] {local_task_job.py:151} INFO - Task exited with return code 0
[2021-09-03 04:50:06,648] {local_task_job.py:261} INFO - 1 downstream tasks scheduled from follow-on schedule check
