[2021-09-03 08:43:47,388] {taskinstance.py:903} INFO - Dependencies all met for <TaskInstance: name_writefile.sample-task 2021-08-14T17:00:00+00:00 [queued]>
[2021-09-03 08:43:47,401] {taskinstance.py:903} INFO - Dependencies all met for <TaskInstance: name_writefile.sample-task 2021-08-14T17:00:00+00:00 [queued]>
[2021-09-03 08:43:47,402] {taskinstance.py:1094} INFO - 
--------------------------------------------------------------------------------
[2021-09-03 08:43:47,402] {taskinstance.py:1095} INFO - Starting attempt 3 of 6
[2021-09-03 08:43:47,402] {taskinstance.py:1096} INFO - 
--------------------------------------------------------------------------------
[2021-09-03 08:43:47,421] {taskinstance.py:1114} INFO - Executing <Task(HelloOperator): sample-task> on 2021-08-14T17:00:00+00:00
[2021-09-03 08:43:47,425] {standard_task_runner.py:52} INFO - Started process 19670 to run task
[2021-09-03 08:43:47,431] {standard_task_runner.py:76} INFO - Running: ['airflow', 'tasks', 'run', 'name_writefile', 'sample-task', '2021-08-14T17:00:00+00:00', '--job-id', '115', '--pool', 'default_pool', '--raw', '--subdir', 'DAGS_FOLDER/writefile.py', '--cfg-path', '/tmp/tmpls1st0d7', '--error-file', '/tmp/tmp5w96u02g']
[2021-09-03 08:43:47,432] {standard_task_runner.py:77} INFO - Job 115: Subtask sample-task
[2021-09-03 08:43:47,488] {logging_mixin.py:109} INFO - Running <TaskInstance: name_writefile.sample-task 2021-08-14T17:00:00+00:00 [running]> on host 961ab95df326
[2021-09-03 08:43:47,546] {taskinstance.py:1251} INFO - Exporting the following env vars:
AIRFLOW_CTX_DAG_OWNER=airflow
AIRFLOW_CTX_DAG_ID=name_writefile
AIRFLOW_CTX_TASK_ID=sample-task
AIRFLOW_CTX_EXECUTION_DATE=2021-08-14T17:00:00+00:00
AIRFLOW_CTX_DAG_RUN_ID=scheduled__2021-08-14T17:00:00+00:00
[2021-09-03 08:43:47,546] {logging_mixin.py:109} INFO - Hello THIS IS FROM CUSTOM OPERATOR
[2021-09-03 08:43:47,555] {taskinstance.py:1211} INFO - Marking task as SUCCESS. dag_id=name_writefile, task_id=sample-task, execution_date=20210814T170000, start_date=20210903T084347, end_date=20210903T084347
[2021-09-03 08:43:47,601] {local_task_job.py:151} INFO - Task exited with return code 0
[2021-09-03 08:43:47,632] {local_task_job.py:261} INFO - 1 downstream tasks scheduled from follow-on schedule check
