[2021-10-09 03:48:39,166] {taskinstance.py:903} INFO - Dependencies all met for <TaskInstance: template_dag.t0 2021-10-08T00:00:00+00:00 [queued]>
[2021-10-09 03:48:39,175] {taskinstance.py:903} INFO - Dependencies all met for <TaskInstance: template_dag.t0 2021-10-08T00:00:00+00:00 [queued]>
[2021-10-09 03:48:39,175] {taskinstance.py:1094} INFO - 
--------------------------------------------------------------------------------
[2021-10-09 03:48:39,175] {taskinstance.py:1095} INFO - Starting attempt 1 of 2
[2021-10-09 03:48:39,175] {taskinstance.py:1096} INFO - 
--------------------------------------------------------------------------------
[2021-10-09 03:48:39,188] {taskinstance.py:1114} INFO - Executing <Task(BashOperator): t0> on 2021-10-08T00:00:00+00:00
[2021-10-09 03:48:39,192] {standard_task_runner.py:52} INFO - Started process 2128 to run task
[2021-10-09 03:48:39,195] {standard_task_runner.py:76} INFO - Running: ['airflow', 'tasks', 'run', 'template_dag', 't0', '2021-10-08T00:00:00+00:00', '--job-id', '310', '--pool', 'default_pool', '--raw', '--subdir', 'DAGS_FOLDER/template_dag.py', '--cfg-path', '/tmp/tmp_yfs0kee', '--error-file', '/tmp/tmp8ucbqim9']
[2021-10-09 03:48:39,196] {standard_task_runner.py:77} INFO - Job 310: Subtask t0
[2021-10-09 03:48:39,236] {logging_mixin.py:109} INFO - Running <TaskInstance: template_dag.t0 2021-10-08T00:00:00+00:00 [running]> on host a6cf1bcf3ec3
[2021-10-09 03:48:39,290] {taskinstance.py:1251} INFO - Exporting the following env vars:
AIRFLOW_CTX_DAG_EMAIL=youremail@host.com
AIRFLOW_CTX_DAG_OWNER=Airflow
AIRFLOW_CTX_DAG_ID=template_dag
AIRFLOW_CTX_TASK_ID=t0
AIRFLOW_CTX_EXECUTION_DATE=2021-10-08T00:00:00+00:00
AIRFLOW_CTX_DAG_RUN_ID=scheduled__2021-10-08T00:00:00+00:00
[2021-10-09 03:48:39,291] {subprocess.py:52} INFO - Tmp dir root location: 
 /tmp
[2021-10-09 03:48:39,291] {subprocess.py:63} INFO - Running command: ['bash', '-c', 'echo 2021-10-08-00-00']
[2021-10-09 03:48:39,300] {subprocess.py:74} INFO - Output:
[2021-10-09 03:48:39,301] {subprocess.py:78} INFO - 2021-10-08-00-00
[2021-10-09 03:48:39,301] {subprocess.py:82} INFO - Command exited with return code 0
[2021-10-09 03:48:39,328] {taskinstance.py:1211} INFO - Marking task as SUCCESS. dag_id=template_dag, task_id=t0, execution_date=20211008T000000, start_date=20211009T034839, end_date=20211009T034839
[2021-10-09 03:48:39,366] {local_task_job.py:151} INFO - Task exited with return code 0
[2021-10-09 03:48:39,395] {local_task_job.py:261} INFO - 1 downstream tasks scheduled from follow-on schedule check
