[2021-09-03 05:08:14,700] {taskinstance.py:903} INFO - Dependencies all met for <TaskInstance: name_writefile.writefile 2021-09-03T05:08:13.169342+00:00 [queued]>
[2021-09-03 05:08:14,706] {taskinstance.py:903} INFO - Dependencies all met for <TaskInstance: name_writefile.writefile 2021-09-03T05:08:13.169342+00:00 [queued]>
[2021-09-03 05:08:14,706] {taskinstance.py:1094} INFO - 
--------------------------------------------------------------------------------
[2021-09-03 05:08:14,706] {taskinstance.py:1095} INFO - Starting attempt 1 of 4
[2021-09-03 05:08:14,706] {taskinstance.py:1096} INFO - 
--------------------------------------------------------------------------------
[2021-09-03 05:08:14,716] {taskinstance.py:1114} INFO - Executing <Task(PythonOperator): writefile> on 2021-09-03T05:08:13.169342+00:00
[2021-09-03 05:08:14,719] {standard_task_runner.py:52} INFO - Started process 238 to run task
[2021-09-03 05:08:14,722] {standard_task_runner.py:76} INFO - Running: ['airflow', 'tasks', 'run', 'name_writefile', 'writefile', '2021-09-03T05:08:13.169342+00:00', '--job-id', '103', '--pool', 'default_pool', '--raw', '--subdir', 'DAGS_FOLDER/writefile.py', '--cfg-path', '/tmp/tmpnxld007o', '--error-file', '/tmp/tmppjj_tt_8']
[2021-09-03 05:08:14,723] {standard_task_runner.py:77} INFO - Job 103: Subtask writefile
[2021-09-03 05:08:14,756] {logging_mixin.py:109} INFO - Running <TaskInstance: name_writefile.writefile 2021-09-03T05:08:13.169342+00:00 [running]> on host d814cc210a70
[2021-09-03 05:08:14,807] {taskinstance.py:1251} INFO - Exporting the following env vars:
AIRFLOW_CTX_DAG_OWNER=airflow
AIRFLOW_CTX_DAG_ID=name_writefile
AIRFLOW_CTX_TASK_ID=writefile
AIRFLOW_CTX_EXECUTION_DATE=2021-09-03T05:08:13.169342+00:00
AIRFLOW_CTX_DAG_RUN_ID=manual__2021-09-03T05:08:13.169342+00:00
[2021-09-03 05:08:14,807] {logging_mixin.py:109} INFO - Done Writing
[2021-09-03 05:08:14,808] {logging_mixin.py:109} INFO - /usr/local/airflow
[2021-09-03 05:08:14,808] {python.py:151} INFO - Done. Returned value was: None
[2021-09-03 05:08:14,817] {taskinstance.py:1211} INFO - Marking task as SUCCESS. dag_id=name_writefile, task_id=writefile, execution_date=20210903T050813, start_date=20210903T050814, end_date=20210903T050814
[2021-09-03 05:08:14,853] {local_task_job.py:151} INFO - Task exited with return code 0
[2021-09-03 05:08:14,881] {local_task_job.py:261} INFO - 1 downstream tasks scheduled from follow-on schedule check
