[2021-10-09 04:38:21,073] {taskinstance.py:903} INFO - Dependencies all met for <TaskInstance: template_dag.t0 2021-10-09T04:38:20.074351+00:00 [queued]>
[2021-10-09 04:38:21,079] {taskinstance.py:903} INFO - Dependencies all met for <TaskInstance: template_dag.t0 2021-10-09T04:38:20.074351+00:00 [queued]>
[2021-10-09 04:38:21,080] {taskinstance.py:1094} INFO - 
--------------------------------------------------------------------------------
[2021-10-09 04:38:21,080] {taskinstance.py:1095} INFO - Starting attempt 1 of 1
[2021-10-09 04:38:21,080] {taskinstance.py:1096} INFO - 
--------------------------------------------------------------------------------
[2021-10-09 04:38:21,089] {taskinstance.py:1114} INFO - Executing <Task(BashOperator): t0> on 2021-10-09T04:38:20.074351+00:00
[2021-10-09 04:38:21,093] {standard_task_runner.py:52} INFO - Started process 3990 to run task
[2021-10-09 04:38:21,096] {standard_task_runner.py:76} INFO - Running: ['airflow', 'tasks', 'run', 'template_dag', 't0', '2021-10-09T04:38:20.074351+00:00', '--job-id', '342', '--pool', 'default_pool', '--raw', '--subdir', 'DAGS_FOLDER/template_dag.py', '--cfg-path', '/tmp/tmp9pfuf74i', '--error-file', '/tmp/tmpf_iioerd']
[2021-10-09 04:38:21,097] {standard_task_runner.py:77} INFO - Job 342: Subtask t0
[2021-10-09 04:38:21,133] {logging_mixin.py:109} INFO - Running <TaskInstance: template_dag.t0 2021-10-09T04:38:20.074351+00:00 [running]> on host a6cf1bcf3ec3
[2021-10-09 04:38:21,189] {taskinstance.py:1251} INFO - Exporting the following env vars:
AIRFLOW_CTX_DAG_EMAIL=youremail@host.com
AIRFLOW_CTX_DAG_OWNER=Airflow
AIRFLOW_CTX_DAG_ID=template_dag
AIRFLOW_CTX_TASK_ID=t0
AIRFLOW_CTX_EXECUTION_DATE=2021-10-09T04:38:20.074351+00:00
AIRFLOW_CTX_DAG_RUN_ID=manual__2021-10-09T04:38:20.074351+00:00
[2021-10-09 04:38:21,190] {subprocess.py:52} INFO - Tmp dir root location: 
 /tmp
[2021-10-09 04:38:21,190] {subprocess.py:63} INFO - Running command: ['bash', '-c', 'echo 2021-10-09-04-38']
[2021-10-09 04:38:21,200] {subprocess.py:74} INFO - Output:
[2021-10-09 04:38:21,201] {subprocess.py:78} INFO - 2021-10-09-04-38
[2021-10-09 04:38:21,201] {subprocess.py:82} INFO - Command exited with return code 0
[2021-10-09 04:38:21,230] {taskinstance.py:1211} INFO - Marking task as SUCCESS. dag_id=template_dag, task_id=t0, execution_date=20211009T043820, start_date=20211009T043821, end_date=20211009T043821
[2021-10-09 04:38:21,267] {local_task_job.py:151} INFO - Task exited with return code 0
[2021-10-09 04:38:21,295] {local_task_job.py:261} INFO - 1 downstream tasks scheduled from follow-on schedule check
