[2021-09-04 04:20:08,421] {taskinstance.py:903} INFO - Dependencies all met for <TaskInstance: sending_email.sending_email 2021-08-14T17:00:00+00:00 [queued]>
[2021-09-04 04:20:08,431] {taskinstance.py:903} INFO - Dependencies all met for <TaskInstance: sending_email.sending_email 2021-08-14T17:00:00+00:00 [queued]>
[2021-09-04 04:20:08,431] {taskinstance.py:1094} INFO - 
--------------------------------------------------------------------------------
[2021-09-04 04:20:08,431] {taskinstance.py:1095} INFO - Starting attempt 1 of 1
[2021-09-04 04:20:08,431] {taskinstance.py:1096} INFO - 
--------------------------------------------------------------------------------
[2021-09-04 04:20:08,444] {taskinstance.py:1114} INFO - Executing <Task(EmailOperator): sending_email> on 2021-08-14T17:00:00+00:00
[2021-09-04 04:20:08,447] {standard_task_runner.py:52} INFO - Started process 444 to run task
[2021-09-04 04:20:08,451] {standard_task_runner.py:76} INFO - Running: ['airflow', 'tasks', 'run', 'sending_email', 'sending_email', '2021-08-14T17:00:00+00:00', '--job-id', '159', '--pool', 'default_pool', '--raw', '--subdir', 'DAGS_FOLDER/email_notify.py', '--cfg-path', '/tmp/tmp2blulgho', '--error-file', '/tmp/tmpvjz3jxgp']
[2021-09-04 04:20:08,452] {standard_task_runner.py:77} INFO - Job 159: Subtask sending_email
[2021-09-04 04:20:08,492] {logging_mixin.py:109} INFO - Running <TaskInstance: sending_email.sending_email 2021-08-14T17:00:00+00:00 [running]> on host c59a10e079fb
[2021-09-04 04:20:08,539] {taskinstance.py:1251} INFO - Exporting the following env vars:
AIRFLOW_CTX_DAG_OWNER=airflow
AIRFLOW_CTX_DAG_ID=sending_email
AIRFLOW_CTX_TASK_ID=sending_email
AIRFLOW_CTX_EXECUTION_DATE=2021-08-14T17:00:00+00:00
AIRFLOW_CTX_DAG_RUN_ID=scheduled__2021-08-14T17:00:00+00:00
[2021-09-04 04:20:08,551] {logging_mixin.py:109} WARNING - /usr/local/lib/python3.8/dist-packages/airflow/utils/email.py:102 PendingDeprecationWarning: Fetching SMTP credentials from configuration variables will be deprecated in a future release. Please set credentials using a connection instead.
[2021-09-04 04:20:08,551] {email.py:208} INFO - Email alerting: attempt 1
[2021-09-04 04:20:08,780] {email.py:220} INFO - Sent an alert email to ['airflow_course@yopmail.com']
[2021-09-04 04:20:08,879] {taskinstance.py:1211} INFO - Marking task as SUCCESS. dag_id=sending_email, task_id=sending_email, execution_date=20210814T170000, start_date=20210904T042008, end_date=20210904T042008
[2021-09-04 04:20:08,902] {local_task_job.py:151} INFO - Task exited with return code 0
[2021-09-04 04:20:08,930] {local_task_job.py:261} INFO - 0 downstream tasks scheduled from follow-on schedule check
