[2021-09-05 13:29:22,269] {taskinstance.py:903} INFO - Dependencies all met for <TaskInstance: airflow-kill-halted-tasks.email_or_not_branch 2021-09-05T12:00:00+00:00 [queued]>
[2021-09-05 13:29:22,285] {taskinstance.py:903} INFO - Dependencies all met for <TaskInstance: airflow-kill-halted-tasks.email_or_not_branch 2021-09-05T12:00:00+00:00 [queued]>
[2021-09-05 13:29:22,285] {taskinstance.py:1094} INFO - 
--------------------------------------------------------------------------------
[2021-09-05 13:29:22,285] {taskinstance.py:1095} INFO - Starting attempt 1 of 2
[2021-09-05 13:29:22,285] {taskinstance.py:1096} INFO - 
--------------------------------------------------------------------------------
[2021-09-05 13:29:22,309] {taskinstance.py:1114} INFO - Executing <Task(ShortCircuitOperator): email_or_not_branch> on 2021-09-05T12:00:00+00:00
[2021-09-05 13:29:22,315] {standard_task_runner.py:52} INFO - Started process 6799 to run task
[2021-09-05 13:29:22,317] {standard_task_runner.py:76} INFO - Running: ['airflow', 'tasks', 'run', 'airflow-kill-halted-tasks', 'email_or_not_branch', '2021-09-05T12:00:00+00:00', '--job-id', '234', '--pool', 'default_pool', '--raw', '--subdir', 'DAGS_FOLDER/airflow-kill-halted-tasks.py', '--cfg-path', '/tmp/tmpm5p1d823', '--error-file', '/tmp/tmp5errg56k']
[2021-09-05 13:29:22,318] {standard_task_runner.py:77} INFO - Job 234: Subtask email_or_not_branch
[2021-09-05 13:29:22,370] {logging_mixin.py:109} INFO - Running <TaskInstance: airflow-kill-halted-tasks.email_or_not_branch 2021-09-05T12:00:00+00:00 [running]> on host 2bce3265bb98
[2021-09-05 13:29:22,440] {taskinstance.py:1251} INFO - Exporting the following env vars:
AIRFLOW_CTX_DAG_OWNER=operations
AIRFLOW_CTX_DAG_ID=airflow-kill-halted-tasks
AIRFLOW_CTX_TASK_ID=email_or_not_branch
AIRFLOW_CTX_EXECUTION_DATE=2021-09-05T12:00:00+00:00
AIRFLOW_CTX_DAG_RUN_ID=scheduled__2021-09-05T12:00:00+00:00
[2021-09-05 13:29:22,441] {airflow-kill-halted-tasks.py:379} INFO - Deciding whether to send an email about tasks that were killed by this DAG...
[2021-09-05 13:29:22,441] {airflow-kill-halted-tasks.py:383} INFO - SEND_PROCESS_KILLED_EMAIL: 'True'
[2021-09-05 13:29:22,441] {airflow-kill-halted-tasks.py:387} INFO - PROCESS_KILLED_EMAIL_ADDRESSES: []
[2021-09-05 13:29:22,441] {airflow-kill-halted-tasks.py:391} INFO - ENABLE_KILL: True
[2021-09-05 13:29:22,442] {airflow-kill-halted-tasks.py:401} INFO - Skipping sending an email since PROCESS_KILLED_EMAIL_ADDRESSES is empty
[2021-09-05 13:29:22,442] {python.py:151} INFO - Done. Returned value was: False
[2021-09-05 13:29:22,442] {python.py:199} INFO - Condition result is False
[2021-09-05 13:29:22,442] {python.py:205} INFO - Skipping downstream tasks...
[2021-09-05 13:29:22,468] {python.py:213} INFO - Done.
[2021-09-05 13:29:22,483] {taskinstance.py:1211} INFO - Marking task as SUCCESS. dag_id=airflow-kill-halted-tasks, task_id=email_or_not_branch, execution_date=20210905T120000, start_date=20210905T132922, end_date=20210905T132922
[2021-09-05 13:29:22,530] {local_task_job.py:151} INFO - Task exited with return code 0
[2021-09-05 13:29:22,552] {local_task_job.py:261} INFO - 0 downstream tasks scheduled from follow-on schedule check
